1.0,2.7934832100579428,-0.35418449406621544,-0.4327380733504786,0.24101526642132842,0.9321449184754975
0.0,-1.2807337528223457,-0.9918436769490754,0.22582217120254447,0.40813079472419106,0.09814923710310451
2.0,0.3915934034586322,0.19460755572028868,-0.5721814616332412,0.05233913261773108,0.2425260466628551
0.0,0.18167568932026554,0.4804231138876989,0.7814681320948551,-0.4633319831139837,-0.027096285452560626
2.0,0.36762280518309826,0.23315906718805976,0.595586201533444,2.5946871805946015,0.21430293637666153
1.0,1.029104446744509,0.2788981890012697,-2.274445669964228,0.9041429604012268,0.08108907884679922
0.0,-1.0382090826958554,0.09355798700950749,0.28067743470307066,-0.41088715655562696,-1.1845550691314009
2.0,-0.6017599353217477,-0.5026766035356379,0.32834316566020855,0.13889479103279118,-0.3568048007413937
2.0,0.961025214036592,-0.2865762411184948,0.1297709246011748,-0.3434201390691456,0.7192714503426633
0.0,0.9108291932473431,1.6821712555016304,-0.1861694862462082,-2.30513003654069,-0.9798039239812333
1.0,-0.8994123283356686,-0.20769471918319285,0.5332195992332388,0.6461508763077098,-0.6058625231214602
1.0,0.9179742091531915,-0.21417738611226003,-1.4591071636585697,-0.9502601642405528,-0.9587685953823977
0.0,1.1624631437387132,-0.890538897380359,0.39758049038304183,2.3652369901653456,0.8290399487571554
0.0,1.479121278312361,1.3427392592589464,0.6724027185528275,1.6337367846722932,0.4378675185447801
1.0,-0.5409182253316992,-0.9241750205141187,-0.2962267571850911,-0.10791222619208862,-0.4488815746395803
0.0,1.2223163929467487,-0.0029751605115700816,2.4410031170905127,0.4247753520152752,-0.9288353794089751
2.0,0.18939244663173146,1.3226905180142887,-1.6265044820112993,-0.20041269405797213,-0.6702008219193594
1.0,1.1927459468490547,-1.0503416286049614,-0.5969765828856982,1.2196459829710116,-0.533716762580585
2.0,-0.4087823719177081,2.602242651258476,-0.515481126996557,-0.03397340380749247,0.23190128620775907
2.0,0.22181267015350709,1.891356621424683,-0.3859347862752116,0.2692111772960757,0.060192232288366995
0.0,1.2329078546447905,0.6248765970751282,0.5237671405326074,-0.6094550522944661,-0.44391727352351595
1.0,-1.1212266462466025,-0.07502746071267137,-0.012815432159198977,-0.9864771191346245,-1.1866136198531854
0.0,-0.6401006837023002,-0.05030153084246691,-0.6170521669684677,-0.7040205520833887,-1.4034202530794906
0.0,-0.40418688187727275,-0.3961321951460349,1.4076633811038481,0.8292545566878463,-0.7284421327712719
0.0,1.067847838947085,0.6599489148493005,-1.4569597710637534,0.8730444914894275,-0.17854918461012997
1.0,-0.052439260519152174,-0.7931613263638221,0.7162182179955346,0.7672063817056467,-0.11661779048679179
1.0,0.7684155313556588,-0.9772251716847882,0.11808614548489493,-0.5738041764840696,0.020627436495762607
2.0,-0.8990784975524346,0.8654212664187088,-0.2411837936375442,-0.1122816364658327,1.4599470664912384
1.0,-0.6900386856925022,0.8585788667694783,-0.17272129119288143,-0.3466721661734109,-0.5634048898520063
2.0,0.927939553906748,0.11671888160691968,1.543776835651061,-0.9246914466273042,2.028590807301944
0.0,1.5881608335183084,-0.30403673481301025,0.27785467631069,-0.5516153431906292,0.6994710118504518
2.0,-0.44281034215486403,0.1092915400698696,-1.0128587067303967,-0.7154196547752126,4.5829825847905585
2.0,-1.3676456075169443,1.101479799791957,0.10872494764140771,-0.8850793736307083,-0.9921106918590864
0.0,-1.183507001213861,0.8948837312023141,0.37581507594122243,0.12444862952285211,-1.8356969992809833
0.0,-0.7453532923142486,-0.8431691678526474,0.6735827628198375,-0.8785540254602474,0.22953209089157425
0.0,1.4481763404523245,-0.6443389107251773,1.1050486679300533,1.0817617454710786,0.0635206521938316
2.0,-1.1938808094907758,-1.3162350233255746,1.354887976095401,-0.16067942761251025,-0.8505250354076858
1.0,-1.335640907098314,1.5602251613396922,-0.887554184352618,-0.10037951019020645,-1.7160018077196622
0.0,0.9645456924113934,-0.4642714649002569,-0.054273881953518094,0.63981058707887,-0.0005558807986312605
2.0,-0.23435713156297253,1.487752372824067,0.06721474148738016,0.9613567453901554,-1.4302813277761877
2.0,0.4218162304765372,-0.7376329243856035,-0.8830843608962667,0.11072445018859392,0.015333020213056645
2.0,-0.16510457852448618,0.20635643463641595,-0.8593608880954445,-0.09452081214586358,0.6050856453367848
0.0,1.2806909168511216,0.5254009197134232,-0.06180567778879549,1.103050969876486,0.862051657047634
1.0,0.2918138480591949,0.733682659863405,1.629433452474721,-1.5173148539637968,0.4738532976261668
1.0,-1.5433478277547266,1.2687108273776448,-0.2570622064470781,1.756800139219352,-1.4523968939476208
2.0,-0.43938669612753517,-0.17476127311112163,1.0039295195880744,0.44690096194972057,-0.848302642680058
1.0,-1.3984678261400711,0.11325148731022096,-2.06049284424871,1.842399019818721,-0.5848060198560716
1.0,0.16393133664684617,0.3303259883681715,-1.8017317069490395,-2.44221612860727,-1.151682238329466
0.0,-0.424735249595565,1.5725712038599444,-0.6795710652521915,1.133585800427531,-1.0741170836631084
2.0,0.9485239645695694,-0.060234153263433475,-0.9193077961809758,-0.12460573532384701,0.2332173956833738
0.0,0.003390460506031876,-1.2497780089052815,0.151609857587205,-0.9350563851874777,0.05903762804583695
0.0,0.3101353041013121,-0.6988503341217557,-0.35164352940039817,-0.7878522472280304,-0.5131211982830911
1.0,-0.213692486606376,1.7721934053995083,-2.56538972263791,-1.3767939320641611,-0.6055973797651549
0.0,0.6175634813037575,-1.5739096610856502,-0.6137196992263195,-1.4717419945392647,0.09612355119987023
2.0,-0.8956764685107759,0.614693668021882,0.07104384469949156,1.9807360536675773,-1.229803539598115
0.0,-0.8652438630951652,0.7013724747557529,-0.13620151757938662,-1.3610681581744601,0.6039176421413103
2.0,-0.18019846659810534,0.8636942585739048,-0.5360968051196995,0.18225146572159628,-0.28556608954882534
1.0,-1.3553172531280653,-1.1490218792146658,0.07760755175520505,-0.39350879070230965,0.11119828841999636
2.0,-0.013208964885132934,0.24898794256103457,-0.10024690502602457,-0.8092166908847837,-0.6174326677199524
1.0,-0.5464259197410521,-1.771353528669146,-0.5097035243721819,2.06170973169146,-0.05847271625756265
0.0,-0.5335868408063782,-1.0694715456423916,0.27496194019898507,0.13408514967861876,0.024383838851215592
0.0,-0.2595006832248348,-0.8025236931831206,0.9128045818028113,-1.0405487243026847,-0.13518287678008142
2.0,-0.7261571518568779,0.4210623575124751,0.209657404584966,-0.050465624375535104,-0.1938258060962568
1.0,0.1225359766655232,0.46831315239482435,0.48557125022381825,-0.2938462346288524,-0.7710972035230486
2.0,0.12628937333710158,1.3664128051124262,0.17562565862983756,0.13216550093634635,-0.4771840032135045
1.0,-0.5045882677853554,-1.4042694420712312,0.3061882419910893,-0.3780207616474929,-0.533716335047079
1.0,-0.18208702685303726,0.23788601262277645,0.9064643249032657,-0.9496945707942871,-1.5902498615452114
2.0,-0.30671427683499514,-0.4766491810359842,-1.5980352737780616,0.3390874519363066,-0.8568648200701312
1.0,-0.7256414671436138,0.7344812233983008,-0.2865202137686492,1.6486034177358644,-1.0412473912711995
1.0,-0.5007125663024028,-0.8632820978464745,-0.7086168553889926,1.2343668892136996,-0.8327470505238354
