1.0,-0.5601866556174127,-1.0334387077432958,-1.3464560902605212,0.15079421653321964,-0.033170036274269295
1.0,-0.13886929717597177,-1.5220219496063359,-0.04434041427428363,0.34039518780260586,0.2445183158465284
1.0,1.114353969674314,0.4641929986366378,0.16237754556505216,-0.7456687040237783,-0.6962002906416392
2.0,-1.0021229297674807,0.9809194911779581,-0.2900743461764891,-0.7049928126497668,-1.5987664170433968
0.0,0.6734154173228675,-0.3256840521954881,-0.305591238071509,0.6811981947418624,-0.3277679764529952
0.0,-1.3227913786726688,-0.1477375062939704,0.5136410701098728,-0.23163768623424874,-0.9498414792651234
1.0,-0.40987903342856513,-0.2362190355964557,-0.15285515006099437,1.1944491223450509,-0.21939730674472566
2.0,-0.2587457070531963,0.1236481595790247,1.839079964830846,1.8936153578935504,-0.9160570279540647
2.0,-2.0804254824264437,0.13380446820104416,0.21549184461949433,1.7897062144981415,0.5065868925680128
0.0,0.5943256202416846,-0.2818918075820889,0.16833453318733896,3.173066296456246,-0.19918911333779765
1.0,2.2643767556583514,1.4057271657911803,-0.17706700336949566,0.8934432332193097,-0.19476665971600954
2.0,0.8101019127130044,-0.8334878113781841,-0.19040373907807273,-0.7740055272868324,-0.7307775141336567
0.0,-0.38213219319528474,0.9660689421611346,0.7689901612683561,0.24611854428467766,-0.1015419357855727
2.0,-1.0433345129508704,-1.0288583437552843,0.13302481205591166,-0.40672549793820395,0.7288683338453235
0.0,-0.21459323319581763,-0.6513700203979471,-2.154141798578793,-1.5860490986009117,-0.7323463475883023
1.0,1.308493698543038,0.6099136799421674,0.6937578925188153,-0.07458991359710922,-0.31913551215998076
1.0,-0.9101180738811844,2.3621143093959867,-1.7053047156106644,0.06751893857471425,-1.1614042141901373
0.0,0.06822674397456722,-0.7052223961242917,0.5098760674036805,0.29911699010439335,-0.212070567975823
1.0,0.49354235098535804,-1.0144589376112425,-1.3609869918183986,0.17530639223010955,0.05415958789082904
0.0,-1.1235678448446733,2.12216877622534,2.7853393900527275,-1.9607675591655833,-1.1536630822286196
2.0,-1.477951735493437,0.8513202427112483,0.6854257941400609,0.1270508907280611,-0.49430861964284306
2.0,0.3531234902092403,1.7095286770464881,-1.7121839549229916,0.39126525049852834,-0.9821451969735545
1.0,0.09356336726846609,0.19326315563169652,-0.294522555548691,-0.34762514902028785,-0.5992054980104325
1.0,-0.011389597994854036,-0.37987474303659235,-0.5299156545344501,-0.2038649622865428,-0.6651091555465499
1.0,0.9317460418169528,-0.21481071092463133,0.5844014063001545,0.4672112771980284,-0.18850451429266843
0.0,-0.1064453681921822,-0.08903216489400857,1.6057720120980903,-0.22093903780662344,-0.3443894975538899
1.0,0.514791491351217,0.6228038495152717,-0.7651477172890669,-0.25496582489014075,-1.0603969128306567
1.0,-2.0351320757252034,-0.21403900775692575,-1.4441602913175677,0.413720289685579,1.185423324484438
1.0,0.9328160139934677,-0.6016220946709118,0.0004238781032475533,-0.825737619417607,-0.20104043134883437
0.0,-0.2651425096194048,0.09515933151038992,0.8392321200895111,0.7512554355423386,-0.9460977567881922
1.0,-0.49057174878806514,0.6843230102618796,-0.4321095845359123,0.9961012939286571,-0.7167252334237479
2.0,1.9530979534217727,0.0003790940613920178,1.7393900406342724,-1.2765517132910191,0.558848573015034
0.0,-0.5554190605778841,0.7291303828935641,1.3575075277914497,-1.064616720170973,-0.7968200286671533
1.0,-0.21546819849738938,-0.6611888337013833,-0.12508752907439682,0.6954689188075796,0.012444206562648774
2.0,-0.23819653297795018,-0.4994197583209551,1.0242004634300552,-1.2051890321665437,0.898629322892414
0.0,-0.6648484927453261,0.15863366075338395,1.2118081609416362,-0.5757728419520988,-0.8751146528866365
2.0,-0.6377857670971889,-0.65737881819136,1.7380895179482663,1.0746119616395315,-0.4989857554408016
2.0,-1.550247850410589,2.0233875956275527,1.371028973160499,-1.4386620488615778,3.5112111668499133
0.0,-0.7151494095013936,-0.9739305994768008,-0.7891488358251497,-0.1510517868245035,-0.3119376068039576
0.0,0.16840567538846793,-0.09901741061056671,-0.8885294717859197,-0.41889520287166065,-0.35251184737685387
2.0,1.2436838749510923,0.027469878411002166,1.143878176031672,1.231015689113005,-0.547906188470196
2.0,-1.025840256299783,1.4060626460525265,-3.2181878579960417,-0.20694837817425302,0.4515430501913699
2.0,-0.3264206253266673,-0.875372985405533,0.15968224887982266,-1.025006770821794,-0.325799776762727
0.0,-1.0851236536271807,-0.1675135150666459,0.4698820988247214,1.377915863584263,-0.6149775549390518
0.0,0.22497453589144661,0.15212020132886098,0.7970925820722131,-1.8946736630374477,-0.2004194157082031
2.0,1.1114484030907317,0.2819940869515227,1.212070558302261,1.3904407840368787,1.2110999947198169
1.0,0.08634625592456925,-0.2219249982909429,-1.5647464426652933,0.4156078100887895,-0.3726598346809399
0.0,0.7395629003634848,-0.5695241181680478,-0.5550382658707758,-0.4845210570271564,0.34292582593461957
0.0,-1.8169442683289323,-1.0951333411945579,-1.15956783232714,0.4346790076311962,0.674824687296258
1.0,1.1686146806317976,1.0198869806874933,0.801771270682118,-0.35963664875208307,-1.1210361787750607
0.0,0.7434053598577424,-0.24096898360970942,0.02475416245383229,-1.316891110426418,-0.5336054823737418
2.0,0.1497469839092207,0.1943905530868867,-1.9896918304022184,-0.6822313695764485,0.46207472277231315
1.0,0.21654830245115816,0.9939545831615523,-1.0759166874216068,0.058592988190548034,-0.8356545727251287
0.0,0.47540086261850484,1.0174092095239564,-0.3348055882453735,-0.1936713018461226,-1.1012861787669028
1.0,0.001140568053179771,0.1274174841352378,-0.29211306129585285,1.1084966469471118,1.7025538683313564
2.0,-0.30653496610215286,-0.0026019894474397743,0.2991290814584354,0.5248382859558287,-0.6854448105628125
1.0,0.03398308572042331,-0.7650098490848422,1.4792817575911172,-0.3318915944430699,0.17147063937276585
2.0,-1.2334078630760938,0.04103620132363549,-0.5614326889973148,1.1404897945160608,-1.014284448319053
0.0,0.8824357738899689,0.9072752226392328,0.0369591609320184,0.650813479621944,0.07599904020435572
2.0,-3.445335000728426,2.333742120679324,0.6028517966212662,-1.3484958292858495,3.1922034443857066
0.0,0.4242783937028345,0.4597353939798474,0.41510221525564095,-0.03687431414076093,-0.9491506686613579
0.0,0.7321647230519135,-0.49105757520300136,0.9026200354077327,-0.21700949738924788,0.04480145055965168
2.0,1.5421128832368562,-0.16175041822399763,-0.4552356896479664,-0.4748966034722187,0.533313931684019
2.0,-0.19222255111008768,0.4944133744688822,1.3483403892981967,-0.049990465210260876,-0.22716434703841965
1.0,-0.6790996478185954,-2.7431104560695685,-0.49471181771424644,1.0152938197935377,0.7292749415578768
0.0,0.7978335431078595,-0.7010051603941622,-0.4442548661817597,0.9965226978554561,0.13062626836107885
2.0,-3.4315292424624912,-1.0150967184571063,-1.2079449894016778,-0.3890742768076546,2.891288085778156
1.0,0.5228604401841563,-0.7522516545859589,-0.8617478769040584,-0.09126982539112184,-0.39766418524367714
1.0,0.6327238355038192,0.6208360696992195,0.3340407922849385,-0.8791336852336026,-1.099967146304361
0.0,0.10465766891422612,-0.9278915225998545,1.3146357348130677,-0.19292474803534732,-0.9322650093551546
2.0,-0.6280459027756247,-0.07398159742514575,0.032790711672106135,1.1688104118035156,-0.21641567643658227
2.0,-2.1393711185310798,-0.23862891609085704,-1.4482349453766228,-1.388211866601513,3.3990236067159554
