0.0,-0.3581147678716441,0.5532178868415629,-0.3255118697053271,1.897596111363968,0.4149009183122469
1.0,-0.49315684450817815,0.777713205153507,-1.9820193119672067,0.5652814234733138,-0.9932403018131619
1.0,1.856504456728928,-0.8114749781281884,1.4272264559161674,0.6942919290863618,0.7624345998591724
1.0,-0.4587544113627518,1.3703353888481944,1.3695559005219105,-1.4299216821403977,-0.2100963201827654
0.0,0.8989856960112056,-0.2521635165757335,-0.37930996855214305,-0.7966945282456083,0.38405484648505306
2.0,-0.37370926495167905,-0.895303241718256,0.7030744412917864,-0.25405581618060896,0.07493529483425389
0.0,0.18920473644094465,0.32476373032830164,-0.46965080024333206,-0.007349965882609441,-0.5409480907400582
0.0,-0.343650952621741,-1.0678822127341143,-0.10500512745317027,-1.717748895489084,0.7812637240683645
2.0,0.575730798461006,2.7349591842788787,-2.004818675699404,-1.8464040372607862,1.0470868043748325
2.0,0.6758091835389782,0.7375463569236355,-1.343375414223318,-1.9108636299379382,-0.6280264337771347
1.0,-0.36386038926245556,-0.033608155434255084,0.9291800627865081,-1.4304773564739606,-0.3402588776817285
1.0,-0.8226047254228225,-1.4745229031998166,-0.1350089597818731,-0.3988341059769913,0.5929810541819267
0.0,-0.9003656657454191,0.6029668242157606,-0.24111720303849987,0.5032489872737046,-0.9301937509075708
1.0,-0.5031068821136649,0.2969870208562702,-0.8961976258044182,0.8847478870014381,-0.41774729485339585
2.0,0.18524640924156385,0.9368214834028528,-1.0724322835179214,-0.9892144077586136,0.21527503118028357
2.0,0.2004247188054103,-1.4007841973163804,1.482872700091182,0.27574539309198753,-0.05222129528740431
0.0,0.2992157821389189,0.2674840787838751,-1.4313210162705443,0.4022320319932622,-0.8839033220314859
1.0,-0.3147720949278943,0.3238227867422211,-1.9945242502322142,1.5022777152591362,-0.2968157051287102
1.0,-1.275408596585604,1.5554083414207025,-1.0804591965657888,2.1278893291457504,-1.4320005510308178
1.0,-0.975876362653814,-0.745250894903381,1.6683025802742155,-0.1727544118790268,-1.2405554875570985
2.0,0.27946846147371074,-0.4942869549276499,-0.825750519656838,-0.04383980432779089,-1.277519456294897
0.0,1.7012198940153123,-0.20959735724294273,-0.8863308682610629,-0.4175137901061755,0.00893330459183906
1.0,-1.1321651774846926,-0.9725217377065618,-0.4162296847314219,-0.1618928257827115,-0.2907531421766524
1.0,-0.4651260270328334,-0.08678638276742995,-1.2204364090099205,-0.39642639522201895,-0.47321772328973016
0.0,-0.11897858580097814,-0.6072907052150296,-1.3879236882035655,-1.4389520616826788,0.15567265316550336
1.0,0.02058796783461845,-1.0461305875792015,0.7501619143867587,0.005761072803657623,-0.4329830921249552
1.0,-0.2866308367403189,0.11835541213121835,-0.7493065374501336,1.5531396401976754,-0.2413048890862249
0.0,-1.2195250023032977,0.438783980812939,0.9086881214176741,-1.7164220052034542,-0.15940250673548337
2.0,-1.3641718058274386,-1.9856619432567717,0.2525041764543669,0.3662327541686632,-0.023478477297958905
1.0,0.004059382067163334,0.46554443058164097,-0.5237221549887533,1.7250776744604128,-0.951346616189244
2.0,1.2291058565804724,0.08814516742660938,-0.10708066835497669,-0.09387489174620377,-0.4237999957283917
2.0,-0.49693215372386795,-0.6707935302667414,0.266628047244558,0.5286555801913833,-1.2601410148487195
2.0,-0.5316543119159909,-0.1738940901428507,0.7237739162457767,-0.936367995438081,1.4329613157937828
2.0,0.34379282765501534,0.27253457375438994,-1.3895350183610515,-0.5388616062669828,-0.4735966917165652
0.0,-0.49016449727339034,0.6920707023433016,-1.3880540067332872,0.5020347751946066,-0.4842985830810234
2.0,-1.3359332854384245,2.7302794514882636,0.7191794210946943,-0.1981847728935138,4.866727464599609
2.0,0.3043673125086335,0.023031439121589024,0.5636313199552477,-0.7446940860985495,-0.3063298497998743
2.0,0.2878941132025002,-1.0495828124227926,-0.9036265105776693,-1.8474502753568762,-0.23291231319409075
2.0,0.9386586538430484,-0.15116875720956044,-1.4591037535542437,-0.8863659759617101,1.0532050272061273
0.0,1.4412490415099692,-0.6966000840676365,0.9055991052292118,-1.0380374380706152,0.5241693188794281
0.0,0.15218585002065438,-0.7443192241066475,-0.27271565018521027,-0.8462155995970326,-0.5735163426442192
2.0,-0.8737063577377955,1.0324584422113687,-0.3506453198044139,0.3510130401232093,-0.4346079208001325
1.0,0.2578229589433324,-0.653082729485286,-1.4595782951742131,1.7219045434326063,0.20768974728503273
0.0,0.24027318438966672,-1.5048883883112334,1.0334482963533385,-0.1685189841514567,-0.29937424246725103
0.0,-0.6068614704429839,-0.6308136068449809,0.09522320669690798,-0.49382993264328356,-0.6697405576343101
1.0,-0.17529014948860364,-0.6623332926221226,0.47686444107797404,0.2513056590017691,-0.12348555978679122
0.0,0.019209665485086784,-1.358221709389402,1.8728262633920965,0.672248994836051,-0.3793481062224437
2.0,-0.3605519562791665,1.3057592329102294,1.5318985039119921,-0.4699210762470994,-0.8223765609226737
0.0,0.733072596171429,-1.8058082003819402,-0.48710835265564867,2.724336550497758,1.550169114475064
0.0,0.8503417604687687,0.006662400319962725,0.7389974111334278,1.165326038448501,-0.30358690938258537
1.0,0.13594582877867908,-0.7626625746643749,-0.5037897915333821,0.7893280179974553,-0.43756077527565157
1.0,1.5961278111404977,-0.4738947802420881,0.5041496280978197,1.6948048498930148,0.2332149860783275
2.0,-0.20122374640360574,-0.0014287208401544498,-1.1722007801505332,-0.9366325196724099,-0.07210921291246314
0.0,1.5438760271497947,-0.28533060408092015,-0.6989178995696944,0.4448740908776905,0.12156093552560865
2.0,-0.2210719389969814,-0.02599935200034322,0.600700699487459,0.7226114606620336,1.3895023552161179
0.0,-1.87815772012525,-0.385559920768077,0.5085729888319678,1.5032027277405835,1.0958776796552026
0.0,1.4333863824209312,-0.3829148751016023,0.4439971012085048,0.3969218897952388,0.4724223451347548
2.0,-0.6654672509782626,-0.043972236174455295,-0.23570028724100642,-0.5050652048217594,-0.5245447798743795
2.0,0.04269321673154538,-0.14704311583546137,-0.06660570114769891,-1.167047771522779,-0.6048419173279949
1.0,1.260123037569487,0.4339324236107922,-1.7139718350377384,0.3678719190070829,-0.7514167066649406
0.0,0.5899175831833319,-0.4623666371345247,-0.747039485244149,0.8408263466615113,0.11791921984109005
2.0,-1.1629649388179746,1.6937020080583682,-2.213948929257468,-1.2594987184824236,3.4783227556951735
2.0,0.984415096410801,-1.7470226578759867,-0.2259075496562691,0.740989399427473,0.8224899274536784
0.0,-0.22971157531960512,1.1826060969978305,-0.27343547558428793,0.39006805915996345,-0.2189600884037517
1.0,1.0688670078240368,0.1242664437156727,-0.7098908703932822,-0.2873386511196356,-0.5887801203405971
1.0,1.865504475382156,0.45211427864301595,0.17232823917537518,-0.7655613115129953,-0.7008726140524566
0.0,-1.0036064783472614,-0.4193751042171298,0.4760875058522375,1.1077256367300081,0.14746641294306137
1.0,-0.07098434452551439,0.7770493858386458,-1.1460095907671224,1.1327367247172888,-1.0971620837646334
1.0,-0.621721345362507,-1.9147778359151544,1.2390008581029754,-0.5728599749774113,-0.0893363181062316
1.0,1.0046667813029093,-1.187103523111255,-0.05323743667866327,-1.1483100974145257,1.4046853636610017
