0.0,0.10892209510772499,-0.9413473431818938,1.0392196062316528,-0.284097045913945,0.27738409267992176
1.0,0.774027367177236,-0.28955855424734567,-1.2129069031664155,-0.19005695858988728,0.05208335458407329
1.0,-0.5965343250799559,-0.9612915679802,0.38334742670632443,2.3729736564696515,0.0028695642053099147
1.0,-1.3241651891831632,-2.5402920998964813,-0.708191622589558,1.5622482159726008,0.8195500473148037
1.0,0.22676557297229236,0.7518716482346752,-0.8625027540127982,-0.41499007552092637,-0.13680716771134394
2.0,0.43394158052625037,-0.2695225501685136,0.14268072865662454,0.41164763770919216,-0.6833582545914807
1.0,0.2789044435128822,0.2576236746518327,0.6623346205150601,0.9679470006051457,-0.9084234053518176
0.0,-0.5393634877718051,-0.16848136435770686,1.1942641461438293,-1.9515442814581312,-0.5096101202251108
0.0,-0.05061582553949444,-0.43317129339212374,0.02292411730598629,-0.6921973045071101,-0.7919251408092434
2.0,0.6634859164412134,0.7599530422701453,-0.7154924846967408,0.23434333908288152,0.9994240242306216
1.0,0.46726978032664557,-0.13116838631906214,-0.34699704814877597,-0.6949056996713071,-0.4339899646145527
2.0,0.496537074971523,-1.146789597605883,-0.21695341101569426,0.5631008902795133,-0.04937111003292662
2.0,-2.1681784224645217,2.487734069203417,-1.282624623340886,-0.6115962197735232,0.0059480754086558354
0.0,-0.05257759407726198,0.14373404455282976,-0.34880543096743244,1.006971981713633,-0.18056912941076025
0.0,1.1333514823954862,0.03562944069830678,-1.5915179281626683,-1.4658095149344033,-0.025904758293997878
0.0,0.5498486913134384,-0.7029287850602377,0.4828205890416827,-0.5565768108532871,-0.2424288083067862
1.0,1.4366351424780206,0.252989392127909,-0.21724642813186193,-0.669672823711961,-0.10985818532413329
2.0,-0.30195045840399953,-0.7913100334431212,-0.3518617360637093,1.1060800741312764,-0.7387396431480493
1.0,-0.4892362366600106,-0.9042993880801873,-0.2579505601518846,0.615248334723795,-0.07434582356000174
2.0,-1.513061458823933,0.5065603132359152,-1.0252746549574199,-0.3729424593066102,-0.9949607670424918
1.0,0.26211935704022793,0.84605853391629,-1.0124372976787397,-0.6105128909236927,-0.6277795814171887
0.0,-0.07752689681792944,-2.337205639956428,-0.9952552411049969,0.8167193351894064,0.6816637932838004
2.0,0.8369381514598667,0.4523933710971039,-1.4968948570978196,-1.1368003677863008,0.4661732252127538
0.0,0.29791436874328114,1.0038762811882287,1.440657372171577,-1.2378515259543694,-0.7995792025916245
0.0,2.227353452058185,-0.20069128345298856,-0.6601221886448466,-0.6179448398321536,0.4919939101332076
0.0,-0.1125025869426179,0.43763596040564806,-0.22190282108356757,0.5413306134439075,-1.1424034880919347
1.0,-1.481173027755521,-1.05207120897141,-0.6042701390448425,-1.2897134468194067,-0.6401315575375996
2.0,-1.1268331050435,2.7985681283201798,-0.6501134115259435,0.38165300748062475,2.277112552138508
1.0,-0.21059506887188817,-1.080928309297019,-0.3551281767671014,-0.9563272741475325,-0.13281388818123926
2.0,0.17049326993186198,0.8400414998333512,2.9882715509965947,-0.40097053877255906,-1.5569620274684297
1.0,-0.3959593461535559,-0.7452486174328565,-0.7176963631384488,-0.48452283036186167,-0.5003923188460997
2.0,0.015408653047460521,0.8472507458273932,1.9984802826781538,0.6125558803485285,-1.0954978834967097
0.0,0.03812897949282306,-1.0327661189685833,-0.09010289158516355,0.8960876506109784,-0.34126935383923673
2.0,-0.43289038290602727,1.6060708127220802,0.41219113470764646,0.9700261182831167,-0.47606663525021653
0.0,1.331553862969892,0.3360241000177328,1.0096437803448821,1.475436147903284,-0.466037151498938
0.0,0.9860079417112171,0.9381150875457707,0.006172642353592878,2.47100461080624,-1.0165002988455134
0.0,1.8997916761376938,1.1896733326752464,-0.02097344176502522,-0.2573734728229155,-1.3643171642577787
1.0,1.0398364249878969,0.4093056333687082,-2.0600580424254122,-0.31672269740005277,-0.9940060426730659
0.0,-0.32817744375340235,0.30466472072405715,1.002398117418591,1.2530791157826182,0.873988223112859
0.0,-0.10895603442947986,-0.984669899736263,0.9884519413111844,1.8499450863692108,-0.3450048557482235
2.0,-0.5998936808453047,-1.0096554659691543,-0.20736718346478952,2.527174361268445,1.0661878465368502
1.0,1.389454653271995,0.10788245005085563,0.3306654303428804,0.06801388891195811,-0.20606710920450427
2.0,0.5946745411261545,-0.5563883924713369,0.7041414619153149,-0.7469214032412157,0.32286149362679917
0.0,-1.1160018641518532,-0.6009290940238613,-0.2266258552610474,0.08949763669835069,-1.0255894591914523
1.0,-0.3704228931632919,-0.540777660708806,0.12696769249236498,-0.5430368050583377,-0.42987358306591433
1.0,0.6217303744188664,1.2576829521025892,-0.18196158054598974,1.5938856681746483,-0.3024051721204057
2.0,-1.043965628973854,2.5318561239378137,0.05802341039404502,-0.981570212389693,5.204262810268016
2.0,-0.5822743860942545,-0.34637779089068216,-0.9384600429210063,-0.059876149936376834,-0.1509779510963379
1.0,-0.09826793759897269,0.21586015353559077,-0.889849575520963,-1.2900199195113218,0.06958322363640779
0.0,-0.3976220680644647,-0.8459877841895255,-0.23836413400253037,0.7692174889316066,1.548040288644582
2.0,-0.33610832870704527,-0.8511788770861389,-1.690584502134463,-1.130683794095533,-0.507581691800451
0.0,-0.5664664540581779,-0.7031079999026681,0.16022159754747448,0.23592550189308234,-1.1598877741661708
0.0,1.2005155891309227,-0.7327302844791069,-0.3732242581536643,-1.215088208982098,0.10196599454943993
1.0,-0.5527049392510787,0.2762351782134555,0.525567562775183,-1.2053762404854647,-0.2498103930617843
0.0,0.5992770057463052,0.11514192401187945,-1.0061345213107606,1.2125793933440432,-0.8725511218019968
2.0,0.39041879308057315,0.8337671740931262,-0.9655967429488465,0.4153919856134404,-0.25755987672935476
0.0,-0.26478872954095256,0.5234164679510024,1.469301440108704,0.8337853725857607,0.3764031932953714
2.0,-1.034315865294574,0.17552938480740454,1.3994694124965186,-2.111565358089439,0.19038207325660275
1.0,0.6731941368456488,-1.7826551566476159,-0.6785618289907659,0.416892564683824,0.27333419416073157
2.0,-1.3683937249349871,0.2530148103307648,-0.6447195331406099,2.2917629314482135,-0.9681293093463916
1.0,-0.18625694983800598,-1.1096835236576954,-0.49471824941101006,1.2536827226766925,0.8943215623424491
0.0,-0.6110829430739708,-0.13603733387784533,0.3153647329670295,1.3098047493781362,-0.5925834971400464
2.0,-1.1144041692612339,1.0295685043236726,1.846518106296773,0.14573819019814724,0.6039114983409035
0.0,-0.03982630176406243,-1.0014764142504824,-1.902205375333947,0.4584187146957245,-0.3359691100817902
2.0,-0.7404132798382693,1.794861110101811,3.121919352737478,0.012466673658483128,-0.2149079501515831
2.0,-0.20512280949265368,0.8783709938760668,1.7433511488741098,1.5890360801142562,-0.0742570766984427
1.0,-0.16137717747305413,-1.1774335716692226,-0.02497836948728223,-0.8395873137277857,-0.32933480470130505
1.0,0.3495076092371033,-0.2974520797625786,-0.31153074217236265,0.6799023100669889,-0.8057238618824081
2.0,0.7163278467976933,-0.09659426254323658,0.9834541514515064,0.48284416565084787,0.832673666876831
1.0,-0.07776180908428847,0.11292472420528499,0.9027982046572832,1.6360114517097128,-1.0630428761564343
1.0,0.4335501434782992,-1.1367967457762969,1.2052752585879127,1.0249301330060527,0.1331182799562884
