1.0,1.4916689250494233,0.6578942679324938,-0.1734606362417562,2.7634045908241136,0.7083629610167057
2.0,1.303548162626037,0.7868386493710312,1.2208409142448777,-0.48510693504549224,-0.4588405062953432
2.0,-1.0717958540372348,0.050405810976331566,0.6305402950592414,0.5911088551405251,-0.4233688383527202
0.0,-0.3283652183607101,0.386221532266491,-2.2466443807682737,0.3595146148945533,0.031320462987553324
0.0,0.9964659314308546,-0.45454260383851786,0.10935027488163777,0.058858023713134575,-0.6942218763710447
1.0,-0.5124346609753283,-0.3039577363601557,-1.1452159135441884,1.3337498360295306,-0.41322726959768435
0.0,-1.4169685090998612,0.040748081901932874,1.5387899102197624,0.24391304776298536,-1.0692687542030046
2.0,1.0714036250039407,-1.1795575557192186,-0.2736675181232537,0.8784493920014147,0.8078572043608422
0.0,-2.0740356906938975,0.1722162245176924,1.9149434401959653,-2.460330561600317,-1.3507792249845383
0.0,1.8550091128337696,0.6435832359507062,1.6335942607232885,0.5361282747662978,0.17391638682653132
1.0,1.003787073166634,-0.3430435493297712,-0.769930778971441,-1.594292261121613,0.6009446737283494
1.0,1.2383610930350997,-0.24450672922408143,-0.8241843667119918,-0.1689712953299898,-0.5722244998469163
1.0,0.7922526227293294,-0.15476557722945747,2.25085997162155,0.08229161649695758,-0.3851666095096023
2.0,-1.3268600884551924,0.3541945413674847,0.21772873787456512,1.9696438761469672,1.323670898222332
2.0,0.34457880039051075,-2.0433879997288495,0.19903754449917022,-1.6901318657393638,0.7627009329835224
2.0,-0.2225845479937044,1.2436607667359731,0.19649898209639557,-0.5216911933039909,-0.6807700472181493
2.0,0.9562968316961644,0.7405978200445829,-0.8051836575688425,-1.1790063294339952,-0.675298090165825
0.0,-0.3771581604491958,-0.09484872497259339,0.1365956551194793,0.7933316180104845,-0.5502781919772777
1.0,0.19369514178826955,2.1121564327281237,-2.0043810408902742,-1.2579646506520237,1.2229480640189057
0.0,-0.1263207165999477,-0.34742649929693964,0.5665461206912675,-0.1587228973533043,0.7273544210111755
1.0,-0.8700363897355639,-1.4770844190542964,-0.8038312244188399,-2.118009981092866,0.035660449209708615
0.0,0.7866368165162776,-0.3342407050950305,1.2402380948416822,-1.3675575348730244,0.042145144424811716
1.0,1.0298009024745813,0.2003656976135097,-0.5594049815621928,-0.18205980303322702,-0.3090859836802347
0.0,0.6648360750667686,-0.563220444335042,1.18713589218793,-0.3009920210571674,-0.3067491869087911
0.0,0.35953668383748016,-1.241942951813042,1.651693332727201,-0.0791230099801592,-0.05327846720622347
0.0,-0.3682157890837524,-1.0138695680214862,-0.7859874106094271,0.3653338423348978,-0.8363882056281626
1.0,1.0488472223572156,-0.48015739466884716,-0.11720739207980077,-0.4533168916461133,0.01703215944316703
2.0,-1.55880599057181,-1.026516094337786,1.777566274610266,0.5429898575644182,-0.09695314867176205
2.0,-0.017200723317702192,-0.5385546560956248,0.02061131825653084,-0.8036050418085331,-0.6081596797184363
2.0,0.5129065777966177,-0.5131454342926528,0.7870286859156143,0.0703587434168883,0.09482334606302063
2.0,-2.172160085476803,2.736811007598314,-0.6083401940876403,0.6931283274296882,1.5304088368288489
1.0,1.2197180650395592,0.29165157077640513,-1.1291006369902525,1.6532263532626106,-0.5046139759206864
0.0,-1.0228768566426696,-0.07190637730815493,-1.4417596694095838,-0.7146122547479236,0.18366877404914533
1.0,1.0941558327519834,2.007303820397947,-0.13579257133035677,-0.25469411316305174,-0.4830052395475559
2.0,-0.9468364629254938,0.5279245935590456,-1.0536528108338779,-1.5500602063307727,3.031288026829894
1.0,0.4196702698110308,0.6057113827199915,-0.2136553173717936,-0.24167477276643584,-1.3220054183265582
0.0,2.3894327055527267,-0.5416698133746033,0.9864940784206241,-1.3011930413095496,1.2840019918760148
1.0,0.7742581328938932,-1.095192568581552,0.7784083918755764,-0.012395833031460276,-0.10730001833399355
1.0,-1.028994090255095,0.7517697164195858,0.14738913398005038,-0.04434294292489446,0.7898889506536908
1.0,1.0793718599521263,-0.4434618535421101,1.1652673206086883,-1.4395354484577718,-0.0976464879917964
2.0,-0.4500486927861802,-0.7987756557087937,-0.9676346454980237,-0.8086008647336234,-0.3374269026482426
2.0,-0.5404696855387373,0.9890907230860717,-0.2546935872118851,0.5061420912675728,-1.0702015052025569
1.0,-0.6000359481005526,0.019470736416921625,0.7678132356041646,-1.131032014691684,-0.7099089150899835
0.0,1.2185567018993058,-0.0497456676963349,-0.34405067549658824,0.27790401614343946,-0.027385309419060536
2.0,-1.6838888243045576,2.701717456398775,0.1341490684406194,2.2904671182622764,4.401826611426728
2.0,1.3163855172507926,1.2480712218559646,0.4784006854698866,1.246751594706117,-0.03730182693225352
1.0,-0.3935600511200058,-0.651891038021663,-0.9407601640551927,0.3606671663339114,-0.3634198907207364
2.0,-3.251253417358464,-0.24104795826983916,-0.7444708121840657,-1.6172430803749216,0.10532791133364117
0.0,0.43254540561152577,-1.1828996927108955,-0.49512154127947194,1.2714578519890887,0.727477398456757
2.0,-0.20983877207156507,0.2060164806333284,0.18326854078157612,1.4189835320192214,-0.49660907492379336
0.0,0.1695240635183643,-1.19261752704127,0.37385223640247733,0.3107792478299576,1.393478342164027
0.0,0.9450409032910649,-1.103127914777833,1.3532156636219925,0.24063039307310996,-0.11097276448915804
1.0,-1.037540942211351,-0.37902706577629247,0.30800516642142284,-1.3861372209665395,-0.8522016758777019
0.0,0.4920863577676069,0.7332305895905137,0.4367552191825443,-0.11881347881705838,-1.2656235904655935
2.0,-0.12865818484445268,2.3131445256851673,-0.3652706905737265,0.7119093532002246,-0.02427964538729224
1.0,0.6660406422476275,-0.9505906752179225,0.46702442895338625,-0.03516608453716735,-0.132066272382132
1.0,2.5274244459397726,1.3160829017919347,-1.2771453905511965,-0.13412107731037565,-0.11492353958804598
2.0,-1.4078550543847819,1.010106004630639,0.42375747089883475,-1.770038144351602,-0.28550686187538615
2.0,-0.4019083173949938,-1.3710172105157201,-0.8667265257529783,0.13222206217367924,0.5724599234814383
2.0,0.0799323700641765,0.5032600002796319,1.3453974321032014,0.03518158197049773,-0.46993819529299946
1.0,-1.06327773306121,0.04312056230694435,1.7595241926256011,-0.23942741185527874,-0.6408543817483842
2.0,-0.022690397623800918,-0.2565775277935488,-0.30168981969984776,-1.8817641987261786,-0.8366124356327895
0.0,0.6265366137921502,-0.5028655601955709,-0.012080487148594672,0.9657816378273637,-0.6633602041957538
1.0,0.7159879381614718,-0.11726211868129392,1.345267892462981,-0.490463891145861,-0.23063428184575585
1.0,-0.2597601127415178,-0.1939920626360273,0.5297319911637863,-0.2507552760626612,-0.6438659576849679
0.0,0.1762948350075409,-0.04424609913154851,-0.3086137410256909,0.34383008077896926,-0.6309776236736389
1.0,0.7055289124493461,-0.16906856775365212,0.9400341413109117,0.507963617618249,-1.1215791147653298
0.0,-0.9025525896219618,-0.4139462744782658,0.22706881525172606,-0.8239107027819016,-0.7715265097605475
0.0,-0.049764098612667895,-0.361887220858302,0.38838385869065545,0.7858681303828592,-0.2985975548649893
0.0,0.05154114889485061,-0.3227961889085318,0.8764422928835822,0.7043935147566165,-0.4833737360461501
