1.0,-0.11024447557305028,-0.07137913323453503,0.15092608000150326,-1.8213514875300205,0.1191139846579468
2.0,-0.6737101262636835,-0.7938757029427093,-1.828002567887686,-1.122264073054489,-0.14170324552801403
1.0,0.1693277931541516,-0.4978674437131052,-0.5056823613456167,-0.6055555872278964,-0.3359114622858653
1.0,-0.34806911372806537,-0.8117126926088027,1.2876241810280362,0.7436707888311725,-0.4828775979344077
0.0,0.9079334492634388,1.065285779084213,2.4879315120925307,1.135362607471816,-1.0477208466976144
1.0,-0.2907029039425659,0.08448271722524721,0.03658397851836146,0.5783372568699031,-0.6625221556539809
2.0,-1.4813406699743539,-0.7076150848660246,0.36543728086098787,0.8548165760833311,0.238562328638625
1.0,0.5084260598437824,0.46323027426529795,0.07183634307215385,2.326564503671757,0.5380767371822914
0.0,1.188335088048936,0.10979104429867488,0.2343069870764121,0.28922749183091745,-0.7587638689810088
0.0,-1.0835590606897076,-0.5508954558396431,-1.1818281285208398,0.7566679545145624,-0.6204176476709128
1.0,-1.1225213599622756,-0.41170081896769933,-0.9709365921596909,0.09996695767423902,0.10250078702252717
0.0,-0.6927634496937817,1.8270628221160585,2.0402210184762115,0.7666443074851624,-0.9568887717583003
2.0,1.6618284263256902,0.24769579595552987,-1.4738890550696044,-0.7072585952858477,-0.3513396466356237
2.0,-0.15893026969553212,-0.4710808904754136,-0.18562004954334946,-0.577070557585184,0.002371741426675718
0.0,0.17103012506855575,-0.5817013509604568,-0.12954935006606907,0.7784017114086157,-0.23313143683496432
1.0,0.7235043935305833,-1.0603742475953695,-0.3792480770597837,0.1075316172729038,-0.313961810304952
1.0,-1.1391782723830646,0.34668178102641567,-0.5624137443372859,0.23090028830299658,1.3142896717794805
0.0,-0.4681423496073071,-0.697797836040044,-1.4593901393687216,-0.4787539610187952,1.3096774375080096
2.0,0.7634952431514415,0.04820875806407595,-0.7572265468289509,-0.9648316930159788,-0.6177190487952201
0.0,-0.08323298740783427,-1.3547778014514607,0.9721569264351155,-1.251824471984478,0.3744257923494759
0.0,0.8955306611488838,-0.24996905599647176,0.09804395508319447,-0.9616193296474644,0.3141221608877708
1.0,0.12976033873481038,0.4955012231483239,-1.745011974391328,-0.15988626501313863,-0.8604758610328246
1.0,-0.17468582633177157,-0.3827384280990211,-1.9937776020599136,-0.8021158804025535,-0.7357413080319979
1.0,-0.005861271432127788,0.2943823538077478,1.0092098000437653,0.4468525590731199,-0.14532233839524664
2.0,-0.981324241854493,-0.1239614835187129,0.17008762290875865,1.2705100018366389,0.42994486769389895
1.0,-0.8076018324439852,-0.3676401212195948,0.15903420833953527,-0.23418082266187246,1.918660882751957
2.0,0.9896886561312849,-0.4529932477505206,-1.3358440472489443,-0.6067188183732714,0.44326035727321617
0.0,0.5878001383728703,0.014955114491200718,-0.11563362383712547,1.0668425809267499,0.3497512609165991
0.0,0.9669340486397612,1.073022379572853,-0.4546872233203494,0.40762765932262046,-0.2194972664549397
1.0,-0.9113798242752322,0.3653453569991874,-0.4843910187321189,-0.15105779454070684,-0.4537850615176347
2.0,-2.084307805361059,1.4248010532131965,0.23893877704961994,-0.7115539827980825,0.2851686691679739
2.0,-2.009711901873493,-0.10062727727457917,1.1011290527803486,0.9644610955979416,1.193737361723682
0.0,0.5824231081254186,-0.8185787651612534,0.5646736163532687,0.5714969937147635,0.14473295692843263
2.0,-0.42106696965726337,0.5765724124323878,1.294868081420616,-0.5031572932189848,-0.22420835800268885
2.0,-0.43065368714900376,-1.0994089126018374,-1.111135746923396,-0.6373265476925192,0.361507024044034
0.0,-0.4790193476734375,-0.04856137407848517,-0.1463787445003715,0.9315638306974058,0.2225401684794491
0.0,1.6943836274672457,-0.943120548321307,0.005876400975417834,-0.1797266232561078,-0.15778186158255542
2.0,-2.4558997073828497,0.2383627766446477,0.9850337825345695,-0.8079440766205843,0.42113765279294624
0.0,0.5306543564150695,0.35709164154416073,-0.48956335559254555,1.1161223943478933,-1.0157992461492154
1.0,-0.041641784654067975,-0.3117837375210616,0.6175734613949455,0.976373403376223,-0.1438398782609178
2.0,0.26377064283055746,-0.22312456612365195,-0.3525284047484501,-0.8953117493193795,0.41462308573247514
0.0,0.12214186014170653,0.23124638548088838,0.9686989818257512,-0.8654021405881341,-0.1562020835471702
0.0,0.5078790497717575,-0.27626811919122213,0.4538594678813168,0.753459379031594,-0.6807961554559621
2.0,-2.1959959562944418,-0.15862515075112252,2.024266892929599,-0.24392556458887002,-0.2325290062558094
1.0,1.872935035727414,-0.6387386717641276,0.3301514196763486,0.5983204402855462,0.874512680045055
1.0,0.9414540124493583,-0.5082180892008982,0.0177415953506134,0.03534162571834331,-0.8875089950896722
1.0,-0.9252994099431983,0.7961955549252034,-0.04629163186937786,-0.3143040276440636,-0.6260330943533687
0.0,0.7089734738597038,0.3723058162037585,1.6972463329346226,-0.5685823357609002,-1.3325125530528585
2.0,0.15528878602411797,-0.10116502448527692,-0.9343173330871531,-0.18788239010915747,-0.6505710478890608
1.0,0.7796091994934337,-0.5787644551335234,0.7596828378124667,0.880343676492584,-0.10484138336477376
0.0,0.299057498981313,1.3509110256450885,1.2441752929196614,-1.9166357116510573,-0.9177218002810533
2.0,-1.6307242665115385,-0.23107738765923747,1.49637121250807,-1.765633129562163,-0.08349989906342892
0.0,-0.8784657524210394,-0.6880548862755008,-0.7586139223807903,-2.54961956739654,-0.23260513077962047
0.0,-0.47410502220079964,-0.8762177069856977,-0.9681379793758748,-0.4016406878932657,-0.07401992007065505
0.0,-1.1891121061047436,1.1402614801480309,2.0368925811719114,-3.3747605335515196,-1.7723256304313246
0.0,-0.26473365570839785,-1.7505748165804726,-0.1739510573009695,-0.3531696348837632,-0.2592648300984117
1.0,0.9488309114848571,-2.4020841676874016,0.1767716036648385,-0.014312299290068537,1.0041416406231578
1.0,-1.1857773490539782,0.4951692437145159,-1.455954940669091,0.19240071654928642,-0.6254707497843556
1.0,0.10866715273166422,-0.8314308306512839,1.1458276521260962,-1.5351677778239998,0.7527075707272693
1.0,0.7274008826293885,-0.6989982212842689,1.5217982516288666,0.3617265310814546,-0.008720878207723898
2.0,-1.2285368610717977,0.9234897384262251,0.4281638199856816,2.194324722517161,3.816742139392224
2.0,-0.5972491715694396,3.44376441187862,-1.1127702441882579,-0.9170360103900309,-0.3628112674440068
2.0,0.5041404785171478,0.8679233315335736,-0.6533471229330287,-0.5988130641652827,-0.13211731838035531
2.0,-0.49590819258767543,0.5744285186969916,-1.0863455515068148,0.20786233014463348,-0.4557609837848763
2.0,-0.9472734134708584,-1.8072383135753,0.7405419457204924,-0.05734313545036324,0.1991871371445845
1.0,0.6521984318577816,1.1655031310594095,-2.8024379439169627,-0.9862327977896729,-0.3197850588032137
2.0,-0.6191586004639182,0.470498008893664,0.8669209161581889,0.12140989193436551,-0.8603163069435027
2.0,0.10028351433064658,0.17148712633576907,-1.5593082189882987,-0.3891340313538087,1.489181691220568
2.0,-0.8350049583185614,0.1963914110514102,-0.06028909881818658,-0.6623067705657387,1.5931884003632562
1.0,0.6159432109463888,-0.03597027756529284,0.906321472694818,1.214334369776919,-0.6915213063724898
0.0,-0.15563311570748203,0.7186549795848166,-0.6658471381851943,-0.4384754041568419,-0.6577481904981702
0.0,0.3694114785233559,0.42727390311071656,2.0169000928511536,-0.19497628731489108,0.23532921611569055
