0.0,0.3045293133813876,-0.04303181680905,0.35236901566380935,0.29381709188848165,0.7305494697738061
1.0,0.8124523005382348,1.152105178500268,-0.25139841990306677,-1.5858489703420307,-0.10645590827356227
1.0,-0.02418740631721008,0.49295460307481215,-0.04783087710553966,0.30402991682299046,0.10911472830156048
2.0,-0.8598837596029775,-1.3991874769406172,0.6448597736315594,-1.0845927015971613,0.12067118243428224
0.0,1.595626197242132,-0.11813994385055263,-0.14653416848677955,-0.7582403092467395,-0.1860702344276713
2.0,-2.0858260995636906,0.9376640194995075,0.49133469016634224,-0.5374030862227157,0.09690602027310209
0.0,-0.43708673949143906,-0.7716399045256749,1.3434239151689127,0.6540740306730548,-0.2139638426182227
0.0,-0.9770148665600378,-0.78204286364684,-0.3877675067500001,0.5582508392130155,0.281400081735239
2.0,-1.163522539457985,0.44540985181024634,0.19928987158306846,0.08989305353211093,-1.2289159354791026
2.0,-0.5003885732453275,0.6825360080997869,1.7119315828713835,1.202563900908207,-1.265733118727377
1.0,0.7383929595249696,0.1608201572349396,1.5176947708314836,1.736389328316074,-0.17268027340524053
1.0,-0.4769467145805134,-1.5444157951022477,-1.5880925218366593,-1.0457903450220103,1.5980787800246379
0.0,-0.6091809577511352,0.20517591108873218,1.4628777540589077,-1.7338889040260468,-0.7370317544517166
1.0,-0.35385806407478443,-0.7680792332220261,-2.753136577698511,-0.7552373420013702,0.05175918194795482
2.0,-0.13103672636202368,-0.5014401011099632,-0.7517563826396109,-0.3391577847293558,-0.11321838939095094
2.0,-1.2601445659553099,1.7949648328584662,0.5040239344756451,0.25743093867676325,4.158819604780707
0.0,2.391517547074125,0.13781579720765416,-0.3040432654845987,0.5138663914170191,1.3734462667582286
1.0,0.691164596355279,0.46566482327911757,-0.18861372881764263,-1.181572096749561,-1.0400905788828518
1.0,-0.3842342763635426,-0.8297912779630965,1.537076145660067,-0.3027200420410271,-0.4898881894395713
1.0,-1.1906980167290389,-1.6108670480791376,0.021575797157975515,-1.019636212621158,-0.5241003105781422
1.0,0.6669470060069173,-0.21646796051606756,0.8439635604059647,0.9458955603499181,0.1506155164611657
0.0,-0.2070251213908753,0.6974773532410792,0.10184398724124395,0.013391053039754144,-1.1055625524421868
1.0,1.7665141349349625,-1.8958585464561768,-0.1740121450525372,-0.8148994070612171,1.53461340641301
1.0,-0.3738976837042472,-0.021010705504367917,-0.02138490830733762,1.6666726795229525,0.3207355637033887
0.0,1.0683548727653995,2.0956459736640083,-0.8834979768166935,-1.5356532625908934,-1.0297669348811533
0.0,-0.9653092035304595,-1.6264694862921854,0.7135063559510465,-0.8715187736562223,0.3040334373755578
2.0,1.2960439569384823,0.024495053663503817,1.0028199634291204,0.9242529365531087,-0.12199258977233468
0.0,1.2855359080250839,-1.1244906533793162,-0.0920992726066553,-0.30954129006879283,0.03194876674359958
2.0,-0.9142545333793632,0.760781523941902,-0.04005642163851437,0.6346333044241012,0.45155502050093016
1.0,-0.24037212217572995,1.351906748342179,-2.3549149754285086,-1.0291279609538546,-0.7027686180591594
2.0,0.8268459115043114,-0.24298563933947018,-0.24569316923596182,-0.48828859723478996,-0.20819956287349728
2.0,-0.45258312359434405,1.1647191385231035,0.9189661832633848,1.5023928144880816,0.29442518673263557
2.0,-0.9136401940148426,0.449432943803532,-1.6375499531290114,-0.23141172594271225,-0.9588971961235718
2.0,0.7539379663406615,-1.109776812714554,-1.0935629053775817,-1.0914287843148596,2.7529027262278065
0.0,1.8242759466928493,-1.0161563556732722,1.3121083219319545,0.22571576546160382,0.8058619355787108
2.0,-1.2765510331769205,0.4941010369732681,-0.2856317261980896,1.0608354566939289,-0.03605726033089356
2.0,-1.1380019106211743,2.3814360841744326,0.8678381164765662,1.57207552581958,1.563987342768474
2.0,-2.095762447175283,2.3985745576603934,-1.4476468419218314,0.9216118600137162,0.5354414423366236
2.0,-1.7520923368934598,1.817846145071609,-0.9518957229075486,-1.1527767905227582,0.8561894586839639
0.0,-1.1575808456855095,-0.35294791967324424,2.828003033136651,-0.1207710009091275,-0.5597480048565088
1.0,1.443956906467534,0.829257135595767,2.5121727551238857,0.6252750040065094,-0.48585497867070104
2.0,0.5492924658951465,0.9082612402596631,0.4913339093079978,-0.8067493836276678,-0.7088964327094326
1.0,0.3755844337600672,-0.27298372804879334,-0.9408645168828057,0.06362825445185592,0.43059377865861825
0.0,0.9317305336983769,-0.6375868380519778,0.5811922868884153,-0.9149880850533539,0.7364077463358774
0.0,-0.2677429944921941,1.3906686763040432,-0.07711005539282467,1.5265536491738536,-0.922292802121318
1.0,-0.650835608169732,-1.039888673282953,-0.4414560201847893,-0.291724214929518,-0.2838155550705229
1.0,1.9089957568953988,-0.3487564858718354,0.6244683550584252,-0.5338837761454753,-0.2083885075953237
2.0,0.7553576331394026,-0.5387391944737353,-0.33055135476575465,-1.2534124851487,-0.39798325639855653
1.0,1.5151093939167604,-0.7919160260326757,1.1085619225399972,-0.26176776891554704,0.528422059553846
0.0,0.6524867987365818,-1.0329730440680684,0.3901685382569051,-1.9186192527550159,-0.5093342972131418
1.0,0.5033577238510327,-0.652170936590169,-2.0044111795360013,-0.8690505530613085,2.543504113224574
1.0,-0.98723493772051,-0.03970084217729947,0.4915817285812522,0.36994112394247175,-0.5267832550359368
0.0,-0.18225120546490678,1.0305442348092912,0.20763768434567226,-0.09451091791519341,2.8420932058122954
0.0,3.165069885250373,0.6546944694864709,0.6216542711003935,-1.5877798038698434,0.5535270649833732
0.0,1.7703790935280428,-0.696855977743876,0.5288667750070206,-0.777447296107331,1.1486921474119924
2.0,0.16507185101236416,-1.0493509473605205,-0.17788129745774012,-0.48452280700150824,1.4671625856242907
2.0,-3.113688746064526,3.0795611986121787,0.18808048982657144,0.009961563480473435,3.559489150605558
1.0,-1.0992810991779454,-2.235214751336531,1.298257820507506,1.1791220642446374,0.45094749442577897
0.0,-0.233265090395346,-0.4851635862024988,0.3364597146281382,2.8664318543174923,-0.6905256099549799
2.0,-0.3084939876787079,0.9070905288447998,-0.26458519690917254,1.3674614708726192,0.49429946996157
2.0,-1.5180179107546512,-0.2549997763401911,0.7413303790618593,-1.4305168156320545,-1.6835092253426889
0.0,0.3686301525969037,-0.1813393411606252,-0.2668131129764548,-1.4605382168333836,0.23202456799542992
1.0,0.7299413327236391,0.5041213181619485,-0.40983247604581574,-0.7872389898436624,-0.7573519459824901
2.0,-1.239609324551702,-0.5430240763436822,1.0640805618319595,0.8820468552440466,-0.0946915621054972
1.0,0.4922222261780115,0.19017052738756587,-0.9526554849496986,1.8644814902549876,-0.44626058200234026
0.0,0.3433495901959323,1.1906252688601167,-0.5256730731328879,-1.666448021053994,-1.0899210362388723
1.0,2.127344393410739,-0.20325945974388082,1.4230533480782424,0.18991336329707853,0.0552958852388934
0.0,0.17371695776221904,-0.14161079270277838,0.9325132295762025,0.3002598695611334,-0.15290951580633005
0.0,-0.625011291152538,-0.6370131994495148,0.9670266737725768,1.79408102719002,1.6324249832654982
