1.0,0.8288071393065933,-0.45246267521748085,1.100635452048554,-0.3359444047325109,-0.5822808357617971
1.0,-0.04903637007775396,1.2398997392730635,1.8255998588725395,1.1325311120725123,-1.1423732781212812
2.0,-0.022765909211308163,-0.6895338224880362,-1.4703200450395777,-0.08996817520420619,-0.03271190594982111
2.0,0.8353091049902447,0.7462501693754054,-2.1161085987621933,-0.5988828811094855,1.3195784811075593
2.0,0.5286549480113872,1.5574084262746395,1.0395984493092756,-1.3667171197783983,-0.9827230465762347
2.0,-0.4203242327193704,0.032967337381240795,0.21333494722681817,1.9208258734735655,-1.5162349480669362
2.0,0.5676829520220473,-0.13132740424242872,1.2079101529348073,1.5115716853126686,-0.004570862326168338
1.0,-0.11040574372297765,1.0817811978127134,1.0311797307636494,-0.13245656644770448,-1.6467308415433917
1.0,0.2391879622235863,-0.281006460804315,1.3954441919279381,1.0492604537042958,0.937086093403679
2.0,-0.10832561855956892,1.1659777797349156,-1.2055463777443627,0.7672562596346147,-0.9287626335419149
0.0,0.25432572640106527,-0.19698081042971824,0.2340425366707221,-0.9789007565636251,-0.02365048267401021
0.0,1.9429694822306158,-0.13288739282813836,0.2894356424952079,-0.2744489084386135,0.7705116474655741
2.0,-0.12948299643825642,0.7065418593225951,-0.8310988482179064,-0.6342681012578488,-0.030423675532394622
1.0,0.9161143474741388,0.0789165693171264,-0.8471512747661859,-1.3852946202158556,-0.49216896317192
0.0,2.3051143261233795,0.6349966276701818,0.35443808621041106,-0.10294944431251449,-0.16386994561477553
0.0,-0.23163181009153924,-0.9058756870006669,-0.6365066714983455,1.39354429259564,-0.12764453509417722
2.0,0.029232851257559936,0.22450771247750206,-0.4733751730229736,2.4484075759173503,-0.5501196030542614
0.0,1.441055070641118,-1.093386469532519,0.07411111155680238,-0.7006145525009573,0.4017757350733524
2.0,-0.7046937504247203,-0.7161881703002289,-0.7109084366535964,-0.5122671411900532,-0.22732209323751176
2.0,-0.46798605769084933,-0.5244919036042178,-0.23148108568921982,1.1203609623378423,0.466797622342594
2.0,-1.3096559035347202,-0.7103452294314062,1.5524948140981858,-1.0618427566397357,2.2038309553336335
1.0,1.7852289926056226,0.5617160613601936,-1.1082231145819053,0.6832377105851725,-0.180318929906555
1.0,0.3060422664498666,0.5888859141060765,0.6267295859520097,-0.5591349769346605,-1.2099070081705918
1.0,0.18486280207621822,-2.415175506800406,-0.6424829146999372,-0.9980322116424184,0.6601536512569528
1.0,-0.9998655932262508,-1.344545067385481,-0.24966212496540377,0.1850315409312155,-0.22577579797395902
0.0,0.460502855689493,-0.7234613860920249,-0.4143723766695327,0.5722759734430477,-0.7804827322837383
0.0,0.4319276805978298,0.6747071718192087,0.5710821501376534,1.2768446017418031,-0.8936109512875119
2.0,1.195973162923338,-0.3142126728812705,1.331068773119814,0.6120354509638318,-0.06654004533284773
2.0,0.16109226427454762,1.6192007429967232,-1.608493164563903,-0.10232588102408167,1.774922349163252
1.0,0.10175950645462396,1.3106867265094198,-0.1704811650514383,-0.4410031648090828,0.25849419071427604
1.0,1.0539480501477274,-0.6704234135367856,0.13858382538871575,-1.065473782266371,1.0194579736969138
2.0,-0.46996735916056215,0.6306776898525344,-2.1307029751147186,-0.3093767414640993,0.6248183358906565
0.0,-0.2314356021795874,-1.5185911818033033,0.18685864143151795,0.09013124764913832,-0.4531718269276838
0.0,-0.3203066905029579,-0.13005219259938272,-1.1620194455712467,-0.993167257853428,-0.13880430035904448
0.0,-0.1524350241590836,-0.04812885083027597,-0.6996528802601663,1.2011644092700577,-0.10060209569942752
2.0,-0.582916940552362,0.09105374041616288,-0.6750396355016887,-0.6951900182845586,-1.2344477938940175
2.0,-0.5193229322577912,-0.8863026476945834,-0.5654761167636881,2.5659689986452086,-0.34693967391705877
1.0,0.8863103882353951,0.3766974625127942,-0.7608299052826357,-1.3222139497575163,0.19670424316339133
0.0,-0.05518793071127979,0.9084150167433839,-0.5935394875071462,0.03347788114966906,0.7376647827887861
0.0,0.584372549869636,0.44957536839735485,0.21332946469338948,-1.261796825445116,-0.5124305839317606
1.0,0.10230043046428074,1.4884600279726088,-1.3748611154699684,-0.3063064838628021,-0.36658771205780233
1.0,2.4472438733895485,0.3684082673310799,1.3542273085846381,0.4400224750171501,0.4391608296182802
0.0,0.3210966318204566,1.5067357908681294,-1.8817716004087475,-1.8730180355377424,-1.3212028366885062
2.0,1.6783493369158287,0.49735275068939605,0.32930834614440135,-1.2784375912833874,0.6682982423977017
1.0,2.0203978238946907,0.40717353819166174,1.2423427997880898,2.0432040802253666,-0.54686877673077
2.0,0.4920017294256411,-0.6558992583042191,0.31930412655362916,-1.3941882882146648,-0.2872426576600576
0.0,0.9669583059316175,0.04898244909142116,-1.6367186029851077,-0.5930180105415314,-0.3033928036556831
1.0,-0.9094156464831407,-2.134311851711871,-2.709937846647436,-1.054802609945883,1.691495892261828
1.0,1.4625610574811534,-0.3448524624625201,0.4308522376923585,0.0731778073367565,-0.43352233928329004
0.0,0.09928705627732187,-1.014580480609642,-1.178472547272061,-0.7627075583860785,0.15752741361996492
1.0,-0.5581237535247495,-0.8032331475435056,0.07475686363725496,-1.312301308724226,-0.1905828597565599
0.0,0.6514839334361892,-0.9603432233476545,-0.6223030845809705,0.05649475957006048,-0.03143259975380158
1.0,0.22169004943737222,-0.14098251108000195,-0.21191544763030273,0.11464557592113779,-0.29245052632703433
0.0,2.228014021493336,-0.4412230140568885,-0.3120913991788461,0.04413717263657399,0.7975039351112782
2.0,-2.738293791873002,0.2057038050337073,-0.06824541273198056,0.5923833989688463,1.7191196914040832
1.0,-0.2093724146620366,-0.8644734933547941,-0.6426998720909944,-1.2684923666981076,-0.22402508109294703
2.0,-1.1994671120018239,-0.8191035730807357,-0.17408027944045992,-0.5732101249675756,-0.8658011976309359
0.0,0.3910533890789878,0.2719087853576445,0.070797394871315,0.5747468488094979,-0.49608056130747824
2.0,-0.4081681802288751,-0.5361363488506868,-0.614069898383533,-0.19411633177661952,-0.4725805943070039
2.0,0.4998765915872529,0.9611149408570843,-2.5028794308350713,-0.1550771547931397,-0.8352379744745088
1.0,-0.9940800464140025,-1.7223996205857233,-0.11396584163642755,0.026236150045743027,-0.20585260418400161
0.0,-0.09955182948346411,0.05607905679067672,0.5032968120794116,-1.2353002772945325,-0.3582243377458986
0.0,-0.48085098680788696,1.3822728740700867,2.0058466681090525,-1.1364356536213234,4.284782592954428
0.0,-0.5350062496151078,0.4536592328222411,-0.20321095263685487,-1.4804341462668682,-1.1918171616483562
0.0,-0.5743381898080621,-1.1944242766686084,0.6030802643871763,-0.6081801084868116,0.31461108341093447
1.0,-1.1434469804053726,-0.15227641440408782,0.7203083260246121,0.08184222489044468,0.2979597885248932
2.0,-0.2764627639023168,0.7472143056707782,-0.3019780803224923,0.22069583656464387,1.31155702419651
0.0,-1.0857813805548922,-1.3475537145627714,0.0012197101337029176,-0.6175494378335464,0.0583425167711677
2.0,-0.17988800575362088,-1.143694529734217,-0.562923773670258,-0.06364100084026102,1.477627685000586
0.0,-1.013624604689845,-0.22895844695048187,1.607279761531357,-1.2804922728257835,-1.0055560447123149
1.0,0.027047288254774055,-0.14551687541705477,-1.5479023975405555,0.5773318336457999,-0.6494728396205539
