2.0,2.0127933058884326,-0.4686041364969899,0.009256273496317611,-1.5242622615590091,0.5665166537315744
2.0,0.6350873604933451,1.035387293883515,-0.06587248354026204,-1.464489862671861,0.8043051324262115
2.0,-0.3258374499619432,-0.8607073981538784,-1.1975730613059377,-0.0017336028544553477,-0.9305598253212699
0.0,-0.7676881537640198,-0.5448737495265769,0.17702442023902198,-0.9230355401574772,0.47096088044511425
0.0,-0.42370761647921684,-0.40018967798702926,0.5474990323508455,1.0429221150730017,-0.3741236027076767
1.0,0.3708813959999585,0.09712958796114436,0.453723366000257,0.00299108808602395,-1.2906053643122015
1.0,-0.1575482980055667,0.6793842595212429,-0.1940987827518081,0.5646503810716414,-0.2087096856835199
0.0,-0.34326222809200113,0.8133275864753322,-0.31204411864293624,0.8209707271756116,-0.9640499682646674
2.0,1.129585877648931,0.9858058175260737,1.795293228377937,0.22791247249702265,0.4619284818536182
0.0,0.8782507317253868,-0.2838921906952133,-1.0614142032631646,-0.1680358335274656,0.65469380568194
1.0,-0.9521824511693978,-0.24147172762680025,0.03468292985975892,-0.690033768664957,-0.2964086780457628
2.0,-0.15265152266066928,-1.4998454328375936,-0.05060007686642209,1.4828550104268605,-0.3505240224258148
0.0,0.7436649595529934,-0.7050537692364433,0.11214779747045393,-0.5862214672512343,0.09280059708534759
0.0,-0.18138186903328388,0.36895374413332443,-0.3802472651732426,1.217598064777268,0.23457029318540515
1.0,-0.7004744005129828,-0.2528333300575324,-1.1271220828777166,-0.6970792206154169,-0.15588237383400533
2.0,0.7851569770283353,-0.7451289299835521,1.3303347883199361,-0.3792056085004391,1.3373063091029787
2.0,-1.1173705355551353,1.6820038110502369,0.48689209015244733,1.8869747167676827,2.879105278087066
2.0,0.038264857098586715,0.7853274783656926,-1.7053381460257866,-1.2523750086560774,-0.39770016238137623
2.0,-1.129107724071871,-1.1810997239678922,0.8808673421578384,1.2119609524207542,1.0234312501901754
1.0,-0.971651404250909,0.09184369351864709,0.513662678521231,-1.274923562290753,0.006684924587064878
1.0,0.6753183336200179,0.615533313361489,-0.8449149647863384,-0.8501818774806621,-0.22065696318876976
2.0,-1.5048293093523082,-0.38958263811715776,1.0341131289097691,0.9355258248409304,-1.2180029588059893
1.0,0.02608749771828598,-0.6373824637637995,0.9652846887198322,0.6185833600425924,-0.5340734615673957
2.0,0.4442214104192949,1.0711285596795934,0.7925114202502451,-0.19247458346771426,1.438734824043815
2.0,0.18506456554510128,-1.0691534461877503,-0.16913275655722212,-0.11787815352723809,0.5788654613231359
0.0,-0.6846855725196588,1.0242007458428817,0.9500017221283645,0.8407435802424801,-1.2494358034667195
1.0,0.07650852794094604,0.8427795723044307,-0.8926660713400911,-0.5521354250351936,0.24621684681079942
2.0,-0.6149479722252981,0.24275326541885298,-1.1410730780210776,-0.3234098340200458,-0.5617853570060567
0.0,0.6125136962104977,-0.4728077445193311,0.5702332842791187,-0.7471503317411085,-0.5703626170250516
2.0,0.07970206550395537,0.978306594966551,-0.40218834484402116,1.0701278093366442,-0.7344718128231139
0.0,-2.277386939886525,-0.5409107604790431,-0.8541905801663546,0.6006956033397811,-0.9473105048957505
1.0,-0.32145150817762996,-1.1895222273661124,0.6703328272503897,-1.3450546160127421,-0.5599387744353708
1.0,-0.9548856015291475,0.016632001192759323,-1.6978243842053367,0.7629110502773353,-0.16974008359387943
0.0,0.044355250347080946,0.6266650214396013,-1.2558662169593549,0.9414115620103906,-0.07712774222436977
1.0,-1.1956359518266004,-0.4951853635917017,0.8274505286252838,-1.1189702390637926,-0.8236997425067503
1.0,-1.0024429021792143,-1.228529800799161,0.5459836863531357,-0.7030430249148244,0.6260748155003941
0.0,-1.5277222799853463,-1.7929198150683132,0.3078885249149167,-0.14309106215617107,0.10480637598103162
0.0,-1.2497713218432083,-0.14306516490392077,1.33634734148928,-0.3823810689133038,-1.4071737926393657
2.0,0.5857244278184253,1.0473629295428728,1.9583752053150696,0.32319317308266327,-0.1003053399419042
2.0,1.9267222755072269,0.6934418121879267,0.3000876531088122,-1.0076588783171032,0.36883865657545634
0.0,-1.1036309396976383,-2.688935421858325,-0.8368201004034318,0.12871492355845465,0.5440035359551645
1.0,0.954101195790431,0.13857314032961102,0.2968522165292316,1.12519943241011,-0.020465859067832295
2.0,-0.25600137108913984,-0.8984819543852678,-0.7558866756257262,-1.4166203011671847,-1.069308447135101
1.0,-0.9067786912982533,-0.25356471023616706,0.03755755211401645,0.7244811625818466,-0.8583075442086636
0.0,-0.4772642871698094,-0.997442865626155,1.0547115116309882,0.27227646726003896,-0.621822626689929
0.0,2.1147942569142284,-0.07774542714384741,0.9748220520503813,-0.4742816147282475,0.12965871970856097
0.0,1.0211944113939349,-1.1714814299564034,-1.3919866166158625,0.3896622824810066,0.9707488646508482
0.0,0.2642197211994273,-0.7381625632332104,0.3428888352408914,0.29101404309217976,0.6277093877213229
2.0,0.7199911309115409,0.5928439898693194,-0.10724155382535645,0.30854420516074715,-0.33452580360703876
0.0,-0.12476024168718486,0.39381947913454085,0.026108775579000782,-1.1645326887411744,-0.48094517536083603
1.0,-1.1691410828832833,-1.9065898232759677,0.8456103981496577,-0.97894197634249,0.07219937955117735
1.0,0.1272055129811565,-1.4549618358035499,0.5015700222279247,0.6327321728512277,0.3780166279884654
0.0,0.8478997731727409,0.026708692081428616,0.078772505940153,0.3334849006441234,-0.6325394538102384
2.0,-0.7074125838071046,-0.3834512172201943,-0.5742458276297915,1.1653656976492892,0.07862334246028314
1.0,0.30232431877638133,0.037740626420069034,-1.0877005741205152,-0.09971966227674461,-0.6790046084307105
2.0,-1.5729868983327373,0.03655585162724126,0.19761266426727211,0.12210609603378386,0.26389537597330315
1.0,-0.2800143623758039,-0.5728808175812993,-2.594705566098032,1.9354567565620096,0.3469550766116643
1.0,0.6894457436837188,-0.06295398878101752,0.09618887255892347,-0.2926371423740304,-0.1763440680511377
1.0,-0.5517622428479735,0.1340742547693569,-1.1010458651628512,0.2178132097706456,-0.24478624365465498
2.0,-1.6943349135275265,-0.7954434132765295,-0.2454602396922129,0.2353719303150887,0.3992405950454859
0.0,0.27983791225497084,-0.005402412085834591,0.6299685138740171,0.7544801895100154,0.8805550865649613
1.0,-1.1998758523528905,-1.3583001304575224,0.43780612404659947,1.2283832257597718,-0.49823951050870363
1.0,0.9951869349365192,0.6285334472328069,1.4029431758439936,-0.4806183993243787,-0.6662195102341423
1.0,0.8112150763295476,0.19441822774608444,-1.6220708692502375,-0.9060587661082226,-0.030666402550590274
0.0,-0.11296755172548162,0.500815497292433,1.5550804039203503,-0.3341469639539285,-0.251288088624608
0.0,2.0124342385134346,1.6783056463814128,0.5552915816200772,0.5848449621491084,-0.2312419848856853
1.0,2.0825601730667436,-0.3794873378528243,-1.0022653015085177,-0.5648480236762545,1.9862572618929062
2.0,-0.5764379688415879,0.04281578529259327,-0.16700058001399914,-0.10201796521954198,1.468579000532327
0.0,1.7790909428699344,-0.1359804332694102,-0.014304388928962023,0.6189346269334002,1.0238535351587086
0.0,-0.5417904984578731,-0.4813811340290194,0.4712546750514327,2.1925508371722824,0.09062980165625113
2.0,-0.3266316886535255,0.5326009064956543,-0.18657589505247146,1.6256923874640423,0.48578606102700844
2.0,-0.9659558215681081,0.8464163585317404,-0.4408224508244247,-0.9214245164151268,0.10397949737664207
