1.0,1.57831952325136,-0.6185396900357346,-1.1697460893045089,-0.20718929947304152,0.380146674786671
0.0,0.18369654253046042,-0.20638675895999847,0.6228882508945568,-1.3280152334749427,0.14403843312708248
0.0,-0.11273258782226486,-0.12303166800652693,0.5918550461331433,-0.20161317896199504,0.3442128100302286
2.0,-0.31336073434014095,1.2811320978753684,0.5566873196390961,-0.8481516655060833,1.7301526428450078
0.0,0.9241207181151798,-0.5418001899036013,0.3731057480195745,-0.5947033908995517,2.2956698143976353
2.0,1.5266599169141282,1.6669306801721042,0.9425634348871496,-1.4779859020593593,-0.23227983620479803
2.0,-0.34885671596089596,1.4562880602199,-1.135780389440357,-0.1820638459919998,0.6236491935819753
2.0,-0.48750807627812875,-0.31867372283317935,0.9433098390055235,-1.641482171081245,-1.2400121094119112
0.0,0.010873068464569272,-1.4370632720367944,-0.8209811081485556,0.9031064323259763,-0.8055613573502506
0.0,-0.07731152343149161,-1.1291646692332804,-0.031715019686035656,-1.4635812142266713,-0.47514420171869604
0.0,-0.10106602728612663,-1.0064353022887997,-0.9273963267944317,-0.8253740686837132,0.03125348877357123
0.0,1.1279532415677083,-0.0778047914504742,-0.06185968263334347,-0.5679018659811181,2.7539516609935077
2.0,-0.7443099116663038,2.1128620692767033,0.058532397816746275,-0.06873974100403425,-0.9631027115594349
2.0,-1.8964760455084275,-1.2279108942186916,-0.8845219472808569,-0.5948192891253975,-0.10842934284263663
1.0,1.2700784132861267,0.6792223913388894,-1.4980758089987631,1.1200393774765554,1.2299005805549166
1.0,0.3289489644442847,-0.03165437927562216,-1.031060759949608,-1.1765530718520882,-0.42505531681325515
1.0,0.35581922562172325,-0.7815870735505521,0.36571403701651967,0.08287269504300371,-0.7562363099084639
0.0,0.7201976235205025,0.5922399050379228,-0.17421943623338032,-0.004582175678048223,-0.7469220097418778
2.0,-0.969713117521169,0.2518876309622465,-0.0009277351425045883,-0.6842131700171157,-1.2209885683768822
2.0,1.5129498541060327,0.07459879240370104,0.5522178948065538,0.18141190358271245,0.7712927323910783
1.0,-1.4069903487898356,-1.4326321344535429,-0.03303751354086966,-1.3403058104585683,-0.5396511038719443
1.0,-0.4110338533104916,0.7074316807569209,1.430409471140248,-1.0311725444557216,-0.8714679446595552
1.0,-0.7867269657348872,-1.8977264896800403,-1.5512502279596994,-0.23182943920306295,0.5902593824363109
1.0,-0.141396291515983,-0.30773039356490245,0.4792366696120764,1.266043754435832,-0.7307085812726366
1.0,0.11375796943918723,1.0817494919108754,-0.9476718306437325,-0.8321953117872949,-0.6054243344558847
0.0,-2.142116890534809,-1.6708684655778057,1.1900747177015492,-1.8803382019421933,0.2846294942186469
1.0,-1.2199061117133552,-0.6995675135560991,-0.09014073615537492,-0.804016032501422,-0.6134054849334145
0.0,1.398172193224409,-0.8529947575743507,0.4865222841692253,-1.019462247708802,0.262783276545296
2.0,0.3557094028249928,0.49577883593501487,-0.627116409739468,0.48458275525026384,0.9003588048229427
2.0,-0.19440351023482863,-0.5849052082578018,-1.1799017860900693,0.96438535196357,0.03345419990710776
2.0,0.141076748997191,0.2540542413163998,-0.21502697764163525,-0.9642502905864068,-0.6425403248498034
1.0,0.30442348697075494,1.7983437156701685,-0.6959289589358489,0.9681971667733166,-1.0206970400096749
2.0,-0.3835009198685434,-0.3904579320928419,0.36997274848721357,-0.1359558736760864,0.13224453916234605
0.0,2.202588524270767,0.5196171110959916,-0.0990549128977965,0.9724914608558299,0.5550985860204075
0.0,0.2587049280449837,-0.09916412461119888,0.0598126235089118,0.8811255596799986,-0.43429424926271254
1.0,-0.24969440084004296,-2.441251472720432,-0.3130361353024489,-0.5923391684441272,0.0483750042819061
2.0,1.380560441119883,0.48443157607418125,-0.3994129006682827,-0.6674333429176676,1.3341872062184454
1.0,0.5896110393744093,0.3490425338940938,0.347366519102831,-0.18686216639248332,-0.6101180022232228
2.0,1.1443363537895614,0.7622597105447144,-0.45945863092503325,-0.7298615341246429,-0.5198269842753236
0.0,0.2076454814113156,1.6056089894362047,1.1679292171643192,-1.193333904555521,-1.9670110493174928
0.0,-0.8547635079474478,0.006960889465561419,-0.05662924096119955,1.5007968977861457,3.655300761896029
2.0,0.6164309452210106,0.6702442562104705,-0.8892241688950542,0.038244780654941773,-0.8411152750892094
1.0,-0.303803668630858,-0.2822309969159835,0.8822746939545755,-0.5550636217804337,-0.4583413598909463
1.0,1.7239257497182865,-1.1175961793465068,0.4702475879440318,-1.6493471252185956,0.07609735206775357
0.0,-0.8764342631501467,1.467868072473002,0.05415070761456336,-1.4882142802427991,1.0585561888594868
1.0,0.40289021488828985,-0.45304782926493725,1.150044506413113,0.28556092568595964,-0.6396182638364655
2.0,0.3262431405703024,0.9142014216439144,-0.500931466835954,-0.26891793648278894,-0.04174079342580907
2.0,-1.5771679861985053,1.401909931723636,0.8237258576715296,-0.4388774610345439,-1.4611833826905483
0.0,1.246358007115836,-1.3794908743706888,0.9791905061534263,-0.7874588766557389,0.8717721550777631
1.0,0.7365344574590102,0.4018201793388407,-1.146645088600868,-0.9365786677211264,-0.34723356532307487
2.0,1.5610752086534045,-1.1266643935439218,-0.8328083535162484,-0.5714156496840719,0.2878471461546958
1.0,0.45600623631675963,1.3216242863631633,-0.8340363433464509,-0.4697527113481491,-0.07104334295558268
2.0,-0.6511027202958325,1.380214553829805,-0.03633754974283726,0.38098590969568313,0.35815224277909763
1.0,0.8184253616216013,-0.06233762635738831,0.5859799878026409,-0.6487418042906606,-0.12814178819648947
2.0,-0.8889337434096728,-0.7074396855525474,0.818637041746267,0.902143260896835,-0.1409718308079593
1.0,1.7191264580002181,1.3579106373644656,-0.3883821412004098,0.7102776258917868,-1.3457202866157356
2.0,0.012853841827618341,0.5960130059586553,0.8501728731482521,-1.760298409390658,-1.1053941713474915
2.0,-1.1218496152247612,-1.897602909303846,0.2816565210163033,-0.7420961363643352,0.03679559315064035
1.0,1.1139105765934632,0.5446070936760012,-0.5463610637629482,0.2538714507939605,-0.02120426478958641
0.0,1.479835880690099,0.19199218754632646,-0.35575615084744255,0.6680338040175268,1.220321124990289
0.0,-1.0947586332059167,-0.19208244616996847,-0.7848239456387556,-0.1538307407497165,-0.7558371514391106
0.0,0.15825106000873754,-1.2200814521534578,0.30953342065233463,0.2972060245944334,-0.5611452950547267
0.0,-0.589928388578642,-0.7168835519354417,-0.4852068278001948,0.4562377331578452,-0.5942756344544657
2.0,-0.12370638892602959,1.8442807016439964,-0.03768326047171138,-0.1458086335423772,0.14005680357117845
1.0,0.2656961799342992,1.1470267435787356,-0.9226748897939824,0.3658454696954183,-1.052021061392201
0.0,0.35544880303538084,0.5796336751094702,0.2740254529605671,-0.2553811450580784,-0.49523244607285655
1.0,-1.8146496407331476,-0.6337079065167145,0.40522891583068593,1.230581775744812,-1.0993586397437642
0.0,0.2534263346673686,-1.1828087861562446,-0.18121144668371708,0.2765595637685117,-0.5235152231956468
0.0,0.8620970623601867,-0.3915497466828474,1.0798302468657428,-0.02989674562126693,0.41723653817491857
2.0,-0.13662602761999906,-0.2550254420297817,-0.3531111580635445,1.9540505636384315,2.2798729215374443
