2.0,2.1185537712529974,-0.7411686925837041,0.13110782193040713,-0.4330485189356564,0.6671442911130013
1.0,-3.074121425128872,-2.616108349167718,0.6091348093848463,-1.5168268698320369,-0.15467823855274795
0.0,2.433899005921773,-1.5158430788719248,-0.25668771829685505,-0.5112745559889369,0.5578628668180264
1.0,-0.21006546984243704,-0.7638952993349938,-2.3858693443326735,-0.6020347411469772,-0.037430986154714824
1.0,-0.17575135355179675,0.3686314566233753,-0.46721020350070464,-0.0378662661473379,-1.4634302366272818
0.0,1.3429098270316642,-0.29038313759189094,-0.7140721698532456,0.29905731754987297,0.2413288709380181
1.0,-0.8628799966662264,1.302719554335761,-0.9581729175765628,0.4519500793597402,-0.7356054488370953
1.0,0.6975388286391327,0.11889410991731052,-0.5724115751991452,-0.4732195806520979,-0.9064793439872723
1.0,-1.4119367996341934,1.3440109521019006,-1.6407405106463828,0.7476540643805156,-1.5088837982004526
0.0,0.710503793920528,-0.1247717297480837,-0.5784258734235723,0.48214280988229397,-0.5580099058881167
1.0,-2.2525935514911146,0.6865032081514517,0.15281169279412302,-0.8317753849360476,-2.037967449072811
1.0,-0.9310583157105805,-1.2299272410911621,-1.2320831099987926,1.3851772076702962,-0.015543480394189194
1.0,-0.09014221108242754,-0.6089828721450988,-0.5105329198569909,0.8812700995979968,-0.44696381027363963
2.0,0.8616763286269572,0.8666741414196923,0.9934868121561754,1.94295979031414,1.0486822829717868
0.0,0.09524927508878515,0.029033251944970265,1.6355288894404147,-0.6650980250283062,-0.3621007014497321
2.0,0.5954512715215416,-0.5392782137563448,-0.7003941418930857,0.35522329021801136,-0.28622267967000686
1.0,-1.9075200434695674,-1.519743720487429,-1.4083153109905207,0.10563848349972645,-0.29935824413937084
0.0,1.1906367461377187,0.11835897595741328,-0.3336379198938997,0.4965893000056934,-0.4561160546181399
1.0,1.7520965680465093,0.9653115054919912,-0.47352311533479713,-0.25166967092275805,-0.7151359525999318
1.0,1.4495521650329029,-0.0455791521651659,0.3414801794545595,0.6839383384958175,-0.172055373147154
0.0,-0.06577770088717401,0.886753159253383,-2.390862559421605,-0.5473840253121165,-0.9434171722223063
2.0,-0.6286950006423757,-0.25563561598391876,-0.7795620929877641,-0.09635573793470757,-0.2342320767768965
2.0,-0.10771648830936029,-0.6444705473472987,0.23051584100722713,-0.565369140070758,1.6608143958118289
1.0,-0.36665048077593326,-1.1672623786237664,-0.29388116759363114,-0.5526447653155935,-0.5084329856768784
0.0,1.2215191836008863,0.8426273762662423,-1.6671833848566637,0.19678620610579906,0.014013586035575766
0.0,-0.9060599135110382,-0.635697459160948,-0.23800245672876627,1.5893958629035803,-1.4787279433650689
1.0,-1.8004080196759482,0.4514125555112267,-0.38899874221772196,0.026262816268970098,-1.1553745189410152
1.0,-0.24366181469280737,0.2636189857902834,-0.63141288947442,0.6958904810296326,0.7968066946876451
2.0,0.7097157448537915,-0.6752922759165262,-1.946429059183807,-0.7631585260756028,0.10536998964161141
0.0,0.29656616409461184,-1.37155731536082,1.6489936297525838,0.027804305819801787,1.0712788837294922
1.0,-0.8272526009663078,0.17591620344187342,-1.2953616849181353,0.14685259706596931,-0.36317016271173275
0.0,-0.8629225677288338,0.4182089592815467,-0.006418672476189038,-1.054172686420065,-0.6098708950978007
0.0,1.5896566708571664,0.21541243432778212,0.2568921162967707,0.34913462253077576,0.27404945929099805
1.0,1.1924975947969438,0.5495279558438185,0.09322982262937986,1.0532932755249889,-0.43854807502190596
1.0,0.2748914458241817,0.016977137288186138,-0.7078354792097727,0.03217078556774254,-0.328313028600669
2.0,-0.6034912068782055,-0.5083060502272997,-0.6950901697442727,0.2915133324918096,-0.47660334321836056
2.0,-0.6065826418407717,-0.49889244569438546,0.3750417919978139,1.4991727606346594,-0.8525892515397612
0.0,1.0854257030670391,0.5033861399601306,-1.253269666803417,-0.09618658614934682,-0.19751281028232914
0.0,-1.6879719421149608,2.211941240039452,-1.8442571839789175,0.7797237744691459,0.26595134268538995
0.0,-0.545650738434096,-0.7878225282518917,1.4372225391057323,-0.1094391632478556,-0.765315526937464
0.0,-2.0854043960894244,-0.6344760737442825,-0.5637726713190496,-1.0143148612277872,-1.2318444272051066
2.0,-0.6060744132645224,-0.4751288682147048,-0.0011621848749097555,0.7638084963237162,-1.5368708093672436
1.0,1.0786524687200494,-0.17382146109621618,0.5970152863501795,0.6977209215867302,-0.7124640846783237
1.0,-1.5758846963670503,3.363390414501529,-1.5127319157173715,0.31482057535164465,-1.0182070351584045
2.0,-1.0689655994587195,-0.9243869269679619,-0.7975879770956669,0.041906407662684275,0.35986498553601765
2.0,0.4673290011758594,-0.2882758227151663,0.20967738590430493,0.5189377289573658,1.0733244177895729
0.0,1.6148686081860113,0.1255771063338328,0.11543861181393665,-0.7881624921337647,-0.406208882107687
2.0,-1.240482450148587,0.9232908423136599,2.018729770780499,-0.5213707773274435,0.055347779703713296
2.0,-0.14966532025711107,-0.8946579887630716,-1.873550136474201,0.10189077467126342,1.436977243195044
1.0,1.1661064438839466,0.46166275888104524,0.07932115895670006,-1.0792916019511256,-1.0404906602586546
1.0,-0.027519912891837906,0.16123176514884333,-0.8108243039016848,0.4105885691108398,-1.0629007690023176
2.0,-0.36442955630124185,-0.9736826919769822,0.7781028526150566,3.004097903363298,0.7260225416394829
0.0,2.491116340581101,-0.11518052483661048,0.3029767425089806,-1.9537506817404757,1.7782393472284377
2.0,-0.9694714533027918,1.0083201472418375,0.0843475169266944,1.6744973795610614,1.5045212539297836
2.0,-0.9301745046894768,0.7067836627163686,-1.1263115793606924,-2.2710096340106327,-0.161941237451176
2.0,-1.2616938979562073,0.9641312391620126,0.5890334272353451,-0.4161594035414565,-0.33187995500843714
2.0,-0.000573226369047707,-0.024664646434275062,0.6734097857559697,0.35230282232019455,0.4483846112916038
2.0,-0.7940876099223315,-0.5777376117126972,-0.23955769992646458,-0.19953284417853115,0.778979799959586
0.0,0.5057002296622433,-0.4049617407862186,0.614916739069078,1.345214890732507,-0.008815151143630101
2.0,-0.4767852433285594,1.2424040780999976,-1.3842911999834948,1.020710337036139,-0.589145281494673
2.0,-1.3890890398189206,-1.8961932030669117,-0.5903090594462637,-0.1960757187136006,0.4421906985699183
2.0,1.0154055159269728,-0.09712005255389387,0.17809539663765128,0.8650142868039137,0.16430295017967303
0.0,0.7158432548632142,-1.569658663153355,-0.7448895307863047,0.31265261487804014,0.15654212394866157
2.0,-0.5014059739214928,2.0894545663480124,-0.914811239914775,-0.07932667705713731,-1.1429905072619806
0.0,0.08473207162654509,-0.6029242054473789,-1.2577226374256576,0.4506035526131844,-0.4785581844158394
0.0,0.981812489773528,-0.17198366761909153,1.1178232440050002,-0.26315986717861933,-0.36490624360113005
2.0,-0.6783786612455649,0.762764940187073,-0.6570257022521135,-0.2253067216258993,-0.5656066254880663
1.0,-0.23746843967413866,0.7251825975921028,1.3566316073788707,-0.49492572815914476,-1.2679302391958458
0.0,-1.294643027416075,-0.3017110436235701,0.22195150667462402,-0.5722169170327966,-0.8495415049690933
0.0,1.9291752503243018,0.6045823153276112,-0.5873047564603526,-0.009419239991184174,-0.19428885879858246
0.0,0.37878687652875265,-0.5307445207014334,0.5267970719686873,0.8149167202593658,0.5978408225648
1.0,0.5279927310124863,-1.8828793314719185,-1.0080621439229418,1.117126313944036,1.4570025135715459
