1.0,-0.5414668784378155,0.3214392261692034,0.9311760322852612,1.2705360240213042,-1.2101299146353346
0.0,0.11219766856493994,-1.6591949158294326,-0.721396737290268,0.26003800273257516,0.03123638269485279
1.0,1.279582921949337,0.9541249517132675,0.3203474894026969,0.05532119625946644,-0.3268446897027374
2.0,-0.41236021932491457,0.8916321898890472,-0.41212168236535296,-1.1880227371814498,-0.8203910935277631
0.0,-0.3810018977507482,-0.697131597324192,-0.8484398226215786,0.135909319754566,-0.9731727299748741
0.0,-0.3943984903436544,0.3495231978749515,0.5882620369933588,-0.8402005382696751,-0.8576453155780699
2.0,-0.5772367748502922,-1.0504622244087027,1.1432081149313167,-0.021607699820729527,0.8940002934948011
2.0,-1.0796843273239345,1.062485308384414,0.9328785173364601,-0.061427951264978506,-1.4806915892413528
0.0,1.3666909012438748,1.906147046213834,-1.8362654401603733,0.26972010989143713,-1.034805962775183
1.0,-0.28608055541145516,-0.3337161367993866,-0.08597520139985138,0.032436265607420696,0.0656648890081109
2.0,-0.3829256605727888,-0.5665309942148794,-1.4993082408148228,1.1351638808426256,-0.17144803382603907
2.0,-1.9140964805047302,-0.1695785617435313,0.4117271713427193,1.7251350884330459,2.841807349853798
1.0,-0.005472658553907498,0.15460383112588316,0.001369445990864874,-0.14391988586297602,-0.05894791964213322
0.0,-0.7378806085605821,-0.7741108272838351,1.0053028389752234,2.014073267739324,-0.43992143312622445
2.0,-1.7429189793547397,-0.2720451886463253,0.9107968805353959,2.96436768938028,0.18850500213060764
1.0,0.4804117472147475,0.75442064253032,-0.7477568705064214,-0.1630184876713117,-0.8103814074773092
2.0,-2.991904887850998,1.7888653553414868,1.5824113216769304,-0.886341336980989,-1.497886047681633
1.0,0.047178304099907434,0.08808567308284093,-0.6157527034856721,-0.21343993934542746,-0.3864819029789406
0.0,-0.3040843411748198,0.8237882681491131,-0.2181564734404165,1.012976593861852,-1.0209756189994141
1.0,0.8870134791415548,0.8586077919535848,1.9044882752379495,1.239627258135264,-0.5519276404050695
2.0,-1.8674270274742322,-2.1577787200524403,0.9310024449094905,-0.5178869483193902,0.11282682214801905
0.0,0.42150020372959196,0.7795724903711934,-0.16042971620803861,-0.38637968824789,-0.660849453916387
1.0,0.2510805436641738,-1.1495179237106707,-0.5203213089496571,-0.5482493335003291,-0.5832812938100654
1.0,-1.2652942845043915,-1.1684960225970362,-0.03832188630015897,-0.41849752484321995,-0.7002258580600189
1.0,1.8638135305301802,0.6076435290619026,-1.4987589338408553,-0.6171433377036445,-0.3733814610753771
2.0,0.4521949349272543,-0.6746843540093497,-1.1630383683420769,-0.720043485356593,0.01007500910967509
1.0,-0.04051538868338848,0.7675745036238225,-1.0176201205696112,0.07958620674678855,-0.8526811152960336
1.0,-0.032584059814915634,-0.5683205347044178,-0.6506304175491455,0.6141647883151764,-0.8983358449652232
0.0,0.04720320356247125,1.730711856401012,-2.9947552870243372,-1.2138661032188973,0.4071161435264467
0.0,-0.4746453582384792,0.07830555660266791,0.09533074495659254,3.6430820550133607,-0.5996216414458047
1.0,0.45577396263177206,-0.10781178158785076,0.5827716324617785,-1.4663364816495008,0.30076977511062625
2.0,0.6307053069130096,0.18541694075899712,-0.238578334675514,-0.36349722921418226,0.3175669457212825
0.0,-0.7260774627350083,-0.587920481886423,-0.8571238234939818,0.29666290482782054,-0.4853242153756135
1.0,-0.5772366524699224,-0.23480553230062512,1.270100627145332,0.6275211981821719,-0.12461682691701442
0.0,-0.356509161862679,0.3257893516246875,-0.992541122061299,-1.1342012620481772,-0.6269624966360287
1.0,-0.22129679204349018,-1.2245202207244454,0.026680850295059226,-0.988667888306021,-0.19700965076479354
0.0,0.2975937691147767,0.7018168365269,0.7174615074297432,0.0968523721249624,-0.8305760247662888
2.0,-0.9152778537492303,2.9251961505065127,2.0359704871247044,-0.30246782972419944,3.5266046628301195
0.0,-0.10271238797779612,-0.9996173804441779,0.449052835288569,-0.5611952741126629,-0.18918150431052042
1.0,2.221429829134677,0.9195758233423812,1.7022085039033175,0.3362287360848398,-0.9347190645176424
0.0,0.09516746679352392,0.3702313202893591,0.5089311987184548,0.478952389601707,0.22640092669412354
0.0,0.734304502550306,2.3358549647885,0.5610678194168116,-0.1227285147742701,0.6101180543449084
1.0,1.8551479112428602,0.026846515746247492,-0.638967798784911,-0.7163359251740826,0.32176002265836384
0.0,-1.6510413864397189,0.15033770154334486,0.4239344073804939,-2.50946670317705,4.357079286224149
1.0,2.747057720711369,0.6921304411062189,-0.3253754890357565,-0.8420924833773235,0.40037718401081196
0.0,0.384622466089366,-0.2952744959910347,0.9450529676419096,-0.9779730726116339,-0.18762039487349372
2.0,-0.2847464416099683,0.2985634036987353,1.3368081506609342,2.0546710895917264,0.08846903468666664
0.0,-0.6206612865891995,0.45381791651350306,-0.3284076951466434,-0.025246011840680732,-0.36524739981457355
2.0,-2.0346000663160067,1.018637923680142,2.973455027146969,-1.5381416638930436,1.5557900427665954
0.0,0.2742088788653207,-0.5306752089760493,-0.0962641094045797,-0.6886887096813028,0.08813296033978354
2.0,0.3343816257438327,2.0637769334691027,-0.3535894403581596,1.7391592640305575,0.15276784187700415
1.0,-1.5114384652657857,-0.36646832977599414,1.7627113452976737,-1.2228642856964487,-0.4142853797022588
0.0,2.221055761731333,0.8782646043837667,1.9409665783277972,0.018640438712455607,-0.31877293074767
0.0,-0.0452937618613187,0.8097084960462511,-0.24046848538037857,-0.7501791984639619,-0.06628083100011144
1.0,0.7348881795789636,-0.5747095176981346,1.134144880639015,-0.32073338176593336,-0.5070652141205639
2.0,-0.35036229518812745,-1.5031715752163508,-0.024470808845775627,0.8270077553383443,0.24048587777245828
1.0,-1.0804181463579892,-0.5605821162789173,1.428000885174602,-0.867372670833338,-0.6643441965039574
0.0,0.9572371358419726,-2.30089696208432,-1.83169159806171,-0.20886435295357117,1.4654087776169655
2.0,-0.905680145085208,-0.2770269420362987,0.3308229334999523,0.6504885359754443,0.08956870025361455
1.0,0.45593610235416165,0.13042555124363778,-0.565940708281486,-1.4446220624726138,-0.3930852951359575
2.0,0.6723915921640611,-0.4641173312692233,0.0991701092072933,-0.4719461877511009,-0.22736626153009765
2.0,-0.5760577917692595,1.0760925832346846,-1.086103339790609,0.09278948575301892,-1.7873969482897138
2.0,-0.22768853468264724,0.9861521176510861,0.639193956148036,0.4296313187858571,-0.743874469843602
2.0,-0.6719486892125636,2.3143327974590893,-1.2416885047954902,2.0463103918332415,-0.5278935864342192
0.0,-0.2171815008409985,-1.2915418438126456,1.0032982853259709,-0.6958740312588,0.14824455011356716
0.0,-0.7050164018183223,-1.0987357743305268,0.6348991366515015,1.456519453545725,-0.3345388535654862
1.0,-1.075187829009415,-1.321743150329334,2.051187561972401,0.8387332497981288,-0.6708333382566423
2.0,0.93509698176936,0.5940986968237175,-1.5705326825751496,0.15202366862291075,-0.4824023470579271
2.0,-0.6960650910054621,-0.559367554991983,-0.7237287582743778,0.2600191080326651,-0.6053794883466241
2.0,-0.5404720197849333,-0.06257407927385855,-0.011464868515279064,0.5968922668742935,-0.7496342101062203
2.0,-1.88139534770836,2.103329445373849,1.5659229136898831,0.13295586936343373,-1.5496339838723767
