0.0,0.6395085287831899,-0.5952008523838356,0.20172785975224078,0.20563004280877933,1.8832832524331964
2.0,-0.39402315446411645,1.5471153299621927,-2.3537187335189547,0.5494721443198614,-0.32397477909754036
1.0,0.3243725931834303,0.8958648844322618,-0.31855385114668533,-0.3268404296060534,-0.536979615028291
1.0,0.5881706885240563,0.43548578409722916,0.4467120883285462,0.5852995403862721,-0.5418658910549145
0.0,1.806231652870382,-0.6557701672185693,0.4794114590969153,1.4413947529522357,0.5321723397966501
2.0,-1.0312055895111503,0.3832156238593904,-1.8535142506067857,-0.003400748761089956,-0.06166450784512675
0.0,-1.2381208947251978,-1.1886007106653746,-0.7485442377993228,1.1718236638740032,0.6380811814209755
0.0,-0.13397950559935928,1.95216573286913,0.5266772693584355,0.5979585477646769,0.7550195060685227
2.0,-0.9083053978114088,-0.3340693457661207,0.047134941422609745,0.2610714284433965,-1.2046849527884884
2.0,-1.0995849409713332,-0.6157517344881581,-1.7883586758663115,0.9351739132548997,-0.2973037576604297
1.0,-0.11786624765281806,-0.13116749553413165,0.5285372449065193,0.029064588021910916,-0.05932217825650804
1.0,-0.4971994079008104,-0.2804390464238562,0.7939855952778868,-0.11032514022500292,-1.6580146269011147
0.0,1.1089368079556652,0.21671793658066857,1.073614086245369,-0.47611316822645516,-0.45969643005452476
1.0,0.9852559125597418,-0.7920399930383796,-0.2034509559039224,0.8148624957323248,0.15957265415372185
2.0,1.491384384933998,0.47528481348800966,0.8205659731547523,1.3356695533544736,-0.638620114738548
2.0,0.7348171803952358,-0.08149332088981781,1.6340927497311304,1.8261323126387983,-0.3635522686167465
0.0,-0.455121259422554,-0.364410334017093,-0.13233185168838824,0.02255234175781158,-0.8539117793823662
1.0,0.2978813436806328,-1.1143427388302933,0.5894474539945922,-0.2930594104046534,0.17983971591362183
1.0,1.0702471687853674,0.41445537013038125,1.406825209359074,0.8372472868327117,-0.21434283436456814
1.0,0.1185994589510786,0.5012957153555868,-0.9880871290590891,0.3877711735435141,3.044036994021488
1.0,-0.1873257918919761,0.5231025276927476,-1.0243404282419173,1.04165804111092,-0.007629290581813938
0.0,2.2777043494083307,1.0052905340792657,0.7445523669690816,-1.6133757889692868,0.40868070086113295
2.0,1.423349834589581,-0.21415342139744947,-0.9126621410965464,-0.9776584813505611,-0.07841783637538133
1.0,-1.5184966045607615,0.7231886727905322,0.5436766084328474,0.3133245879436232,-0.09758737855818489
0.0,0.07147503517298248,-0.030229709232282378,-1.3471228376661977,-0.07340451395108455,-0.3530938651373552
0.0,-0.6383809866094349,0.6807901244994647,1.1141560981561054,-1.8442675963413246,-1.2259629101046905
1.0,0.6959358858444169,1.0144920280439913,-0.25106050113789263,0.052429832157320715,-0.8157743284634305
0.0,-0.142411708928768,-0.8404256951592853,0.9325633516681935,-1.54943744645677,0.18136815838396275
2.0,-1.887079222790899,1.1977805282678904,-1.844400772467612,-1.0808253730952886,-0.9833672804937577
1.0,-0.8756603413035998,1.400545190522662,0.5753396010620486,0.29677046661937634,-1.7655562395530715
2.0,-0.556340439172995,-0.3786775598111208,-0.8823057081377811,0.03126543630755624,0.26015973812205273
2.0,1.2221989484072335,0.7992275075349621,0.23400221020788736,0.29692638879396754,-0.5231477624651686
2.0,-1.4638995551224863,1.121352777560682,2.9145657446281024,-1.4937111532616008,2.157013697708283
2.0,0.09051173951700349,0.7012754376992204,-0.5481637342817344,0.3044478618662529,-0.78893677963471
0.0,0.168490905731049,1.9323689385145175,0.4213412202463003,-0.26092513804178713,-0.4060770231123121
2.0,-0.04423373964982932,0.050596023213773524,0.844658193203357,-0.9728539226348291,-0.8287610806533988
2.0,-0.6768177541799443,-1.2422565241571935,0.49380311825071066,-0.03755534505420858,-0.5114100069407488
2.0,0.735917618312835,0.46015523556509247,0.20685384125192657,-0.27720669794703157,-0.8907930668609891
2.0,-0.8262606340072637,0.2601931920383571,0.36481136281409016,-1.0467697847975383,-0.0022403757214345763
0.0,-1.3249077452849753,1.3097791353128916,0.31968263738137,-0.8931860397043332,0.3443496556410915
0.0,0.827618589581806,0.3304031139954735,-1.7462186438800047,-0.04643192125711429,-0.5264070728726015
2.0,0.026962375526811914,0.27125735185957156,0.9418511051872619,-0.4578025227239902,0.01645883979452881
1.0,-1.255480144431159,0.2893444255705279,-0.5472414495206378,0.23799323669442818,0.08526785054340083
0.0,0.9129253711005851,-0.9064396654317338,-0.30631813554645465,-0.5293742149838573,0.18268295396964965
0.0,0.5574539259313382,0.32524223778670847,-0.44418647190774063,0.22690913484558065,-0.7833552322675404
1.0,-0.7705830827468265,0.6679136685594717,-0.5306603829964185,2.1624457207861347,-1.0642272644269566
1.0,-0.07585991079527735,-0.48419934887808735,0.5664521243589911,0.44681938018354644,-0.6248977943597515
1.0,-0.10090867843256032,0.5100372732036265,1.107536893099005,-0.7922971078428122,-0.5801128739136867
0.0,1.40470241907723,-0.5907146054972205,0.8629602639090966,-0.3217504746607516,0.14267126664801147
0.0,1.6420992621647972,-0.9765861204155687,0.6848129895413617,0.8237906283701945,0.29303499506913216
1.0,0.28958971923861965,0.34610752173513953,1.488448437897574,-0.514714409172971,-0.12262060570261765
1.0,0.5675368671551462,0.7799389734670985,-0.8894074965519381,-1.337694793128375,-0.3277144102654749
2.0,0.5447183220240946,-1.0289780208955235,-0.3935656360495907,0.2493872576449768,-0.13594721012421296
0.0,0.86877100183271,-0.9718380830750611,-0.5318328702243889,-2.700931967856519,0.20455184501955007
2.0,-1.012971317367077,1.222405264471781,0.6448214570746832,0.21163438351403036,5.449185968989505
0.0,0.48623642176832543,0.7436704758243098,0.5416025313609412,0.3532719802413962,-0.28456138547925897
0.0,0.6318971255259254,-0.7123743355600887,-1.2988231092797684,-0.5962373516698144,0.30622203097980716
2.0,-2.155623892512597,0.19039009877923144,0.17749982628612007,-2.0452577781740517,0.44121242062538485
2.0,0.09600906774252911,1.0882487139552126,-0.6070391422843519,0.010203994613630123,-0.10224447613725374
1.0,-1.0407198189619706,-2.1488038550562716,-0.7538545995804767,-1.0904178422909692,-0.08485569495700522
0.0,0.6185222416445887,-0.367741780326475,1.6439429696001224,-0.654897384311445,0.5753455896735538
2.0,-0.9787323874089376,0.21655621080429813,0.08460733528081807,2.6956507204700535,-0.925934669197286
2.0,0.06761890932373447,-0.918185191802714,0.9889560288773345,0.4308214930570067,0.6172594478133216
0.0,1.2089467766253046,-0.4507131075549565,0.3296835912858594,-0.026703464425698677,1.1845967303283937
1.0,0.7549619696875862,1.0797671333801173,-1.6060469031697047,1.1040665202210147,0.08438984062420772
1.0,1.8048959225735788,-1.0395061692890915,1.2266458689200457,0.26431859994459594,0.4910280977005288
0.0,-0.6802028842989953,-0.4827493068617378,0.6317628573745973,1.063137109443932,-1.263850941553146
1.0,0.19676682704398216,-0.43582904963179375,0.053633513544306385,0.23551841570039317,-0.8458552258741409
1.0,-0.7982904039395177,0.706424018284918,-0.3638528346888278,-1.0895286908563604,-0.4710584985719488
1.0,1.282101092022522,-0.5202907327749168,-0.3124600553715762,-0.30339040426185226,-0.1933867240282877
