2.0,0.8698033746603884,-0.11891208930701237,0.6561356218894019,0.11793824909887758,-0.9062781778340248
2.0,-0.8297438342656978,1.6808402679137218,-1.6385032074268404,-0.9937548527152702,1.0886769875291828
0.0,0.6446783352512641,-0.33680154404034934,2.0861061309145796,-0.1148038737820913,-0.2689841399622775
0.0,0.5583320179734966,-0.4408030862582042,-0.19961577965064087,0.773171887978945,-0.04609934704630701
1.0,1.1037555941967705,-0.23242701881017797,-1.1712260937509018,0.06529818578202307,0.5474353748674776
1.0,1.2906159520111704,-0.41795981483773004,-0.6752025757407061,0.8388793002896072,0.08970183885165488
1.0,-0.9041653469333636,-0.9809844991453954,0.6774760780612455,1.0612895523616406,1.3134381459814424
0.0,-0.003776055324698351,1.3962900786656631,-1.8890459647962163,-0.9039677191452579,-0.9187695060766015
1.0,-0.44795894212848925,-0.09773758687261792,-0.9334527970258756,-0.017412123065139288,-0.5047330668729756
0.0,0.7968533563482764,-0.6515749179592308,0.28004192214327456,0.14563668831574564,-0.6070519320011323
0.0,-0.9880856705620619,0.1197321633035602,1.1331231095144365,1.0739329828523736,-0.7679300951546119
1.0,-0.379945129154782,-0.3589305970683216,0.7813888878325876,-0.26426179919768833,-0.6306735226816123
0.0,-0.5824953084116262,0.30107354047116064,1.6567775092632706,2.1557087448791523,-0.899483109687413
1.0,-0.7299402150645388,-0.760808770837234,-0.7675492461510441,-0.8069669810059008,-0.31234783930151944
1.0,0.08325120945455916,-0.5272743324661818,-0.6634917449004194,-0.07976265848698876,-0.3065372288856459
2.0,-0.7418959868403757,-0.2505160692187089,-0.07121872766832078,-0.451762794737802,-0.14377360437241757
0.0,0.017046528918776404,0.5866816047490727,-1.0130825277356044,1.2741499254564677,-0.31733616886160443
1.0,1.8993729698176092,1.4861912340582557,-0.6367233275896955,0.4424174718210279,-0.7617463990704061
2.0,1.5823762072027492,0.13325041971945464,-1.2661849219292718,-0.6935691800125025,-0.33860910887667434
1.0,-1.0215111666945929,1.4067664004961502,-0.34328446206044955,0.06265633261473914,1.3235612787919873
2.0,-2.839503143185809,2.0928311811643368,0.09554590565739733,-0.7124518530993187,3.4121909419444876
0.0,0.7952365688889028,0.886077616315033,-0.2829876361815414,-0.5425486857659848,-0.8093090990312601
0.0,1.1691369559420053,0.7963002959057448,-1.7495101064205574,-0.6845351751272722,-0.2031195419693872
1.0,1.3174826300880886,0.4905506434760181,0.20433194561430418,1.14423578047475,0.09054776991781993
0.0,0.029708736489484317,0.1575322143278816,-1.1319148967447725,-1.7472028218842306,-0.5273490003338278
2.0,0.22753952136147285,1.2281052807771364,-0.9650879957385081,-0.3272906440923958,-1.2344129381988265
0.0,1.0997844594372703,-0.71989553117926,0.5756805760507762,-2.587464609319813,0.07585849489090431
0.0,1.699842692029761,2.1963231806489887,-2.150188526486557,-0.34507338343483174,-0.8870851038673447
1.0,-0.29672435031004624,2.0235906975384634,0.07735982676886584,0.06363428597720788,-0.27538442396554674
1.0,-0.14033876041928298,-0.4861733535727484,-1.2632873740158734,-1.2562373931570159,-0.43498824024987814
0.0,-1.9857657248453997,-1.405843884770781,-0.8307352664285682,2.9014375438664377,-0.7417577533028429
1.0,0.12843881952388503,-1.3394040772386329,-0.4207161181671546,0.029121853248582318,0.26284907862186574
2.0,0.11152576087258757,-0.08197091186947035,-1.4933225393964351,-0.1552128013687046,0.5157898687295037
2.0,0.4918195442960361,1.2231653226212897,-0.35743290676747635,0.5969116458121579,-0.4792827081549122
0.0,0.8307863598915,1.695064455652418,0.39474382203240665,0.030838100125413787,-0.9451071325083821
0.0,0.3212299234089761,0.7592110593161819,-0.05973426056736216,-0.4811104851844523,1.2300927291160113
0.0,1.2765887172452144,-0.3305618454274025,-0.6052264706920342,1.1824130990571815,0.1087658094272546
1.0,1.323288244807035,0.042883872055311016,-0.7639415540868236,-0.11073388691476835,-0.2406593573153753
1.0,0.2423659192104233,-0.9755537695585292,-0.21757647843830885,0.046839562963432405,0.5875206050983642
2.0,-0.15721934012065222,0.4413285708091084,0.031146865978250497,0.7693742027762647,-0.01627030372892576
2.0,0.39406714808049087,-0.24767956625537424,-0.2429928518777286,0.37488689382795487,0.3511315409403683
1.0,-0.46775104654800104,-1.0871192108896528,-0.5274622380098043,-0.13539002319705654,0.1527828448883245
1.0,0.04247590475189966,-1.0933335356854414,0.3757645461791093,1.1487806468348105,-0.2555248886269117
0.0,-1.494590349627795,-0.4052279087306244,-1.2946116586204122,0.09880895708558898,1.6775986554995292
0.0,-0.9838870826424365,-0.8209549368891788,2.1491436676938083,-0.5953249456693874,-1.1208351837371098
2.0,0.6305495290665688,-0.14874090970118123,-0.29990123163857674,-0.42177626711528987,-0.6873971024844193
2.0,-0.45850423481091646,0.9789839191256091,-2.0257469592818205,-0.8840260277717309,-0.810966536550993
0.0,-0.17641874319219378,-0.9038998092019384,-0.03771844207805276,0.3871454790596398,-0.3958427852292973
2.0,-0.2269281401411951,-0.3704224474062344,-0.2517066511283056,0.0776362826386766,-1.1812014220305378
1.0,0.1923101235820593,-0.8314905259523633,-0.26369254955473664,0.7032081071754988,-0.4816409725492938
2.0,-0.9476545337840184,1.9457487601522954,0.7476985532569587,0.03743856769620949,2.939750596102419
1.0,2.19527984286177,-0.6079306587677654,0.3806986105741468,0.32272758008830976,0.2925873737630664
1.0,-1.1376871650594154,-0.9001363748271323,-1.0979354099284029,-0.05327555428429955,0.29191004129106635
2.0,0.26681434187503567,0.1531895583911787,0.9134522361121602,1.4466550439382562,1.0601545539984374
2.0,-1.4220001791216113,1.960910541578586,0.7455442843483524,0.7143532127607909,1.0185890703497475
1.0,0.0045634809245350474,-0.04064604230557171,1.0830658777172841,1.7199294520458548,0.36297527037331306
2.0,0.9364610435235219,-0.0023281970661857506,1.1011175212294526,-2.6512645116886757,-0.4079117291185059
1.0,-0.40092019711746335,0.9409325005204697,0.0022048023924656646,0.8027949756232073,-0.3909151432252736
0.0,0.5762634761181127,0.2134544901729293,-0.2255746386437629,-1.4571804606613006,0.2076078606881583
1.0,-1.3469326477084012,-0.16577703726822599,0.4766501034799167,1.7740972874059027,-1.496884187673071
2.0,-0.9142241659430982,-0.1900513289497905,0.28390544591550215,-1.0881149217641486,-0.6122856732153593
2.0,-1.3881427912581166,0.6835495018435674,-0.26551200971436717,-0.46078198433790407,0.6289631463116963
2.0,-1.1513071196643503,1.320661219110908,-1.6192734775170525,0.6623262440988829,-1.1865226070212465
2.0,-1.2086956435061365,-1.0956319555459313,-0.3000716771151467,0.44071048200403745,-0.2675805339772986
1.0,-1.3962163297326726,0.17365164077625317,-0.023359112004708568,-0.8332213317582925,-0.8696918553116432
2.0,0.6525973238831588,-0.35598542353161344,-1.1948065924198272,-0.5798538431305025,0.48937280971292973
0.0,-0.46536881391904283,1.5319870985747401,-0.49605357314169607,-0.3286812069920412,-0.7214142167959767
2.0,1.8037069222599278,0.033040895443526876,0.5506482067437728,-0.5771943499111236,-0.19004869582847267
0.0,-1.1349247753563148,-0.7699031597927215,0.25401467179506687,-2.429373755381322,-0.3280557943097142
0.0,-0.4325035025483441,0.6180840749024263,-0.03465787015009587,-0.4730999686584134,0.31724234120617695
0.0,1.4085645608548527,-0.3803429298216228,1.6861499492546554,-1.8036502904388503,0.027986163229998626
2.0,-1.6635363054113654,0.9035873809304499,1.5091162681168153,0.3072412141703001,0.8934360497986121
