1.0,1.299792289460372,-0.44589209184777984,1.0149834300951794,-0.9893746433935551,1.6660201351023354
1.0,0.2117555062917435,0.6389193153193757,1.6569148192207634,-0.6549577951703326,-1.1892650991448408
0.0,-0.06816450782928922,0.02057706321994724,2.1504482292237337,-1.5117741995029887,-1.165888692772261
2.0,-1.2722935541140779,-0.17526086505370433,-0.10473133398302849,2.71743707111102,1.1774742586106985
1.0,0.7904276899054318,0.21989512801465635,0.03756793744425614,0.4213023664023332,-0.6585363151913933
1.0,0.7675921154031247,1.098739170300457,0.3179823050360517,0.6672964774957691,-0.6823678416882043
2.0,-1.4414763381675326,-0.12376489339299827,1.9656442433893542,0.6598774920993996,0.11976945588333376
1.0,0.4265981847340189,1.4324141498373928,1.4352948793704259,1.954294438249145,1.7228931698620462
1.0,-0.3566341065089749,1.0148264450542175,0.727717997524453,0.3433617754726448,-1.85353735924683
0.0,-1.4707290991203152,0.6595525874446697,-0.8640594262603463,0.574961650268492,-1.4234651200633712
0.0,-0.22571981554755957,0.04210996179830312,0.3310019297499352,-0.2557173895943728,-0.37470404380976813
1.0,-0.3277862123423402,1.0282483245389373,-1.790297162496879,0.19665316864130386,-0.8992846244113903
0.0,1.4017071995464294,-0.9515194605407211,0.1613268002626735,1.4036443361254582,1.780644590904953
2.0,-0.4793013029546208,-0.03068462889317822,-1.0049338447842548,-1.3418431784867644,-0.13573935457916456
2.0,0.24841388409286355,1.46641444729676,-1.3504311669454594,0.5815119343402467,2.384888034715237
0.0,2.5957747941874882,-0.3781367136338136,0.08328628019520334,-0.26324757468533677,0.21741212417600342
1.0,-0.8208162304698418,0.08884116544391275,-0.6085241819802155,0.4445627340445433,-1.7505631725766513
1.0,1.850640793452281,0.10843258477279244,1.220586994277818,1.264292701483643,0.21685238694836537
2.0,-0.4545983744264166,-0.19507512869040092,-0.7793696295051709,-0.6841457822596004,-0.011414073682821694
2.0,-0.7050614714275807,1.9122474918371495,-0.936805025322601,1.1327756196248873,1.9703743268039466
0.0,-0.810847985275451,-0.8688381995442874,0.213124347625415,-1.2956606247290794,0.23205329049753423
0.0,0.9556805371870619,0.0027515318740552806,0.9068008646341733,-1.0577653175250055,-0.3823803439683142
0.0,-0.1003427570432073,-0.8584194605377302,0.3948789414330366,0.3646775083946288,0.00783521169822458
2.0,-1.255613189888309,2.2432093765598693,0.24418859547901856,0.21187637184205632,2.032492041913816
2.0,-0.9446575449606693,0.49636007649987085,2.8262788348651866,-1.4285654342839083,-0.4376966063960744
0.0,0.1891472934521515,-0.6848946491591401,0.21802899629264047,-0.24489364837217226,-0.016742380533123172
2.0,1.7164737491477533,-0.3437979196040848,-1.4103617533160815,-0.09873036540556927,0.35164005622931255
0.0,-1.880389820562626,0.22018234833742556,-0.7163043647699012,0.3892611092683689,-0.47869778326085705
1.0,1.6308583622053128,-0.5210661252138112,1.072460122606168,1.2565425894116233,0.2655237958269648
2.0,0.8370569245574477,0.27824218364032904,-0.48299064678019876,-0.8741351045157899,-0.09913714318840042
0.0,1.333124805129428,1.569774667189344,1.0258103252305955,0.4218255046445561,-0.20842528027375257
0.0,-0.9386363845024396,-0.4746073895992362,1.6429515140654385,-0.8689648924833149,-0.2564404315211396
0.0,-1.1134949430225844,-1.2410001520361365,-0.3779066206257991,0.9008288150459385,0.4354571430222071
2.0,-0.20612098842316445,2.2091075277747216,-2.7135748311826253,0.14903514441784702,-0.7834034676899397
1.0,-0.3897932693163413,-1.173507618228095,-1.2403081364166921,-0.424619757468662,-0.5338535529296167
1.0,-1.1611201660379737,-1.8976348067516378,0.718608435485252,2.261308139647998,0.7413312893669284
1.0,-0.5145185428534971,-0.3022103088446556,0.10593855274575228,0.28573825021427485,0.2536289379625406
0.0,1.5725377979784512,0.05328633740506836,1.5692878172257436,0.2985768613414696,-0.2676078186076981
0.0,0.7742629442243517,0.17118962105875926,-1.0335245481433493,-0.8979971980122948,-0.4235410203702934
2.0,-0.6027916700564534,-0.14359549923294693,0.15158771270733354,-0.135935239798219,-0.7586942794926878
0.0,-0.11373749252475351,0.04956903926404981,0.4936447237501222,-0.28232522703082324,-0.5268524238721034
2.0,-0.06836285580076881,0.4610095582832738,0.4725918239104188,-0.39290256060408574,-0.16486653955916963
1.0,-0.2807997983517178,-0.6801914291840553,0.7572163903683827,-0.6734368643657056,-0.2791597921891778
2.0,-0.5135167802052256,-0.9132090831586616,-1.7206477270783094,1.776838119725148,-0.08020465251023794
2.0,-0.24438123541113563,-1.764752843209234,-0.5204152058045458,-0.7341816072395984,-0.4139624342646627
0.0,0.39105688444994696,-0.16444381033067448,0.08450226042132283,-0.1642372773902141,-0.6723825114946228
0.0,0.35089596908018045,0.13621191402777752,1.731653312377737,-0.6366999612216653,-0.20792291554577677
0.0,1.38625030882238,0.5769193687197502,0.32719082988132864,0.27758857758840094,1.1040440459719485
2.0,-0.7299365697254991,1.95263262594653,-1.256799858252459,-0.09182921953035827,0.7163103615877339
1.0,-0.16580694652402533,-0.32384540802957046,1.7332564564494874,0.03479605534791353,-0.227754795049741
2.0,-0.03898322355363697,-0.3901236300817988,0.8714385157323431,0.9605206576743918,-0.3415045323980665
2.0,-0.984855230112674,1.5433172126664962,1.686060428983123,-0.4870653332349368,-0.9555314239333151
2.0,0.9958073999659325,-0.526519191320594,0.31182667697464267,-1.1213464552707835,0.2847130244582633
0.0,0.0797167709986449,-1.0506590239678781,0.04579809805814547,0.2566720867347148,0.0986769745620226
1.0,1.474869445742273,-0.8505145872979692,1.4409836219396936,0.6721169059299609,-0.20897813736107096
2.0,-1.6071927402451536,4.129355348995122,-0.7799389912533302,0.913090284167965,3.3697442957654378
0.0,-0.7680849793579543,-0.940041003155137,-0.6449608365287414,-1.8943738752914439,0.9770839107252125
1.0,1.1905288880844285,-0.6357681598918736,0.6004261904862257,0.06355541910252421,1.076812712233638
1.0,1.3518961437146952,0.8292282487828461,-0.17895258505693254,1.279819773196555,0.00415125727252181
0.0,1.0906404075636937,0.3792711913734225,-0.5845181557231415,-0.5897349874841651,0.1896684890733798
0.0,-0.9821685955009881,0.31917613221503827,1.822100166484326,-0.20827646580004547,-2.0451537673505507
1.0,1.5418706735035401,-0.6473891849337319,0.45550703526718983,0.3471076446991473,0.07968228986684163
0.0,0.2016851106496384,0.2573666294991437,-0.5963078042934961,-0.6499998351745718,-1.2551962524641251
1.0,-2.2289973236646534,-1.1422851769707842,-1.4971793176742125,-0.01554040761244667,0.6544190226322488
2.0,-1.1429984679352037,1.1487080065590598,1.9171741780149092,-1.1719933176869417,1.129646369604281
1.0,-0.2766647666685462,-0.3649391414709543,0.03872425801568859,0.10808406513291655,-0.2518284046272518
1.0,-0.5395333506577553,-0.2102166026713859,-1.6014858518728443,-0.9774369332869743,-0.8205722333244018
2.0,-0.8853835799627653,-0.5561126585777013,0.9316003058695234,-0.12669206395524904,-0.7215520678416439
1.0,0.9304284372536832,1.33707585759509,0.1386905459590723,-0.8644421804025539,-0.47701797364094123
2.0,-0.4975287076525882,2.1031192194018984,0.33479465234130334,0.1126616367894116,2.4199553993699676
1.0,0.8267055052412056,0.3588380732159488,-2.3037739107392174,0.5133752669343874,-0.1568232093808619
