1.0,0.7197450802210823,-0.9719746836006151,0.2098314263012537,-0.7669837793473901,0.5231628931024159
0.0,0.2340797071728844,-0.5715127352545082,-1.2046655392189496,0.8621018938806555,-0.3061406882598814
0.0,1.708584248247673,-1.7837995881656419,-1.0145033485082868,-1.1009424651058417,0.6895349019980552
2.0,-0.24552965702190446,1.1190124764634228,-1.5576465101543502,-0.6545253244089065,0.8446963624051632
0.0,1.4064562531668667,0.08328946901629586,-0.0879484610183243,-1.3433901437702083,-0.35846115799971306
1.0,1.4720477174957376,0.5033197119695292,0.6778771002492715,0.11597524885201764,-0.17657042393000613
1.0,0.6355514392035757,-0.3912429916748408,0.24557202586298574,0.5589609899761168,-0.6416400861214366
1.0,-0.1717240713097733,-1.8700920210081249,0.3278313657414865,-0.0749393425401582,0.3480414358659901
1.0,0.6627932073704109,0.17717669772413097,-0.820907161046871,-0.8927361857207258,-0.13693565016366258
0.0,-0.9856663766207875,-0.2903921025018155,-0.005482032230138179,0.9531668179228899,-0.21017812634699287
0.0,0.1595180209695421,-0.2238709333060991,2.566535874226852,-0.20067322560227177,0.8728575823846422
1.0,0.08552991093355489,0.9764492671345187,-0.19674562041267413,0.7744257725439724,-0.2914879169367318
0.0,-1.3262945278019644,0.314003501734518,-0.7397648491566485,-0.11349095414579773,-0.45858089441028815
2.0,-1.3414605117502107,-0.15294176716871047,0.7757931369538965,-0.36849175375931637,-0.6748341010577491
0.0,-0.19325212983047602,0.3877770790373105,0.4114551833044747,-0.1450899879691137,-1.1998650359549088
0.0,-0.5936371519361789,0.8264355913394505,-0.2222162750283068,1.3523709015925822,-1.0117696610308042
1.0,1.1509125051061595,-1.4862806945477398,-0.02866412328208429,0.8014465508795001,1.8554239699733142
2.0,0.8236702216708705,-2.816061602557962,-0.046691515501009216,0.424178378696359,1.7044290943323366
1.0,0.4022747361803461,-0.3790148903100069,1.1002264289506856,0.6153311055829537,-0.40404747712439526
2.0,-0.9441914466919729,1.2219018304782454,-0.049414164184178565,1.531159476617777,2.7368145068535688
0.0,-1.212311983088571,-0.29665017466927535,0.9755168685090566,0.4221986741367709,-0.5792166009478609
0.0,1.7832818635520202,0.5311228385516983,-1.011164069571294,-0.0807649905111718,-0.26474620479224165
0.0,-0.8211001474479942,1.6412761319952907,-0.4526556353253753,-0.5219070462759227,0.5757132844591469
2.0,-1.40074139523992,1.0611416982853288,3.6152250827614143,-1.5024145148364951,-1.5027453702094207
2.0,-1.5415720794012993,0.13855784091619847,-0.6459867928675787,0.72041870060568,0.8781763685158542
0.0,-0.31735531984053283,-0.14430753463713994,0.9976105165902515,1.1543679661352746,-1.1559283350823168
2.0,0.49912775221717753,-0.1519070388219775,-0.44584764788837605,-0.6062858922782198,0.3748154369366905
0.0,1.8869053198278072,-1.003397855237009,0.7214087125800636,-0.6873453379280959,1.5264547750756092
2.0,-2.751509476965078,0.11000731928390471,0.06331194239889634,0.5500935639302462,-0.07786561209498107
1.0,1.980778845560363,-1.4341633155797626,0.4452340756057382,1.1175675409935801,0.9041007132611717
2.0,0.7388544088383434,-1.0245541605636177,0.44800103494711946,-1.0480614060975983,-0.41679675523643694
0.0,-0.5925312073610403,-1.4647207005986989,0.19662541258695881,0.32929107797857987,1.3509387937714328
0.0,-0.3554698807762157,-0.34853670421851074,1.2738225101153844,0.4357845959021153,1.617063974675468
0.0,1.2543214174037645,0.5095869761018852,-0.19574039329901705,-1.3976049271745112,-0.514264339652981
1.0,-0.07251984838214573,0.8815504768548745,-1.1393663419682794,0.2646280257992021,-0.9948676763882648
1.0,0.5347030034684379,-0.3783862372725803,-0.3797149513760331,1.4418092179822541,0.1369146781148323
2.0,-0.24118851470412975,-0.3574228775804875,0.11310248354235698,-0.9787547666597722,-0.24933472808907176
1.0,0.7561644014906317,-1.1127792255789744,0.03040125855099936,1.1722455851664464,-0.06799054465368021
2.0,-2.8240455480571542,0.08569512038076432,0.5174305993558512,-0.3665484328912631,1.3505050691320757
0.0,0.9188298057918225,-1.1872411015704434,0.7493081271120251,-0.19982363293521765,0.47336105271732015
0.0,0.993487818903989,-1.0564021883670416,1.1449274964914014,0.1365558406367152,-0.04060782223547758
2.0,0.4132391354999097,-0.4297842729695345,0.07059878909196271,-0.25668663441992084,-0.9630567029207012
1.0,-0.20213613929373864,-1.9801020451514209,0.7919091807950285,-0.1224478397062617,0.5204436695371657
0.0,-0.7852326012211998,0.2355777980266755,-0.21129761488699975,-0.7110720036972498,1.2936256217346476
1.0,0.20072622898017017,-0.3956302670869533,0.5639972161431779,-1.2225551219160955,-0.5136269144675166
1.0,-0.002799523022936704,-0.9756426792801874,-0.6892957760884902,1.0138298408722168,1.5974781920477716
2.0,-0.954302703452107,0.5646544397156583,-0.3370714152269095,0.2144683869985601,-0.9307937194466853
2.0,-1.4991018781928394,0.10366214662669146,-1.024145990520212,-0.38832498322701287,-1.590483947481641
1.0,-0.33966076672876877,-1.4529920219468115,-0.5895918754899662,0.09959038211957424,0.20014576222773292
0.0,0.1355665287085556,-1.1886905044980953,0.16862651195270226,0.7290704114467287,0.33095808008344646
1.0,-0.35487353814883443,-0.5758935425753036,-0.4968763918569525,-0.009721693019715372,-0.8695641570842368
2.0,-1.577478105662659,0.7921628729865017,2.2399365100068582,0.6825895861377473,-0.32570852611962425
2.0,0.7483843857728144,1.6671371951143175,0.12181469249299148,0.6390230045799619,0.4914115317385149
1.0,0.8562086343187785,-1.048756000499931,0.533310092185276,0.05025285288094219,0.8784915553390756
2.0,1.695904433047711,-0.5417269326265458,-0.4862565008061873,0.5392550040701798,-0.1834891330541499
2.0,0.9318625926798014,1.1757293166790839,-0.15993730550335877,-0.3457188228772739,-0.011531448338660853
2.0,-1.3572365897686733,-1.111079203275922,2.0159677751591687,-0.3040640223650349,0.3124631889172132
0.0,0.3113694339371106,-1.2623958931558854,-0.28949626904181536,0.8936009521172525,0.08655864384441328
1.0,0.5661393998950955,-0.09632951130587529,0.8679829596537215,0.3352182096795515,-0.8445074058155132
2.0,0.6179718247409106,0.5283916751533537,1.1823846749697333,-0.6410885228637851,-0.07317834585354659
0.0,1.579620272480598,0.08250913734033577,-0.03492925608098147,1.0050585210092542,2.1573059609851057
1.0,1.4583060801656056,0.6717540435583181,-0.6263907494445031,-1.4485172972240024,-0.2745534799278886
1.0,-0.08555228424321328,-0.8640094957126995,-1.1023648908460943,0.12117251488678148,-0.5381722964716604
0.0,0.01727945357417723,-0.020981956085548734,0.2571911124571074,0.5279370019192181,-0.7764103132369438
0.0,0.488805529966917,-0.25293016489734915,1.174713920335079,0.47264570467042244,-0.1152986816713497
2.0,-0.506086387941539,2.560801814564013,-0.7764237449772299,-1.0599971918784612,0.7209086408397547
1.0,-1.083678814039596,2.604581586795154,-0.5339657855963301,0.43254439445456033,2.6015734404566486
2.0,0.30346538895961517,-0.010302383681960686,-0.07893661471612627,0.47070047998550435,0.7847192307390333
2.0,0.5647780603618112,-0.17736395024024676,-0.5876773219959472,-1.4545350966044028,-0.3024123380299221
1.0,-0.10972502015256681,0.18299167257333315,0.5428655769254557,-0.5397046217240338,-1.0606170897366873
2.0,0.5146278891922447,-1.6439881776514362,-0.6442238921193867,-0.31352382673813395,0.7742077606806227
1.0,-0.8927010271170274,0.29428241005461575,-0.8748028187496687,-0.7359218629325086,-0.7711674353586431
