0.0,-1.0030968931584445,-0.7488189984316215,-0.3664372907459613,0.9931197559952533,-0.9298673682298079
1.0,-2.2351284315182918,0.4670893858423355,-1.6841108122352426,-0.9879267794993405,-1.1532294311449374
2.0,0.3014453693146929,0.23894321423898504,0.209573760777939,-1.3650216821235237,-0.9027540858885575
0.0,1.9299551728963562,-0.038052215850105126,0.4181803133230212,0.5737486210110957,0.007177444191408661
2.0,-1.5372789912774145,-1.8017926752628144,-0.5230999211132676,-0.8442360811674228,-0.22080104950268842
2.0,-0.8422119977871946,0.8051359646306847,-0.8400513661821266,-0.5276426319428701,0.0626610563221447
1.0,-0.21056803316666314,-0.1440814279814184,0.41438633780585726,0.17273430425161795,-1.2731580404912461
0.0,-0.16070648457913403,0.5766548036744922,-0.29566916075588595,-0.4179366317070434,-1.2044216561569312
0.0,-1.7094977522012378,2.6106113405768485,0.9493176686655176,1.6889894113943809,2.187099984596214
1.0,-1.0647559102078326,-0.6965345109165284,-0.47972376663874716,0.04674982252085367,-0.5764515992984334
1.0,-1.6936893626403373,-1.1123058087752289,1.004699352064836,-2.7664248617071565,2.139078245848605
2.0,0.787238298468174,-1.559449395455459,0.32435837082790286,1.0219145859846013,0.5305676892025917
2.0,0.708703181578889,-0.006254171878353672,-0.19431301541141238,0.1879939241012812,0.14859658857453792
0.0,-2.008526761164844,-1.0535009714518708,0.8434471780088445,-1.1128727741571824,-1.0758517164914825
0.0,0.3182600039597302,0.450412785120526,1.6996452056513571,1.6479373591161048,0.2663797539520044
0.0,0.1686291042848715,0.043573403986921645,0.6267962727582551,0.49707883150389937,-0.5661581918855554
2.0,-0.0908172725942849,-1.3246248796614255,-2.129396336297691,-0.33646258364721765,0.6699656594294578
2.0,-0.5794331340134805,0.8790822885977376,-0.1658591865296176,0.51984575990422,0.2544456709527127
1.0,-1.6180138730603493,-0.8075401405038877,-0.823883406890314,0.07414686121390815,0.1117656662351764
2.0,-0.7295827816621088,-1.1925503914924336,-0.23977489441125155,-2.547666538199703,0.05735905384336503
1.0,1.4026976348569389,-0.9454703488889606,-0.07942208727621858,-0.5814011545756465,-0.09489006737622152
0.0,0.5796002130712723,1.274506099764959,-1.0027230857905154,0.33064901175071065,-0.8328584567841498
2.0,-1.4395431841393402,-0.4562806692112537,1.6119669689894895,-0.09579930012906346,-0.5614406100615368
0.0,0.9145073307606983,-0.5097490660653855,0.49384906114963006,-0.9054835722157196,-0.1182214540475458
0.0,0.12793015462039184,-1.0833661291246115,0.6369358943910978,-1.9758445548738541,0.5572725291514369
0.0,-0.24913713973887008,-0.28588828975159897,-0.09982656820921842,0.940528101111151,0.08943727923269336
1.0,1.372362761651452,-0.23412304590350477,0.10185311144313326,-0.3218432508747757,1.1005758980306346
2.0,-0.16067846258560098,-0.553631614286088,2.066371093136967,-0.3591680066164068,-0.85369562778439
1.0,1.056992905704345,0.9579495217837302,0.22078593080330153,0.11126436637358246,0.2124484275226131
2.0,-0.5572823573506447,-1.3896363274918684,-0.9122457750139066,0.5937916768552353,0.1816706834736573
0.0,1.0662891058019317,-0.1291026271684808,0.2996249536911864,-0.7512410625905437,-0.0441603141276459
2.0,0.12195480710642616,0.6466781418557033,0.486067972219005,-0.3353717227008205,-0.7895650774210109
0.0,1.7782565042659726,0.12450852577668889,0.8081293197785993,-1.3791323668196063,-0.2745451123074596
2.0,0.0358796497154665,-0.7978973454223213,0.12958219033186869,0.9326988612962321,0.5183672604502707
0.0,-0.47536341364045887,-0.9225471035588643,2.359388553230452,0.701576754856379,-1.0004795915872084
0.0,-1.5253273793556987,0.23257319558556713,0.7852285500263465,-0.9115309593238652,-1.276885666890069
0.0,1.5676201481614631,-0.3676923622189221,-0.24665809764255797,1.092952302947818,0.12638542685712092
1.0,1.546732870764536,0.013394096057333965,-0.7665138085251663,-0.6945162095582282,-0.4144434381493898
1.0,-0.3602371611110151,-0.9938710906074513,-1.2129168277736386,-0.24231868387859834,0.20581392863272074
0.0,-0.845122132114807,-0.6016545378682421,0.909796553338967,-0.734300711505858,-0.07821582062116202
2.0,0.2398418276184005,0.39706775958706464,-0.46167840325291615,0.6700700953762606,0.49000709818444166
1.0,0.40509981750220025,0.4792449814847067,0.7411241775427118,-0.3958954051524387,0.8777590360884747
2.0,0.8472295328727807,0.6418221132367132,-0.3334885232376016,-0.4000593238725283,0.09330188455303977
0.0,0.05041905923153298,-0.07665290817002696,0.1257649722693967,0.4306715209081477,-0.41751328704588153
1.0,0.7529231520752305,-0.27971464211865593,1.158991066937768,1.778210995169647,1.3932466124495435
1.0,-0.21103450091118184,-1.17115762715216,0.02492661811321475,-0.7198131811686945,0.12653947055712483
2.0,0.08655772231328406,-0.2711175451552673,-0.46160558832498716,0.6662889016229959,-0.6267056855078902
1.0,0.1306124291130711,1.1456800151120883,-1.5204206973504748,0.34307977825799524,2.410624247366929
1.0,-1.0913454430650233,1.2175688405536795,-3.083659264493463,0.6271181751249747,1.4920167951367533
0.0,0.574707764241275,0.4364220250492736,-0.5780777835946342,0.05499698148202825,-0.36270288757453517
2.0,0.13800546298964037,0.7570310469741697,-0.6320479857036589,0.42942884544899323,-0.1922933264818799
0.0,-0.34688510204816325,-0.9984869870047385,-0.545386057837223,-0.14056378609595277,-0.807695637770011
0.0,0.07560223904797159,-0.7178577365598972,0.8326540168369171,-0.05548039385743873,-0.19742900706532085
1.0,-0.021314820327974486,0.7069509073486311,-0.28224754949209946,-0.46898475421175445,-0.9825617334150815
1.0,-1.3596059348037315,0.1085623355218315,-0.2171512861479306,-0.11740812033740601,-0.6196542170558105
2.0,-0.7673869918702473,-2.1595864911748692,0.022523582401178986,-0.4275951556768512,0.22795287376397264
0.0,-0.5840696011584362,0.36542065535436963,0.816888611724319,-1.1665217862956345,-1.5615939892162174
2.0,-1.6471612997243432,1.4265589023527092,1.1315593641271313,-0.30048451456901665,5.344761916855542
1.0,0.43520956332643895,-0.07952581858239409,0.8372531064357782,0.240648295568857,0.08499694288459704
2.0,0.39398406556156745,-0.11967737598597883,1.336207525868764,0.5190129768255652,-1.3326938211833628
1.0,-2.556896774624092,0.991041708277863,2.658870111859123,-1.308116195276859,-0.1522354344771743
0.0,-0.861451766157205,0.2417303801753497,-0.2521043737899321,-1.1365632993802137,-0.4887988595924165
2.0,0.6546863817867626,-0.5252527240467221,-0.2585939627698215,-1.789848222490182,-0.08593602575443451
0.0,0.4022914376805453,-0.10847254986388617,0.6687722074869109,-0.08627404125414466,-1.1428175913783938
2.0,-0.4984264680150258,0.22919484698053552,-0.9879888297338055,0.945338076278209,-0.363286982006837
2.0,0.6519556988341252,0.31920028491865043,-1.4735128632664558,1.6109456229286077,-0.06391805150916186
1.0,-0.20332005097380362,-0.460808990127102,1.6426948210707042,1.3376079370775893,0.22254697295217432
1.0,0.11018142518923232,1.439140480545732,-1.3927756653027765,-1.2195987608060537,-1.0560927388674959
2.0,0.10779397953303266,0.8924112638802817,1.3947162810777358,-0.9632950997023204,0.9237991065025912
1.0,1.9311105437818012,-0.8033332857608959,0.30526603857526535,-1.369113601131255,1.358418501258029
1.0,0.816724677756968,-0.2641057336821702,0.5126729446476683,0.6329680350390158,0.18322363070331302
