0.0,1.7480895862597905,-0.2115384174702024,0.22185682628088496,0.38387851376156473,-0.2102595452103183
2.0,0.0920591929056319,-0.37244398778281596,-0.5560437925203823,0.25339103413201874,-0.7108712293375155
1.0,-0.8410247596336258,-1.67880347446448,-0.8869852975783197,-0.8960787205658031,0.1356778003311222
1.0,0.1876630042757008,-0.21699206493500087,-0.12774000143303602,-0.8807673880029104,0.9908407523930846
0.0,-1.2080300899866512,-0.8017316118847727,0.03701858854370166,-0.8837364869395906,-0.4761222020848247
1.0,-0.9586511032233991,-0.7496440690511117,0.5639846084052437,-0.35027599895894956,-0.6577096801325846
2.0,0.45479506579807355,-0.1744944503397517,-0.3436920085577891,1.2971233742562758,-0.44474457226450453
1.0,1.2074406841836418,0.5312403729507996,-0.4185802275615343,-0.10065432270291697,-0.8880523432959135
0.0,1.5105249049750569,-1.1336162676254624,0.16805261253738477,1.8533057039181553,0.4523537764867237
0.0,0.9366982369837162,-0.25758373223495284,-1.696253367690146,0.39460640462854396,-0.7190770452824816
1.0,0.21026915659973966,-0.7878156352035884,-0.4306215816102136,0.2572101584622705,0.07698489208113436
0.0,-0.2729559186434577,0.06058393034847817,0.06083330107261939,-0.16951842912373458,-0.6577268944206839
2.0,1.2542026566928546,1.1099843702611116,0.6720251807282702,-0.18704594043618528,-0.24975659404024472
2.0,-0.47567209602347205,-0.15380041012821832,-0.09508454974194945,0.5085371114869304,-0.036504561661679306
0.0,0.6564004169192978,-0.21297652634947115,-1.3666665031010412,0.48993213465835944,-0.7328198406573416
1.0,1.5860454405221391,0.6288118766404287,-0.506408793991799,0.3873199584655401,-0.04801095530562427
1.0,1.2326479595582345,-0.10281713447309361,1.6645973203283626,1.2180838410948676,-1.0063179243704747
0.0,-1.0880487328084647,-0.8225844539654491,-0.8546322290045284,1.2335636621870416,-0.5841800111146833
2.0,-0.38905642937502843,2.0434351720099397,0.6481592713149557,1.8073603516018357,1.2991861541028928
0.0,0.795597048867614,0.27984573512348,0.3801704867402391,0.6178707940929687,-0.8655515132372612
0.0,-0.126505438033904,1.0022537547801655,0.4177234327187769,-1.5717204278326489,-0.10994010363029101
1.0,0.6857688228994891,-0.6788254424431844,0.051448306697734925,-0.591983827029375,0.008427883960298099
1.0,0.9582394964682248,0.30664328875596775,0.7280029939090512,1.210229609161706,-0.16397740526719637
1.0,-0.43380384588357457,0.2065408417951447,-0.18601612377682397,-0.5839991142385567,-1.6257553428304288
2.0,-0.6341101314461177,-0.062213844578331706,1.3695487923727514,-1.76236169952747,-1.007424299141191
1.0,0.6291391288235246,-0.15902830721716976,1.3092723200109768,-0.6825857513217826,-0.9552091843430989
1.0,0.7935606663578668,0.2689779837143158,0.26146242571035244,0.5242943268331083,-0.9079284687023237
0.0,0.22712335419110016,0.7638427232222674,-0.10615134439648068,-0.529637174944367,-0.9045704054546181
0.0,2.680568785975368,0.5572364648685466,0.43109167940202564,0.09545575638190718,-0.21373658514366875
1.0,-0.8247039778309385,-0.8126881512184926,-1.0199446471823845,-0.6614994923395762,0.07703965852089491
2.0,-2.4451053276269903,1.218093806293273,0.8996747448324149,-2.410586508476824,-1.4643033238548253
1.0,-0.9688685734071864,0.5462115100827706,1.2744190984527177,0.6187454400631062,-0.5219912107373212
0.0,-0.11931435348243255,-1.383228854835912,-0.15570297236065028,-0.19324375907881047,-0.02673020132214551
2.0,0.20351851051222694,-0.6013104280645166,0.051963564625994836,-0.31028506798834127,0.3760959483751733
2.0,-1.1584574254520956,-0.6108535047451129,-0.19651259393432619,-0.018991915496413565,0.24672690598687544
0.0,1.8293496323566838,-0.185581324779913,-0.8266710332082505,-0.2419943244914936,-0.39684276932479523
0.0,0.6233201550194463,0.451043814304855,1.0801383406814662,0.5680760996835168,-0.442745731942485
2.0,-0.3837505489097056,-1.140451745702897,-0.04317350763319366,-0.10109515378203326,-0.1851410252700016
0.0,2.133873323956871,0.7981025001836728,0.2542061791111473,0.23791423001130624,-0.4772028724611346
1.0,-0.262359223912481,-0.9684409945075705,1.0955212200147548,-1.1704157337504146,-0.21761743326090924
2.0,-0.6228201980679119,0.6797041295416053,-1.3711848611063484,-0.7993983649695016,0.6786979535613767
0.0,0.6434947822691686,-0.10076077131899747,0.013077669270759028,1.1208676350019693,0.16111946392358187
0.0,0.12310289863963407,-0.11089416001160317,-0.5725668957351884,-0.09335182261197945,-0.9030152803282634
2.0,0.1333216622865715,0.083224513939798,-0.22668134207932092,-0.08445735821040655,-0.5025257353707983
2.0,-2.558099708288014,1.6498254814575086,1.0875137501685688,-2.5759423056801607,2.6305061180242917
1.0,0.012301157977279107,-0.9279760447506115,0.570911546274348,1.6879298248586074,0.2015086895989622
1.0,-1.3547192241205195,0.7861875110719455,-0.7000934953898403,0.3353200170119766,-1.4452023057355003
1.0,0.6627788846673592,-0.7078654213049366,0.800513017906862,-0.8712984993371746,-0.7407394078228609
2.0,0.6843514305448442,-0.39119177312881104,0.56226673399332,0.028837951312641354,2.239383501663611
1.0,0.3940602600266877,0.10327245485569782,0.14940566507601713,-0.37599247857846757,-1.0371628025674136
0.0,1.6746079515248846,-0.813408451858586,-0.16349545291255005,-0.3819935966360976,0.3396488886546653
2.0,0.47853637399550153,-0.34231616823992334,-0.08870391952283593,-0.7298567302902962,-0.49953067163134535
0.0,0.7960607845631993,0.4193137023790955,-1.7756342116347363,0.3930639144950203,-0.7408452754756697
0.0,-0.41290548173971087,-1.5090405490539232,-1.6009375345392292,1.5418153038549585,0.4701730682529107
0.0,-0.4007043270138882,-1.6562617676028046,0.4606523368113033,-0.09568248246891829,0.15330981015627096
0.0,-0.7738151479586656,-1.6799258438629303,-1.2086323895896225,0.43676717897998607,-0.6729521723800507
2.0,-0.3417249075565894,-0.18201792093037067,1.492929052442552,-0.4845996372338885,0.6585272341545112
1.0,1.9940797645804889,0.9050215932622407,-0.4277023513756027,-1.446368426291686,1.45436334059732
1.0,1.1763797918815506,0.365154633897602,-1.4511431479188754,1.2356440212140796,-0.7571714214683238
1.0,0.4049060484345022,-0.6417012535318887,-1.311948468355127,-0.6096295426253252,-0.23824450490583887
2.0,-0.5311357764815774,1.2946296452436812,-0.9106864857081266,1.3225739898525104,-0.7150180212696369
2.0,0.9539239872221048,-1.5577551607492064,1.2194742734440467,1.0907620283726014,0.532408240151459
2.0,0.7211366155982781,0.48427665136838166,-1.5793454040056674,1.2953732575567374,-0.6374821264221907
2.0,-0.8958804358118964,0.26372647068607774,0.3422963025280664,0.16140733905751167,1.5606572820056754
2.0,0.7176487634893509,-0.5051223136309001,0.953579199027788,0.6720021995066588,1.0832867737859508
1.0,0.7903095720792915,-0.9142998379127739,1.3991366657787572,-1.2826279464995847,-0.5237474082956717
2.0,-0.06975688211574851,2.7513715213433603,0.6415658880585074,0.8477575881935333,3.3824706341395174
2.0,0.4088996731264261,0.6606951029188426,0.6510572741953342,0.43831049107486963,-0.29264579839624444
2.0,-1.133730921192863,0.24434005158664276,1.3816950364065457,-0.10508160170240628,-0.32948209339826023
1.0,0.2549312100733921,-0.5263365620432197,0.12695446791129222,0.5196224343618345,-0.3694956712625454
0.0,-0.7016001936238943,0.7264197880314613,-0.8025671835120407,1.0097993922310338,-0.6934035936591288
0.0,1.365622977894631,0.44947910462487245,0.3852816850936624,-0.5288718933924322,-0.5795340519219992
