1.0,-0.09357204356408912,-0.6197404730088364,0.6294615592621263,0.8655734958552902,-0.11545788969583519
1.0,0.14857948541186242,1.1457299294555812,-0.0685855458326739,-0.6370547192232082,-1.4326878021511056
0.0,1.4589700855336476,-0.5482351320095079,0.8442277700415086,-1.5775110714988663,-0.6125343779183875
2.0,0.46561288529440853,-1.0828051786772916,-1.0915861908108728,-0.9752928675736374,-0.00973024325541904
0.0,0.41472175093272606,-0.16914611440587998,0.9898388839701365,0.31503920798562063,-0.4825061067728035
1.0,-0.3608858179137188,0.30474277233934977,1.1819565784471966,-1.546465584940749,0.028158308311916003
1.0,0.34062253134202114,0.2542094680321858,-0.2705598235334106,0.39836636209142695,-0.43411456761953876
1.0,-0.1054202914514953,-0.8333922857230514,-0.44142200256617686,1.0718226046702144,-0.343180320409374
1.0,0.02707637393700196,0.8513555578282307,0.13952870968555348,0.8457718981738699,-1.0418481381788722
0.0,-0.6406618932429604,1.6650782324192335,-0.08639915629786135,0.04774213263105018,-1.5786060877081596
0.0,1.9446581762562047,-0.09807652182529494,0.03705788388626932,-0.9320351206671899,0.5080048540928139
1.0,-0.02927686532174808,-1.0213568749717494,-0.5498585148554325,-0.9548461974136617,0.6114426643261931
0.0,1.4314383370425992,-0.1163583655083814,-1.3716964354858117,0.023053669852291122,-0.08457214216162323
2.0,0.6528797235671495,-0.2422849701765494,1.3882012979184497,1.4919914153446066,0.0712549641557379
1.0,0.3413776441965015,-0.4803276263864864,-0.7255148596310669,0.05718536883788298,0.03688546991040746
0.0,1.7130563860284982,2.326498174931044,-0.3571619465612251,-1.3074360085480856,-1.2611569889713974
1.0,0.8840081548342349,-1.7062712871896473,-0.3725748421053225,0.5333954712906545,0.5168445837036206
2.0,0.32773304368041783,-1.7711575123877585,-0.4811048617538424,-0.9575251936047141,0.5842603680395881
1.0,0.19430479468952602,-0.6025811385104654,-0.6559360997086436,-0.4461694173460858,-0.29302594130504545
2.0,-1.7227258569848682,2.2921374193174247,-0.606038647907306,0.1177105357165862,2.077385549933742
0.0,1.5660177195816969,0.6678316617629241,0.9499387225680153,0.3016969020529343,0.009881027259647953
0.0,0.44916067458949777,0.765808369567693,-0.0943345220860711,0.6249595741857462,-0.6092603549800776
0.0,1.9103719788014677,1.9782190318386406,0.51729966341026,-0.45430809239014497,2.606355503442942
2.0,-2.9093685282002637,0.6195027660989462,2.864840664238869,-2.02613300239666,-0.9536584105128778
2.0,-0.8795253728245058,-0.12818247419278175,0.8689206781279579,2.2465970525850216,1.1013196729830739
0.0,-1.3151215379609154,-2.5040941465857807,0.632723852372934,-0.9179621684794301,0.746154607957284
2.0,-1.0943336989957189,-0.3316762955384164,1.6800866777835008,-2.196464576687801,-0.6642572967131283
0.0,1.2063273837515105,0.0959121268867065,1.0006892951223647,-2.9257069949706285,-0.14799029076757575
2.0,-0.40680489153828564,0.4663179253976191,-0.5900699787518204,0.22324777983569952,-0.19571492917930897
1.0,-1.405881407988912,-1.0639280425669781,-0.9695733989264292,0.007022380229827579,-0.3152633991713668
2.0,0.2647744821401809,-0.5103556331472707,-0.6983916505028647,0.04379810017557685,-0.4781448755325812
0.0,-0.33042691208314556,-0.8779020642578318,0.38468626459522864,0.7801452015390086,-0.8624249451104986
0.0,0.308172628183701,0.2939369978152715,1.6552369972324943,-1.4138100774218976,-0.31509009472964755
0.0,-0.03764710857347463,-0.9892429947751289,-0.6199415846932226,-0.19779848404441278,0.34951479191978224
1.0,-2.577672705313719,-0.7236173330537738,0.10630148360314802,0.90260073338741,-0.7536940999940535
1.0,1.2382329881296124,1.1776079823956378,-1.2762870691166164,0.4545461463442419,-0.4155198982615086
2.0,-1.8406108153839256,1.8675708106380273,2.48194895386852,-0.24783017757052467,1.2397260483208947
0.0,-0.43426157278451993,-0.29615354592493687,-1.0855187196681841,-0.25326588679063816,-0.0829412557042765
2.0,0.6087791516070594,1.6554122712207486,-0.2875506983431018,0.19846070139186975,0.7089364176346884
0.0,0.4509162521428136,0.40985873962041947,-0.6951899721607612,0.3770738363334436,-0.7686773274188613
0.0,0.8754155673627316,-0.08776628428239404,0.12396253948486567,1.100341695321866,0.33718223120981905
2.0,0.3799403683952675,-0.021926858498227966,0.6776061931761169,-0.48314764874283117,2.0958103739818648
1.0,-1.3886302230924874,0.4116037877129361,-1.3015369442177056,1.689201940296695,0.31061446250525243
0.0,-0.03887701399096342,-0.3473908214344784,0.5306569176466948,-1.1976567291555331,-1.2293419226180637
1.0,0.2782488016294117,0.8863194810730993,-2.29531301312594,-1.1829867955480722,-0.5533759707632698
1.0,-0.5589485845936419,-0.6427956782827475,2.1759025812257917,-0.44222888535661453,-0.2645880324572632
2.0,-0.24518669374876303,0.13079942544280165,-0.7778203865966828,1.898258127918118,1.2815890458136734
2.0,0.9635301725008323,-0.7490512051366207,-0.41923954095464055,0.46422014819270613,0.33776934622765525
1.0,1.656567729689445,0.7282719595042458,-1.092408636358575,1.7530742068674543,-0.7410887870947199
0.0,0.059620803390222334,-0.39310892834200895,-2.1777493179635776,-1.0905301275251391,-0.2559969194189275
1.0,-1.2173793199588465,0.898056904132537,0.15288466858428756,0.14609120444300577,-0.6635588063887286
2.0,0.010837874737395451,0.3245781981033413,0.13192830483385287,-0.01897942949933186,0.5256662571577418
2.0,-0.6334609801746427,1.0893143967241843,2.742317372004549,2.2031043162168586,-0.5092523761484917
1.0,-0.8430302820149709,0.8601116537973185,-1.4930773604871017,-0.7152154094841999,-1.1012998871329933
2.0,-0.7079887552255122,2.9502789364431985,0.6405461352902612,1.493831063511528,-1.5308745628403608
2.0,-0.8510472881622297,0.7813595851631553,2.5965222473549687,-0.5026457065684361,0.032495984992323486
2.0,0.16028424400881114,0.24750012788067632,1.4612007085651555,0.4795780744720483,-0.5394573959304686
0.0,0.7865468667688307,0.32338325375077664,-0.8519508851441684,0.6808358627129404,-0.8809588768355056
1.0,0.5628552783197017,-0.6341792033920187,0.37999047187558677,-0.7892536115511897,0.18034465799158397
2.0,0.9465685794954651,1.4566903843282206,-1.3493058674704212,0.5584802370143694,-0.07366812066419995
0.0,0.010830058853339973,-1.8016920000318997,0.12692503031830896,1.103409540059546,0.38369167753998185
1.0,-1.0760880297517152,0.5485890803052847,-0.26937461881750585,2.7544209042366457,-1.7110640182795405
0.0,1.255366908581951,1.3156352600555874,0.20913031015313593,1.924311585501528,0.13310002321641795
0.0,1.302718025475645,0.8974684132691303,0.21679181179725057,-0.5648806992574973,-1.7072861034301103
0.0,0.6353279615440692,-1.2365834704537821,-0.3265286737951616,0.022935962161050785,0.18432527708615556
2.0,0.9976775149862103,-1.2362799830816837,0.31796580183885514,-0.26287782884253785,-0.10556675089434661
1.0,-0.12863891979689857,-0.1659700009600841,-0.2965404750923531,1.894350667371615,-0.7301945697378421
2.0,-0.5573865813770014,0.15341447593590657,0.49174478045851155,2.077052354088299,-0.9775849119001134
2.0,-0.8302920159122766,-0.13592073874791033,-0.6145470111920874,0.25324414664715783,-1.1171587386900677
1.0,-0.9781376062884866,0.8723663907919138,-0.2190343951597431,-0.3519017682521192,-0.06728247965907089
2.0,-1.6650757458788432,0.33284659223348967,0.515933898158875,-0.9220482098038582,-0.2891654163987148
1.0,-0.5017969640184952,-1.7818135351715858,-0.0178435253421695,-1.1966878723765868,-0.00034808286866750245
