1.0,-0.4753032140673132,-0.9047066207054425,-0.3081950959807891,1.7861997394231413,-0.2956708645313432
2.0,1.1047207187656194,0.35602847633680945,0.28610659624065893,1.1383591514653129,0.8670983964519375
0.0,1.1645317742282746,-1.0088771549711466,1.802411326582814,1.0275771373532578,0.14296390849041848
1.0,0.23746313206818823,0.7900720927304328,0.8991273910614824,-0.27972814772995924,-1.443148386750839
2.0,-0.9246950413596983,-1.2568969983974734,-0.05553105621375806,-2.3784229977050457,-0.21661259529575957
2.0,0.8263675060019119,0.24454841050997855,0.37516998825749326,0.7890566305189665,-0.8580414849897444
2.0,0.9082465352066995,0.060271816103602195,-0.8082975747117657,0.9215967497033888,-0.2250238644956065
2.0,1.8770415603904764,1.3371883495652614,1.5925826573059685,0.9709877560957629,1.9452785909102357
0.0,-1.1320969880257443,-1.121868475327317,-0.02738549011453118,0.7877588211932441,-0.37626604275617054
0.0,2.1478163437919133,-0.32873353434067437,0.20030760684082025,-0.48409752231903225,-0.04225504143711663
0.0,0.680650670238668,-0.5034626286855794,1.1148056253315088,-0.2256774386362891,0.014973296277394566
1.0,-2.449989883706393,-1.9582412063884636,-1.2210609552803493,0.5510741071790946,0.736165078981898
0.0,-0.6557049239115995,1.6150461586061255,-1.0164099254893542,-0.6393544686742699,-0.06484123421158769
0.0,1.5104629231275246,0.15111843558534838,-0.05201387346914889,0.11143960236676749,-0.20807809868381064
1.0,0.28561256169549265,-2.223952136854414,-0.20246487031381868,-0.8376652458839441,0.18348349727067556
2.0,-0.23228370770833354,0.46184056771267407,-0.30094447292097454,0.024993950588995416,0.31081070126659954
1.0,-0.45824290215529123,-1.1052992669104935,-0.7163195242260787,-1.567356179901793,-0.439026684309865
2.0,1.0259346559089895,0.2892868942247335,-0.44087343113601124,0.9699691824578845,-0.46308388214175383
0.0,1.1905023886035422,1.0749262240934572,-0.9810229563822552,-0.34588442518288354,-0.27263097761980454
2.0,-0.3285947837499962,-0.05602643141407271,-0.07873061369002303,-1.4311945629902436,-0.5124506436750086
2.0,-1.14789820179892,-0.4244313709504994,-1.0188092813661347,0.7616942474959003,-1.0397433603875026
0.0,0.8187879291418838,0.3422138037258095,-1.8783930578970256,-1.0559627225012957,0.5610304334925358
0.0,0.5380453070562305,-0.41839440220118296,0.7256357839460448,-1.2190598792302199,-0.09465091655741527
0.0,0.35652423356183005,-1.2185105190517291,1.73490768680541,-0.04078368877671711,-0.14092282799247444
1.0,-0.7192487557006924,0.12959054752666446,-0.8078135761921228,0.5681301636684386,-0.18417268814633717
0.0,2.1776418395070776,-1.8751612644626372,-0.5122358420778172,0.16646221091691776,1.6229951168195969
0.0,0.7859235385982967,-0.2032636786066888,-0.06663486919394256,-1.044511930308243,-0.5901288138297038
0.0,-0.008908227113040625,-0.5070491740681943,-0.2967348678100758,0.5388616557837447,-0.8549723480006195
1.0,-0.7267402483470806,-1.3397382752401714,0.41349263852100504,0.4593493983963208,1.426668171742241
2.0,-0.3391595811104019,0.45078164445165186,-0.24610286629356865,0.03746647346559038,-0.9229133357857896
2.0,-0.4392618896702229,-1.2542461287747801,-1.620959805643259,0.870152906080507,-0.34862834064289117
1.0,0.04170944260174128,0.23908523511258004,-0.79446066015769,-0.11470466591550782,-0.13705686791981567
1.0,-1.3428640350582608,-0.9892461108037328,-0.18306190823619134,-0.07046388613437587,2.169045949076915
1.0,-0.8440611337488633,1.2243294843165031,-0.522260716093102,-0.11372095552161304,3.3396248491812908
1.0,-1.0355852468787863,-0.8111779132461712,0.04467255976022606,-0.31225692984673575,0.21520860906988834
2.0,2.647412875896919,-0.9522492702835988,-1.0526494858352833,0.6984160273844178,1.9930687616999223
1.0,-0.3321780722714037,-1.1526156163019328,0.9317539842636086,0.6017354848047162,0.7214629177248798
0.0,-0.5381717137600854,-0.6824789312750158,0.7121208331987747,-0.533874913037881,0.24666224119359942
2.0,-0.8342040593519144,-0.7114913729677895,0.046428259930098685,0.9939783032844828,-0.6499203975993733
1.0,0.495143308620164,-1.2124141691831498,-0.5725321639629289,-0.2328181837042345,-0.59757718640529
1.0,1.549926296432163,0.6763840760855674,-0.6637624505383651,-0.09423564430533943,0.3851017927340116
2.0,-1.6447687490113385,-0.34629469322976053,-1.1924121577135973,0.34979985149551035,-0.30249217772773473
1.0,-0.03917929404034638,1.4365408807198543,-1.6779613222662655,-0.28131459247168167,0.34681494357048437
1.0,1.436842028505845,-0.9505651607368527,0.6094562096460574,-0.3126576528916944,0.6734542157718855
1.0,-0.06099945475638145,0.047142193710562684,0.6333564960334687,-0.36719828445852204,-0.37149852159521185
1.0,0.2849287690953749,-0.19219001766216945,-0.10686601661211266,-0.1291993047022147,-1.247186090585103
2.0,0.25991605659484684,0.049186414360551385,-0.8596875018872794,1.8955251201524808,0.1097049296670765
1.0,-0.30948079329525213,-0.058276281213216256,-1.3879863498367178,0.6972298642615118,-0.010302868324578118
2.0,-1.2489924252189089,-1.2421689710313824,-0.7866168026432722,-0.48070859745767014,0.38549309450761216
0.0,0.9834867905205953,-0.3808021665869731,1.2931651191665579,0.6557238032398893,-0.168485579116134
2.0,-0.30124278211195604,-0.0056991073144929474,1.6930871121051794,0.9212503344596119,-0.8158670430046557
0.0,-0.3283108817939194,-0.9050821494513858,0.17285562838597485,-0.0288106513192355,0.49183862630605624
0.0,1.7046121112668566,0.25001226148096634,-1.3799271226151075,-0.13407223553136047,1.0307824204054767
1.0,0.15519352523580215,-0.9176327311625405,-2.1331657319239596,1.8087287642289305,-0.07466939900436874
0.0,0.2130860500763186,-1.7202315722591857,-1.0900572444900152,0.4268339077678731,0.03532877308879108
2.0,-0.0982815177866876,0.1666908878617749,-0.6078861872532069,0.48608265064613565,-1.1679418804362445
1.0,1.434135175597786,-0.052390878553604865,0.17952654231720622,-1.2155541020888763,0.26500545742480974
2.0,-0.49240942051156555,-0.30895328983287307,1.0472637401770355,-0.8669325343289384,-0.28942926861940926
2.0,0.22502584214553678,1.5635520302347325,0.9965649174371756,0.4770927721620765,0.6231952893040081
2.0,-1.4214784454905256,-0.03698998123822845,-0.7236929564911526,0.14814715205204632,-0.588584598733487
2.0,-1.5902352419867944,1.5080782094694276,0.3703756666370409,0.37923378816038855,-1.893497786216179
2.0,-1.0649857489509922,-0.8193934912163902,-2.384764287598789,-1.268588795016975,-0.12753692428614033
1.0,-1.5880276382743763,-0.1118323197889009,-2.0179892801508683,-0.6989877596492311,0.5686752475584224
2.0,-0.26032919650009073,2.882905517444783,-0.8790686544620073,-1.232522332059261,0.6171193958900189
0.0,-1.3297976240762537,-1.2109132912936469,0.2692765779907243,-0.2518208475494752,0.6715768978903988
0.0,1.5549861023285563,0.3403852870051633,0.3324910322231285,-0.5631958359653364,-0.07840094750016006
1.0,-0.46181679610673815,-0.24271547769204752,-0.5184391085569953,0.5954697411780655,0.03556726632141023
0.0,-0.9236639066019766,1.7986300619207096,0.4297569066169347,-0.6153783762898531,-2.352882999069884
1.0,1.2882912939224873,0.07815215877435013,0.4956781165433334,-0.5564473502279929,-0.24546668158954252
0.0,-1.4654674038150028,1.1340066378302684,-0.028560177849004106,-1.7808340153631317,0.051804932024621185
0.0,0.1897092790360879,-0.15645508353955728,-0.9442455288864566,0.473958518457864,-0.5463150908299444
0.0,0.4300118953262528,1.360365368290647,-2.242468260860751,2.4614095215576905,-1.6583429782365637
