1.0,0.21819828576951458,-0.5979960967066319,-1.8600966360920788,0.83067263824232,0.9367284922453447
0.0,0.7451896291897162,-0.18780447467018926,0.1343364588060865,0.2605602365187449,-0.238855897567521
0.0,-0.9430028249297883,0.8222152634111369,0.5257474613497183,0.34750805283969455,-0.608046839982173
2.0,-0.2547966314274641,-0.016519545519056617,-0.06696249684900735,1.1566479153449636,0.3632692099334386
0.0,0.7707049354124853,0.8390471763652696,-1.3988256199989713,-0.4250975045718355,-1.431706371847748
2.0,-0.7667797527559503,-0.6392995270669296,-1.6401137314141,0.42219001024998276,-0.6566137799161048
2.0,-0.22498197212706572,-0.5234462870878552,1.0159491450109646,1.3622401655809253,0.44506488606645117
2.0,0.8114557821513148,-0.2525416159416537,1.0535557957248343,-0.9788524292099231,0.27581898434506763
0.0,1.7770627921835396,0.6676131812600181,1.9608443535814628,0.9914590137526638,-0.12587654496150882
0.0,0.6795679733878659,-0.8357456202020139,0.30278297360270684,0.08694723792895777,0.11321882031343286
1.0,-1.8352388301702067,-0.27715513915364026,0.3860773780578849,-0.34970740229322594,-0.8949389209589097
0.0,1.517089025595115,-0.15001660775597778,1.1677793848376554,-1.57531640628132,-0.12143049075511338
2.0,0.800238637506833,0.36754377485082373,1.0319898203724513,-0.9804846947857366,-0.1000214247588895
2.0,0.9440870463006716,1.2659726190911125,-1.8666234943249478,-0.17753360525131334,0.5790408041223151
1.0,-0.40049487702154835,-1.274288988870664,-0.5480736483293902,-0.4454081104700179,-0.4912246438249571
1.0,1.8122124396049384,0.8960230816585835,0.7811446655256662,0.41404871648065533,1.0289440038430122
1.0,-0.9097218829266492,0.29868478213759797,-0.4897385521710066,-0.9570027599184255,0.33439320713269505
0.0,-0.11567297371635787,-0.1437063310874904,1.4855788606589109,0.7163644456501663,-0.3631389466717704
2.0,0.6124635348847425,0.168452627663456,-1.0953488984304527,-1.2678512146310752,-0.8708435887377444
2.0,0.8252638931482723,0.5718657529832811,-0.5177520449428118,-0.06331906258931999,0.9121985756698967
0.0,0.7920715669733024,0.03316484352462545,0.19428335266856173,-1.0438518180471656,1.6222294665159889
1.0,1.4436255458289318,-1.0527281494002947,-0.24999336148366952,1.1432920974130554,0.3154422014838562
1.0,2.287601285573119,-0.8668386997194886,0.2867949779290306,0.6884050136586292,0.08609655949345571
1.0,-0.4932723628142361,0.5106539270361632,0.9185654865333087,0.027535747431803405,-1.1653241278613629
1.0,-0.8028887940177363,-0.47157413279679905,0.4172466470964826,-0.32146459024963037,-0.03469168442815215
0.0,-0.7794840223536909,0.16903756850456478,1.2782503068747457,-0.622504392720819,0.6281702995332514
1.0,0.025755008940477376,0.14766146502443453,0.20484005707387193,0.5538361190150641,0.6856003734099163
0.0,-1.0819321160633926,-0.6952227249916673,-0.5192629424648829,0.34669133220629056,-0.2755895579811608
2.0,-0.37507308749854673,1.3158306629392804,1.5422150904798793,1.1954814008796453,0.8798368319370963
1.0,-1.2044202527085384,-1.2849548396095298,0.9026524116836022,2.58798250997719,0.2370752026350094
2.0,0.46158679345840736,-0.523719856294254,-0.24527774441960143,0.7760735985976701,2.575011473069269
1.0,0.42481128852603256,-0.894870277570251,-0.002991691655012087,0.451385243476712,0.5909245540710762
2.0,-0.3188324050635925,0.831906657361792,0.703215280102126,1.9239733308658125,-1.1396728252666224
0.0,0.9376138728067165,0.39273171933115975,1.3414652791210238,-0.6064834960067716,-0.5071612058763757
0.0,0.35181760324001665,0.6397723863480538,-1.4408186868598802,-0.6082751402087325,-0.7454766444988773
1.0,-1.2724742122321442,1.6710780899754805,-2.7478470641037007,-1.7406226128637377,0.47986830417822274
2.0,0.3601980588533661,-0.5275464668946881,-0.576230205030365,1.897347406560981,0.038746507696956596
1.0,-0.3849242528580057,-0.38410603796066545,0.7132372632640002,1.4109068918520398,-0.14175135679820747
2.0,-1.3767509918142766,0.8351427936630401,0.35062285905832813,2.5546910430361933,1.7446353862789166
0.0,-1.3169837043548835,-0.7818575652895643,0.05056576780282075,-0.2905239607436562,-0.4402207153813859
0.0,1.6837468296326066,-0.5871249885634015,0.21408092616292534,1.5422613199309585,0.2838616097707211
2.0,0.002432253857650834,0.023176800551914133,-0.8857716474896068,0.4085943154800353,-0.8159057347927782
1.0,0.34682544165036977,-0.6349961337357647,-0.5802145809115391,-0.010598578544550112,-0.23228746120939858
1.0,-1.8576993675902005,3.1737380718741135,0.7443885001313445,0.44764094592300757,6.98050437752117
0.0,-0.28965932854638016,-0.24652245243431795,-1.0043763427463803,0.2671250592751228,-1.103600483144648
1.0,0.22432151644441192,-0.4879793928167716,-1.497473024893445,-0.11336091632232452,-0.5102443011950976
2.0,0.12990177467223704,0.19131663296526438,-1.235242813126804,2.8084493957882657,2.8877469751566056
2.0,2.5631100219541874,0.6413005804905966,-0.5857133322307982,-0.40400193997560413,0.17292192177284121
0.0,-0.05698189119746537,-0.10722188469994154,-0.16856526191459142,0.008587369073174988,-0.061032718715081
1.0,-1.4634799795560993,-0.44396583753152613,2.3628985778125973,-0.8976563263407569,-0.2715923218414955
1.0,0.17234311924425627,0.46190419175953507,-0.4577875112725546,-0.47116576980543606,-1.254991916752726
1.0,-0.1105508631356239,-1.4420102105178438,-1.6231260629861457,0.1592268206230384,-0.504196554751536
2.0,-1.169243558393429,0.7801653376080644,1.0128201780148456,-1.062480898814529,1.9006255127616591
2.0,-0.7933786750439314,-0.9675548667347165,-1.4502229609691946,-1.3733131482272676,0.651101225332526
2.0,0.7364312741467609,0.8619906874977188,0.09743739158462336,-0.4128454978157901,-1.1173628002860299
1.0,1.5873464777472517,0.32667973695363983,-0.20380996574190757,-0.05337099929719867,-0.657465847260867
2.0,-0.9345878690719366,0.12488375680515362,0.14558281658564726,0.8646048787476425,0.46805548566973226
2.0,-0.3232015984358686,-0.6008760167918127,-0.32824097030670146,-0.38936799962442886,-1.0016193836710054
1.0,0.04288638108352739,1.089012624691471,0.1752076099050714,-0.36922824160267387,-0.4596491040886357
0.0,-0.6827312026032712,-0.27495206163968194,0.10693438599022179,0.4075439385772496,-0.679356548109441
0.0,0.2932669021996593,-1.0902204199399883,1.0297348980457757,-0.9905724661972007,-0.046236279826809216
0.0,-0.4893649989948728,1.691894590198483,0.2934396507135338,0.030742849526307323,0.06583501014257975
0.0,-0.05454948752694282,-1.6540358319319,1.0871252015969464,1.2342674508917582,-0.025724806587376813
2.0,-0.9453156001142902,1.58178421752732,-0.285429499051459,-0.7330258674992367,0.7175758912282149
1.0,-0.3337297721120886,-0.7183439833660727,-0.9557879903840792,1.1313597456920903,0.5787463612156858
0.0,0.014097913911863071,-0.2433515887295884,1.0375777038935443,-0.6567028300642543,-0.879642140605673
1.0,0.6517177354649499,-1.9826538747944535,0.9044688356521209,-1.47840374139829,0.6721645102121045
0.0,1.0251467202474382,0.597943473243499,-0.3079891050972365,0.12557135490649537,-0.21606439421813678
0.0,0.08227144620194397,0.8503586669328473,0.8844429338567659,1.2910973263167218,1.6655103178691664
2.0,-0.022278671380570336,-0.7315327689771873,0.17968366696320032,0.6069733591352204,-0.7580335406750175
