1.0,-0.9388390096641502,-2.032502814131823,-0.05176154443419089,0.7252189139558859,0.1402001297767179
1.0,-0.7814491138249622,-2.3231017353905736,1.1932121676830132,-1.241803283736639,0.8220619190320458
2.0,1.4881641118028224,1.4770453443760092,2.964766975982678,0.7598904177234027,-0.018521984911190566
2.0,-0.13068120078529327,-0.39845032093078003,0.2905256959742039,-0.034496732379476,-0.5887337397678041
2.0,0.1683310648800674,-0.42737815196648243,0.4698941554497839,-0.7444179830221066,-0.361514200174164
1.0,0.45272440936137226,1.337097890653424,-0.5151465996850269,-3.602699745199496,-0.5764380556441627
2.0,1.2873634671259955,1.1456340127508202,0.157930362044349,-2.034294684750063,1.7821431358916386
1.0,1.0545629488888157,-0.28829732831921107,0.15066978409202378,0.051044000727968435,0.5416994318929492
1.0,0.19127081579327992,0.22018523980852908,-1.0562976247309213,-0.990563119569805,0.6708752056303829
2.0,-1.3278455576936743,-0.5886151735065297,2.008246522857227,-2.292370152861012,-0.9589358517003435
0.0,-0.526318409510289,-0.9571378070114672,-0.13137948698128069,0.6035708945680903,-1.2015466077898689
0.0,0.8597402323612756,-1.0236028665057697,0.12572890536931047,0.0549110106380642,2.153363222765016
2.0,-1.7787576679285944,0.8107064306800364,-0.8973778063877902,2.516289177439814,-1.1203237969307454
1.0,-0.5641220931347559,0.8886520904524803,1.2586392864890095,-0.44720560332735515,0.7620511368699986
2.0,-0.7525381836013861,0.07908452997969218,1.2630031207342007,1.0182875236080795,-1.0241487378128578
0.0,-0.5887827705944302,1.3158399864663193,0.7311061966326885,-0.010792406718447596,-0.11179004769860644
1.0,-1.0253666617248223,-0.46364628133544067,0.2444770329400429,-0.6626742244775233,-0.9892905428853495
0.0,1.5307035323720595,-0.26732107437056213,1.5048202055844226,1.1084063022732895,-0.46499823741553487
2.0,1.198043061307432,-0.015870338401222987,0.8602786793401295,0.46503746490702397,1.937353803654634
2.0,0.9283548332756397,0.6439974232734821,1.0713733709934228,-1.1992271246075326,-0.41811866209586235
2.0,-1.9079860609775499,0.5425169729923398,-0.44540388710791623,-0.1815965627727423,-0.7009398057499886
1.0,-0.19849289302883302,-2.3928624997462045,-0.42761212188396514,0.8115466618442094,0.7604023007733496
1.0,0.12824146988507257,1.0252862261955349,-0.16762574702431104,0.040709457654660046,-0.6713025938134057
1.0,-0.5152443044559223,-1.013036417478225,-1.2584447497731275,1.700844917928846,-0.10836539137083324
2.0,1.2728731902845365,-0.05873434466088893,0.4366477393484024,-0.17821016567568565,0.026044334937361715
0.0,-0.2283099694265469,-1.3730359372245917,-0.769395296805529,0.001264398577589403,-0.15740929834274497
0.0,-0.11413941314597299,0.2979061141196299,-0.14663572147591242,1.9137732572311499,-0.9022258827230263
2.0,1.7507879590161828,0.38205031246401594,-0.7643309846180218,0.06494154285608045,0.360922049468013
2.0,0.4839669771836119,1.7406074370900313,0.4326332440230265,-0.026091022695276467,3.711723397222446
1.0,-0.9670549096942737,0.04860203380514088,-0.8286971762895213,-0.8618278676286812,-0.48014387423939536
2.0,-0.16689062202394592,0.4235013927110659,2.027185928068877,-0.6204585734425943,1.1479864412189253
2.0,-2.4431487508280485,-0.8206326141277733,0.9265163038869358,0.13926328484102565,2.3568004087103382
0.0,1.286978889285071,-2.0937934613831346,-0.05065257874409149,0.8556288052925868,0.9055629808351483
0.0,-0.8877678186517337,0.926076154935939,-0.45437758725919564,2.818328645252978,1.3342564136419481
0.0,0.323592097589655,0.27541101286412656,0.07367959607774313,-0.6156500840172451,-0.9457428523691402
2.0,-0.5851150868961972,3.2793263665566217,0.9588887653389171,-0.2568398471730905,5.885351524680864
2.0,-0.26975957108165866,2.7063328263990303,-0.547577194267385,-0.06658009384246819,-1.989096574684792
2.0,0.018810921819236975,0.5338131203430044,-1.4854196671106639,-0.4816172010600336,-0.9712414125681811
0.0,2.9633909294871197,-0.5607349437514721,0.6919852909698607,-0.018561972169343716,0.8615578962878491
0.0,-0.1767126252309304,-0.3316547887191057,0.8071644568210486,1.3486794126252963,-0.13621163366615732
1.0,-3.158050032638553,-0.47928490833268084,-1.208638960548243,-0.8562310653305327,-0.07456356351764243
1.0,0.48166142412878293,0.255049582639478,-0.01031180111241038,1.069684566955516,-1.109554990049324
0.0,0.34896650741772606,0.4118052299471621,-0.39547109068152225,-1.1098324121593968,-0.6853843705120825
2.0,-0.5030764130272861,-0.2209817546472712,-0.018226963322634338,-0.4838025613720225,0.7401138764041402
0.0,0.35126042199849405,-0.4082481371436579,-1.125103731287513,0.32074629165571805,1.0736181427391236
2.0,-0.9625511865562583,1.6040825733698694,-0.6972101068501456,-0.017674460044586726,1.5114822048909717
0.0,-0.8883323285592556,0.9500147433926279,0.6416045615906564,-0.4196659827689035,-0.21654681242378807
1.0,1.093322691295815,0.03403701457933797,0.0032287019927044894,0.41546511674424036,-0.5328014823602623
0.0,1.1120328349806707,1.221691737962615,-1.384037514714071,-0.058448160799617496,0.9491437381568737
1.0,-0.4078585245264603,-1.061853989719451,-0.26528963111334153,0.40528508268246793,0.09963379835217004
0.0,0.37776244271921683,0.3296413653602304,0.10928458088449304,-0.3811309048999144,-1.2087012252110918
1.0,-0.4725105365581651,-0.5879357198483078,0.8709152627300375,0.8184884509808674,-0.3801900678402259
0.0,-2.4292571114238317,-1.9527883990424482,0.6859733449140344,0.9134900259426668,-0.2565413922805574
2.0,-0.29578859379769307,0.6903678174828446,0.4262521282884524,0.5282102879935704,-0.15696769548820744
1.0,0.027785654797970325,-0.30403319366496045,-0.14430877268676132,-0.2268589364720536,0.2895742234180891
1.0,-1.1924762886164078,-1.031726515880283,-1.060173602065659,0.23799365291931043,-0.7677815999264396
1.0,-0.404156826498574,-0.6645206432485464,-1.0583843195597853,-0.31073804300881,-0.2078893659571641
1.0,0.10082975198998557,-0.18514943485094043,0.11529943826213089,0.3997075724540588,-0.5354545297866222
0.0,0.8982862769493991,-0.11585834424743056,-0.5329032634485407,0.4003472732443737,-0.17943617890204433
0.0,-0.9020669972535879,-0.3814771139246631,-1.3089489468169595,1.2079214072978737,-0.7224621543892039
1.0,-0.08774412801733131,0.2775375321847614,0.1672171862742305,0.34864850278238896,0.42525179092284293
0.0,-0.08687548135895466,-0.6551741354475804,-1.5239870556534292,0.24720452793987843,-0.5480856502176844
1.0,1.8869212778370397,0.042646996636020895,0.682139659193791,-0.9446803160506194,-0.6177329647035448
0.0,1.3329907248143382,-1.507769339815986,0.5611913166541471,0.42911401166292423,0.14122662616223924
2.0,1.5620985375834076,-0.014357617836202478,0.4534101537067649,0.17042917278119699,-0.27369578972309405
0.0,1.4900815309402509,-0.28203400330781186,-0.5179872608244791,0.4227065637148033,-0.24874706278404551
2.0,0.29710282565149826,0.046387862582514275,-1.3372134499283472,0.282471147078333,0.2604467456936284
0.0,1.1557650306890763,-0.48838060756738233,1.5813477745076476,0.6369258576008145,-0.43893662868932337
1.0,-0.009187534288004229,1.0078115021744025,0.4023378743074277,0.36510516529086734,-0.08632709153099957
2.0,-0.9739716253823716,-0.49178759894659996,-0.0014673093767444425,2.094005382403362,-0.2811040845436281
1.0,1.4751329203268908,-0.7899707048713664,-0.8664612749684689,-0.4179294610789844,0.5768358305288369
