2.0,0.09625203830200318,-1.021051531406687,-1.6877830000065666,0.6784718896758996,2.466042458738163
0.0,1.1667632721300003,1.1767907780825932,-1.1359146735591485,1.0115760795866702,-1.3060208594236427
0.0,-0.20353537862102966,-0.6117657606580585,0.34758399767655584,-1.0367365019159962,-0.5044994789415918
2.0,-0.3734198141391543,0.454022457262674,0.47273751300310607,0.14029315885222127,-0.23539019191540003
1.0,-0.10425520484174813,-1.1112600368923975,-2.213556675507191,0.4125955496558693,0.3441403143152571
1.0,-0.5659463197244003,0.4389797719930058,-0.9021084525208422,0.08200143259190815,-1.7220495650151733
0.0,-0.8171926303677469,1.340314644377094,-1.033577417728507,0.30766773618618387,-0.7182874825786483
1.0,-0.01483525022053209,-1.2651784940034305,-0.9708298778409046,-0.7868699021710595,0.5871516721565085
2.0,1.5222758604226752,0.8456697222095282,-1.6040396990354933,-0.8715956268600994,0.7645142456471673
0.0,0.3711549083350423,-0.8290345398018607,1.3821173264163795,-0.46416772170937304,-0.7904601677702824
0.0,0.5787729870023509,-1.5415875736102074,-1.6264144084566718,0.8784317013520818,-0.04065960269096714
2.0,1.7102961269058843,0.8625444086002648,0.7944019843287963,-0.48952510522432335,1.1191892938497556
2.0,0.6403726867552522,-0.3201862384565441,0.7218336659556097,1.30692443150121,0.5486897484335955
2.0,-1.3892909885142826,-1.4686784204042913,-0.07499812644291141,-0.5880595514215019,-0.05178943379664321
2.0,-0.8460145314007548,-0.4791354301553282,1.227389735999879,-1.8099751239774313,-1.0024206448372956
1.0,-0.8171048153629871,1.6731828404725462,-0.1582804030692428,0.9776136721532558,-0.8660797811837586
0.0,-0.714492011128796,-0.6270128479709008,-0.1280891342366456,-1.0744158038138512,-0.1369232325015087
2.0,-1.2503328161164975,-0.22444721524657266,0.9427470937359973,-0.6328463623941287,-1.2736903801794106
1.0,-1.213859045713397,-0.13070241706548316,0.8347737520773603,0.629724675064048,-0.8444826951391149
1.0,1.619837880187412,-0.3560092578762102,-0.1325194367726399,-0.6070664726613475,0.07331829180169688
1.0,-2.890678594336342,-0.7989789896128683,0.13751420219389682,-0.8596733945506303,-0.27790358442991026
0.0,0.12307495123188637,1.4484366515247364,-0.6833264249916936,1.187411329715861,-0.6927638081728171
2.0,-0.2353482899329179,-0.7645822636750502,-1.2039260218605634,0.2194946736386258,-0.2825506196169268
1.0,-1.2744723336321826,0.49559491948806744,1.2077360911457955,0.4232373540099218,1.683523547991951
2.0,0.2246302487478156,-0.2496650011688761,-0.27262443862317737,1.67278508186077,1.6530193021707373
0.0,0.23676463692012134,0.9098142581722145,-1.011949443684139,-0.6013981019985141,1.6393825554301225
2.0,0.6869968463741741,-0.4206876052669556,0.08603724370900431,1.1952425144012746,0.19026308877209472
0.0,2.272235170905841,0.9558505801642444,0.512661030906822,-1.2684682596477033,-0.36889047222148147
1.0,1.2420164315503999,0.0765680852045733,-0.006831614768041559,1.3183038754790126,0.9265652380448659
0.0,0.9954218000904448,-1.4816609982748414,-0.3966557226398033,0.8603663480258119,0.851438410029729
2.0,-0.9115789236402772,-0.594264608501675,1.1726598275400666,-0.21903846089385778,0.3575421808606253
1.0,1.230162188745348,-0.37933955929380253,0.47168572731517316,0.3922775090153931,0.43116874275479766
1.0,-0.40894875894882204,-1.328327213121712,0.020295553597289708,-1.2771845883277264,0.5683239323758096
0.0,1.467767440294667,0.30309139723509054,1.4658633337903026,1.157438186277978,0.7323047851034229
1.0,-0.0105953116205905,-0.424801701224579,0.08060082448376182,-0.4991986282416835,-0.6043409526632215
1.0,-0.8232997238531651,0.26902889463650276,-0.8368964375001864,-0.38001384287163625,-0.7771592802121385
1.0,-0.25774939374102934,0.13726058626012624,-0.18756172849808567,-0.16290687229570577,-1.4194029837949376
0.0,-0.19613742032778492,0.5819876610020671,0.967036607306499,-0.25793209068523054,-0.8210635290623678
2.0,-0.913810979023496,1.1896767008497229,-0.24980062209298773,-0.19479604319149887,-0.46988648835287555
0.0,-0.7415226801143325,0.3373831249661297,0.7761541359601757,-0.9715107533095814,0.3026317721237326
1.0,0.33495266957516645,-0.9813258434510413,0.5555891637335922,-1.582824223171737,0.8132381764292705
0.0,0.015417276951386968,-1.7949254589777264,0.1400072570467621,-0.797799348000938,-0.5211606867146279
0.0,-0.6870383994534155,0.19764025870280968,1.4379236942352782,-1.6286630143819476,-0.9833279456242093
2.0,1.092810882890436,-0.053962729087678345,0.2101926239689771,-0.9494536017825302,-0.06241944701827411
0.0,0.9912678029792777,0.39020466977452134,0.27339962162024034,0.418058748139181,-1.0480502552432234
1.0,-1.2533418840707369,-0.014471457403003013,-2.0625338141514025,-0.12157100188123449,-0.0724634158569491
0.0,0.011185273895724,0.30741100251226755,2.0937719440728735,1.0486101096317435,-0.877554557460049
1.0,0.6957769994189513,2.0353068457891075,0.38190176418933,0.20164273271364344,-1.5343678335280906
0.0,0.35001953926067564,-1.6082658847932487,-1.1992665428654203,1.8032493703277572,0.6552490954469106
1.0,0.4362776988589718,2.5785247497717614,-0.4468927711614125,-1.3441670485155028,0.826809617281839
0.0,-0.032925796268737616,1.4087732760110052,-0.002687078730935699,-0.025475041196215412,-0.6318059298151446
2.0,0.13199251609221355,1.2581851977072458,0.2994284923086479,0.7056997781247973,1.444963688127935
1.0,0.3209084979127207,0.1910214997255362,-0.15634667796843393,-0.75282322839233,0.023801427386699783
1.0,0.11981625430781707,1.012369807302462,0.5071014734462366,0.5443369944436467,-0.916035667938437
0.0,0.7144987782201938,-0.8786724872001929,0.7577444160790852,0.9553669872700876,0.25813428517159953
1.0,-0.5512880237610521,-1.3741408783567564,0.7309596876629108,0.9586184224267946,0.7976918357612808
2.0,-1.2002824637297707,0.5840029406157673,0.45252317630237704,-0.8230480582891018,-0.43762574341189997
0.0,1.449761544765912,-0.9864106097507432,0.1510887284726645,0.48464136671592023,0.036132718262656634
0.0,-0.34638867227012193,-0.3328485366431447,-0.8577418889072221,0.5527682070561108,0.5746416006236869
2.0,-0.524069784607256,1.3107358152738566,-0.9077310143102993,0.005518743130408993,-0.9503517730854318
1.0,0.9355129622656716,0.9031068537569682,-1.1218139171270383,-0.10926745234565566,-0.037504285254363966
2.0,-0.26435282378510583,2.097271119229979,-0.6318690731577511,3.0238843301814535,-0.5185862966508148
2.0,-0.8441400771269497,1.8589423339556694,-0.511671598723435,0.5076286564781409,-1.1122289316808731
2.0,-0.6239149603798735,1.5440230689063634,1.2432996297984125,3.8934628031702316,1.0994017527987323
1.0,0.28372557545431987,0.24772580312108966,-1.2603527262343426,0.275252305828489,-0.017820365611496972
1.0,1.411362878089331,0.7072690356983584,1.8848765694096172,1.000385176635709,-0.8451256908130289
0.0,0.8822752196128058,0.0066081899610737046,0.27625010997756544,0.29369254537174755,-0.39208048137102575
0.0,1.0404881405687898,0.08070527668440497,0.04536884745299731,0.5124394675053712,0.6141624929377287
2.0,1.5954713867706747,-1.2552548546557074,0.1444377485988433,-0.28307987024580505,0.2607489190544706
2.0,1.6248500521478169,-0.31991964975056064,0.3943811960920575,-0.4596896600615151,-0.5711583623018145
2.0,-0.3138019362944062,-0.11584042273931726,0.7903344401501521,-0.9266094486127542,-0.790450796544565
2.0,-0.577238197696847,0.0008054120039882742,1.3460383103885463,3.5460465437566837,-0.6005073180260811
