1.0,1.0318688296124885,-0.6769761031227305,1.3530854154175036,-0.24264415802176026,0.20598176823144398
0.0,0.6713278403808911,1.187143612209076,0.7564972683883294,2.3968731614741876,0.9188869219649072
1.0,-1.2037044203285279,0.705829007090925,1.56936112719703,0.33704612637728537,-0.7626896227092868
2.0,2.49962919885739,0.3829062721168178,0.9286476259653362,0.7559865179015614,0.518412841980622
0.0,-0.32572958159846466,-2.3408228484802454,0.4362020187450591,-0.5733946428719406,-0.12010075961053511
0.0,0.2266210557119125,1.5210550002871503,-0.14436939904368581,-1.3374883826741377,-0.9595724308414628
2.0,-0.4321639785193817,0.994539612509368,-1.7398855362635246,-0.9508371160652068,0.5642670454113448
2.0,0.6972332740695668,1.3205998502003864,0.7407154498432363,0.5194814311174655,0.1453701246395326
0.0,1.7948587116152694,-0.7683470332518745,0.5892433748371377,0.9185552662036758,-0.022744858016153262
1.0,0.2701874325741295,-1.3098535501904764,0.7933044296340473,-0.5482019424724807,0.23097931338486655
2.0,-1.15199030831945,1.1094263995861477,0.09140721552362385,-0.4899395431532493,-0.8415908330326346
2.0,0.754520759453369,0.04367665525017031,1.129785285635097,1.1866405874775328,-0.14665000798242228
1.0,0.42968112843394896,0.160909025967298,0.7010608114843495,-0.4499610824983198,-0.4676472830045172
0.0,0.7328543336860396,0.07697127565566889,1.0579833561296832,-0.31221802303240026,-0.5711716143979189
2.0,-1.2725983399737264,0.34439683193769666,2.4669303481479754,-1.0375394657553696,0.6678081514703963
1.0,0.7498552263455975,0.21420381618461917,0.21802253142726732,1.4908331624997262,-0.7897151911777811
2.0,-0.24839910956432312,0.9578408373773436,0.22161824436434638,-0.09103590570524546,-0.6484359699809974
2.0,0.14507486892136687,1.6185107330597774,-0.20134477516952065,-0.9204232671054848,1.0533856086760298
0.0,1.0658414901673194,0.44244672708609617,-0.028532189709539236,-0.6814383731497993,-0.7206566243564816
1.0,-0.768293738232244,0.3852762678963034,-0.8097098526427438,0.21729994814830594,-0.43367296112149417
2.0,-1.2187874974897057,1.2215041447460846,-0.20693238798621572,-0.8699901947987141,0.6045670481160836
0.0,1.364567329853308,1.0612669488662287,-1.5720797371644883,1.0057290247933113,-0.9183956248229893
1.0,-2.021522811552383,-0.6282183750561217,-0.6795944861913518,1.0272401868878598,-0.5507809278546383
1.0,0.2806098202588968,0.06305544358882018,-0.254163661430735,0.7839422717547854,0.5088977927406659
1.0,0.8430218382965156,0.2921684186107548,-1.4193705583011595,0.7696338713109593,0.5259438539296395
2.0,-0.3015005033350075,3.312532557385098,0.3489303561545387,-0.9386812013369678,1.6065159394538462
1.0,0.5564901372077782,-0.31124875520595224,0.5050884760125338,-0.38811499541336086,-0.4814941113684193
1.0,-0.707247254337904,0.08610140515845251,0.9332719441908149,1.8980706587875948,-0.08138702678490756
0.0,-0.8556550919291094,-1.0162051583367693,0.2853781114026779,-0.34141311683605813,0.1269830474332466
0.0,1.6171760036557852,-0.24940473408231023,0.3343606385379129,-1.2429829162468815,-0.09221424272211905
1.0,0.45727944917261665,-1.432194684377451,-1.7409639113787059,-0.5443940160778465,0.44789981370436766
2.0,0.4803516419182567,-0.8919589736629754,0.8809410849859701,1.3418787325045751,0.11418823963744082
0.0,-1.7495294376733448,1.1508374284814555,0.3119509468285069,-0.988893814315064,0.3191934049466747
1.0,0.3241005735393837,-0.11102308574003467,1.5830900120569718,-0.7602580328947034,-0.5591957457362188
0.0,1.370073075397527,0.22369829641999456,-0.5507854917329966,0.5526886491511963,-0.48593102193352145
1.0,1.538600035524156,0.21560293371374314,0.31736850266445715,0.9445252613940899,-0.31950687527110405
0.0,0.2677455049322217,-0.9440076853358256,0.01582848036320782,-0.6676344664484358,-0.37052455634442544
2.0,-0.799662187242399,-0.48644927046004477,-0.4187891611660675,-0.749952681571324,1.1247314549302496
0.0,0.9274707848419766,0.5637139292824824,0.328869356116717,-0.5685972637072999,-0.4713488553663229
1.0,-1.4550676942880598,-0.8925997557346852,1.3000801896258904,-1.5540722469107715,-0.6462352310495231
0.0,-0.7288301425412195,-2.329925208696473,-0.6677956959395843,-0.33581749671048255,0.4691096331681814
0.0,-0.08855196522795886,1.5411402281694626,-0.9223153579357134,2.7334904572973224,0.6430482943749825
1.0,0.3101070927679315,-0.4150649749679941,-0.3398810922411353,-0.0751109411289896,-0.5234012376808728
0.0,-0.41103712218569316,-0.9853008452491153,-0.3613213650799737,-0.803153140730517,-0.037625420422778666
1.0,1.3791110884303577,0.4196087574969871,-2.0781956975126676,-0.8876983863473396,0.7424942131211618
0.0,0.7504834538749988,0.4459401431441054,-0.5603758116943288,1.1927426077141878,-0.39363200506189816
2.0,-0.4352349477054627,0.6636657782274774,-1.8710681926159138,-0.6579225306770963,-0.44003726573952856
0.0,0.9193390778149819,3.4373004891220127,0.14866669913211525,-0.5662879576164223,4.770004087332174
1.0,-1.386258459276039,-1.3816114992073665,0.5356701982947144,0.19475304075755384,-0.5974803161923168
0.0,0.3299157717259567,-0.8012442542356494,-1.0851129863653968,-0.44596704350935856,0.5981873751414142
2.0,-0.590889494401657,-0.6329373155839558,1.382944214564929,-2.8070361946731834,-0.6248821698109411
1.0,0.7791953495366799,-0.203050568897557,0.45966625824591156,-0.4808043632035652,2.1504225120580345
1.0,-0.4031158859865092,-0.043690016818431585,-0.6496819851957386,0.5016419149293506,-0.3598931883980102
0.0,-1.0600866778875715,-0.15115868004970215,1.429041445930529,0.4752431355005519,-1.1971017939083226
2.0,-1.8584380237787217,-0.5071807723123631,0.5049184417443134,-1.0790277421724164,-0.3582349396223272
2.0,-1.543372520598887,-1.5025866378425117,-1.0858833739076088,1.9527279352685487,1.6782372127354583
0.0,-0.4561926361995457,-0.6533214382392913,0.8183645485811948,0.3099627253982964,-1.0691308433765503
0.0,0.9713187463533157,-1.1512174660488383,0.6238179434824449,-0.24191110456244902,-0.2081556084070562
2.0,-0.4545921677119758,-0.5072747249121682,1.2814987603071792,-0.37832983809796095,-0.8485521462879866
1.0,-0.8406944672762791,-0.21019626004048073,-0.8514353512673447,-0.9840637148012975,1.0263672029198265
2.0,0.598861768521548,0.5810551462907926,0.9503346529894598,-0.07072709731755376,1.846462899543175
2.0,-0.49765442949882766,0.21036604198082737,2.201373213343174,-0.0771399215633407,-0.3538215068391977
2.0,-0.47445786716362714,-0.09240345454885854,-0.8736780331067182,-1.05922105585669,-0.31361943017200955
1.0,-0.3926684984698745,-0.8726779769031373,0.013984663717439486,1.0925798054443132,-0.24280299071212372
0.0,0.6077628697177311,-0.09390865742651668,-0.7604249231860016,0.9445922531490745,-0.6125357055119115
0.0,0.913390392246685,-0.863501026812263,-1.0261074283493539,-0.8373794182868604,-0.6209184695756463
1.0,-1.208226970508782,-2.1564328244200506,-0.32330883729002036,-1.5545891507951595,1.2491637493171013
2.0,-1.1358701101330617,-1.8250564139857797,-0.4209264940633352,0.4115492921215197,0.3511656259926523
2.0,0.09903161289303619,0.8376080191600977,1.742565896216185,0.4863746666764806,-1.3283017701608757
2.0,0.7502145877887264,-0.2730421078868026,0.7727814885372817,-1.303464009413062,-0.01431483971045506
2.0,-0.14545098129993428,-0.9960306463942996,0.018887776151292144,-0.8401725541914534,0.20419204083627776
