0.0,-1.0180506463027188,-0.47520561389969235,-1.1480937603398214,2.9732162746825876,-0.3144509248444952
1.0,-1.9170031784386667,-0.3122300411082237,-0.966775066961945,-0.29265874362781213,-0.6827518902531746
2.0,0.5349748708543766,1.164097147507593,-0.987280662342532,0.014399121802750218,-0.5680633552516298
2.0,-0.8213579086865074,0.22090122506734675,1.9385188527969164,-0.3843217502376206,-0.795465841200723
2.0,0.668607904460809,0.6571225342179471,-1.2067246186179192,0.5680052420348798,-0.5848644779618457
2.0,-0.4865519259669218,-0.3370681920073013,-1.1239035279694432,-0.8105685684454211,-0.39504140856635306
2.0,-0.02570651005979679,-0.16159969335277152,0.046137831136369795,-1.3808777655213518,-0.0158412367455927
1.0,1.129640966405474,-0.1271427430324175,-0.61841960787088,1.083144124273411,1.6965146563885425
1.0,-0.4995542726451467,0.6113583922153705,-1.6285936357382231,0.4323520592574033,0.23870040178941612
2.0,-0.0408966472741991,-0.21443097219171073,-1.2437299405265627,-1.439556645782414,0.7826926550108754
0.0,1.7816078669010953,0.4179726320594681,0.5951245297741311,1.240746191813963,3.7653188100960073
0.0,1.7964990392163054,0.35271262110106993,-0.4292137523750768,0.7777406570745564,0.6981407588814871
2.0,0.9163550496348546,0.6132973927602594,0.8377643969867332,0.713237365017012,0.9854968259126128
1.0,0.02981702707817731,0.2326049423437646,0.763200195095489,-0.08541931060151388,-1.8311075297265822
0.0,-0.5571812534394401,0.8710159982165367,-0.24121000266548634,-1.5213317120496852,1.111942354828376
0.0,0.14679295291339692,-0.9642648525020748,0.6069095191677644,-0.5394198774538129,1.011785263776701
1.0,0.7535403127320027,-1.2819383502660175,-0.561400578316847,0.8367112342184685,0.45749260920226986
0.0,1.0479916769597546,0.7747586849213549,-0.2507135723935783,-1.7349958086423063,0.2128864373925601
2.0,-0.11489259933436916,-1.7487703608265015,-0.21118513874910225,-0.5595184117017457,-0.1352414950668122
2.0,-1.4295570232712171,-1.0051803238061388,-0.200843411722745,-0.9001665871472236,-0.3922909709014274
2.0,-0.34352306426287743,0.36063274749570523,-0.5380613669639687,-0.1590087155565616,-0.0533928128473129
1.0,-0.4895801773400277,1.3778249994070637,0.023006487063664535,-0.9363148340251493,-1.3882211437282748
1.0,-1.725674904210401,0.18079669193911274,-1.8648589448319106,0.1722664029655877,-0.2531619837690845
1.0,-1.7588106986835497,0.5347353506051813,-0.11228994980048224,-1.5215072959765716,-0.5295482042632635
2.0,-0.8551877145699671,1.5687642507448265,-0.7179232070960126,-0.8926636151528509,-0.8261810642438742
0.0,-0.04592533698030465,-0.9555426849974671,-1.341448067862076,-0.39447044212256027,0.2974244259784912
0.0,0.9057122684364218,0.37102188800170804,1.8789880694377727,0.7102606411377964,-0.5731003872691003
2.0,-1.1399572258194097,-0.42476467353854525,-2.920136778942765,-0.7230699142429658,-0.49798107951454723
2.0,-0.9324509976774257,1.8580961286706614,-0.10787940493426511,-0.029991732715741983,-0.16616336203994356
1.0,0.06688449233692452,0.3356157769738226,-0.3604242338680414,0.1601226049214261,-1.4896973332109094
1.0,-0.4362942762713346,-0.8251155612318292,-1.0885720527625597,-0.04732713928903546,-0.006454431989795
2.0,0.725180929658113,1.2804420554037415,-1.2287274067687592,0.2675595201060395,0.6911174726470176
0.0,-0.16600203015304485,1.1915448337996024,0.6499027995857735,1.2266033903976565,-1.0486502644317532
0.0,-0.608849710357739,0.26757708041159,0.5216118932048136,0.1721596316984311,-0.30675073156675103
0.0,-1.3373061388444363,-1.0598577311968593,0.09087269122038018,-0.07533472128836632,-0.6649531165324056
2.0,-0.9245808225445032,0.16364179367212334,2.808615894589087,2.6426290335577307,-0.760810881718979
2.0,0.19161933170284268,-0.5758337702002385,-0.1848625535468342,0.9860505356786097,0.29967108155762984
1.0,-0.47333728480336795,-2.3876301108953335,0.3886137243512898,0.9729446198186081,0.34277554298053703
0.0,0.563643094056339,0.16956506169177507,-1.1543662879519245,0.8702498588335656,0.30078834599169874
0.0,-1.4627658535372339,-1.046065002322281,-0.27395683693720696,0.46443146558266707,-0.4419549989993091
1.0,0.05621725748219034,-1.3393124577019895,0.09415175154234434,-0.030191001928344403,0.5476616569942397
1.0,-0.32465897959977114,-2.035655762201413,-0.7803616433025663,0.6920387360148996,-0.09290373042914939
0.0,1.4196019688590895,-0.43981595661840206,-1.987767813394662,-0.8865336509517742,-0.23279576733919174
2.0,-1.2100908522129157,1.9546892269558342,0.39168405761130437,3.539636994999482,0.13108836479727076
1.0,-0.01280335036224935,-0.5820536340809078,-1.709810624070465,0.3011142689348571,-0.21060577802276656
2.0,1.1368760972183523,1.1500519940480662,0.7014675627858515,1.54837497645623,1.9670846418026358
1.0,-0.6064768896009755,-2.2419511317440817,-0.5641666469399583,0.28822883702173085,-0.17943488560688323
1.0,1.187505697057982,-1.3714328756328593,0.5504610471130169,-0.46666999604186404,-0.01995533031224986
1.0,-0.10753279811137843,1.6240204143854096,-2.699329692867507,-0.8199282198616824,-0.9274071763711689
0.0,1.9475931732129927,-0.7652804836722447,-0.3628039725270982,-0.2785433535810744,0.9052376323367354
1.0,-0.08369963414507177,-1.3409241848203157,-0.18682171042680076,0.788267898253945,-0.46068168849809166
0.0,1.1494198895963277,1.2197339593398986,2.1304333367503467,-0.6198257205723839,0.493454973879679
1.0,-0.08196358314470335,0.9334743041333335,1.029836082398004,-0.5239331961300038,0.2626827947818564
0.0,0.14636243517194167,-0.04962878151492486,0.20104802332033767,-0.031158493241073375,-0.28701568533915883
2.0,0.43124743816684236,1.7088851973482528,-2.810222695418556,0.05453885562659235,-0.05956135215232599
0.0,0.17771908632718156,0.26854431039253385,-1.6024222671371922,-0.16695326551894382,-0.15837033753965396
2.0,0.1967053324624979,-0.2330705469591932,-0.4015965733049406,-0.5103836038438156,-0.10489689930063893
0.0,0.17018953049093502,-1.464518228710111,0.43203214619133307,-0.7198229641968785,-0.278918098435227
1.0,0.9315323126042724,-0.6743825869917495,-0.22486907463653122,1.06542190745352,-0.6030652374559877
1.0,0.35524589019141334,1.021850660788505,0.42053990329253305,-2.150273646236786,-0.3340358797794835
0.0,-0.9787208035949806,-0.2771611181899246,0.9291995183123736,1.2779913111250565,-1.4538966641496167
0.0,0.32732874328915795,-0.8731820666840574,0.6210042153946757,-0.38188667672050897,-0.4784372464809179
1.0,-1.0932024402403744,1.2603759123606346,1.805375715674369,-0.944175401156559,-1.3743237338297092
0.0,-1.169222371428986,-1.5011032920518896,-0.7819389278283667,-0.685600112775248,0.7176928828754046
1.0,-0.6468607603796774,0.09360446285895474,-0.4192325771908783,0.3822409257279505,-0.544564390328399
2.0,1.8395188638563045,0.623981844092916,-1.0106943941510698,1.2920690484268869,0.20185868097670517
0.0,-2.269690824614504,0.39761800440151723,1.090328502653916,0.9895512811849472,-1.9197609731400989
2.0,-0.18576807338386978,-0.17278130234461406,-1.424983137876572,0.7283693184484206,-0.755418699466821
0.0,-0.8988452845965719,1.0473373272149993,-0.20377013122265447,0.16915743418993515,-0.42454677590166906
1.0,-0.9168116660055023,-0.5078279311919486,0.9435310455918361,-1.088188474643822,-0.7871288609796427
2.0,-0.9814780728225916,0.1432074064353772,-1.2676016760809634,-1.124097944121642,-0.6485376773827572
2.0,0.08544356632281798,-0.38254367232523023,-0.17270685664096366,0.12002539489832553,1.4527816879118176
