0.0,-0.375454925137984,-1.355754162632706,0.8395771653965776,-0.9497130432298071,-0.02715984377611416
1.0,0.6296374806944119,-0.7326784962818008,1.1067602715788896,-0.7446968598504075,0.45191948781811314
2.0,-0.7429787216272555,0.6835672559194905,-0.957545449073589,-0.014229434819682618,-1.335907332421302
2.0,0.47017731754758074,-0.6651545513887732,0.28818388685491514,-1.1014032781808565,0.5634470073907244
0.0,0.4539600325711409,-1.3236249040244445,-0.21818367044574685,0.49944021919997383,-0.21643936623029036
0.0,1.5136206776993717,0.49732361699872635,-1.0890577480373158,-0.6359505631175705,-0.1438193690387868
2.0,0.3145467361997263,-0.891577407487659,-0.9307362639630333,0.6679491498348297,-0.10313382359860294
0.0,0.5881768369732121,-0.16301461063901948,2.056464458616913,1.9215457975970611,0.013709688129778493
0.0,-0.018480344919437848,0.034032793880793055,-0.2991449606509911,1.1066956255179057,-0.48266038176212944
0.0,-1.0501261479699284,-0.47944056604938445,-0.24707245862135876,-0.9056541472622467,-0.21509107713217715
1.0,-2.2328640185999697,-0.0004826174838096999,1.111675994501144,3.800633470449017,-0.48119029171569666
2.0,1.3932691798990806,-1.2019127481650629,0.5683562051241529,-1.4226621238238581,0.8718059794832587
2.0,-0.9089802651307018,0.02960612007617542,0.25756272243840395,0.992644398796446,-0.643513836947935
2.0,0.31841717922951596,-0.23818125579322078,0.630231213123355,-0.293021077990817,-0.22645255902291847
0.0,0.37275107435704313,0.06864275825873738,0.3076347250742617,-0.1440731737296702,0.0648399360311594
2.0,0.10577619397327272,-1.1891146870475924,-0.7663979297294184,-0.5636335948631747,1.0811960761302455
1.0,-1.577870110964494,-1.1440723288556378,-1.2158508434523947,0.02913664503257169,-0.2668394038394621
2.0,0.012043145118266554,1.3018419692041365,-0.6772852391876644,-0.1190935123105441,0.10860486169625712
0.0,1.5486716020637623,0.4248950058648194,1.0950697832808014,1.43399974912855,1.766075656575314
1.0,-0.06914048097846327,-0.8593004583724762,0.3790954901992872,-0.4336920556045251,0.8152591613885956
0.0,0.6608589653943581,-0.22446019380224863,0.9754640319877077,1.7415934853237782,-0.7251908315424042
0.0,1.9247974426801315,-0.174987952697516,0.7727509376502274,-0.08187709818930462,0.20792985820141602
0.0,0.14647292076282561,0.09206509201639762,-0.18127725884218968,0.2638638375214293,-0.29255566346386996
2.0,-0.46147172551199556,1.5724808131445331,-0.6419840756704084,0.9230311508275391,1.7093773946727506
2.0,0.36040873902770476,-0.1622696937930326,-0.8146688952425593,-0.36481039136398197,0.8980084551684308
2.0,0.1156118206426464,0.6223893889064661,0.8866617718814027,-0.32901237306734255,-0.6975591329001638
2.0,1.5315473542704343,0.9947678367216195,1.406627570572521,0.14208605639147745,0.14301186836625635
1.0,0.03534866873618576,0.718630114491905,-0.4043909210000793,-0.8772283655359084,1.391919957509977
2.0,1.9463919043468045,1.5449927969248847,-1.3637463787482367,0.07218914784298708,-0.14576519906225816
2.0,0.18789315556301242,0.5801040047962671,0.6328759724102251,-0.45956257655577504,1.9595810745631257
1.0,-0.04414973213357047,-0.1758495056180931,1.0748909610615143,-0.8314850404719939,-0.9838291968359089
1.0,0.662757540441374,0.07556209461675471,-0.7929058779317283,2.5536159944305807,-0.44964849407089846
1.0,0.24877498055288855,-0.45938634111548776,0.911764937452859,1.3927425174197685,-0.685818401927306
1.0,-0.34228376163160623,0.31286672548522393,-1.4345939372632135,-0.05376108773730516,-1.4375856427007663
0.0,1.261304798889624,-0.022455355337420095,0.769715526059385,-0.2247661665544388,-0.1456018964655824
2.0,0.04320749993403819,-0.06682908039762443,2.13670619530595,-1.5736740084199903,1.3647480868965793
1.0,0.7008737659115769,0.24344963622930504,-1.012613152192219,0.619597900127668,-0.3294545606143313
1.0,1.2686024262154205,-0.6775771463288465,0.07278044845851443,0.6464944340572314,0.1897951212879383
1.0,-0.6034116804156435,-0.8565554743871695,-0.8710008711694154,0.501614186916162,-0.4807685741536101
1.0,-0.7290912552603959,-1.324505257536122,-1.0458097476908133,1.1166044868301341,-0.5337917007770797
2.0,-1.6354168348124918,0.7080306636574041,1.0339380032797463,-0.06364620235161503,0.07245765167949739
2.0,0.496386511466422,0.6197839710182204,1.255538161837037,0.5846554667344297,-0.06835522772055412
1.0,-0.7230728462077267,-0.9414798274241823,-0.168418338067679,-0.1431732463176911,-0.8844806122968972
0.0,1.0509726497611407,-0.9520112074720414,-0.13022644915947224,-0.12330359272228743,0.350816058736801
2.0,0.6338370694893238,2.377353443400315,-1.4683059744961287,-0.015409124396576228,4.665340988138243
0.0,0.70398866638796,-0.7115193552532142,2.123816545020501,1.0494988827481158,0.5290815090514401
0.0,1.1563540780276378,-0.9532169672081905,-1.6698372336016492,0.07090080811075229,-0.03774590615019432
1.0,1.2382261070289413,0.32786877425729155,-0.5642743074721099,-0.22758704019990866,-0.1417872794375461
0.0,0.9027677219845206,0.42392006309366853,-0.44648103951102797,0.12064924455377136,-0.3963040551978483
1.0,0.4876513330973634,0.2411426879741269,-0.4228042484920713,-1.510446140934448,-0.21257739947729293
1.0,-0.9439833440831792,0.5244244140448444,-0.40284522595285555,-0.1622564219255541,1.0344539893085338
2.0,-0.38406257167989916,1.9816533390111608,-2.792101998253131,-0.5881240513441439,2.24461885153746
2.0,-0.3911838910374761,2.911302711202395,1.5361989794728463,-1.05942010383305,2.934756066780601
2.0,1.44325249288871,-1.0260633106251735,0.32548425751311094,0.6113085186196295,0.3128112976027469
2.0,0.1066338326806397,-0.9015235368461865,-0.8174707943502786,-0.3557800969317619,-0.23923170199786722
2.0,-2.241427411579068,1.9786160478777257,1.7006374779362416,-0.5776388344971355,0.5417054967299871
0.0,-0.22358216546479062,-0.9807770764191173,0.07905189250366934,-1.9961840209513675,0.016447339218668006
0.0,0.9075466273198687,-1.150879696377974,0.4910376700721117,0.2695921889608277,0.7113850704808203
1.0,-0.7140660434694838,1.3620846890390048,-2.4560505422068513,0.1692972280929983,-0.932760821040161
1.0,-0.26494401068762613,0.9285510277414792,0.4867759317475097,-1.7981792886629235,-1.1425501857587645
1.0,0.36990309826458134,-1.0547180725325018,-1.4424711011775926,0.15195748727059527,-0.41676791758196463
1.0,0.6787645402349582,-0.9720579045306362,-0.16234350563928934,0.6118486474030347,0.3541890830504313
0.0,1.0428081005527299,0.9724775945298618,1.031656412083451,-0.5194615812622666,-0.1571294514844827
1.0,-0.15844247678072862,-2.20477262900047,-1.3785911212928788,1.1288735861557315,1.039160674278649
0.0,0.5786825976515033,-0.41849031584764834,-0.48962434892743545,-0.2559375398590483,2.497943079137543
0.0,0.5855099383121273,1.0570307421986649,-0.9793573963394074,-0.26758093088737195,0.22513170362218277
0.0,-0.0797230134077139,1.4966343791710668,0.3707097590911724,1.7013588340912318,-0.1608112197861806
1.0,1.0113609332342695,-0.7740285628848432,-1.28183468420335,-0.07781816937733835,0.6358780426361352
0.0,0.03515091111772704,-1.1919437013973295,1.6205485634571315,1.9392722641318958,0.8514673918332046
1.0,-0.6027012200563232,-0.5955950693132136,-0.8258497303794833,-0.28102478703713574,-0.6539011617440692
2.0,-0.924996370908789,-0.9401242212090944,0.044602589087457914,0.8662837738727505,-0.0334639124849432
0.0,0.3027957234093889,-0.3555885947614252,0.6916157360010132,0.39551169555608323,-0.463037495430149
