1.0,-0.5444063741228291,-0.6129292752253429,0.2189186806720645,-0.41915776329907695,-0.31416467095184153
0.0,0.656001208656816,-0.3379585797027236,1.1215818263396882,-0.8434180710077698,0.19522939925487184
0.0,0.4228593450012896,0.7621032631131556,-1.4657611521001392,-0.09983845593507981,-1.1476080777054265
2.0,0.83365683488815,-0.024697784070167938,1.1156587084781484,0.7191796349420775,-0.49968951143351936
0.0,0.5168902204371766,1.2657733123720507,0.06882764767246988,-0.4995720002190597,-0.48441136460061746
1.0,-0.7420494620895698,-1.3152389927969648,1.2068016349066608,-2.608596463988094,-0.35998842700836986
2.0,0.6435051309147358,0.5963767820874254,-0.4554931200792964,-0.7868863707268905,1.1413685913440537
1.0,-0.3418143515725906,0.36449039085316043,0.09965448227407551,1.5891013314076252,-0.6821189477157811
1.0,0.2962225674323657,-0.7482752342342253,0.7110702227002732,-0.019766313870153446,-0.2689197885714646
0.0,0.5241378268713506,0.020363283314428132,1.0495799667357415,0.6618149472808206,-0.30821597760366226
0.0,-2.0715159436484814,-1.1986553441162942,0.668366034382477,-1.3939452550099731,-0.6449897588239021
1.0,-0.2958074625577226,-0.5924679811454475,-0.7295838817994742,-0.23878735760215916,0.519311727414734
0.0,-0.6056903994427624,-1.4973530876923606,1.3666755572531644,-0.4398704654463461,-0.09291963634384659
2.0,2.1150437483714235,1.0912862038025826,0.32531813690912326,-0.12995005360925146,1.412477946968593
2.0,-0.8122529101909526,0.2852982990628363,-1.2367757654983462,0.02111754393142446,-0.5893152297693104
0.0,0.9871055698120377,0.7450756638313956,-0.28685025711925705,-1.2362848084996143,-0.8132610849009636
1.0,0.8862432819485188,-1.1203919331389767,-0.3819729857635459,0.7072467215560294,1.8129814180685133
1.0,-0.8884184805600441,0.4027199778091451,0.14383658999968918,-0.30906702464458163,-1.656197828725689
2.0,0.09904615744035648,0.016028542129504837,0.042823731552321796,0.15353333912872458,0.39677713721406677
2.0,0.0028838487072096724,1.6015302822259958,-0.3557816986484199,0.2892087364594466,-0.5462838370050627
0.0,0.16925480530600936,0.7320631317582539,-2.098122490297926,2.5176002515965847,-0.06819234500092444
0.0,0.67163424565643,-2.1327798641812468,1.42230224373907,-0.4074049395113767,0.14544376650631116
0.0,1.1988364365983883,-0.8649360616357137,0.386426596742851,0.15119716241997028,0.9531134941487083
2.0,-0.35911997607186896,2.4576611487836466,0.629208747620349,-0.0362112419321528,-0.32507162358414404
2.0,1.0530120665807965,0.8751648000453299,-0.697565290517046,1.0373508170788364,-0.9574255552360277
0.0,-0.650801025084797,-0.3638966934877147,0.29114162625778356,0.24196703693411223,-0.39274363717384175
2.0,0.8567036342387384,1.258969416773105,-1.1531912649199263,-0.041859668840761276,-0.4876640061042125
0.0,0.13290541596817432,1.4604126826917139,0.3974678623797316,0.6452401945695728,-0.3006927440944518
1.0,0.5693587316866299,-0.6096943891260994,-1.6505762044773686,-0.9527244354106466,-0.5151740560701039
2.0,0.6057070681889885,-1.1700498207555825,-0.43713103120471586,-0.05083172840535482,-0.09600106472613737
1.0,-0.23320537792303891,-0.49173923427498034,0.3601821715730998,0.19572969687021438,0.2708028943975051
0.0,-0.9973823607100044,-0.9425826482270869,-1.239151399716746,0.5453273287197619,0.4129003175081866
0.0,-2.146191255716582,0.6417686077395964,-0.45866536014103915,2.6375209189494178,-1.2743508274830784
2.0,0.37812587915224843,-0.3120032200957019,1.0806562511312405,-0.8822816286793768,-0.738162806449976
1.0,0.4934325231838666,0.6776485542449383,1.736625789314066,-0.4539025312751716,-0.7073985481309876
2.0,-0.5833124471616372,-0.9741450221382271,-0.43109366868478777,0.5687928042467141,1.6341045968355252
0.0,1.1933750258652216,0.1387509375484848,-0.3502583532071274,-1.0883161311584322,-0.46420673400369605
0.0,0.266596173751937,1.5043003056359856,-1.8382840825387574,-0.22923007873542495,-1.4268032128480157
0.0,-2.0650349982086893,1.5455178393396993,0.5646453656150989,-0.9740888024036288,0.2702168167312197
2.0,-0.6829160916763557,0.08820140370802858,0.12060866371694251,-0.160251768754071,-0.04884730989990813
0.0,0.07154862148876308,0.7187810425991638,-0.396330051043969,-0.48843477053486617,-0.48730382590549653
2.0,-1.495145744121014,0.18894265937700655,-1.3838567945014666,0.7760588513992918,-1.0295805746148834
1.0,1.296428526585213,0.5222424382839255,-0.17458956885349083,-0.5802544306444433,-0.7655104666982502
2.0,-1.2332192052479636,-0.35048589848517264,-0.2362722834788033,1.2546367406888428,-0.791251348828975
2.0,-0.1256997151574228,-0.02912639663259227,-0.9152908816238838,1.6948818555054206,-0.11869677602571582
1.0,-0.39828305409811443,0.09818014208691149,-0.6992826003968025,0.45965191144226064,-0.6706255783812175
0.0,0.36641567140311343,0.6673650958302869,-0.25336999171892133,-0.6190411692935053,-0.17480857831753488
1.0,-1.0412408193761606,-0.3352200258412529,1.3335769379026787,0.018190602260036114,0.15539562440358787
2.0,-0.06971523159008819,0.1767077368836474,-1.7077319680813625,0.0959272710480808,-0.4144415997222217
1.0,-0.4011684204371815,-1.1267270535771396,-1.0039900172694174,-0.6630298417659599,0.371339389605032
2.0,-0.6072240162561652,1.4208553270899675,-0.5247489611120563,0.1552334090824604,1.3704823920262097
2.0,-0.8219909597406356,1.4889987016671637,0.00015643796015549325,-1.9596752927888696,-1.551646537415785
2.0,1.467111227262047,0.02164217315713022,0.768774779410529,-0.025305708551133118,0.5534072440888428
0.0,-0.32244920131508614,-1.7233020081789756,-0.7563748758140382,0.6491259310372578,0.1681184763366588
1.0,-0.1967540828081143,-1.019107453040177,-0.46717660439535724,-0.31044204165410183,-0.7652742788935792
2.0,0.13707461669272344,-0.5353254518270515,-0.6158069849158232,0.43117014262913345,-0.08925376457012005
0.0,0.8077092053844223,-0.8321472994453554,0.21603086702560317,-0.10089511178658195,0.11041567736307904
1.0,-0.3158735139598103,-0.9685804886048647,-0.6928025538959326,-0.28999895004990095,-0.514574596408923
1.0,1.824219238049259,-1.5487479308631198,0.7832989777125001,1.279728132685346,0.6193773434366882
0.0,0.3010493454047633,-1.0778715483889398,1.829970282271184,1.195084721895263,-0.14007818828014965
0.0,0.6745922167726061,-0.8847705174396607,1.0780312881295921,-0.22103678860328982,0.31373557620121884
1.0,0.20833789029844277,-0.5055252806734775,0.3447857590623904,-0.6663482528861021,-0.4058334004988552
1.0,0.8102154652097602,-1.0465090695910668,-0.3797081823332943,-2.159821454183715,0.45843179444767096
1.0,1.201412828782074,1.122756544370252,0.3239327382470662,1.6397112993111391,0.8883587229703054
2.0,-0.5319333696104378,-0.221017583034548,0.0017555003745509464,-0.6415342171455147,3.048799457853113
1.0,-0.4161766018746554,-0.666910236036467,1.2078134449436444,-0.45399355151726856,-0.6825621767111196
1.0,0.7765212773405641,-0.07214515826042348,0.8830174333140806,1.3924129515961823,1.087458083277
2.0,-0.4644253830343266,-0.43423742330795295,-1.0577297802489878,-1.6870064729116478,-1.2899314602784333
1.0,-0.6207143942021316,-0.10121123156079548,-0.3049457377830453,-2.0016743258185663,0.10651173689570476
2.0,1.0658921755768491,2.447996987516217,1.4538029948796252,-0.9702156208276008,2.01975518815009
1.0,0.5716453881897158,-0.2623637863097324,-0.39974937773081126,0.2813262715721967,-0.7825677203782918
