0.0,1.4588642761212902,1.232413872077973,2.496398000152099,1.4772455614688789,0.8637017591909675
1.0,0.24436321975389763,0.2536196083142593,-0.34040437288890274,-1.1243701350713406,-1.1282544713583276
2.0,0.08787284832436285,1.9143118890625843,0.5075405740267372,1.1062641035757164,2.568060246536602
2.0,-0.19469873575612281,-1.1336894564274018,1.196058355821609,0.47370038983433316,2.1673465379086534
1.0,0.2657688510419023,-0.13850526501510538,0.63698900154104,0.17326621717112423,-0.07694619738565073
2.0,0.33397228897877035,0.08651815016301254,0.2607062757828923,0.848351995579384,-1.0137761753480088
1.0,0.6939809617243694,1.2915331222510016,0.19619353566936326,1.2263858927793316,-0.9864261217561121
0.0,1.46135007366652,0.49388055377319157,-0.9638265849360201,-0.9388861259574363,0.36761471625263753
2.0,-0.45210682630569793,-0.06546868243217624,0.8781804861103457,0.501349453371875,-1.0609564101606337
0.0,1.5812222678092325,0.15856073580488778,0.08146947206767388,-0.6050576069779167,-0.7245630813230652
0.0,1.9867856599226765,0.4327834999668753,0.15367006831110291,0.7139166863704582,0.774589835677116
1.0,-0.11551517116384798,0.16406383824791462,-0.5765619626711507,-0.7329214012814852,-0.007292189414860235
1.0,0.6537293566353004,-0.5875327517125364,1.2082769055589173,-0.1601486353024387,0.053024575195788334
2.0,0.15882863923635604,1.091157327274152,0.15596339738834142,0.1230711659641202,-0.4764505787040531
1.0,-0.46517869891984853,-1.2707622619835273,0.0626693773158424,0.48400053694371364,-0.8262628188618008
0.0,1.8691751901751747,0.4484032025709634,-0.49445205310539375,0.24400736756635605,-0.1627084562087226
0.0,-0.39535393171196953,1.500769326053202,0.3086898297104451,1.2670750503075068,0.4674789901334791
1.0,0.36850564610283654,0.013870409550576664,0.3629198282005498,0.8354309536255163,-1.312536310196497
1.0,-0.6756922129234241,-0.33183375132826864,1.0248559769120285,1.1645597586233118,-0.20576287074577754
1.0,-1.509289046792504,-0.414602694764591,0.9859031097476664,3.2223257654215516,-0.46895511329759193
2.0,0.4194839764105083,-0.41782936868502607,0.686859985452607,0.5402304371005442,0.8909590260622546
2.0,-1.9337903176107571,-0.5094472950301453,1.0836293094817204,0.8164773325496966,0.5937846325783327
0.0,-0.39551993604153063,0.9527720816597964,1.3946312248880042,-0.05430849477612502,0.7925822018508039
1.0,-1.3994214299481262,-0.10486971265771197,0.7132979169154098,-0.4362024657591234,-0.3616540131090465
2.0,-0.07550859430736787,1.3180622917089977,-1.2720336793338565,-0.38427573852678437,2.187207644762235
0.0,-0.8092440612659884,1.5959045760480832,-0.504974749496427,-0.232037945400745,1.042251615333699
0.0,1.1336626327185988,1.2529484473971886,1.1433420652986177,0.08821185710685879,0.2183007014996537
0.0,0.43706467967356494,-1.2675557151481858,1.7705838121912916,1.6402279576819412,0.0659227958574304
1.0,-1.01160967636015,-0.6455072433966561,0.24136284001278055,1.3413271111589307,-0.2208420218493261
2.0,0.26280409133845284,1.170033148182055,-1.2508590919258828,-0.4456014372207404,1.3119340976461131
0.0,-0.7930739705178927,0.8440206003086541,-0.8610377032037012,-0.8647727995927678,-1.616373984017193
2.0,-0.8338116665436366,0.5450651430562921,1.7683534770891653,-0.03604233444735468,-0.724311394762202
0.0,0.3725608758342211,-0.7720160312968305,0.31399633108944586,-0.8288752656073094,0.4409660858877373
2.0,0.3839231434155324,0.46533198755812993,1.3289183590256468,0.04618492896308384,0.3506977834060547
0.0,-0.5304646235391253,0.45854333755063,-0.026489967510566766,1.4306037197548787,0.2705483422905721
2.0,0.22435011252136483,-0.5500001746051102,-0.46539412040746087,-0.051581490849968506,0.13645829336552479
0.0,-0.2679792166789323,-0.20769258598987445,-0.6303126624715744,-0.29669150716230996,-0.8081809866257512
0.0,-0.16513470157248203,0.2844349209736935,-0.5223509874348577,0.3326361941991193,-0.908795001310697
0.0,0.07466497050429428,-0.6778900057903899,-0.09875680141780709,-1.3803857498403747,-0.16234610708763364
2.0,0.347019419412142,-1.1136703801257184,0.2184496248842907,1.1156408690121902,-0.09506019627005384
0.0,0.5415091944125586,-1.042103239776048,1.0756641124237492,-0.315424342510951,1.2113341792146857
0.0,1.4539878794127623,-0.3559662316124461,-0.20026188886130938,-1.1228318401448876,0.16376778208681972
2.0,-0.22883697105618211,1.1803518496095449,1.0075872119504927,-0.24734731557977702,-0.46022339686276464
1.0,0.8693931028319779,-0.8567783620816201,-0.3791587425661347,0.04765824944715913,0.06749652698007459
2.0,-0.6665458603813943,1.914626896181065,-0.4739420305804937,0.07313142449970728,0.3630467952670607
0.0,-2.392051875219973,-2.6909843874486463,-0.5364352923817212,-0.026535450692136902,-0.02049005733204678
1.0,-0.356690507161796,1.0312144021177112,-0.2505090259842612,-1.0828998411731872,0.20399355083904247
1.0,0.8521511344272762,-0.762960307890657,-0.3684014586431732,-1.5260427141753032,0.0831297074731111
2.0,-1.338874629517203,2.2132293691464135,0.7590583402734251,-1.0024047301122443,1.1539988705848494
1.0,-0.45048198906350084,-1.433153131185437,0.1346598095719777,-1.2226759489438352,-0.5431665516942124
1.0,-1.2912048572799504,0.5652573319118352,-0.025512591945694475,-0.49371112943322054,1.3122094986327537
0.0,-0.7681109201044947,-0.5729934275148204,1.5899558241552298,0.6164696687985746,-0.8629461183926455
2.0,0.3108730230985446,1.0858254955134903,-0.5606459322326514,-1.7929090758040973,-1.6325410329687302
0.0,0.009338975375651627,-0.3831921427949281,1.18166868688853,0.1487104348303549,-1.3091139593539651
0.0,-0.7776014150411129,0.4016262259089481,-0.7543303142295447,0.01839009279035838,1.475055114285852
1.0,-0.5765032665898923,-0.13966297720584686,0.029551395073901424,-1.8449406997061588,-0.078902301595918
1.0,0.0876983700810785,-0.3040710438977884,0.03125388712779822,-1.2579495695197647,-0.526559876894988
2.0,0.41476517876924535,1.227918099523982,-1.3681673913872299,-0.515875480205184,1.6617155134884607
0.0,-0.00605556694123626,1.2076086190739015,0.33855325187720037,-0.35793815804598106,-0.19392108628281202
2.0,-0.8317771125789183,3.468628315730462,-0.7754707238910857,-1.329337405405739,5.338228956245037
1.0,0.2321410038110614,-0.5578236199619172,0.3737178255055058,-0.8781420185059863,0.23038571332881697
2.0,-0.197177878010922,0.8393888623404059,1.1024617845699902,-0.6449667413890917,2.18651612351368
1.0,1.5274098849390358,0.3727625488471636,0.21464457078180713,-0.23198769454740292,0.09192167118290875
0.0,0.7714015381081833,0.913858181373968,-0.5841825665282102,2.3165092933464133,-0.8982877173375426
2.0,-2.4158810947925407,2.1886986960129042,1.2861067176385836,0.46382443341058993,3.7984424020108025
2.0,-0.618564962241424,-0.6685581434854349,1.306456421515242,-1.0239250693780313,-1.3218481745407569
2.0,-0.7741812299037593,0.3915560148585278,-1.632157297274132,0.5614634497058706,0.08989423894282099
1.0,-1.4439899171742834,-1.225043785440048,0.6567280701681923,-0.5648070082507831,-0.3801013524972791
1.0,-1.8586245505082182,-1.7602350343975217,-1.5825959544460835,0.40904013382751836,-0.07090812757016846
2.0,0.09252076529202818,0.8769825796601457,1.148657141469843,-0.8278844093438034,-1.3875159441423501
1.0,-0.2780413989818797,-0.8361128049809291,0.1784311581763085,0.27133407831038847,-1.0630224811018771
1.0,1.5948413195952245,-0.8630589806940235,1.4155592188439146,1.288959514851171,-0.3513547221410642
