1.0,-0.9489715639648207,1.6421887200630227,-0.090187950282195,0.02665351463025857,1.1348657201007037
1.0,-0.0017873975511111348,-1.0111118809983943,0.936639948336848,-0.20763416085179284,0.055341769567408806
2.0,0.9055652977658373,-0.15237742472669943,-0.6637157033844462,-0.021388273013210626,0.8327043984102757
2.0,-0.3334136599302687,0.6466130849067835,0.3670306701760514,1.160898321888689,-0.40976619877951215
2.0,-0.5347975442440608,0.504165732120219,-0.26852773421767273,-0.5462482179685061,-0.2878470930123301
2.0,-0.6279764253162664,-0.5616420767030993,0.12793016857158349,0.06936590384857495,-0.9869195677166075
2.0,0.030494916701526733,-0.06813133668381689,0.4502572348456827,0.17627615607702699,0.5223605750735403
2.0,1.793983522208087,0.5676012616780669,1.659392610985786,-0.20145531963985597,1.6974387166624376
1.0,1.3449407160072648,0.6658030534085934,0.6573608490647246,1.1638540000904651,-0.37453850442566095
2.0,0.10861618539037939,0.4483039768971565,2.190091692862849,-1.5384308879796782,-1.0647153662415252
0.0,2.0394425221515013,-0.13798254886682304,0.5599843891831752,-0.05530378596997836,0.4968979658285108
0.0,-0.8370248022139827,0.18667340854524367,0.9652177837666078,0.7064513964703191,-1.0668826459245302
2.0,-1.8126406222001719,1.6105595738787206,0.6978804297336612,0.1418294531498679,-0.2056374754691956
1.0,-0.3614611604144026,-1.1753888706474098,0.7599162838276774,-0.13857168834630554,-0.1526306452763072
0.0,-0.4114303233301497,0.48844339311567136,-2.102726548468246,0.6162125468066005,2.7618331200497277
0.0,-1.2002416558776634,-0.4826123534217072,0.04667160571942501,2.471740413315417,-0.8648390609039179
1.0,-0.2576185189677824,-0.678708718483888,-0.5975948515926462,1.4430046539422798,-1.0189391903783247
0.0,1.3377414429594123,0.6105186134325822,-0.6415632918645877,0.16054680056809187,0.4955544373544506
2.0,0.2776473647625405,0.9350138953706499,-1.328623163834844,-0.3079553781485222,-0.7044765639303533
2.0,-1.2369722134910504,0.8010510930047785,-0.46325872294120723,0.5781716843202944,3.0169625872617507
2.0,0.20480427807317125,1.858249650280099,-0.9152843356948713,1.6113593536409618,-1.6611543431311522
1.0,-0.07525324506949922,-0.8373899201631028,-0.8650594578366626,1.0376417710021766,-0.042789387760621564
1.0,-1.1852712155159852,-0.29087351994293825,0.6167811660645138,-0.3173306581400989,-0.5122502559086005
1.0,-0.5828698661847811,-0.9924586304639392,-0.8144120478059275,1.6591400818241187,-0.5535648351627335
2.0,-1.8098354606882257,0.11598534647520077,0.8286677769018946,-0.44248603267291337,2.1431564747234693
0.0,-0.8223061050324986,-0.8099904019000852,0.1154743387222693,1.148539924970041,-0.07779672561523003
0.0,1.2984463094061818,-0.7935415721124951,1.130896385079541,0.6746504893687532,0.21547480450343182
2.0,0.8765896482072943,0.38681762425580624,0.1126114218729979,0.37509620013183814,-1.0674402580240918
2.0,0.8212049303469062,-1.1303286736928186,-0.8594152014889891,-0.3015780169674968,0.04111516105009618
1.0,2.067499641763585,0.40431925071360386,-0.39000390415607983,1.1175097253527115,-0.1057239210449976
1.0,-0.0524244434696866,1.8358338725073244,1.7438682343169611,4.027984410328193,1.5470670743113613
2.0,0.5100095970841334,0.5961159491324987,-1.6724975782808678,0.14692968832223283,-1.2333755181931332
0.0,1.1699317982611661,0.040121485183890374,-0.9459669539375627,-0.7224228023696719,-0.9304762883654261
0.0,-0.17426977775548308,1.2282623412051294,-1.7209798877088769,-0.3799630027575357,-1.4202130289660837
0.0,1.6234765402957894,0.2636455003883414,-0.42625616327997484,-0.14159749480659692,0.2608422915426429
2.0,-1.2333229973699351,1.8140320464339421,0.3770901818737576,-0.5599157109716434,-0.20177447005420862
2.0,0.2026173853486131,-2.1995628493190553,-0.2760730446278232,-0.267103637772076,1.5401208263349209
1.0,0.09145524414047507,-1.178889887925102,0.16611599155468512,-1.1441343081613045,0.09217292132080634
0.0,-1.66047744701615,0.7132575460105931,1.163988003463116,-0.42951318245532416,-1.9891974221682167
0.0,1.1463995694972415,-0.45010336233397846,0.6520102980497844,-0.05527452871360146,-0.3093207374309701
1.0,0.8847386146491031,1.9535365639787918,-0.6532336805132859,1.1037423203977277,-0.5616060164773583
1.0,0.7475494701905326,0.1398893682425743,0.22169159637279967,0.6671088263188529,0.7191342876861254
0.0,0.9115397185284748,-1.891353732889551,0.4854432195658017,-1.1516266692322144,0.36892645884970465
2.0,-0.37806663089982334,0.32259173757002285,0.4577915285177638,0.9701382871650689,0.49858179849905415
0.0,1.0636448095431785,0.15793405854030454,0.0018615649321377852,0.3996514601894714,0.5800470340558613
2.0,0.5048937173760686,0.7107679116144276,0.9733576783444423,0.934690260415432,-0.7448644113672038
0.0,0.5926332056285589,-0.1687700339109556,1.0231749497841458,-1.328020337816652,-0.5451136959937554
1.0,-0.7355824656941938,0.7870531074626592,-1.5108748305548938,0.012897129169409296,-0.5554189935036742
1.0,-0.6479083665360822,1.1647251360837805,0.831520974189444,0.14360688748177247,-0.8571602200452505
0.0,-0.21520649805130146,0.5675766878022125,2.7906164024363886,0.6286235429314387,-1.1018607665853348
1.0,-0.04622242044033616,0.054404722520125536,-0.3396439752612252,-1.1811778315517345,-0.03877777088098968
0.0,1.0586481909088998,0.6914089081688928,-0.05140635585147896,1.0145786605704206,1.5380459953065289
1.0,0.1748746437204272,-0.9386971080572987,1.6913394508908166,-0.43261968753760677,-0.022262210252771177
0.0,0.7233554335434681,0.26072470395379616,0.14879497067342032,1.2882564423687688,-0.9332947049453444
2.0,1.0964868006952961,0.9882931547763074,-0.026238896085217206,-0.7841132516356468,-0.7962615057478765
1.0,-0.009206947030095265,-0.09670833212282223,-0.6528262236558344,1.7542622705717836,-0.7949373557132563
2.0,0.1849223996017717,1.1599299415656812,0.9655676356082747,-0.406382357032707,0.9876534382359476
1.0,1.840671374168687,-0.626407453771846,-0.6648313583169451,0.41010508828021514,2.9738650673459635
2.0,0.5288593260862186,-0.2407002758993384,-0.4117494579262603,0.30651764872454407,-0.5225616877144815
1.0,-0.32647052479921923,-0.8378710170087174,0.014786963426827258,0.3606167049806775,-0.09820972266897755
0.0,-0.18600121024834948,0.07016772915388356,-0.6801939548816622,2.146080788692124,-1.0187777961835915
0.0,1.213587769667393,-0.2268077476263831,-0.020464002453583215,2.2265711080641353,0.9035153640869491
1.0,-0.3915926602751469,-1.2536891650538609,-0.23969247883458597,0.09605465757405716,0.1616416083250054
0.0,-0.8568739958909838,-0.3229059006569619,1.2418968540007433,-1.3016739120158116,-0.3498483056122332
1.0,0.12983835363031207,-0.1386695061924914,-0.49543095255263925,0.4264298373790351,1.0498181375114117
2.0,1.3343883935805763,0.6927062492377387,2.3502643708147084,-1.7245461101548771,0.3414705535125683
0.0,0.7443142503952566,-0.9888513003633599,0.8650573895519071,0.18601733518850933,0.35791126292446684
2.0,0.7543921469946667,0.8413872519728518,0.31832131850915335,0.2983654782174536,-0.25993983746257254
0.0,0.4347710611820162,-0.6808271896035549,-0.3109684610782562,1.4028550766073227,-0.9606684384523062
1.0,-0.8140121017144243,0.018009370453902006,-0.23843985270464474,0.35436608831365696,-1.1543182881360508
