2.0,-0.12472729544897056,-0.650367374283227,0.25674380056882445,-0.48645446428597805,-0.9352091682367734
1.0,1.3732551690826225,-1.57082317012354,-0.6722704949439368,0.38595051760483506,0.8401952659452753
0.0,0.17548907066509573,1.1586517873378719,-0.6492481604845737,0.9974234301877053,-0.23072490124905795
1.0,-0.19955811589667052,0.39797801650847814,-1.1346673257875164,-1.239363104008338,0.5573973808892814
1.0,-2.194113056230244,1.4676221712857134,-0.038747922675008116,-1.1536602575685118,-2.0249587795857464
0.0,2.4780925216546263,-0.19075004532466402,0.8004086873348617,0.05979853339921766,0.42236501962495937
1.0,-0.4948796835291461,-1.0361678624284811,1.1744106684310844,-1.4276708256299242,-0.5250193709222979
2.0,-0.43487882011978346,-0.7916456919904995,0.7240565633322923,-0.7265116817103359,-0.13823694121125152
1.0,-0.30100894256286026,2.2224966372686703,-1.54260745532524,-0.9730754022612577,-1.742831411004985
0.0,-0.1797927080358143,-1.0902386545933311,-0.037408301567741234,0.10192992661031376,-0.08660886423517057
0.0,0.4386421111255687,-0.6943454641695942,-0.19781218431590875,1.256360132651425,-0.17080844025549535
0.0,-0.029225392013549078,0.19107153633685936,-0.11947572049950775,-0.43275761751054453,-0.9959539820008452
1.0,0.06388193799412722,1.6085676579608568,-0.6492939081878845,-0.3356359032552771,0.4722546944944781
0.0,0.3910136565988555,0.3084826281867017,1.9080836654518138,1.6297445833182083,-0.30298677846787414
2.0,1.2962033895766292,0.5120869077498552,-1.7785730703796645,0.018238316928622864,-0.024146261542293265
2.0,-1.9975390250272649,0.4826981419780319,0.8112446194196268,0.8322030218717784,2.8485414720918993
2.0,-0.730558124826737,-0.34358422438886815,-0.7453739414827208,-0.0771940474190792,0.6023075213491371
0.0,0.4868496426602271,-0.40978306095001893,0.311189517164596,-1.2537530059370698,-0.11954570365532005
2.0,0.8095495445595969,-0.02863034489491792,0.09366134932009078,0.2743333475638453,0.2707067297855805
2.0,0.7834071123532158,0.3710465141803172,0.3172162945271756,-0.23860301352622396,2.088198188629597
0.0,-0.12054623752805503,0.5613203865530082,1.525632903748599,2.687089102026929,-0.9732783554764167
2.0,-0.7546367589366004,-1.3837788200913845,0.5025043788008574,1.1242085244870506,-0.60962281628591
1.0,1.2013031910410892,0.23706808376934665,0.07940502502214236,0.599284751239977,-0.5409899083755119
2.0,-0.6725364893307735,0.9090447107161812,0.5146385796819556,-0.3391006401297368,0.010805030553139217
1.0,-0.48645366616597857,-1.5048342050819488,1.2819629644991286,-0.36268991518242066,-0.38453535660138677
2.0,-0.09714947828409927,-0.9150205166794502,-0.4118452632910796,-0.9057733021199574,0.8301535653553211
1.0,1.5822897735781862,-0.4457165247646145,1.1270353004905003,2.1157174696505385,0.20188131148658855
1.0,-1.9034349665437904,-1.5117011592066558,1.7071643498690223,0.2181790854984851,0.08213799792130373
0.0,0.32655355813292286,-0.6548717298666119,0.48719945782607393,0.1584479685112681,-0.139141005081458
2.0,-1.4939769786522983,0.4783424314547502,0.5441979708247262,3.7787031761234022,0.7189348680331131
1.0,-0.7985995719971457,-1.1347835968937092,1.6601280166008359,0.6369040761250743,-0.7602937393386658
2.0,-1.6259845800110648,-0.6171518160245939,0.7274037693398814,-1.3361446888682487,0.06338534350612056
0.0,1.0058426191053487,-1.0682005542584854,0.6490240441929269,-0.2972163314727789,-0.6476867258890712
2.0,0.34658870459072705,0.5078446527586071,1.3694315386362104,-2.736928176208828,-0.06824596522839038
1.0,1.7438475808695144,-0.6857868083001685,0.8370039916350307,0.45614491380826494,0.15149115430922525
0.0,-1.3008570440549267,0.8044614415960887,0.1031295962241413,-1.5530902137608031,-0.8540977283389781
0.0,-0.07800276159437056,-0.5724580714041047,-0.5855265360680126,1.5686371372535497,-0.1477145477979054
1.0,1.1709491973770922,-0.04744046827840988,-0.703438347639204,-0.1235488319995038,-0.07989836831967376
2.0,-2.2205398153172182,1.957573908256029,0.9008478560741727,-0.565447167355323,-0.9360775362058225
1.0,-1.1084601354156858,-0.5361452388343859,-1.027928687563773,0.41523245149566546,0.30836720007999424
2.0,-1.0178891005190438,0.8744521428113061,2.379062271138311,1.332425538492077,-1.419595699876894
0.0,1.4106856457898038,-0.34820398291240046,0.33586525269232625,-1.1944374583813708,-0.374803979134227
0.0,-0.46509131815047544,-0.4104966385607872,-1.553127318528464,-0.8723040366532889,-0.19564954416056907
2.0,0.4908303015495857,-0.6704180717608801,-0.8148369217318278,-0.8401782809013255,0.061341749589070585
1.0,-0.6479007189941015,0.44452100231591185,-1.289084321336985,1.7002584901196909,-0.8821976294080672
2.0,-1.6922287940240421,0.3724870385482842,0.8269603511334259,-1.2472578995316614,-0.8738114004766339
0.0,0.9432872662842923,0.6214114910886123,0.9521197576843933,-0.436745506889121,-0.039633460453987385
0.0,-0.6791333730725794,-0.08686747320794469,0.5459213451650459,1.0653687837392825,-0.7927648772911791
2.0,0.7074134006360312,0.7467521235127317,0.3333684961051864,-0.3502173071997136,-0.6793796007707166
2.0,0.8048869728271102,0.6302341270437797,1.4960663630703135,0.8565739142411556,0.7954577482825949
0.0,-0.05187928392733184,-0.5030359107821393,0.7845137995776199,-0.792114694709482,-0.723760378347291
1.0,-0.003412457193315706,0.033148102960740645,-0.1858692529598532,-0.5819090667403832,-0.813832777360899
1.0,1.2914580506714861,0.6787163173741853,-0.6617870591973848,0.2577117172719404,0.4916542745412411
1.0,-0.12374166891292554,-1.025863499481754,-0.8200112454731879,-0.05729667528564761,0.24354723506531373
2.0,0.32745365141581206,-0.9602734032444274,1.5273684962648566,1.7639701716637084,0.5551428744403157
1.0,-1.8928084346781315,-2.000069567083914,0.7332728668025069,-1.682673653104312,0.00843371754110299
2.0,1.0761669175720345,-0.0856407933002649,1.2778820866688965,-0.1698029761555038,-0.391853388070856
1.0,0.2944317573109321,-0.6563568044359289,-2.17915212923146,-0.5460413441227644,-0.3180613636904638
2.0,-0.07624127307561089,-0.2838370305881246,-0.05372296689178423,1.2394957268464506,0.1125869458747381
2.0,0.9715181422053409,2.1032673738670646,0.8014519849389858,0.599230311463346,1.8990566529886734
1.0,-0.9476218011513147,-0.8693995937253339,-0.21566783691822122,-0.025363751208067886,-0.47361924056057264
0.0,-0.013454789604055259,-1.1224568082023851,-1.1753711300852017,0.2211920910881452,-0.3513671658645622
0.0,1.6819753910552202,0.27315000516301147,0.5113797234786419,-0.1338227257981999,-0.40563278872238656
0.0,-1.4585529973656184,-1.0888624884268854,0.017954266530909094,-1.629028555956592,-0.13965875740909645
0.0,1.204899683005431,-0.20305061003089717,0.26687446995187897,-0.8216167644906553,0.9247416351746754
1.0,1.1119542253759795,-1.0426438464521983,-0.12644977886805708,1.1627352235341621,0.9265997564886896
1.0,-0.8927181752567821,-0.35172661989553977,1.2739083833808182,-0.48093497090334314,-0.6446773954223697
0.0,0.944245115609804,0.20257522433635927,-0.24414061825890115,0.24503643748654977,-0.7656423830075012
0.0,1.4744885594908803,1.0224775133472426,0.3054682228425041,-0.6680197986639121,-1.1398692226956981
1.0,-1.6845422564172434,-0.5031714768890037,-2.275186420156545,-0.06667580417274552,3.456646871970758
0.0,1.4724238359538162,0.08616193433181082,1.3573265540454789,0.7843145379566058,0.02746450295917163
2.0,0.49064330195604144,0.06655306070483806,0.41982755535976246,0.6946499034362197,0.3336724664826707
