0.0,-2.257672656710149,2.1240820167540138,0.9784725672658727,-0.41690332067217944,-2.238510960210959
1.0,1.602858884669008,-1.3916005733589534,-1.0652953566033343,0.597232305516273,0.47044445577662714
1.0,-0.5221654624392886,-0.4447800031944246,0.7832209834576283,-1.0590130403579188,-0.43759530246876166
1.0,-0.16258630781265376,-0.2854849732914031,0.7329494582129608,0.17562208094968848,-0.5807398580468089
0.0,-0.035898936747528025,0.2562971887729807,-0.29639378307571795,-0.806182280321917,-0.27165126780503285
2.0,0.9586948526052834,0.42832097496649796,0.5848992931614984,-0.4266656734195335,1.604911677435979
0.0,1.4537038424092692,-1.2532327418815268,1.785125409527767,-2.9468979812386435,0.29144783587322287
0.0,1.0825001273437693,-0.6609625623437398,0.3746036119009804,-0.3679158335188001,0.42177315941625976
2.0,-1.4281949103644747,-0.6708544363615611,-0.7980555500437381,0.7996896518084484,-1.0144405030417345
2.0,0.15021893087251928,0.42066207739219574,0.9341311517431516,1.3084626449383956,-0.9592904959115982
1.0,0.6294771655352288,0.5635602218252169,0.08681820463345942,-1.8188512824719325,-0.20135554295448457
2.0,0.10047418004447899,-1.3814781767721016,-1.4683925741104022,-1.5173317043868084,0.18000086100148766
0.0,0.7021572318735848,1.1984840175952625,0.03304810342551645,-0.346617121868154,-0.9702963119675658
2.0,-0.5082044932916583,-0.006648504857478471,0.11140671287725191,-1.136976951713571,0.05153969347872352
2.0,-0.19726343497037901,-0.5552993652677715,-0.3485489276894953,-0.9562124466511844,0.23912281748597597
1.0,-1.3362509016136213,2.2138849658535724,1.725190982071998,0.5474886678716382,-1.23410582559052
0.0,-0.5818682586504927,-1.4646399645572323,1.1798851455816215,-1.121624685703309,0.0009433534746339832
1.0,0.9574966050789439,-0.09293333933193042,-1.616163281852314,-0.8417418203660131,-0.6406150238434231
1.0,-0.18284491466839178,-1.6529699273360474,-0.6215411509894386,-0.035767728558203,2.3249040837772252
1.0,0.04962785995038439,0.5985607500822029,0.12748425991442708,0.06845410212917064,0.2634006796833499
1.0,0.27726666272460776,1.4666533891981735,0.8566664909524839,1.0555509244033439,-0.032830568992465385
0.0,0.20856883092857903,0.27631296054146504,-1.094091914474871,1.178461785891707,-0.1773366100103361
1.0,0.5127705582501441,1.1666224090915702,-1.8030031809177078,-0.002522692591649834,-0.5764472433808131
0.0,-1.2577214074795267,-0.08512772841099056,-2.056740481133978,0.27505842993673224,-0.5681184417542334
0.0,-1.1886003032046417,-0.3849312941474723,0.697875738293941,0.6053961716248689,-0.9287927090906003
1.0,0.6077848144671872,-0.25763165534695437,0.9623311810895747,0.6061622586449006,-0.36198478609156665
1.0,0.7254429280226582,-0.6340472398473928,0.7006402916358997,1.4606957071351943,-0.7881222470769135
0.0,0.4756172690786333,2.1221148950317352,-2.1332362821405764,-2.3833276053777217,0.795193586704275
2.0,0.2596439839550208,0.06455324184135947,0.36856146147475943,-0.7932225298218367,-0.742534614369891
1.0,-1.524024402549268,-0.5485371127283099,0.0380900039126381,1.3276608486647827,-0.23971950813839946
2.0,-0.7420667751043355,0.9274434548408255,0.2610207687275433,-0.25770980348200334,0.19954219158607345
2.0,0.6172862624244491,0.06055799357263175,-1.8973128484940933,0.6266534174053685,0.6444454939030008
2.0,-0.8665997296497853,0.5061271570577561,-2.5993868608868125,-1.640046786972656,-0.4316851311121299
2.0,-0.7365723133166979,-1.0710867203933963,-1.2299321208600829,0.6417018045071616,0.03497327503669578
0.0,-1.316569490461445,-0.672020640725647,1.3504466419685983,0.13591316464003658,-0.8215854014310358
2.0,-0.7292821442577825,1.2686123363602109,-0.6139621889261684,-0.3956273265572976,0.39997633873624433
2.0,1.2999602159032706,0.10317634295520285,-1.190213750598276,1.6093889325484947,-0.2780395443982672
2.0,-0.9091420808612544,0.6246262013023591,-1.2161537738129797,1.1335779537639026,-0.605289400792201
2.0,1.2265497502849494,-0.011123089678756196,-2.4063273185453804,-0.007808453077756299,-0.16346525072145326
0.0,-0.611677456002807,-2.5094538462166054,0.27675938406214007,-0.9610855522425616,0.8339946578090235
1.0,-0.962105528206857,-1.6521144704735593,1.0397739034498266,-0.25413373058750366,-0.1421325914597966
2.0,0.10495431535519222,-1.1514534486839876,0.969192904505436,2.183606179949229,0.843680183120587
1.0,-0.8673432370523971,-0.2729761410200494,0.283717458486939,-0.6195875788958224,-0.24836117270832553
0.0,1.4767472743845862,0.175647088171501,1.28213304367551,0.7518133232084558,0.1593504637472735
0.0,0.30671087834654864,-0.6556501550629338,0.6491558907392078,1.466550879858305,-0.6052029425749864
1.0,0.556417521969574,-0.6516741763302064,-0.13132239881647814,0.9484326134309182,-0.48008763434358576
1.0,-0.18254174327558767,-0.5628512607674815,0.06025017689916774,1.3898861902194106,-0.3356160854340953
2.0,0.3599149298776474,-0.924495364101745,0.8843955485112055,2.1416238254669886,-0.3804846168293535
1.0,-0.9986820926592681,-1.4406639643884869,-0.6669897775206833,-0.06252320538376002,-0.5637547823143868
0.0,-0.8501708861018303,-1.2822694192672501,-1.5743002442270162,-1.119833403403471,-0.4258027242612807
1.0,1.2784357969600344,0.9062165398060232,1.026689736792512,-1.3548600858531827,-0.6925447053717126
1.0,1.5011554486310599,-0.0566067276770482,-1.3502844340453075,-0.38117620109090067,0.5275345979448343
2.0,0.2933970150074399,-0.5809065173471571,0.5839848640725785,0.25449151776844414,-0.4342036148109899
0.0,0.15474807748200045,0.5979791344305946,-1.1515511530407792,-1.3262920036892965,-0.8437519423444241
2.0,-1.1487675130830997,0.3030033620173956,2.2726418284770094,1.7313031240909864,-1.0751262235581194
0.0,0.10788324921512564,0.9401261414226797,0.03391466428551529,0.408241941653352,-0.303515662453429
0.0,-1.4057184384867205,-0.29567635444194523,0.9303185901443036,-1.911927605432374,0.4532841346411144
2.0,-1.3665778644972604,1.2520704208848978,-1.0218369975376127,-0.5009607453535299,1.2213613699777308
2.0,-0.021570409100885594,0.5601101660199111,-0.3320049397894456,-1.1386612201352835,0.44202727487891796
1.0,0.024839285017512938,-1.1445320891644335,-1.5243639078058744,-0.14701405409176427,0.15710521531723134
0.0,-0.4943818280682509,-0.35714733226799283,0.16021967654410005,0.3138967893994884,-1.4025843550072237
2.0,0.539530568151143,0.18419909212313387,-0.18253908212292458,0.3086785372451759,0.38418501706349606
2.0,-0.9988069145599606,0.05751922634412196,0.5695138572764734,0.2375425429391178,-0.20645851453084277
0.0,-1.7790650510358792,-0.11877088791659701,-0.8078058538653174,-0.4675540360375845,0.7933999165242193
1.0,-0.8683456577477181,0.7806574358757874,1.0843917450803402,-0.5047838327351323,-1.4378004794980501
0.0,-0.23709195585721093,0.3863804807422938,0.5374750547514562,-0.5491187052788723,-1.1584148689638105
0.0,1.43213727821564,0.5839661201823639,0.2501777717060232,-0.8330955317273454,-0.26365054106689256
1.0,-0.44307851956337274,-0.2524621977679701,-0.20054252533190048,0.0822599666641571,-1.086707280124342
0.0,1.0662151844572416,-1.0495564116210476,0.2075095463580971,-0.04238501776770878,-0.351496364215385
1.0,-1.807840241119911,-2.065177329874247,-0.1079362503058724,0.3844703280577413,0.6239453005466192
