0.0,1.2265679190295504,-0.8762293599146942,1.1300970098766436,1.2364783082426227,-0.02573907009686179
2.0,0.983811096173107,1.088800028299678,-0.772460159786247,1.2927458255404192,0.024781547882253546
2.0,-1.2385174633426044,0.3458161013479039,0.012081718265621195,0.3852892026352695,0.38912516356293736
1.0,-0.27655802203527236,-0.26278168794433243,1.638315658730719,1.7419462294196209,-0.09088158094476236
1.0,0.7987587536619764,0.306879510264916,-0.6093990914580126,-0.07145636874264419,-0.24101305990583677
0.0,-0.22164129560845397,1.5904751344139962,0.35890239733302143,0.3707083990818181,1.0124306137733443
2.0,-1.0633257778681307,0.43906503136800795,-0.6811602662060888,-0.7853341806943104,0.7816074948228102
0.0,-0.04226237538363148,-2.487507937152287,-0.4271808889188924,-0.5239905379763815,0.741873386474542
0.0,0.10538894431278996,0.47209313035733647,0.6611805315269568,-0.6742547413280315,1.1834999001176676
0.0,2.395145938662401,0.936531236469428,-0.42152023869238275,0.43533953602756276,-0.22089896825848165
1.0,0.6285091905591971,-1.0599923395513282,0.8147976786564329,0.7440550164936837,-0.017274469664825213
2.0,1.0161936043236088,0.8239437214209567,0.702972750655818,-1.0221711330484102,-0.9538515984665032
2.0,-0.9794483479508299,0.09818134421912202,0.42895407752878606,1.2930478944741914,0.8263496029913878
2.0,0.5499301225192491,2.0055211867007348,2.311687068181445,-1.0350537497970416,1.1657122075107698
1.0,-0.019980260665137542,-0.3596796508435335,1.3938929701110876,0.37636508885230974,0.5293461251378666
2.0,-0.4068146801824404,1.4397386434969914,-0.6848873685577145,0.28172632650368606,1.4376636796959799
1.0,-0.607693310386927,1.235411760819968,0.12027468501983718,-0.0715130551057434,1.1024962168709476
2.0,-0.7596057152309538,-1.695524856753605,-2.011578588518274,0.6939058483750621,1.0770344950291013
0.0,-1.8692153176308257,0.044303836587276955,0.1577313969205904,-0.030824395623608437,2.2601782976913394
1.0,-0.5375182239970971,-1.2502397540744712,0.015381798776125647,0.6743757449244102,-0.3260281331416547
0.0,-0.2162174875794684,-0.31699347181430365,-1.624833393104733,0.8453050858327527,0.8401279121279374
0.0,-0.364470087854676,-1.1380203247482792,-0.031128782110057634,-0.671107345001673,-0.07724916788422197
0.0,0.03976315473664908,0.4765610702822047,-0.03885403690119443,-1.9526149107860775,-0.1973079737401426
2.0,-0.8203696781726719,-0.3524057474032098,-2.2298424067084865,0.8291280729277118,0.29613918355387503
1.0,-1.118757854125016,0.2784240011083958,-0.281912689114868,0.026244932855048794,-0.5525177949084834
2.0,-0.21526675815438528,1.2455402136908735,-0.23119464084509891,0.5826947271083718,-1.1288975967264212
2.0,0.04325028144427622,1.1694005221349077,0.1049702289336372,0.9136516310531435,-1.2945446819270234
1.0,0.3637432410073082,1.235117346775618,-0.7372442125917393,0.11196488229795207,-0.6312347013785015
2.0,-1.4840005686192055,-0.6769470114050511,-0.9072843953838725,0.710173295875134,0.0935442142250529
2.0,0.5474296929353759,0.12317393481031987,-2.012804772708079,1.3821718502570057,0.5347489478084496
0.0,-0.024462601852461248,-1.457452449041032,0.5896683578570776,-1.0899193515332108,0.5610905718247837
0.0,0.3229957279005278,-0.9348146230627844,0.06426158179340875,-1.8474608603671774,0.37758842266242165
2.0,0.18431135776113672,2.4811122795647877,0.9842193387781104,1.2847373449788042,0.07174247763869165
1.0,0.8604926819259434,-0.5924407495619047,1.0106233559781088,0.21331494401382262,0.04317443599328385
0.0,0.20772179188263462,-0.532711545566471,0.10404826145613416,-0.6644979080631546,-0.33359770074147477
2.0,0.41239313390143134,2.1889871198080018,-1.4462283072870241,-1.5320342404784386,1.8272429561653847
1.0,0.26738688566522006,-1.7276807778523724,0.7516864873606367,-1.102583226042259,0.5181156570040538
2.0,1.8824378050607582,1.3518629310702495,-0.5489446198632539,-0.23693489293760503,-0.33435669868096074
1.0,-0.1653736875352021,-2.3310070296901917,-0.7265598277251285,-0.6168296007643684,0.521405461149565
1.0,0.8988068896168397,-1.6126355652750306,-0.13673252720839224,-0.34653368898464987,0.293613364478618
2.0,-1.1805538805792177,0.263902340551255,-1.074493743036552,-0.7008884380391013,-0.11119588717313053
1.0,-0.8985689800215538,-0.050571060843477386,0.44181678398638646,-0.9686264738212123,-1.1334897150495775
0.0,-0.5012603098780728,-0.45807054403902925,-0.08853505612555145,-0.4554617181288981,0.300983610259334
2.0,-1.1338862221410588,-0.18406859911388004,0.08964942041868917,-1.5130327427246169,-0.7795291973077514
0.0,-0.5149565436526092,0.9170080422740087,0.596091944289489,0.5647300457012102,1.5642457650652661
0.0,0.38503185597094425,-2.052841882483787,-0.556519094103599,0.4382840315163187,0.4880619133978233
1.0,-1.5141071414909462,-1.9673432010793663,0.45789858078144885,-0.5958985461264875,-0.39332514588197875
0.0,1.6321044646388603,0.9564124721011247,-0.27297135933727307,0.10083824564251907,1.983146612181458
1.0,-0.13077031878578463,-1.1616365606682575,0.6582373886431939,0.13942262725007132,1.44455700544704
1.0,-1.5743346916248766,-1.324195007075612,-1.3997743983012396,0.3822342536522732,-0.7987765991357086
2.0,-0.10674021067332287,-0.6946911554288867,0.06712506834252582,1.0197414868661938,0.5099687323864842
2.0,0.4893818354192475,-0.009878183110155168,-1.268741850665365,-0.14740179119690905,0.2144159013791176
2.0,-0.22820839876605514,0.4246931765621973,0.0649176234903486,-0.6022655991527784,-0.8687990157333471
2.0,-2.142573130868955,2.0402529490349073,1.4249577298153049,-2.462631910485614,-1.7271153198174336
2.0,-1.67181114005618,-0.09223072270919169,1.180073992208945,0.3902969669533946,-0.32887114014298496
0.0,0.46040650784422077,-0.8900575355170619,-1.3670280383852498,0.5400496076484336,-0.5609997934099911
1.0,-1.0239167261984914,-0.017415060747226308,-1.2663515892754602,0.21597932907556872,1.0882554441137169
1.0,0.6126817704219053,-0.6324579273011467,0.4018714492563632,-0.2160777906751617,-0.027591571026396092
1.0,0.5521515822465646,1.1887105802696363,-1.2889165564422425,-0.04564047399156808,1.1639083393066227
1.0,-0.36088750455783003,0.1600764931668727,-1.0627625221308028,1.0244441766513017,-0.47592263005124724
1.0,0.33429644917315443,0.09614767765709625,0.553170246819474,0.11469816341589105,-0.10047757069410138
0.0,-0.9604054085822713,-1.0756588732979608,1.505500375340436,0.6474590024117075,0.34517574294215186
1.0,-2.3865613533500323,-0.021626597055357504,0.757965352870964,-0.185463776924341,-0.34717754352475316
0.0,0.32763659545292095,-0.9567908466701364,-1.4040979803391502,0.6158276080881917,-0.15334389619693908
0.0,1.60782854153575,-0.050532842414029326,-0.9027945365813929,0.31007823707874704,0.2865689385596818
0.0,0.3082168324223314,-0.9494649326587613,0.812214827399148,-0.8123229198030019,-0.9806934328591184
1.0,0.4173843307342923,0.5781763053613681,0.20144017335496114,0.2316988698329498,-1.0202279582638019
0.0,0.6373169937410019,0.1577311209974008,-0.6829303896585345,-1.3994246039445546,-0.75985929246264
1.0,-2.7137535162187927,-1.659857287408701,1.555513477599085,-0.9775605210831659,-0.12409373891888795
2.0,-0.23486900430212856,-0.1887988167269846,-0.014054773935697228,0.340618695084122,0.725578829431171
0.0,0.15603420785431363,-0.010395253726039213,-0.4213717751416783,1.5127884528709694,-0.11350858320130253
