1.0,-1.0381586618907965,-0.5280737623063053,-0.6015771208788362,1.3846972010963263,0.05509148274519469
1.0,1.3577337528167768,-0.24359019440651805,1.1654284626939182,-0.6423802872304096,-0.6186262007338698
2.0,0.47550346786923364,0.8361310499879432,0.2378830909118909,0.17419132978317375,-0.897275548767765
2.0,1.1010268900499711,0.3174737471541346,-0.10109825454773597,-1.078425283403164,0.13243537129240812
1.0,-0.23289696552251948,-0.1358388978340409,-1.2036665097844332,0.2241095990313459,-0.36151946793380746
0.0,3.1311235795057786,1.475906429952369,0.9433814885517227,0.5753377429813955,-0.029819124789224792
2.0,1.4034357598388465,1.9731907653083416,-0.732139934490841,-1.1264066350821886,-0.47343718487511227
2.0,-0.06018419160536772,1.0289040735957422,-0.9502625542536021,0.20659983067613655,0.45401511232665015
0.0,0.16999910025666334,-1.613011120115735,0.2599809548896279,-1.2314318945206435,-0.5812224114204347
1.0,0.8385365662321126,-1.143750180709555,-0.3967526620733153,-0.6722736881855047,0.1587525078097331
1.0,1.9341623364528948,0.3469860710782657,-0.5710832538425662,-0.1768765562747039,-0.23466093455656453
2.0,-1.5814782647651613,4.050891494587076,0.9697769593434478,-0.20596963211159378,1.205995544226291
2.0,-0.9664627220686951,-0.21544974519428065,-0.23050333232936543,-0.49746940816653257,0.20733035942103362
1.0,-0.9925932226848244,-0.755490183119806,-0.2668365563435294,-0.03668439107094528,-0.5646942181111768
0.0,-0.0849089412311305,0.0718049731220529,0.4405508286730248,1.5138036550129597,0.25334823734115464
2.0,-0.7928201163656211,-0.06278439110758785,0.7579490748232659,-0.917585184343909,-1.2243455573680655
2.0,-0.24815167661266255,-0.08495562113461493,0.6995398068565731,1.4643752377503119,2.7514515763742318
0.0,-0.6534070286312245,-0.7633377183375999,-0.22773692537553758,-2.6504411203084914,-0.5314232374951208
1.0,0.5712116199589727,-0.1078673158485047,-0.3450107022522816,-0.34659443589250877,-0.5824036166907336
2.0,0.5073616575468469,2.033405560780131,-0.763656075117508,0.47737868135812844,-0.8664792574666786
0.0,0.198587037644067,-0.10948697857756322,0.010051679812384693,-0.23222248528502912,-1.5199524129114539
2.0,-1.4880600650431355,-0.14428471771148638,-0.007211354705458788,-0.6990505106595061,3.6255604343857897
2.0,0.3647781216248544,-0.4080379211207165,0.29682310282221636,-0.7624169484821448,-0.02101086671469527
1.0,0.6590139695096222,-0.6220800327980845,-1.3231844414713974,0.2233615299347558,-0.6404741823576664
2.0,-2.8937334686335783,-0.15567799288939424,1.2809920060023339,1.2260869079586076,2.2406637670915153
0.0,2.091438017582949,-0.7091273166080408,0.27610207991057834,-0.22199527743257427,0.9537675060636533
1.0,0.5483499508404865,-0.57473099501043,-1.17948523305743,-1.5457432794809438,0.7279584507134019
0.0,1.5081850328345447,-0.723609484622134,0.2181844744566356,0.3223628133971393,0.4075401243887628
1.0,-0.05771151554725403,1.743196645531163,-1.4046127933069912,0.47375181802302413,-0.212864154771219
1.0,-0.432788514315456,0.3082984697208539,-1.1432450201164468,1.8911469240061332,-0.6566766422183563
0.0,-0.42765271225583856,-0.1297135871732327,1.593862668932038,-2.128348412237973,-0.06304179702723525
0.0,2.2195126485515257,-1.3744359631504868,-0.3749845472265873,-1.054865457236038,0.9116737897402183
1.0,-0.18582901366223747,-0.6685703105196471,-2.527171649843636,-0.6637337679222186,-0.13426547549507775
0.0,0.30504748866950504,-0.7650101628654742,0.6056207386652491,-0.2704602762012574,-0.26885984621161013
0.0,-0.25735607296819113,-0.1295605957377467,0.5183819768605866,0.022224853123254992,-1.0133367470777563
2.0,0.4944044444788083,-0.8566135490486124,-0.649371181729901,0.4025282119779266,1.9104194019776797
2.0,0.41044785887659874,0.5542634288602617,0.4014711592486198,0.670638012758495,2.157363591187358
0.0,0.05417192252267541,-0.40700463521997626,0.6498729837789693,0.7179033853125426,4.900547026274745
2.0,-0.7378689918156298,2.3250048681383824,-1.0013910397641392,-1.195153387945181,-1.8802163406455075
1.0,0.4322436507795818,-1.3386801723985908,1.3601821525257989,-0.40414206779149914,-0.7468421178348813
0.0,-0.3781441430887138,-0.9124414756588868,-1.800676305124652,0.7209297265842718,-0.029643535628852344
0.0,0.9127623739012491,-1.1823218122355519,0.5259691332177518,0.8221895076762195,-0.37601605120531106
0.0,1.902476577561232,-0.7162103231205953,-1.8466926201688005,0.09381563104406809,2.2035801493337113
0.0,-1.2863534908268384,-1.520123163634595,-0.8405127048871132,-1.259316254266551,0.3523002673674993
2.0,-0.7432451027190875,-0.1018211435677584,-1.2059964361850377,0.5125313430188968,0.14074600641926177
0.0,0.09192997013303582,0.22797373397145246,-1.0804390151476329,-1.1689543413171093,0.79712528837262
1.0,0.2608265655435213,0.385356968524589,-2.2549688790526283,0.4187370217631701,-0.7796920630913368
2.0,-1.1402774589769504,0.782915735437564,2.0122020143667823,0.5463845638819574,3.30626179870732
2.0,-0.9477135852792306,-0.1564738062160674,-0.0164381032404633,0.21328268349387966,-0.9590272290974919
2.0,-0.1467255200200952,-2.045658281960249,-0.595127995292509,0.9003709333448107,0.8746822593533268
1.0,0.453526882991151,1.4370777759174542,1.0938587713099297,-0.2149763799265604,0.5776691719488903
2.0,0.7289568801460378,-0.37081763624738595,-0.5125277867356824,-0.6040366851769972,0.2977055869284583
0.0,-0.568185333406276,-0.5034848294512096,-0.5256730573672385,-0.8965528797869394,-0.8103995286140956
1.0,-1.5412605183710333,-0.624781384948641,-0.6400528046918502,-0.19973326919603307,-1.5380885968414717
1.0,0.9332506300844127,-0.30913198263127417,2.0697781821560057,-0.19465738793142953,0.012882468725314703
2.0,-1.705703750132543,0.6666703790857285,-1.0753790130775858,1.6723253855738063,-0.6478543514001835
2.0,-0.3051007761005462,2.563109521817783,0.9114888436608675,1.3218738380319461,3.9804983707487427
0.0,0.679814542462479,-0.5816335855480863,-1.1003088133972996,0.22779074901104746,-0.6319506622063327
1.0,-0.2566785346943496,-0.36461159973339047,0.3082333573276157,-0.47493134274648585,0.7621192533257497
1.0,0.791009814640441,0.5096850432085238,0.4778746581812683,1.6595146887355816,-0.7971289986447178
0.0,1.220266842357557,0.7107453660557792,-0.07159262608828354,-0.4771388756421466,1.6914457035448467
0.0,-0.11806992876852118,0.4297301472096438,0.46935216459055085,-0.4553798102114576,1.1645751184152964
1.0,-1.2184440502066085,-0.29337001068494756,0.4821992622689137,-0.5798915531419764,-1.1527177246399258
0.0,0.7723967135137403,1.148874076738021,0.19803600942638513,-1.4003616255079643,-0.9199987904802909
1.0,1.5031128938570841,1.2673797526199313,0.1157511674769709,0.5896616647075509,-1.0203793762235231
0.0,0.1085230202868039,1.1634849647350476,-0.6164394464161747,-0.10040360900467679,-0.30465041323719166
0.0,1.1054316353887004,-0.30131108202984946,-1.2379650574515229,-0.704345822159623,0.3403514569444601
1.0,-0.4994428059243055,-0.6711795077152656,0.833122785550031,-1.543668580687217,-0.10860465192031023
2.0,-1.5455621775044328,1.2572323824303964,1.1080956597353684,0.45647561132224185,0.033899027507693504
1.0,-0.14517435748029522,-0.9161537572711658,0.7323607486775747,0.6662565848107201,0.4078232686047621
2.0,-0.561966524198548,2.0111588372140656,-0.5216742538093364,1.1571077007054766,-1.3067854328126656
