0.0,-0.41002847796584374,0.45956507027517257,0.27228931349741026,-0.22762264975004823,-0.47617914593169036
1.0,-0.7742360144810305,-0.17997107283169617,-1.1014772481940303,0.9939760593850709,0.36153161946953094
2.0,-0.3636861470006882,-0.04248419119239141,0.23615212502523064,0.717648512936492,0.43131641654180064
2.0,-0.16826602228295565,0.6604952581182324,-1.0826467455559765,-0.08563484273005484,-1.0779255326314026
2.0,-0.840155145878967,0.41744746770082947,1.0686009049107394,-1.0909457840244308,-0.059194481314672164
1.0,-0.6922150913931084,0.09197970230835424,-0.30762493827943105,-0.40361076747681485,-0.1780124973747002
2.0,-1.2527573334914253,1.128154905274519,-0.3181330202653232,1.6077756528858635,-0.3995488643338961
1.0,-1.1141059170133305,1.202418017951065,-0.08893798457322259,-0.28586622349818414,1.1123425319009834
1.0,1.4004019677008681,0.26608918662753656,0.936335560382993,0.6445742852121317,-0.5863063916321719
2.0,-0.8228644890084809,0.3908816814400522,0.31719200990063473,-0.08146112218842419,-0.966447259284753
0.0,0.3240192161299539,0.29192208842963224,-0.7987617626377393,-0.7828973358669274,0.9994592690862306
0.0,1.3422803201514153,-0.7824642979350916,0.9468645445518037,-0.805261665875759,0.020110684711990155
2.0,1.087869795129006,0.9275644301534213,-1.116949001493122,-0.6235916985262888,-0.5878480011392467
1.0,2.246386792621363,-0.9284030233764049,1.26844305634149,0.9842099587791687,0.4955404350061682
2.0,-0.07071861693372698,2.2609775138172754,-0.5628020776625756,-0.6597029046912243,2.22972006428635
0.0,0.5742800593189071,-1.3268481171680315,1.0055009073617864,-0.7326189148849508,0.3839259539032792
1.0,0.19959494743209502,-0.0044386238384717365,-1.8513597035075189,-0.09944657284814877,-0.4936718699773799
0.0,-0.9599454371845545,1.1869016596912871,-0.566450803401692,-0.6103857794885126,-1.8434449963022284
2.0,-2.586543530032341,-0.29061119466705915,0.5081875536335788,-0.8222457997219464,-1.2466271004384504
2.0,0.7046390561554038,1.1312215304710307,-1.1832030664635445,-1.0727428849101763,-0.9456797925488244
2.0,-1.6104384890216386,1.100172965722775,0.7178259102305343,0.750511928050245,0.8090602903296432
1.0,0.7062203504836657,-0.24262495003803208,-0.11902771080702053,-0.132320283947739,-0.5560542464260625
1.0,-1.2770820459183627,0.13905550723699697,0.6827055052985542,2.0243840176589534,0.06879216076342295
1.0,-0.44604959694046886,0.38860578574456545,-0.5476536514731261,1.3929642976897076,-0.35249358878697723
2.0,0.20240029032762175,1.3675825523664558,-2.7073423304122146,-1.2145775788708852,0.22859931087064342
0.0,2.4404199839196608,-0.2551325673059782,0.6416804727912029,0.2602752844020098,0.12131091650481908
0.0,-1.3238071854410118,-1.9599546860520343,0.8179839635689458,-1.4803169442437818,-0.33801187509378927
2.0,0.21274140506380482,-1.0448721735291215,-0.812226457913881,0.4939691650282052,0.5676229999906691
2.0,-0.10858112984414149,1.6289453872178266,-1.5116019334298043,1.9494274440665307,-1.1843520248775132
1.0,-0.6341248451562707,0.4068970514920324,1.4087273701661567,0.7836399828256116,-0.11700164928614096
1.0,-0.24560268499239174,-0.4402920029714197,0.6708459417094005,-1.233434390248035,-0.09795821392343891
2.0,0.21174442622730336,0.10584708828517664,-2.4963729721056147,0.3660135151522607,0.6137755958154788
0.0,-0.3568900168120442,0.7574622985894903,1.1191690541346764,0.49590812654609656,-0.4855797402456149
0.0,-0.9065440812149543,-0.10811066341575931,-1.490121842180863,-1.0090921856158783,-0.40287868567449486
0.0,0.0879618161781939,0.47606581474120635,2.001237155971061,0.26718982042853273,-0.48233515917560404
2.0,0.61489390952977,-0.795431060453183,0.9166785535738101,-0.046438212970573926,1.6356710702977666
2.0,-1.5535044770997002,3.914102338474002,0.9891835994987699,0.2750239590619954,2.740168018085278
1.0,0.10082996578426627,0.37758125966047273,0.6589551920957456,0.8131296556258929,-0.7316245700683863
0.0,-0.832746513714856,-0.8976679477359969,-0.7045409998595973,-0.7569380117621646,-0.13252302492114162
0.0,-0.05048967947794938,0.022870313203700157,-1.7267752429007421,-0.000829960431569544,1.1588096821030176
1.0,0.5371551773673269,0.6389713586399819,0.8873358962998763,-0.4467442220834043,-0.1914046182941476
1.0,0.8514076343653121,1.883686089792369,-0.18715897940406784,1.0274371671344433,-1.0098341217042042
0.0,-0.3331603937279848,-0.7833631098345826,0.03698986583783734,1.6174930218699073,-0.41487056686980056
2.0,-0.13678323511262602,1.6968501005726806,-0.5245048830593533,1.4583794854800174,0.6209944128259288
1.0,0.8277897985354989,-0.18479913172263757,-1.101044407618696,0.1419253038628084,0.38018358079639986
2.0,-1.0552811924259702,2.163028582158735,-0.3075334491043345,0.360463967152711,-1.7031789567235713
0.0,-1.9430506082685457,1.3936103591901692,-0.7931124686780576,-0.729056717457958,2.3147933137398446
1.0,0.035667791935583816,0.3613034187353927,-1.1538951069236287,-0.41109796490773665,-1.4775587970192083
0.0,1.0125761963205548,-1.7638595288444607,-0.27358268360322435,-0.7715585174728349,0.6264993756434148
1.0,-0.17804258635487122,0.2728800288761744,0.16124249443894992,0.6481187674603741,0.6250592892529958
0.0,0.40731840546660886,0.623848620870991,-1.8117025189811158,2.067824095679366,-1.1832049467089543
1.0,0.6800779569548102,-0.1282420140328895,0.6790912443972075,-0.34188044878706964,-0.9218440318208988
0.0,0.3855046890373687,2.8471113761494142,-1.676757074439797,-1.2753926522239245,0.761710841201836
2.0,0.48933502801155937,0.1960708422372641,-1.2036110946389798,-0.587615296146645,-0.5459968388500694
1.0,-0.0011010717135992863,0.44669714905044555,-1.039074913824863,0.3840698855560324,0.6074979960488782
0.0,0.81261014928484,-0.7760351966095177,0.8747622107729438,-0.3442256318378512,-0.1965699603713621
1.0,1.7167703416498499,1.7586780993969822,-0.5663760353753445,1.228836162014812,-0.7671258214323959
1.0,0.5746460968859864,0.7507350510824393,1.3641289245155792,-1.3035194459499786,1.1487069370738396
0.0,0.662214107760957,0.03507284098292872,0.408861623096481,-0.7847258721516713,-1.0221345200614702
0.0,1.2557326627016951,0.03937754965323023,1.235446216370417,0.9701718327013069,0.2085980176419031
1.0,1.5757841918267514,-0.5231431935386017,0.07659711814882911,0.08990838197503213,0.15349493071610099
0.0,0.06330289910587107,0.21125104587607307,0.17428932569562558,0.5592137492416969,0.1662815948016886
2.0,0.10324696780666602,0.31630297112795697,-1.2792446067095808,-0.19099161805887235,-0.298995246314241
0.0,-0.11805910586446379,0.06858843467680362,0.939467453405278,-0.0044446583111913095,0.9950276067839228
2.0,-0.23630153931648085,1.2700901791822936,-0.4687328372112452,0.4193595267103383,-0.7759271749146748
0.0,1.0740814898942734,1.0982433532140132,-1.0752022964496804,0.9019199734291641,-0.5552287007036172
2.0,0.09501635384771846,0.6871763869898683,-1.5900598258068084,-1.2437878377449791,0.004892661934289778
0.0,-0.656910459177972,1.4633131140646445,1.2834396106899282,-0.8413123967578473,2.5634733555747853
1.0,-1.617253836300952,-1.0509789301889976,-0.76338216057555,-0.7297008786532121,-0.6625605659665371
2.0,-1.1027388991037963,0.4142713169816774,-1.5590522360013206,0.08755134729886864,-0.062123827725375794
2.0,-0.5472203016464928,0.5693641344386827,0.11165630952931574,-1.2238154326397939,-0.5031615765488467
