1.0,-0.7351926222167785,1.60174168781508,0.9218353290692949,1.465622783911968,0.9999197351766113
2.0,-1.506531940476314,1.707857498728606,0.11561284981191494,-1.3524909068407396,-0.8066469479268568
1.0,0.5219417378845487,-0.7229168093063925,-1.257473955437686,0.5573492222977081,-0.5634149166820526
2.0,-0.3772838756083666,-3.7526085642360854,-1.2139901314330312,-0.09552637547936405,2.220629965919742
0.0,0.32681572645659973,-1.6404552132242052,-1.2354364129946922,0.6681776281598203,-0.3329548873554441
1.0,1.2765182871788736,-1.0157602793992955,0.37145459710535594,1.779374781279071,0.5137236374784483
2.0,-0.6871011707638166,1.4354577667243074,0.886116122928037,0.26850792467308254,0.5917806397544036
1.0,0.5428270891788713,-1.5857703309114355,0.46130694369136954,0.8788991059960708,-0.06901003745107068
0.0,0.042347019112920777,1.5409799616765318,-1.10212581671165,-0.8063456796472805,-0.012446656239183005
0.0,0.8350540949875854,-1.2190699441662205,0.4548166239648695,-0.05662566892804145,-0.14153579399399518
2.0,-0.39537765977922323,0.32476677039125446,-0.19181515229529925,-1.1342919073028737,-0.4698598870631352
0.0,-0.9144259921399889,0.429319290372666,1.4484999065290307,1.207677163191617,-0.47197170109272796
2.0,-0.41942151978000985,1.325257698929384,1.8290119116010541,1.2595642703071672,1.1557158732889388
2.0,-0.8630176974860072,0.19903524755345256,0.06610176045822819,1.698190733994309,-1.1024524755751217
0.0,0.5115884169643342,0.08588002485959796,0.43664722073447715,0.5804670106553621,-0.3875222555851042
1.0,1.0074219367890365,-0.8180709172478432,-0.04995915550716243,-0.47437852103862116,0.33704011911082393
1.0,-1.1497765646654456,0.5382040012489133,1.0062507771924478,-3.449514333646705,-0.21157029590891946
0.0,-0.3913981586646869,1.0802161381849824,1.3087317456952787,0.08804319955149588,-0.7645792155941297
2.0,-0.8048618293968853,-0.3087779270858462,1.082842196567264,-0.9299329875249335,-0.537316782919414
0.0,1.4028617606907061,0.26893027726070723,0.020920777658907753,-0.037466303944448276,-0.83585217175576
0.0,0.8491312933902209,1.24189377458307,0.7632649273102934,-0.7817020966636595,0.6482436309557905
1.0,-2.158484085624947,1.0723864532503282,-1.8582980131170885,0.8497933533856866,-0.6364555939826108
1.0,-1.5477049335321422,-0.8244135659034342,0.5408267290441477,-0.9981576948535598,-0.8006325774427211
1.0,0.606843136594705,1.1607424287463415,1.0650174278960112,1.4474317474999312,0.8435790311903936
2.0,0.38581307562476,1.1978915698197659,-1.1152345637527101,1.6021191401149335,-1.1702723979660492
1.0,0.09878128104728207,1.5705549430561032,-1.174803030889614,0.0620239996053525,0.9798620089411235
1.0,0.19701787732271572,0.007287220574787606,-0.5525085853039301,-1.3063577366890804,0.9446925676640299
0.0,-0.11108793241253799,0.25596123786512615,0.8510974752958491,-0.0216558201995622,0.347480415903733
0.0,-0.39365553043238694,0.856089540890067,-0.5868329021747195,-0.24610561629602445,1.2782576354920372
1.0,0.4354036192085043,0.2268246600085317,0.31592503535350375,1.2307531965753993,-0.6194370758484
2.0,-0.8231017196099841,0.5295081542623307,0.549275626965961,0.19201668350709802,-1.054044724988528
1.0,-0.6619051582824272,-0.6393530114708943,-0.566354585455482,-0.47948194000435673,-0.1317219563145479
0.0,-0.6637644749041567,0.45978117591581236,0.7309020735652287,-1.1106664699603719,-0.05915974282084998
2.0,1.8731370966970236,0.4000393071673081,0.8024511740993318,-1.58945455710775,0.1558659303218832
2.0,0.4092222522658189,1.4693262955717943,-1.0199891918775947,-1.1320292892352122,2.5475019628941236
0.0,-0.9227065827546282,-0.29020450258808667,1.6530203377534527,-1.3012295113862813,0.05548361686017807
0.0,0.6370151119751302,-1.759000358474566,-0.3742815722557893,-0.18047694607893702,0.5202052925809667
2.0,-0.19194057944555495,0.7512368600115152,-0.329269360101676,0.8035166329939185,0.0762357676048475
0.0,-2.0378751901987657,-1.0234157254913747,-1.4176624516504388,1.7786192670215468,-0.34080780476494915
0.0,-0.36479531812240784,-1.3378991689873712,0.7834059511892109,0.5738633325549509,0.5445115337819226
2.0,-2.4193097254614027,-2.5030860238299937,-0.7456683978075151,-1.1767466954088797,0.6043154864689753
0.0,0.44455950934861427,-0.3878138891114931,-0.26901495598337183,-1.5534546555393338,-0.24748700383237657
0.0,0.8530802597464942,0.3967535026809411,0.7563394071309999,-0.031957287154971536,-0.6498291517753723
2.0,0.37188893575306387,-0.527640996621058,1.51329006063512,-1.006171369649751,1.4204963166068971
1.0,-1.1956253633550395,-0.7320814768079468,1.005870462260971,0.332448246371785,-0.3291141796463393
1.0,0.004689525525938133,-0.17718392310652076,0.5032725252810828,-1.1197431513357805,-0.5790248999022418
1.0,-1.6050620322001283,-1.0526688949448855,-0.8695764419534409,3.1530884671222617,0.9509556474784925
1.0,0.2636207616354385,-0.8321635958807502,-1.2437399094647672,0.35981795700098906,-0.2666837614862475
2.0,-0.358174423114044,1.3807115776029728,-1.1445437539010663,1.9009142301561013,0.046640360705631344
1.0,0.6322157299983395,1.5376541402874848,1.8638284221155446,2.279597250816362,-1.1463347902304906
0.0,0.4083323870752797,0.32500510623867346,0.8467077133886427,-0.3454485568846303,-0.9437211760166758
2.0,-0.5126035686910172,1.4837254454124778,1.785475981681432,0.40748899509899006,-1.1181718110979904
0.0,-0.0927169365582032,-1.2225682728188005,1.2326889479533638,-0.295227885708942,0.16369858198909373
0.0,-0.248244742000564,0.5723944603073324,1.0017799218293615,-0.1297039268834652,3.546915916260144
0.0,-0.8413180378242879,0.7068980698791479,1.3821639512818316,-0.3799209013556838,0.06720987446489785
0.0,0.061163854328530186,1.0717727293653896,-1.3288940542944203,2.0502029448106294,-0.10523814323791754
2.0,-0.380716365542728,-1.3952088169588235,-0.43143999740153044,-0.7359429305575282,0.283361989630094
1.0,-0.4337523970918201,1.1907097607760035,-0.6208021684527543,-1.3559067670447293,-1.489467378461497
1.0,-0.06200384235572867,-0.206907092506312,-0.7573787524058883,1.6408757006708807,-0.6090776149027676
1.0,0.290923828127099,-0.886506692300251,-0.2404124813063309,-0.019266347396304888,-0.8023791518569944
2.0,0.7272162836288801,1.8178075742062965,-1.2750934821255555,0.4429381705085755,-1.1472418947782215
2.0,-3.2807219724745424,-1.60323827156909,0.49420004568967707,0.008747707713127023,-0.2112057445744634
2.0,-1.3011945448835458,0.17318078376283977,-0.7377260811971788,-0.2742408058480768,-0.6860998320037922
2.0,-0.5302632409507535,-0.46622330864430594,-0.2374850974340991,0.49598474194633596,0.19114174162607425
1.0,-0.22779417809758373,0.5501263599935985,0.3028791168306581,0.2593839919567731,-0.6039786189400251
2.0,0.1663540963809775,2.8274963058211444,1.5716344455916071,-1.7142853515523446,2.172586617117591
2.0,-0.5208982256349816,1.724616202925343,0.32914004070013225,0.20005450264317254,-1.2967749832144424
2.0,3.2125264182106963,1.2387751762626238,1.2363281707116305,-2.0785118091060206,2.296461286352863
1.0,-0.5110207927240803,0.28515181849536614,-0.27155782595612504,-0.6305668168192173,-0.6646563570430251
0.0,-0.8116953146379068,0.5250184291944644,-1.1846508908099205,0.5389678506133762,0.4013192612346018
0.0,0.3042840057411023,1.403416603563918,-1.9928032102005508,-0.40512978370241715,-1.0228285637854757
