1.0,0.12536198184070463,0.9487541204262929,-0.15584100307892773,0.19922435043254125,-1.3467964577238114
0.0,1.19660858435097,-0.7318806957796185,0.3265165645638519,-1.4122878879213123,0.38689958971487487
0.0,-0.9229808603695369,-0.8623136281607382,0.20293063097210004,0.504149682861129,0.3087659379969372
2.0,-0.34218744227740017,-0.03354083299770056,0.18941784403878623,-1.594690399811964,-0.8612754783492053
0.0,0.34108815313079605,-0.645727556604937,0.44032929851163344,-0.40514695746902096,1.2761532983155466
1.0,-0.3078334411306947,0.10643670720974413,1.7617705144717328,-0.8228365119908212,-1.189395756203195
2.0,-1.0912578696226216,1.9396317492412258,-1.2029556389572766,-0.6314163786175093,-1.873610455811595
1.0,0.03346945971240155,-1.4346946204286244,-1.0339597467328405,-1.3904894452891283,1.013024793396595
0.0,-0.0767862351644828,-1.5258658501062665,0.7141405126463748,-0.1488518398757668,0.0904994161597478
0.0,-0.1261175497716726,-0.3734470275555051,-0.2875542797547589,-0.5760896515093136,0.2256812065481072
0.0,-1.5150929552591965,-1.9435976167048294,-0.21873169728260242,1.4856275954800389,0.05520047197689521
1.0,0.4256927547778186,-0.5853961367399643,-2.9389846425072244,-0.7678098896573363,0.4591418835989898
0.0,1.2936991609244464,-0.8600244644694602,-0.00945649491441341,-0.467318323147402,0.15557385267197144
2.0,-2.177568797734402,-0.10164264622148698,0.005845139431532856,-0.45989715712653345,0.9089915079623048
2.0,-0.656458075824585,-1.2114277253472103,-0.7620707381310456,0.5962374354981468,1.0824037743333559
0.0,0.844436020458964,1.342048229320579,-0.49451170178015935,0.47253226338300247,-0.9098006142678727
1.0,-0.5806483574890967,-0.5953605926531234,-0.2718279360029015,0.04024569918126744,-0.00870118517877196
1.0,1.30942857241283,-0.17152514481160996,-0.36298466862523576,-1.0238301603724778,0.8487258092092813
2.0,0.3007964053216629,0.7766387629426785,-0.05901954589233212,0.3958219982938526,-0.43934748872373663
2.0,-0.8970049145507323,2.6746109969359133,-2.7338430285528115,-1.531300417946315,-0.5260899919966086
0.0,-1.0475962085922372,-2.2361147375734194,0.11304913671633453,0.167525916236746,0.12774528069281302
0.0,-0.1054467847022035,1.0662035111051522,-0.229932673756476,-0.7333992470299039,-0.5719194606266774
0.0,0.12979078068168348,-0.36870937389301567,1.4731738219838362,0.05299791368762602,-0.4058828009693631
2.0,-1.77952519421791,0.2913951191900289,-1.9574508347652306,-1.232225571493659,0.7842295864778505
2.0,-0.6182266064107486,-0.9662615041493766,0.08970160480979694,0.3227885622036331,-0.1469764838520511
0.0,0.6045641974784319,-0.0931800481982574,-1.4617648409556976,-0.0896605755453933,-0.1872519346595691
2.0,-0.04083877332933194,0.634644621004355,-0.024111533044131998,0.33255844323165373,0.6422936093720949
0.0,-0.17150052429091364,-0.13437334072930615,-0.7026867647181648,-0.16194176281689343,-0.5365303732937581
2.0,0.1743786635544988,1.5799363476997867,-0.5502773452818969,0.6939726926394467,1.0312213879172702
2.0,-1.1285584612520003,4.114808040079558,1.163048135974378,-1.7832673684236902,5.907143788517458
1.0,0.4782321860207054,-1.6583218459914524,0.047536396375826184,0.5563610760874802,0.5043520072531062
0.0,1.287288258960066,-0.4786949439432904,-0.1982501223575568,0.11365088044512925,-0.339812549129013
0.0,0.2278664493672273,0.6921455541465523,1.3539030471242757,0.45583032059995954,-1.1293063644118944
1.0,-1.1439858993558478,-0.7999106986601892,0.5497318304278132,1.4259252841915027,0.7513240644399025
1.0,-0.030362762045490946,-0.9507760528783127,0.034935540661042964,-0.21492003149474662,-0.32492841039872256
2.0,0.0337048840307542,1.065436677378845,-0.5359736110164981,-0.44277617432356037,-1.3323935561871054
1.0,-1.0234034366501379,0.783740463335615,-1.7427993666755093,1.2673079022600602,-0.9057726704894737
0.0,1.0783231740035013,-0.5232745374851495,0.38805011476667817,0.06013424557280912,-0.32033636602017357
0.0,2.3456072847401668,-0.18700886415651616,0.6972357489709715,0.6872840323832157,0.32177508046070796
2.0,1.3410834716412452,0.2197231406241506,-0.891548012135886,-0.26909873149468777,-0.4305801299562562
0.0,1.2288250689996907,0.08486802926748202,-3.561424842867026,-0.10049508068217242,0.022680323616144693
2.0,-0.8013188640874458,-2.0491111285387933,-0.8090111779511631,-0.3398232291289801,-0.1401791919501898
1.0,0.7723085944371327,1.2833042758276167,-1.5566143870761227,-1.689385051824013,-0.8581713779221531
2.0,-0.860673597342262,0.1718704050224657,-0.6057022061733252,0.2369814264952241,-0.9271646206271887
2.0,-0.6694933331279395,0.4651462604309932,0.5182495059106635,0.3652693369828853,0.5413927764401065
1.0,-0.17609278871534134,-1.5211881600575905,-0.5673843736508084,0.560196289905677,0.10654581540136453
0.0,0.07361763581690452,0.26944018307698697,0.02787601548488102,1.0842520801853999,-1.1551588255218435
1.0,0.5127292736224619,-0.6328891974594775,1.771552102579542,0.08025526627849026,0.058590308473079625
2.0,-0.12656383700200835,-0.267177245009715,0.7319911221528439,0.6343599021175715,-0.8348436018095957
1.0,0.1079626417209159,0.7769676994523904,-0.47420899401113187,1.3754269301178035,-0.9639553556077661
2.0,-0.32959128499107454,1.8443868474549119,-0.5839668985614093,0.42113089074661764,0.09285109784914454
2.0,0.11190740479044978,1.7620108118611457,-0.9884897067952356,0.3030941928411825,0.23665810851252617
2.0,3.1478717895232173,0.28196250741389495,0.3596028239876249,-1.4596511286642264,1.4537054667504115
0.0,0.7786963709734269,-0.6829907486945009,0.825064745180725,-0.13313546590078104,-0.041959941925686535
1.0,0.7447536152077784,-0.06489715020748056,-0.22653177660288273,-2.100446596769689,-0.8131045843631787
2.0,-1.158495089512992,0.07088544688222598,0.9731163158814067,0.8296210119925059,-0.3113296567921289
0.0,-0.39157531495296544,0.5181547833123414,-1.4907468599765297,-1.9471176475516314,1.0182308550363843
1.0,-0.05894036660922552,0.19288141000091968,0.28228448267636513,-0.5505831377518358,-0.586865619786044
1.0,-0.5207547531207429,-0.3559106174042047,-0.14488292875927639,-1.1481562912962557,-0.8593803862761635
0.0,1.0491048148819404,-0.4494420074089856,-1.0480845615969325,-0.09918238561859229,-0.5796373689987914
0.0,0.9060503615586637,2.345551451264216,0.8775817802280532,-0.315841562045108,0.22839774406710645
1.0,0.5752056817220458,0.8639424629145337,1.2053659771103762,0.7940869928121901,-1.0270666945956517
1.0,-2.8138096390327827,-1.226216907818202,0.3934438272144176,1.172818353091999,0.5974135129007374
1.0,0.9414777043022962,0.21003289034643235,-0.16038020348364534,-0.7216536407157903,0.679717827699641
2.0,-1.3340463991714242,-0.4938687763670863,-0.21101622839578887,-1.9698342074259547,1.686956188882382
1.0,-1.3480282625044504,0.5225423753236081,0.25356026210515614,-0.7078614417629686,-0.943289430887759
1.0,0.16634211040242677,-0.9152240892422566,-0.6056624691741741,-0.5498740495217255,-0.8036258825933651
2.0,-0.7586941982451129,-0.16649261850644814,1.2206273742807527,1.940940550145814,1.3272058176808694
1.0,-0.48990112288648,-1.9718557369078573,0.09576757553233364,-1.4199774899096687,1.1979243622737137
2.0,-0.3638035282255516,-0.14364300262556734,-1.31036099209926,-0.40405300467898725,0.09231364656073038
1.0,-0.053185744211685475,0.05006810453101214,0.6963011269339705,2.27642522998154,-0.17235132539042047
