1.0,0.12078561936552935,-0.4578960166015222,-0.8132582048926835,0.34791500922458063,-0.23257765930390845
2.0,1.5117618645963797,1.8678979674434584,0.2967576059809858,0.4729550913849498,0.943669034702269
2.0,0.2454617984205949,-0.02087676769300622,1.1056146339050064,-0.023199648458681613,-0.42129902822516563
2.0,0.019025374663273923,-0.15688751613273397,0.549975740176093,0.19740857904418213,-0.7894795064760344
0.0,-0.2531441504983535,0.8467199718463596,-0.3782703126912634,0.05385747183720963,-0.690054432593499
0.0,-0.5752485110547623,-1.863122835718962,-1.0557056931560693,0.8552352152385452,-0.17991361348918714
2.0,-1.2079581352290634,0.8143318539719056,1.5331629417232415,-1.1281049676642356,-1.9833075620284102
1.0,0.3446653486485101,-0.608507761206075,-1.988533981621747,-0.48787972588211626,0.9299348872403009
0.0,0.7023746490526998,0.9851744155980826,-0.7891667969685167,-0.1657513439150452,0.02879190891527402
0.0,0.26916052400283924,1.4322378493392856,0.8171770758690042,-0.37509844886079535,-0.9459671694036975
1.0,0.5962235413995179,-0.04866532460275191,-1.115169704506256,-0.2030967502472664,-0.5410132108275758
0.0,0.37654349950114774,-1.4397578392310282,-0.5848079297048965,-0.21257063296478207,2.6080441387626347
2.0,-0.7101589825363742,0.7003781282202081,-1.1212362855808586,0.5862338195321328,0.2025182598342517
2.0,-0.6080869154095924,0.4999948296318094,-1.9551646710996256,-0.6589755120775994,-1.151494448340306
0.0,-0.12622459211162682,-1.4200667959143698,-0.39688476710243187,0.3969381640046631,-0.017359357918723648
1.0,-0.749065597332524,-0.5639678480740978,-1.4728394668317208,-1.1808948872058596,-0.869735458255659
1.0,-1.0120174528545933,-1.5100656973284659,-0.6149902040750793,2.090235713071774,0.7393728404357315
0.0,-0.36336680050646614,0.4446479479849296,-1.6993896421261865,-0.7153468360847955,-0.5200309998711035
2.0,0.04371038058771455,-1.1617022258209593,-0.5054674239701182,-0.841084020337545,1.6196111275723815
0.0,1.3741725405342975,-0.44802884436111995,-0.012295554222584106,1.141589976869246,-0.39572732709359504
0.0,0.5634489129948466,0.18422829419038073,-0.1302976569972464,0.6154339196856655,-0.0023035394625955524
1.0,1.3461811789324152,-0.16318047444926256,0.4921977094991991,0.6686020541856535,-0.049806260726830066
1.0,-0.13568934366761728,0.24824099036145275,-1.536649385254083,-0.2614389330416755,-0.5745925426521028
1.0,0.49757040618652054,0.39487428337597125,-0.14044100597704348,-1.4974255250465898,3.3193276243995795
2.0,-0.18881739671101486,0.09635209865259327,0.6820617466256167,-0.47303760292896435,-0.9114224434443478
1.0,-3.161377846742874,0.31878566662514674,0.8784134275366592,-0.43421638449778377,0.14031237562625357
1.0,0.38451286184392786,-0.5438690057833105,-0.6549316726072709,1.243798362470594,0.21905026595521854
0.0,-0.5736762244419976,-0.050708927678472855,-0.5986676404433828,-0.8500632003800609,-0.6652445830845038
0.0,-0.49567497054745907,0.05204585198053135,-1.0010489286381186,0.28073730455802975,-0.3465553587952749
1.0,-1.330834089026818,-0.15822227103704117,0.17904842474179222,-1.0267279272981478,-0.7953540162396794
2.0,-0.7352864481136203,1.1032562109876372,2.8736183360418934,0.14500357888324047,-0.6267624191042975
1.0,-0.5475654068551079,-0.9659728463274472,1.2694726412918835,-1.0438078468762026,0.20494931086287504
1.0,-0.9259920448511084,-0.45198623368553315,-0.1178475819327717,1.6746477448519461,0.21038922610293187
2.0,-1.353091885746508,2.114337483437285,-0.1014654120997216,-1.018889321402809,-0.8802009534531313
2.0,-2.639505930455328,3.3780625229376757,-0.4525725610811706,0.1433675354889241,0.025768634379573028
0.0,1.014695166467244,0.7770107749448091,-1.7076416951498574,0.4178482489748492,0.12691130707817166
0.0,1.962492772391584,0.5186274138048316,-0.03292602891006686,-0.2108191379894304,0.17492203392346342
2.0,-0.5777245954353344,-1.2109371961242783,-0.7713600216037061,-0.7320919130591864,0.3732281000351423
0.0,0.4384251255030496,-1.8345614771137104,0.7228819038488878,-1.5725276068382208,0.7793608701758309
1.0,0.27008556964265895,0.33074559177933505,0.8497602320304802,-0.5644997131976204,-0.4242945342804411
2.0,-0.4710716980907299,-0.30230472185578455,-0.561960509762637,1.3082194228169834,0.2349522968789598
0.0,-0.17203503044425358,1.5881926551928833,-0.42584747035961484,2.149668657198138,0.4719366242933415
0.0,-1.0673891633623143,-2.0840119028832396,-0.04475583645900687,-1.1378019681154117,0.24342668781070112
2.0,-0.23731714307612709,0.9132336064835507,0.7624452167835043,0.5032342764884534,0.17952214299401534
1.0,0.12748415344937736,0.959705797130782,-0.12329252061955583,0.1654033461958101,-0.8584350868544279
1.0,0.4335160408362155,-0.2530230943299795,2.0912122166640126,-0.09399438039557634,0.14904438911882825
1.0,0.26329003198570944,-0.3892104753704362,0.08834169876178356,0.23610135116224823,0.11945471336085427
0.0,0.22814667548691855,0.6608872397570426,0.15356057907429055,-0.7856528754172915,-1.255201038741272
2.0,0.3860628216825251,-1.1110093666752472,-0.08239249888591474,-2.0358996625873935,1.9991573236696467
1.0,1.6640440910102383,0.11806439973030658,-0.232470949315545,1.1814170643684423,-0.8460609838971264
0.0,-0.7037985826958735,-1.103749148339915,0.8874459265779036,-2.4429916162681438,-0.08996019468348376
2.0,0.35217453631729245,-1.0650964115162398,0.6815931050624943,-0.36881723170515096,0.6228789448328115
0.0,-0.2798426985128963,-0.9477991829458609,-2.342064411931192,0.09410803284953806,-0.11313521460091991
0.0,1.1977261900201213,-0.8987003434299364,1.2314481796969186,-1.7439188619801171,0.5308787954919487
0.0,0.2804736327748018,-1.1728102346989207,-0.6506847733268019,-1.1976089596211241,0.2371583541835845
0.0,-1.1540915190669259,-1.610584114991719,1.3979560184634061,0.8049258513777994,-0.9787316020571208
2.0,1.2512886115126953,-0.37786453497979716,0.18955349250805173,-0.3146871888292808,0.09831502831039428
1.0,-0.12343056002195345,-1.009419127504072,0.2416027226812704,0.5093665127577532,-0.07893052233416922
1.0,1.2265773723256295,-0.7845465239938528,0.028540668065040988,-0.36550300594633145,0.532362809042875
1.0,1.7650129074869243,-0.17342363026817142,0.264323310353614,0.3691002642124262,-0.3662503936626401
2.0,1.2628862457824723,-0.40866936401282083,0.4660763441523657,0.2176818281905207,0.5508191190551326
2.0,0.3411462012470087,0.9707674916932278,-1.8621473101991333,0.5852764112375413,-0.2939813588172192
2.0,0.9753123097041264,-1.03843622973711,-0.03473548807575765,0.7499544327891253,-0.3150122103043747
2.0,0.06444472715089998,0.15188484051621212,1.2966004427680637,-0.5495098807221812,-0.4964720530605024
2.0,0.0764425264105156,0.5225702025408452,0.2054973162792625,-1.398932218529028,0.5005803131692557
1.0,-1.4158085597495915,-0.20255605097609536,-0.4504280753599572,-1.1433567089926038,-0.3021773879515039
2.0,-1.1430883552374707,0.538358154851443,1.0194718088151575,0.9975516292259538,-0.008175883491749353
2.0,0.21421251810660455,-0.1669671158931497,1.4782880766985178,2.5749692583921404,-0.7414173683222796
1.0,1.1342061481105792,0.1400942916344622,1.1543791099971428,0.1837222931391221,-0.7976914804077302
0.0,0.48924223651679416,0.7234028850742786,-0.12898393803108388,1.8540208502646793,-0.2593334336010361
0.0,1.2079780076882158,-0.4167399666467378,-0.022982037432812005,0.3795690580431746,-0.02723784226838698
