1.0,1.9087250494092063,-0.12327069736066529,-1.4622536748810018,-0.9977085178268853,0.2526427182908752
2.0,0.30886827631340885,-1.1911209684065431,-0.36722148265952864,-1.2655456072526143,0.52745521088847
1.0,0.6601124316399113,-0.08181132963168616,0.4211030337629209,-1.0735601315265235,-0.1416406132949851
1.0,-0.15001961505119252,0.02655794135955592,1.340631677330043,1.727671120388548,-0.22782563538375997
0.0,1.3084772637274058,0.32637872996591527,1.4623492032809045,-0.38932418801197766,-0.9322596036197582
0.0,1.649739684042234,0.026705720901814313,1.0265600505686294,-1.151806627525568,0.2689721229878045
2.0,-2.598713909116748,0.01948610514659532,0.2636089967462321,1.042150325754445,1.03879216915474
2.0,-1.0243050253215784,2.875405275989501,-0.31040911726304155,0.14121179106601436,1.6795889066773493
0.0,0.22534485091002845,0.45757182210349373,0.9605862143180403,0.19088266290462663,0.19463379707374073
0.0,0.893998692204139,-0.3092060088237244,0.2598331699899588,0.5196930721895061,-0.7376093426011356
1.0,-0.3597419392442352,-0.38403046345591907,-0.41213387396228013,-1.0279110768480362,-0.6542059588345884
0.0,1.5850464239086544,-0.19593685099612282,-0.6216857798980302,-0.647488336343392,-0.20171471755996476
2.0,-0.6683513432605838,-1.199653316305857,0.06863416834867103,-1.4030568519860647,0.7655209058887668
2.0,0.8809924471485007,-0.7628443794705085,1.0082728514683452,0.14649977095926583,-0.09978994684145809
0.0,-0.7456344658552437,0.3124064738909891,-0.5331759285079063,-0.6586871251681359,0.06186759911616823
1.0,0.46453397298217386,-0.696242613966119,-1.5356586142232005,-0.6025511816253848,0.23578619680283983
1.0,1.4602764547678067,-1.2090641360631067,-0.7092306585619832,-0.8277496503130395,0.8497464609001106
0.0,-0.06741357265532025,-0.789490140954593,0.5817169963875014,-1.6669671863380433,-0.5508329058896465
2.0,1.1640755835055865,1.263118277680754,-0.9627221164908082,-1.1198981739908043,-0.425533362834909
0.0,1.5720622753226832,0.31925687866834884,1.9238286093087027,-0.9315707798690747,-0.6650528248649659
0.0,0.4562907922500405,-0.04823856215834594,0.6176698086175585,1.3611021553055431,0.9572742623542603
1.0,-0.8705854936489628,0.24426520415807482,-0.9105768860429908,-1.3926904930912472,-0.8588493088193377
1.0,1.4559165847721587,-0.009708148613100322,-0.12915052080273126,1.1820888923216184,-0.04680825359060667
1.0,-0.8063529073136206,-0.8931816013781876,0.16276905651602983,0.7864000684161547,-0.0715941553835698
2.0,0.46348783105418107,0.08713214735040654,0.5089666130403826,0.4739597489638716,-0.049886658000162766
1.0,0.13017914744314715,-0.0976703781693988,0.6307273219987217,0.3106177704339816,-1.026296721176172
1.0,1.8528224194616953,-0.5056277742843378,-0.20002528648209794,1.058322947926471,1.2589081503318709
0.0,-1.3264038511181346,-1.243464825179624,0.7773216285664298,-0.5844659093688459,-0.4425059114635899
0.0,0.6190643976776912,-1.5454958266058407,0.7817304492363554,-0.6610856054815358,0.14815577302426122
1.0,1.060371260107051,1.005230254703534,0.05834614593154382,1.9063112083037455,0.2614402286416487
2.0,0.6183599229748898,0.35917683447553533,1.3198340501010324,2.2101721872372844,-0.48644949239426855
2.0,-1.5952431716753082,-1.842905050957467,0.019398179692408656,-0.8715537461038987,0.7174179847061491
1.0,-0.09281634063901423,1.4683635004574034,-1.9354054257532547,0.3680595721212122,0.14024422124879668
2.0,-0.04290920385482857,0.9182539573306564,-0.6821897092757746,-0.7100359269277854,0.9337379533015446
2.0,-0.15282549262798847,-1.4973171173034268,0.7716452500992314,-0.6130614292285939,0.7027769694156015
0.0,-0.9781769652401936,-0.06872641171915204,-0.580160994930041,-0.8842710335003773,-0.01740870048712047
0.0,-1.142508195746778,-0.2661955080508301,-0.4635280081694963,0.06862759051005074,-0.20421884618737687
2.0,0.33121943108240554,-0.0875270521074091,-0.6576294871527796,-0.3796918136197867,-0.27797251519772925
0.0,1.0305097485109669,-0.2620874497529296,0.5573877380278571,-1.2484124450032021,0.06690912066944417
0.0,0.6721565827195192,-0.3349192862703919,0.9968512056003285,-0.5252800161840089,-0.4199198311466017
2.0,1.147339432226759,-0.285913973315376,-1.2009438038984506,0.3103724370693348,-0.07725255111037407
0.0,1.2059143129997092,-1.0202030088097975,-0.6089523705880912,0.4862775543647624,0.6116506119519962
0.0,0.40124528287146083,-0.6525767120056926,-0.09048056030152928,-2.046078549465358,-0.6517338448223743
2.0,-0.8236484598223793,1.8152074172777222,0.7047306276965832,-0.8616895822350367,2.5848592955957193
1.0,-1.3032151936898235,2.068275021201627,0.8378503324505199,-0.5836898496771507,6.072600099895641
1.0,-1.1947319720874574,-0.10410495536240648,-1.0486320812964958,0.017848112040321697,-0.8924366299840963
1.0,0.5535268623761864,-0.37788272541729706,0.7198309150704849,-0.17696179705849654,-0.20831464019832568
1.0,0.2722798278937125,-0.09079579814017678,-0.130263544619999,-0.49587078581180283,0.03568427632555174
2.0,2.335151444683813,-1.254941287454265,-0.10793943063217909,-0.4049889977294057,0.5123640242269216
1.0,0.32196071486996697,-1.2861127616670565,-0.24378469257130178,0.2309656659818318,-0.055167075576371606
0.0,-1.6417643346111999,-1.2278535010884573,-0.046418717691828246,0.3752437727407243,-0.45455262524112744
2.0,0.4411507042437145,0.3265669482096873,-0.3363463498116906,-0.9972557852366577,-0.8208799639503698
0.0,-0.002872511434112538,-0.6222760421842389,0.05004327071898664,0.1990811734769716,-0.06996468066185939
0.0,-0.24895083126465123,-0.920162810355529,-0.4936311364065841,-0.24128536957173746,-0.5915537835726021
0.0,0.25629592346820446,-0.054798199259643535,0.5493591729619594,0.30844892945817326,-0.2924046857902271
0.0,-0.10641737480384733,0.20538665251591767,-0.4956070922591701,-0.09975347198952139,-0.011930036888163749
2.0,2.1198377361598446,0.7423791082814073,1.4947432154369744,1.0199927302067577,0.6961664877077681
1.0,0.6044129135112366,0.0072726114259326746,-0.352851347338869,-0.25294695765716074,-0.24238124971899885
1.0,0.7916582426809515,-0.45173654129465246,0.5881556267698429,1.5954861608995217,-0.3517501174394106
1.0,-0.004748948496251956,-0.1422363793286665,-0.7627002178965041,-0.4980181146082299,-0.10597807416389449
2.0,-0.9002393564480422,1.6774687705558102,-0.6973559314712031,0.00025968949269185895,-0.4226004405779068
2.0,-0.9489556132961792,1.2866782328251358,-0.34397317829355273,0.3610750797715389,0.5450922616589753
2.0,-0.9631191830403999,0.8591632339298095,0.5421719529630793,-0.13914614158501515,4.196831239545494
2.0,-1.9615975993647063,-0.6016796063921552,2.628723327835396,-0.6556304213522461,-1.0113616209520964
1.0,-0.2043771596985706,1.0649085746438456,1.1576704027631972,1.5539779331026076,-1.1724687411913752
2.0,-1.3023304725543485,0.703101503869026,1.2062811155589708,-0.2507523409184592,-0.6441673280908825
2.0,-0.6476084425500228,-1.3249208247382585,-0.8030275014270983,1.751038567038429,0.755819949484146
2.0,-0.9298554806103652,-0.5668659596038688,-1.0675763838657146,0.8472019842342863,0.39731509373879437
1.0,-0.8525318103538448,1.5117663253080593,-0.5788692959896646,-0.29842196186436865,1.2138761975145558
0.0,1.9184085943607172,-1.333143911872309,-1.0323594619172152,-0.40679938617668365,0.6489249912595874
1.0,1.0875981581498793,-0.0366403123622199,0.06919212528045142,-0.0935699923211289,-0.1090546864786685
