0.0,0.33631147580081894,-1.3204861526641873,0.2557083040753129,0.7024383478199512,1.046267960474632
1.0,0.36912325697186027,-0.942826128132037,-2.220571060888802,0.23589046495805996,0.12957918665420998
2.0,1.1368976789789933,1.8659255022953376,-0.1919412473259338,-0.05287010972287056,3.5541158556508803
2.0,0.5041287205133076,2.0369053430219277,1.3024672407882996,0.15760851718020413,0.7255459765795989
1.0,-0.08419680675018104,1.2946059639001595,-1.9376766602410962,-1.0737124438496317,1.6169138362037825
2.0,-1.184987559401138,0.3344611611747625,-1.9315596121493783,-0.36888036706880506,-0.23298446590359861
1.0,0.5972398232803546,0.46049684881112135,-0.11446460339133117,-0.06448156300573664,-1.1370536683097616
0.0,0.5872463333686665,-0.52580454642199,-0.004594618093135203,-0.9447369203492585,-0.7037074153315163
1.0,-0.11205100024747712,-1.7755465534797477,0.23968796197483053,1.1837082992803427,1.966033927836653
0.0,-0.8100938248831986,1.1786770011223724,0.6934340440082906,1.5247984273689978,1.2546139507723055
1.0,-1.2742904708942895,2.733480234742904,-1.4781929110229444,0.021566256021237948,-1.5272907565069567
1.0,0.9055630790752777,0.13211416008033322,0.8931640307051415,-0.45500206086505485,-0.06532605743070229
2.0,-0.2263666111175161,0.25985003781480887,-0.10669493734047039,-1.3582129585895784,0.14278762593816896
2.0,-0.1706820969873141,0.21467084251479945,1.041661450416311,0.35081458481200956,-0.11144346963450495
1.0,-0.7590827788153045,0.36817888020886536,1.1968831957871808,2.5053119219953772,0.39952403882220383
0.0,0.94686547868893,-0.9544442098467515,-1.0107504886257481,0.3652868599846304,0.37259429247997977
0.0,-0.6646376544025049,0.16113780596699667,1.4005414910880496,0.8930095913612843,-0.7356685180206632
1.0,1.5403679051633392,-0.6124004897734061,-0.05869543250696342,0.02724889584908476,-0.7358899938045643
1.0,1.2741897331243401,-0.43161444003322424,1.3350169613298748,1.0250400426252604,0.26005779323202804
0.0,0.2311682674679654,0.5774627170356759,-0.3094506301989885,-0.5575640640698004,-0.7084531335321685
2.0,-1.6236284490018544,0.049575683116231554,2.0429370095606925,-1.6577134606556692,0.25884545009038346
2.0,-1.1583514463067432,-1.5765470731840765,0.664053185466555,-0.8554655519998512,0.11265009152446745
0.0,0.5057085259023705,-0.9260053720599567,0.1701998562041577,1.9917113446284482,0.1337489249324574
0.0,-2.7715381694446997,-1.165638948732636,-1.1736935097944403,2.1702363165784453,1.1609029538674651
1.0,-1.8299763242829181,-0.8164318142096754,-1.4191196825019141,-0.22666430076590627,1.4588602450799464
0.0,0.7657244953763271,0.4509149873562799,-0.9141994034816019,-1.6663636962600648,0.15894790451373952
0.0,-0.20414377584133697,-0.15859743275830315,-0.6344736998551415,1.1689527489316827,2.1051737584335513
0.0,-0.38140615684986806,-0.1748843020565611,0.77268926489443,-0.8116826509967467,1.8537959793624292
1.0,-0.31847222722928376,-1.0067962964764752,1.2385423519215435,-1.4635169452820933,-1.2952354689107568
2.0,-0.4797387589271069,-0.04982528383527015,1.9508106957640476,-0.39949402811571144,-1.30575670583221
1.0,-0.5987093337599683,0.29132301212343625,0.2379538502224847,0.6921181279918233,1.8640360233423618
2.0,-0.1503274822123754,0.24071300103459403,-1.669325838756848,-0.6052764173225772,-0.013488845714315132
1.0,1.4057541169094014,0.062254442514511066,0.6647945942136141,1.0437560314493253,-0.36673644507800074
2.0,-0.5882845080051025,-0.11173712130902215,0.874852300601872,-0.3990441423097415,1.0317673888223053
0.0,-0.930098587259779,-1.6431818341403543,-0.708151943372102,0.8360686875493748,-0.03947617782110411
2.0,-0.8298757295296568,0.7713701542883256,-1.0235449050024266,-0.39876938796991096,0.8863785813602433
0.0,0.26351563197366157,-0.0880747079672727,-0.21776022762083364,-0.9255683385726458,-0.36493182924079726
0.0,-0.9955649101824497,0.9588290377346091,-0.7490436501109872,-0.7892266008101917,-0.9246498810689753
0.0,0.5248353421002845,1.25349446522043,0.04017840928694533,-2.390443770166012,-0.5024204376967747
2.0,-2.3323008731011057,-1.3804067585483204,0.8335858307095984,0.6810990817246657,0.8154770224487009
1.0,0.5510554191897407,0.6717190151213457,-0.2672512718053663,0.4232797334979026,0.01692674034951917
0.0,0.06663098890960081,1.1973060022620896,-1.5612335884061195,0.349605114413853,-1.4919679304698752
2.0,0.14200700861263857,0.8459693462840012,-1.0907743647431998,-0.09279760897137763,-1.1148988585802393
1.0,1.6874934930256775,-0.04322032476585348,-0.1548552374357276,-0.05918270115695208,0.5411995045284287
2.0,0.4245130308721691,1.7664571479124682,2.532375417146999,-0.28489000428919425,0.8639111663979654
0.0,1.0431592077032725,-1.6098916066108926,-0.04604046635105663,0.6385973429957637,0.5326745476177839
1.0,1.5977018524442206,0.7056721755900554,-0.08372677040517255,0.86874620122703,0.09351066281794378
1.0,-0.16071271396158848,0.14296763240850704,0.6813201952002856,0.8689391325058138,0.19071876730968246
2.0,-1.0834116669370555,-0.17951842321103167,0.3339120354133845,0.48076853424311183,-0.8509382667821012
1.0,-0.6268739141405962,-0.7955562193536665,0.2532466996775794,1.7356876452871552,-1.0772433182312204
1.0,0.7878723070168774,0.9421582957032002,0.09782823248541077,1.331815186586385,-0.695048125559422
0.0,0.9961208242601376,0.2804685627055842,0.060766577439602266,-1.4703404671828066,0.3113563477223232
2.0,-1.7267884485564413,0.6889257103205867,-1.5279886638158413,2.2282749721851522,2.934980626152802
0.0,-0.8772140825848547,-1.6338837464509035,-0.3366508869358844,-1.0562197774481408,0.7067211340688286
0.0,1.4590500613545365,-0.27945156307402363,1.1044801260339547,-0.49964694635793927,-0.44382729386593317
1.0,-0.7597964509682865,-1.1642694644747973,0.006453100585079992,-0.004703080814498839,-0.03773217804018901
0.0,0.05451455097508485,-0.37713438442907515,-0.39429682871851024,0.22140646548315943,0.21135180014955982
2.0,-0.7650804232418031,2.198382660481074,2.0873539828958156,-0.9257675231933002,-1.9171249300905202
0.0,-0.4380607798826858,0.07364387898062674,-0.028074916474005306,0.8584436632215235,-0.056052216539442555
2.0,-0.8317323967177698,-0.5862581331415351,0.41275469767121836,-0.2726916536876569,-0.5933352941463427
1.0,-0.517168138878209,0.7012767682375094,-0.8482563079961183,-1.1741079629245146,-0.06889336399550998
2.0,-0.7313864018614737,3.011199096798564,-0.4237717255586883,1.043125256684303,-0.6651834076179465
2.0,-1.2856922907921655,1.913830845658854,-0.6113675970173648,0.38075286758616267,0.4517833709896493
0.0,-0.26816386409228443,0.4254752248129999,-1.2732124630023443,0.8652143589841774,-1.0259872585378487
2.0,-0.20481064684055394,-0.13781302396830417,0.4114762531652595,-0.17389296692594436,-1.0520013372396109
2.0,0.34700459090132074,2.175772308170563,0.23997575902171453,0.7547046904526511,-1.9291331332391564
2.0,-0.5035061332760629,-1.8762643785406998,0.16157324873005618,0.17354912671560319,0.21638112096303738
0.0,-0.7268903901619828,0.8952893182917997,0.3716662656782877,-0.12006846791927589,0.9709677553235146
1.0,-0.37424552848446124,0.13283691824021732,-0.036627787581521874,0.3321518881145677,-1.2832120417168857
2.0,-0.9397322389541801,1.3573779639423282,-0.08854797730210544,1.9082343329527112,0.8798845439105124
1.0,-1.4774690426847057,0.3473555665664639,-2.0555557670405418,-0.6682186007150922,-0.5350491535556938
1.0,0.776428555560729,-0.8147223598789626,0.2542797304938116,-0.7608117668995543,-0.4727074438467338
