2.0,0.6808195335133432,1.7752216428638405,-1.4863327326671272,-0.5533027855456326,-0.5771333489303373
1.0,-0.31882358259330823,-0.5767768570468177,-1.1605210241279542,0.25257770248067823,-0.3411062242917951
0.0,0.24968292205771273,1.1034597426150796,-1.123543857295905,-0.14163702698740538,-0.7430179766708377
1.0,0.769363714766429,0.05131611297658777,-1.1231146760298398,0.521653013164591,-0.5941053637133595
1.0,0.3003229332281552,0.5355945494044787,0.02941295212374448,-1.6648546129181003,-0.7330227541793759
0.0,0.6754969947101371,0.8527433620045894,-0.004928787201915152,1.1714256796234037,-0.6491379808711394
1.0,0.5381999034279864,-0.1002634778926124,-1.0109733716981673,-0.8512923343851552,-0.15048807193004415
2.0,0.5516670143749569,0.6167457501346103,-0.8258926127590225,-0.5851110334936778,-0.395455133813365
1.0,-0.5157988881144486,-1.0056041987621265,-0.42297335080485965,1.35371568653727,0.5072664773941584
0.0,-0.5191430402565145,-1.1586150696271267,-0.08266112351284743,-0.028354476959720865,0.03546115330158303
0.0,1.0753023106060902,0.49573215006102583,0.6295697219440571,0.840602429106572,-0.6396479918323277
0.0,0.25639299183668474,0.5176521672535613,0.1916846303897679,0.21062020591180322,0.23373807907551666
1.0,-0.01916616316157653,-1.0813672924668105,0.29764521825978707,-0.6151474755345441,-0.24200896589181903
0.0,0.3174141141483326,-0.9305396877396666,0.4261627585405843,0.5312713917553618,-0.8379045634986297
2.0,-1.0318437488140166,-0.3195303896344903,0.5232124067346636,-2.398103070215365,0.22122342644414153
2.0,-1.0593432216195227,-0.47146489449932066,0.819385540437111,1.618870678927779,0.55142063614788
2.0,-0.48729487554366246,0.44089945366972133,0.34773362653540857,-0.4576890026915031,-0.5764650941960747
0.0,2.241284208433789,0.02121780475860916,0.13599184637557837,-0.7327421816053764,-0.12262283293536028
2.0,0.3445378718289023,0.019862657475830083,-0.8850166609812226,-0.6036346043302635,-0.5002427548432378
2.0,1.0034481024686266,-0.7450156416187766,0.6866280645606633,-0.626196603166933,0.3611692771030211
0.0,1.1150586778242502,-0.3621076634332739,1.0874342223130522,0.7003885677415662,-0.18348789248673444
2.0,-0.9289190428441999,-1.2540159577659016,-0.400826929205482,1.0214311994206506,-0.736659592064072
1.0,0.47560984831526115,-1.2651642284688256,-1.3084455714951768,0.9495644720196346,-0.22798276379396043
2.0,-1.1130942464693958,-0.4340903712892852,-0.16188364283769896,0.4716973519132553,1.4467356591666523
1.0,0.2754246770337722,-0.006623627707309776,1.2399727990812355,-0.2886203888417654,-0.9409084030726381
1.0,-0.17185734921628745,0.3262296388763433,-0.23206261288261823,0.014435065435372445,0.2882781433872919
1.0,-0.6354971201726186,-0.48403505145635634,0.02438734844125202,-0.5397631814694475,-0.23924027657890345
1.0,1.5745312354360383,0.2408852124161522,1.1433989573033168,1.6407206212244598,-0.2279114546647405
0.0,1.0875279156899404,-1.4923072536616226,0.13398984254305846,0.5104102892915342,0.9355694362238889
2.0,-0.1898553671101971,1.5817346311025295,0.23331791801401608,-0.2114509986906558,0.24978274694712668
1.0,0.27926343561877043,0.8407793344241707,0.3979287990346089,0.04897450872433831,-0.7489439906771179
2.0,-0.40082542017951517,-0.2043863669947956,-0.7148139102588151,0.818054153165771,0.20652516696016412
0.0,-0.32718048366486835,-2.491310951656555,0.4484343744144123,-0.5884548278837921,0.5042623189922643
2.0,0.7662244707594414,-0.08206461861231791,-0.05941582655744921,0.9665479425845832,-0.4819585237177744
2.0,0.028826946076687617,0.2880202111411642,1.4636749066562158,1.1761712638725041,1.0300292092432803
0.0,-0.23201108683679292,0.34236336042164356,0.7360265291557997,-0.5976137547350644,-1.0955608901160554
0.0,2.7356958006548284,0.326780143455299,0.8451890492337301,0.1430099629285055,-0.26495176631366935
1.0,-2.548763059759728,-0.6204394171905352,-0.7206897050086365,-0.9079456937122737,-1.1862549842284325
2.0,-1.5881506325289496,1.0827867415380064,-0.5722808864277547,-1.8708187359467754,0.17454568639571835
1.0,-0.23552244698399963,-0.8065590842401295,0.7293929090424358,1.26443767739303,-0.6267249384097454
2.0,-0.20740119131421086,-0.7511923358925039,0.4847136251453035,0.07348158082653355,0.31266638998643836
0.0,0.1355587391840527,-0.3356050408408202,0.05056444574184043,-0.8316146571708188,0.38522505819609976
0.0,-0.7469881296687361,0.4372434901629555,0.19109866147186483,0.6626236726578822,-1.8561415973452056
2.0,1.5074165843932912,-1.4392521748711216,-0.39716844048207584,0.269734549638386,0.6135902054747768
1.0,0.9033332310217147,0.06176865446699032,1.2360040764597358,-0.6531433146816142,-0.046558107750817736
2.0,-0.46715181598636296,0.07496551269682444,0.12351957662318173,-0.6147795549986704,-0.34426679096825397
0.0,1.2272065797363394,-1.0068358535817452,0.015147625582931175,0.29468875414588597,0.1767914232829525
1.0,0.09858814799263953,1.6224228558184994,-2.024774118093543,-0.8957859921923459,-0.9235999980097137
2.0,-0.5461220332730142,-0.3352480853543218,-3.1058380037972677,0.4820728161678451,0.13018260423184763
2.0,-1.3297765208503856,0.875256935261266,1.1160756193980466,0.6253099714153731,-1.6891693429785872
0.0,-0.461377614922367,0.6761023373124913,0.5742383587130341,-1.4707886316436818,0.9790795882412814
1.0,-1.1635993094841828,0.7802322334181245,1.1841182013473677,-0.9089700074879947,-0.7979754950308241
2.0,-0.48588601350848953,-0.08848683051270356,-1.1328507233447054,-0.9467515798474468,1.5324766687302502
1.0,-0.10510556686022933,-0.14255602303576415,-0.8196421063002618,-0.7285935237919592,-0.5931904048287973
2.0,0.3225883995661516,0.533352004488667,1.0281309821161178,0.6976595568600253,-0.7649757456394466
1.0,0.7946579245878741,0.6665786651289696,-0.5848485652213891,0.4270278692128573,-1.001485120239289
2.0,0.9618221967276193,-0.4873812591308674,1.1331232414344938,1.9686089506462772,0.8611847119049957
1.0,1.3804445508475838,0.717253430330524,0.9676239678294997,0.4140921921563754,0.3021197394293815
2.0,0.5811084629028166,-0.5355777107542463,-0.02739608423940597,0.6643722742088957,-0.5715202703335251
2.0,-0.14234021438930608,-0.6817877326993339,-0.3386870410013502,-0.027472385476428062,-1.0101523868031588
1.0,1.8134157423481427,-0.34834079069584567,-0.4070968926347135,-0.38857515454398794,0.4892884560185295
0.0,0.18452445034970646,-0.5409725522463754,-0.32810059477627074,-1.7859391584266675,0.03708868284047259
0.0,-0.4161580562169261,0.3388292401119816,-1.6922565134994776,-0.9829314122605395,-0.6132207503775271
0.0,-0.1905019202967203,-0.11893210907342183,0.2575327450712225,0.1373229436095795,-0.7671156113444764
0.0,-1.509415578723206,-1.8550034015251433,1.2214526298987582,1.1042057819090623,0.17624781666145165
1.0,0.6502067283653706,-0.9866942884976168,-0.5872974680600315,0.2879194487826676,-0.5102133792987329
1.0,1.5063643332422842,-0.3200838413117624,-1.7379643136870138,-0.18762577692573373,0.43163265734226897
0.0,-0.1588842947978599,-0.07800031613655622,-1.8182241566653503,1.9547036451258457,2.501126946927753
0.0,0.1255069838424231,-0.03901711020146683,-0.04690610434386937,0.4887183589347771,0.5141782146165026
0.0,0.5100281588175886,0.2642502693420818,-1.5729738065471113,-0.4142553006552668,0.6141151168263154
0.0,0.1907268881499116,1.624888652615566,1.003565615991267,-0.2657684573489491,-0.06694444529040232
