0.0,-0.3200818285951527,-0.9729409592421313,0.6203788458242575,-0.003976968065239895,-0.6774444926856853
0.0,-0.4825419645914018,-1.0079583757087673,0.1136508923265501,0.7306909181238362,0.2367513819723508
0.0,0.9260457318176987,-1.1947823795385677,-0.25754861817615343,0.14557074721507363,0.13875455597755781
2.0,-0.5110889407160811,1.7296680904003323,2.047553947107849,-0.7228667876016139,2.3698747343710957
2.0,-0.37126810148304507,3.067536914923773,-0.811019969615623,-0.48326526700461325,1.9676519714405645
1.0,0.17610544295016478,-1.0955957656112072,0.6341977155558407,-0.4811724652386987,0.09436136534945709
1.0,-0.21625568066046408,0.053388507727185334,-1.594668442665149,0.6802518958548514,-0.27873466668567215
1.0,-0.10170907584485067,-0.3676711879331147,0.4773184488827697,-1.0422195411837523,-0.1676700122834251
2.0,0.23771864582416313,-0.6465954192904959,0.7677616602399177,0.8109870652612078,-0.4920487826686635
0.0,-0.06040320007292516,0.6085808918620699,-0.20241834124382363,0.9219667336612998,-1.187751344342323
0.0,1.3581479870567457,0.17694183287303794,-0.7797581926307062,0.8192680625997777,-0.5669822549301486
2.0,-1.2918653572136936,1.685406993143216,-2.4244611347266574,-0.4405288886984451,-1.081707419757995
0.0,0.35663502134599573,0.3526032775085491,-0.9862730497084723,-0.28822300647225213,-0.5130040047033225
1.0,-1.6037869568238026,1.1498009604849069,1.0555919437501928,-0.3087490135136507,-0.9903315409432597
2.0,-0.27949380525337286,0.6272111435707934,-0.2878358698909594,-0.6429903752679712,-1.0657247005898307
2.0,-0.048106964792297695,1.0052999241483491,-0.5254780028002273,2.2020213568913785,0.5888678352461235
1.0,-0.0861990373167692,-0.5615296275749241,0.15638437912019595,-0.7899642038127169,-0.9045071745357619
1.0,-0.3989083950378824,1.4356061320583025,0.6066459384741965,1.1884976857425524,0.07565598102990145
0.0,-2.9393155037155636,-2.5810587719748006,-1.5485599598282727,-0.8041176055471467,0.4073952069780814
0.0,-0.682029252932993,-1.22130794379123,-0.1034519209563319,0.22616096637032448,-0.44063824531938994
2.0,-0.06267720947156825,1.733881511137365,-0.5563145840583105,0.7034715246442019,1.0919833784497646
1.0,-0.4970706227544233,-1.573083034504075,-0.8428032612178281,0.2034160813552858,-0.06488205952154374
1.0,1.0898809884175282,-1.3400206030387127,-0.42512049140190644,0.10593111198943536,-0.09565554626388174
2.0,-0.12293034991771386,0.27821917821738995,-0.27883335180915575,-0.10512746025844451,-0.49256078635848843
1.0,-0.5198640329616101,0.6323559133748494,-0.4575972966481055,-0.4189839901414478,-0.30428126902049063
2.0,-1.4171850611725352,2.21121393907036,1.1160756628463044,1.784121493902238,-0.5073868231875841
1.0,1.6838159416665568,-0.30055907950834043,-0.6062526683065571,-1.7527810643643935,-0.3812291829392899
0.0,-0.4625880572003622,0.29535582714632236,1.347683319987633,0.17935456279503292,-0.09183940167494803
2.0,0.18806528161691904,0.41924569350872865,-0.46907467015058824,-1.3765715182033869,0.853233473103857
2.0,0.8776287006512483,-0.010025754113280522,0.3036019776414223,0.6815992642099186,-0.34181090560422855
2.0,0.8419495321126326,-0.8263081878137774,-0.2421099989532311,-0.41392055193635285,-0.08282500094527548
0.0,-1.1053733350436712,-0.2947258837609509,2.2748012159353186,0.5931984969296686,-0.1203685181572408
1.0,-0.9592614852337696,1.7481532373807487,0.19374354028405935,-0.9581849724073425,-1.1520521914525659
1.0,-0.8619825290944678,0.7878274119284351,-0.688123234336759,2.10544737038006,-0.613638629515157
0.0,-0.494916446022429,1.043103964605771,0.15810007596552178,-1.457600077578263,-0.6360747875146467
0.0,1.034212124466755,0.21256496393014968,-0.2286313264804353,-0.20770247255219096,-0.1555252570771783
2.0,-0.1162051310580967,-0.47846058045706613,0.36738803214223714,-0.25863427131791616,-0.8895784399619432
2.0,0.5735607329253538,0.18875693323518286,-0.23771869720744448,0.20219293921759565,-0.07210311172637052
1.0,0.3059266903086008,1.1939678062970382,1.3998713592135819,-1.4991922579644,-1.3174193002257157
2.0,-0.32091985137875545,1.795109350959483,0.7112304714146437,-0.38550542827038004,-1.2570482342567242
0.0,1.5005184655840023,0.8255345638050875,0.29918929826268453,-0.8640847330874458,-1.0796193190691898
0.0,0.6567569026766957,-0.026113559155813166,-0.2252610112003808,-0.2704366254100293,-0.3793637601555177
2.0,1.3578099435155124,-0.7253233954351421,-0.5318017096598734,-0.38845735259249026,0.8086094621008925
1.0,-0.46815776638142104,0.40646252143528294,-0.575113694671644,0.3392338566390039,-0.1520813888580011
1.0,-0.6959024605213392,-2.1761448251722624,-0.039305832013780996,0.4862545181857513,-0.5629044552563512
0.0,1.6530911701268292,0.02066318899265779,1.345286436138058,-1.8603465105261197,-0.14593465399833744
1.0,1.9518118297405362,0.8761468291927093,0.3446361930447728,1.1555137795979475,-0.6693764220607288
2.0,2.8631949571844904,0.25757315073446785,0.13084467911653655,-0.28862368310383,-0.13334677330687889
2.0,0.04380976511071207,1.56657085736286,0.7076863641793346,-1.2834364352467345,3.8818349494388524
0.0,0.47989900294720544,1.3159580274946303,-1.009791074906286,0.8526156734620185,-1.2315761500124935
1.0,-2.3001124333509186,-1.252172919623083,-1.7717262914201408,-0.18306767193869286,0.13994043098095826
2.0,-0.5765490806058164,0.18020190581843976,0.3219537384786235,-0.18733535869918008,-0.24167471948869426
1.0,-0.7304620806668585,0.5137035185557702,0.9335329506496053,0.7712703333112674,1.341106993267574
2.0,0.6183401046032768,-0.34221264199536927,0.48414294232086036,-0.05020634734223215,-0.5490741631741338
1.0,-0.627979403234677,-2.2885610897225654,-0.5109809845425943,-0.036926855318192654,0.4139861941911995
2.0,0.3476872894337092,0.9396934731903889,0.010975961760413409,0.5532442445293909,1.9048425236688227
1.0,0.17627916178918798,-1.310973979741056,0.43405452414990786,-0.11567404981919487,0.05372781991110802
2.0,0.24689340667227289,1.1288381389080895,0.032617959255344275,1.8779231195976516,0.850934081613771
2.0,-0.14115416455741683,-0.424670459004179,-0.7683170108981731,0.5668752740241951,-1.3530522300798573
1.0,0.18253183453915034,-0.39968929322913554,0.20319568153958023,-0.3030395547658903,-0.1551051989287204
0.0,0.3629522281978607,1.0927779264266944,1.3810499421145312,-0.5869182648110219,-0.5268485010417634
0.0,0.9031585758996303,0.14767096215819508,-0.8343919085598007,-0.8600936692628093,0.6891168112796272
0.0,1.1584742767759095,-0.991707125039734,-0.38948767456313516,-0.7152656348316375,0.23859623996931073
0.0,1.3486032448064365,0.9878365629864957,1.7140888396968574,-0.44914401160012757,2.2013442964825205
1.0,-1.0824078273559952,-1.2150950990247058,0.5729409281688863,0.7886784291188712,0.04726085833607168
1.0,0.13101717760197282,0.6007659755082759,0.16529831009062979,-0.06741675927107245,-0.837675559520897
0.0,-0.9831656979240662,2.1280567604673806,0.12940331923426823,-0.34667762636595945,5.275709961794802
1.0,1.7257539218709521,-0.4814269785183729,0.5190438460085776,-0.06264660603036844,0.3373739131987826
0.0,-1.0998685761323113,-1.0342935992619564,0.5734834353228632,-0.2767508621117926,-0.7679838660446979
0.0,0.14782968799530755,-1.0281650411814327,-1.0758151104790137,-1.2667391051626704,0.2712126381540472
