2.0,0.23188291135546812,1.8737683664340772,1.2041448915619162,-0.8394405024930778,-1.2233795253726019
0.0,0.0063968004224649695,-1.6041806733917994,-0.6900328248578527,0.3846976087585049,1.3394957646651233
1.0,0.7110932674980732,1.132415339546374,-0.7803619775848601,1.291340910943879,-1.445307043572432
2.0,-1.5524493927665473,-0.04019009831549839,0.05708569755024073,1.368390932964398,3.6082382959078867
2.0,-0.750311487374769,0.6336086016971769,0.9831359284727914,-1.0759250919032923,-1.4763754201551391
0.0,-0.7025322837775427,-0.5231636760191382,-2.041527269561164,-0.1224185354154619,-0.06986004806422623
0.0,-0.9662932793535645,-0.2612641126921589,-1.257776707422176,0.30166536330079874,-0.7544311939426968
2.0,-1.4530636376775314,-1.70769250900491,0.4214066243832779,0.2898967460340553,-0.8389981188429019
2.0,2.6906556100321564,1.3964004045614158,-0.12791609135073212,-0.3238166315929202,-0.19518271107253524
0.0,2.153560039009256,0.4673720277900696,-0.7178978793941985,-0.8944433988471631,0.4924118669175278
1.0,0.3438660761699783,-1.240422058340615,0.14010900465376952,0.6661286817847288,0.04110719849347755
0.0,1.4967875846386163,0.701948509411069,1.086660518959099,-0.4431635028794367,-0.8077562941764358
2.0,0.15466508644375906,0.552492880340962,-0.8519295509100399,-1.1308678557411882,-0.46292624735889987
1.0,0.06487005670362339,1.095223819376682,-0.14397215455170706,-0.501346758743802,-0.641325913385721
1.0,1.3525314604432785,-1.108338462674583,-0.32110637396698694,0.041682472414327376,0.24041167301291783
2.0,-1.445681119065451,-0.4884373307442637,0.006747217188235803,-0.4995577599215313,0.3689073313654219
1.0,-0.051451407694795365,-0.23944910312501136,-0.6862057349977068,0.029817050331052187,0.33986612141211436
2.0,2.223250702242113,0.14098450305677995,-0.5058457448414075,-0.9992060292329566,1.6863074068056143
1.0,-0.7932581132008422,-0.6495183564476961,0.5789307152131883,-1.882879501840997,-0.46285412132067166
2.0,-0.9184177835789291,0.2245492675955672,-1.940972130672359,-0.3115783306845336,0.15279938962946776
2.0,-1.1717146231393674,2.524352427893353,-1.2035458588846728,0.1501199231787772,3.533867151354875
2.0,-2.089948788974574,0.9247209584509737,-0.323761247241711,-0.7036326371049313,1.9407581042600317
1.0,0.08062436113248907,-0.813906158078345,0.6912332858487974,-2.0958611778146055,0.6694260688723944
0.0,-0.290549251660381,-0.26443433645939196,-0.1162094262330533,0.08525538684066673,-0.5325120729170023
0.0,-1.0434137528923815,-2.0662925535007095,-0.32498861792380285,-0.15702291640981628,-0.14867168580439524
0.0,0.5006347401362163,-0.24734007294288707,0.5120192757419071,-0.9175969815961896,-0.4950466381634634
2.0,0.02512445333580117,-0.06101742820766825,0.22916370066809158,-0.7023851444744451,-0.9530868639844232
2.0,-1.2905081072683637,0.4174096224689997,1.5851387448195584,-1.4331464994631862,-1.0817114899099702
1.0,-0.07558665953889629,0.2793673544435382,-0.1911668090355154,-0.44506392180544657,-0.47382962976547466
1.0,0.9715806799828621,0.36832773731779966,1.9612334432909633,-1.4596678452624214,0.21900937008415797
1.0,-0.7960199501116735,-1.3333767230777658,-1.0172871469804368,-0.5143004483532435,-0.98271712380485
0.0,1.4467085939343862,1.500805982584807,1.046367272716045,0.8577429801973186,1.0934674228295986
0.0,0.4435968854478293,0.7666053463349456,1.7520215008763533,-1.588364719487277,-0.293513130636596
2.0,-1.7447707198477098,2.5158821189375167,1.4527814215278227,-1.7173955157582594,1.3315121574050572
1.0,-0.08802263538908806,1.1544660839393965,0.6140792793946961,0.6959710602617486,-0.634612354012945
2.0,1.3198065146179394,0.48650593265891834,0.4518572355779335,-0.6913625052768557,0.2815463377652291
0.0,-0.627033899454346,0.6279233371205806,-0.08171106459342936,-1.472192383953419,-0.8409256304187047
0.0,0.028335363416307397,-1.349879169925727,1.306282538944236,-0.39819586736366785,-0.27092409200150275
0.0,-0.978919704943576,0.09385121326467918,0.6317434590277421,-0.16896848786484528,-0.43720019730714943
0.0,-0.2593986706655907,0.6784051963634296,-0.2914243593542702,1.6391904221915505,-0.5363939164077071
1.0,-0.1991976217567601,-1.302288817919055,1.2655478694939029,1.611239571598866,1.1351004957966655
2.0,0.41721889814094865,-1.6617534212732246,-0.32841226967485115,0.23546429605197675,0.4303900212890462
1.0,0.271024973010846,-1.7219173147634967,0.8538222028682727,0.3074625029272253,0.20664075135470408
2.0,0.009685072537704065,0.09537992253800175,0.11018848135070566,-0.9078887872409428,-0.20395551455358965
2.0,-0.21196392312398216,-0.4251526276950972,-0.7717894329433311,-0.18775731839631551,-0.45562767225132655
0.0,0.12213154621425461,-0.5788138999329011,-0.2387422326755503,0.4991473837608244,-0.1418704282524241
1.0,0.3854116565805797,-0.31669994120271755,-0.46534207717343606,0.08807301313139955,-0.41230963171099855
1.0,1.0176299046862172,0.3489269526647637,0.4252849198961816,-0.5891404410503164,-1.0368171308567982
0.0,0.2560482364606552,-0.7407237844737045,-1.154066626762919,-0.7465204470467652,0.5584112219089151
1.0,-1.240542759168059,-1.4839883164114887,-0.42047131447090735,-0.04170351583370407,-0.14322632714140446
0.0,0.884967736631968,-0.8412521919092952,-0.08966388156365271,1.7926113687259746,-0.9010823900675222
2.0,1.2087546419044906,-0.3092459695592213,0.20603045045575388,1.744731022865901,-0.49799351604567044
1.0,-0.8763620070139282,1.2473609035543018,-0.9001986881319537,-0.41855105051036007,-0.7218851537288773
0.0,0.5742563881907592,0.34613805561837424,1.1495263217257772,1.616188514470098,0.0693463095447821
0.0,-0.6322115013324565,-0.6964850191253692,-1.2797153419386693,0.615383479633332,-0.18622724059470389
0.0,-1.2162644741435817,0.05923635543597881,-0.5652089323626518,-1.0117000692131135,2.0491889354558412
2.0,1.396248929376716,-0.6234551562574231,1.1659928413549496,-1.3891080331087322,-0.019958236097754645
2.0,0.03126238926159458,0.051947639163124136,-0.8872632357509052,0.3689967670304814,0.3800840660439164
0.0,0.37810552462685165,-0.8395089758752423,0.6084905580313898,-0.1759500763676235,0.08260564466676179
0.0,-1.136185355428391,-1.3453331266935606,0.3874915998345211,1.1239818629306029,0.5136181493710256
1.0,0.1502729120601905,1.873923554593231,-0.47142270569128264,0.7481838081288206,1.8381261859417093
1.0,0.28562103502431313,0.329286511536804,-0.022620451283519905,2.7244085559914617,0.3046784083175243
2.0,1.692189484146425,0.033175293719131915,2.0381644715776424,0.20309598121974426,0.739766363839211
1.0,0.4308059693304559,0.1197737903520327,-1.6099264400730031,-0.9644851197240311,-0.611355282774653
1.0,-0.22539926227408583,-1.3758095256799485,0.00708516991488987,-1.0407761396924617,-0.0020604495410449
1.0,-1.2008830655709044,-0.015255814845220659,-1.2519479742255348,-0.6519165593638948,1.4436161070087405
0.0,0.49656027558276394,-1.0449080778549829,0.5164999384979612,-1.729291379625377,0.19689542886777542
1.0,1.24575111366921,0.9685711623622165,-0.2991405194675321,0.31050475303252834,0.14225743252249287
1.0,-0.9460111620878258,-0.39445542663096855,0.8952017918874242,-0.5122205027942245,-0.41473049391954325
2.0,-0.1544421332968873,-0.1466997158748578,1.0162801696271182,-1.0080124792794594,0.19700601886865052
0.0,1.5599039197316216,-0.0767321025951724,1.14434834185674,-0.7730753618883046,0.5575758488063989
