0.0,-1.9529947995865165,-0.9400479898237648,-1.2335647389861448,0.20735810764280288,-0.3504039952939599
1.0,0.9210240142009635,-0.7259704029906823,0.3817261340528048,1.1678837490382485,0.15812312523336378
0.0,-0.1629693822987857,-0.3136248805348367,0.3511038544642472,-1.1077930829764888,-0.4519659413385566
2.0,-0.8163026906398364,1.5572328861135318,-0.9680055630172588,-0.2912377086669552,-0.8264921669561659
2.0,0.23332206237608233,0.4683002812006366,1.2318506242307785,0.894006063288757,0.1419564655977289
0.0,0.48618516008845175,0.24772786028044702,1.5890569482471597,-0.6587807366209971,-0.257713957608136
2.0,-0.5976002063097547,1.4707959333662755,-0.9654897235130594,1.9660215614441685,0.8120552382941474
0.0,1.2922045797727963,-0.450527902383788,-0.7840630390946183,-0.35414754486438976,0.08079315260206116
2.0,-0.6487504880614938,1.1364547836583268,0.396479952602358,0.1343722829295052,-0.3080956367039029
2.0,-0.814679363852605,-0.25492456528122454,-0.009844612060173412,-0.24758272399305165,0.7956898015235077
2.0,0.7246493964530336,0.3047861524302029,0.06326003572342091,1.5473859254274234,0.12106472560345241
0.0,-0.557337784737595,1.0809370986771991,0.31936129148716164,2.5954792809564635,0.8003837883802905
2.0,1.280405003213785,0.5336772101356805,1.0624687981735272,-1.265538929417533,0.3004298172671515
1.0,0.8402673254727901,-0.7478427923770615,-0.2606382101025528,0.7032318696478749,0.2870752335933414
1.0,0.9462960375805867,0.4195610125219196,-1.5578426404157621,0.03224374439137316,-0.7547950805749697
0.0,0.025316930875410863,-0.7702425644392867,-0.5249026494865726,-0.28132807510560104,-0.25125889940758594
1.0,-1.4681997475900221,0.6596222698146638,-0.7211599241613666,0.7222532160852859,-1.0298603857664477
1.0,1.9183069979673597,-0.2809329836586487,-0.5959957588334409,-2.149585737966533,0.46539917121332736
0.0,0.8725508374978054,1.2495470021175883,0.6181330694802534,-0.6650103987628251,0.24598439932146907
1.0,-0.18678477201190405,-0.5739382966978488,0.0779375495292108,-1.5415700262593761,-1.2517780866137478
0.0,0.0089360533163745,-0.6786888923499508,0.6082735219062708,-1.6514783086778513,-0.3462428335439439
1.0,-0.9455540313620748,1.4090555574001422,0.8877841109989707,-0.8983878354856918,0.15603305585574448
1.0,0.34592363262784337,-0.7566884407345942,0.1567362366139958,1.4394104958184974,0.35932665446978307
2.0,-0.5163109543650657,2.259224694193958,-0.41538471957138,-0.8065470650284889,1.428615851036538
0.0,-1.4876517669450438,-0.40987302785224045,1.330323143021002,1.7517627368626136,-0.6873840365163482
1.0,-0.35338017565049074,0.5286573392329512,-1.757959826084796,-0.6499797451515577,-1.3650154577254838
1.0,-0.2474897510679352,-0.2864615929136797,1.2001981927084762,0.30556265379618086,-0.3042262843349459
2.0,0.030723690335703577,1.4741625287072788,0.7862115872063056,-0.0948894406911764,-1.3079210373844912
0.0,1.0070844528625142,0.7269633054225716,-0.3261999544047028,0.32377177447653577,0.02402110696207809
0.0,0.3091520346671146,0.7940005153891672,-0.1070005058424583,0.689281619809974,-0.7727811015883492
2.0,0.04270828028433769,1.750453387446728,0.21934881001498638,0.19616236863111033,0.838991228533024
1.0,0.46858218003620816,0.8890449462871438,-0.33233720795489285,-0.14855250912720425,-1.0598131481159891
1.0,0.49112645051546977,1.365519404818806,-0.05985971668336026,-1.4846655827332562,-0.19951916389343302
1.0,-0.028764482362508823,-0.2147364403256432,-0.2280138216660691,1.2070552293713765,-0.14136209140025519
1.0,-0.5743557216589571,0.28227011597172624,0.27972126357962823,-1.8356976690011435,-0.9895991223405199
0.0,-0.2522615864354293,1.50709916373189,0.14349414550680112,-1.1536267697618168,-0.7116181707658513
2.0,0.9430810430857051,2.2182407392392145,-1.1552261585483292,0.10222172565567635,-1.1500407827449115
0.0,0.1914225718904998,-0.242066205327356,0.9841786248940493,-0.42796581710291204,-0.1744624990857681
1.0,-1.0933618523190793,0.1397645521728767,1.4589985956392622,0.07469268621497661,-0.4353477855102486
0.0,-0.1981157194147654,-0.5648722610772338,-0.4512455032682278,-0.17395202873819215,-0.019779639954572534
0.0,0.6395213842046059,-0.8965131281209727,-0.8957735590906063,0.09280130919250883,-0.31672674147236946
1.0,0.6221999458884852,-0.8241673844851539,-0.3132293530801321,-0.3199078999269631,-0.6358308116993504
0.0,1.73259877120929,-0.0005406763189884062,0.37681048393716066,-0.8049876681244074,-0.7828337145978946
1.0,0.012756946051067756,0.8308718880658384,-2.402580600053158,-0.9740959492000426,-0.4706344503863266
0.0,-0.7252980925966678,-0.24545173386903307,0.4926498561487306,2.333541052102152,-0.07392162814007312
2.0,-1.7632569615699585,1.0823404241365144,1.9881338996657711,-1.6103593548139,-0.5425007041451787
0.0,-0.29179802522622555,0.08519235471497119,-0.3690104638863815,0.03168522090249326,-0.6735263471545795
1.0,-0.5896290387350497,-0.6257747434671833,-0.1985772395994536,0.1862956993875397,0.049957669642727895
0.0,0.6398647277672582,-0.31622105676729984,0.04041770562934142,-1.278491645657676,0.6200681247691433
2.0,-0.9600147492458472,-0.11675981692480455,0.49503575285527657,0.46960274175241734,-0.9431061021592031
1.0,-0.3448255962680232,0.27701503044790493,0.8599589875092148,0.45890863685717376,-0.26904053542483974
0.0,-0.9632624564720149,-0.3701091244720609,1.191698672318649,1.9467345325726575,-0.9680426851823015
0.0,0.1835350994592432,0.0394606418024866,0.8398995432622735,0.16419561578023442,0.8872467580395214
2.0,-0.8609671638229184,1.1465784923171942,-1.6573601614034181,-0.07676105877043848,-0.19076749369949383
2.0,1.1148351265704866,-0.556113395977837,0.24858046886592391,-1.3186100810560468,2.846088699773687
1.0,-1.6044381801375063,-0.6325445749693301,0.47953733893831435,-0.9561677642548045,3.4574383029649085
0.0,0.39755031055006007,-1.2473612149163902,0.6699534135194253,-0.12604090913998509,0.599081466535129
2.0,-1.2410538042446992,0.24891979623982405,-0.6323939591271973,-1.4817753453337716,-0.6284910772831294
1.0,-0.5022279302336335,-0.006127364317122026,-1.2792508715370194,-1.2935576891099831,-0.8421719989019011
2.0,-0.8678411761835687,1.6258887905008936,0.0028002195032277135,0.8672922443231025,1.1686674630257656
2.0,-1.119734517953029,3.077254126790522,-0.06919465867903629,0.8356708605064643,-0.33238364982662677
2.0,-1.588496263949398,-0.6335559377157134,0.6040543944831994,-1.3539099527842549,0.00442733630293225
1.0,-0.13881579265093766,-1.265033943177397,-0.4238131029506838,-1.2850134745263149,1.0690574229746341
1.0,0.04164950654982089,-1.6818166563804016,1.276896086742509,-0.9434291981158106,0.20012584621727528
0.0,0.5124236439602924,-0.04930920854077265,-1.2245987878890707,-0.6393902613268969,0.4729412616594402
0.0,0.30455216097990484,-0.2564623349223918,-0.23723907530204674,-0.02385032617927436,-0.0055317306058071765
2.0,-1.228187166021677,0.6806909887470438,0.030552425489942612,-1.4329391137897898,-1.3070007680106406
2.0,1.0364677484653464,1.2222236382170357,1.1347494525406052,1.2179295014604292,0.16441167377722632
2.0,-1.3526274753657221,3.4532828367616197,-0.05008366212625251,-0.14338913477467174,3.2143888993270604
2.0,0.6980757801370011,0.7029933282928743,-0.03929623202644563,-0.6501904901091736,-0.7844871589749514
