2.0,-1.2065183518298814,0.9439129293845819,-0.750361001842905,-0.2170946539391615,0.1014542594761407
2.0,0.16719002999745464,-0.9105367102586314,-0.27108671359259806,0.7316144648007008,-0.4106584974247896
2.0,-0.5961855708173441,0.39408678778743456,-0.3780055128277531,3.4386529900301013,0.7536356165321686
0.0,-0.5126455919874523,-0.9296694060405656,-0.19510383466793454,0.16540103306731327,0.5624084249377975
0.0,1.1706417631089059,-1.5337685768809706,-0.4905809125375173,-1.7899298752011719,1.5086512142719133
1.0,-0.6248949396032297,0.8493745604235584,-1.089087784318513,-0.5048481657147832,0.5487068676811878
1.0,-0.5126495251455156,1.2205847522875495,1.6583729939809548,-0.5454525561952408,-1.5049537614068298
0.0,0.28512943039625,-1.123797209471609,-0.5760856596101482,0.3479143763542192,-0.21612330784454345
2.0,-0.2160360620941378,0.8604526240693524,-0.24117174747951498,-0.6068241213288235,-0.6544607246390509
0.0,1.4455507697979935,0.11791905680641154,1.0901158143336867,-1.7841788523689688,-0.12135808163444627
1.0,-0.786279950230289,0.45472615086404344,-1.5031330776263394,1.0355090879026685,0.5590571325830097
2.0,-0.3288851002455833,0.5827764716550337,1.831353338788988,-2.4441160974723015,1.081483013636848
0.0,0.3884513216415661,-0.030141001557217686,-1.2981695324259908,0.2704623048458508,0.05796384915532332
0.0,-1.5552044616730973,2.250939620445747,1.51410880344763,0.5278283161633818,0.829555417528731
2.0,0.5390450668364972,1.3796368833124097,-1.1461529688849061,1.4692163337753477,2.2480643702743874
2.0,0.9464889147485863,-0.2835126704043987,2.0570508521439144,1.0003100075333164,-0.361830038017384
2.0,-0.23108412909818546,-0.6773058563429191,-0.09429335527160661,-0.31634430422111304,0.30897754266684035
2.0,-0.9163169257764656,0.7209442870706975,0.3584295175947878,0.45741994063772634,-0.66346280547227
2.0,0.3116664194245621,0.35585083318425764,1.2347888474531192,1.6982320572630523,0.463331570303706
0.0,0.8052873102721853,0.13199404182106322,0.34254916300100335,1.760649494638936,-0.4965497149179375
1.0,-1.116800922734041,-1.3248145235600362,0.2688418964550749,0.7217650752545938,-0.38605933596106373
2.0,1.4324446821822556,1.4300637631576565,-0.7085257275743883,-0.1287304561516404,0.02090546350437541
1.0,0.9572219212885278,0.3944349520433726,-1.9413877241367519,-0.08616721434373975,-0.6200862112178452
2.0,1.2109869727581763,0.45038604308042623,0.4522539959451604,0.6545205389311844,0.6233112720406053
2.0,-0.5067094171806408,1.4444577812640274,-1.35663128269998,0.6840369858335308,-1.4573347037068183
0.0,0.10542511620383357,-1.6937812261123226,1.2056641004822186,1.0270411568889086,0.33116334442286866
1.0,1.180636999010279,-1.0367935987717563,-0.26425196833400705,2.002432806088685,1.1150200679456586
2.0,-0.6278515441905651,0.2828200670375118,-1.4384156313826082,-0.43734390079417346,-1.1548485860008046
0.0,0.34757047838143923,-0.2387913174307088,-0.44798789051770294,-0.14279913245396192,0.4463997497982959
2.0,0.017413647990072032,0.28700108775533245,1.1677557784216959,-1.9354572316292664,1.543527524274052
0.0,1.7374170730032055,-0.040804011561938934,1.592761014993535,1.2934390331150498,-0.6349120055258028
1.0,0.42569565527217373,-1.4269709355607443,-0.4966840643230974,0.48714468184181353,0.4100756123921561
1.0,-0.3203861727586653,-1.0443038236672444,-0.5206806513056238,0.35426428833689755,-0.47332848350093226
0.0,0.5044523452967102,0.6980484422947177,-0.16659747768219244,-1.9337906962637252,-1.0407923447043093
1.0,0.7689690710694874,-0.7620788746719885,-0.268196580760998,-0.0727319857380519,1.6729629832070299
1.0,0.9031862320837653,0.12377623665304725,1.1991404203768021,0.29570051261881597,-0.5529530335602466
0.0,0.5760892320702515,0.500200751632987,-0.05443671107643259,-1.2221949014165903,-1.3815828562324823
0.0,0.24935545485257746,-0.6916966732420821,0.7880983602282183,-2.2460656115303075,-0.39141112872705525
2.0,1.278638306302675,0.06026362291941362,-0.310871282972899,-0.63487817580646,0.3548102270837599
2.0,-0.29690699008488725,1.1886531614587652,2.363292784495551,-1.1611688288012618,-0.30041303527994506
0.0,1.5462608520499108,-0.48328251782697507,0.11469051027326244,0.39492436201355924,0.21314077774641382
1.0,1.676180893430525,0.2886940113346646,0.7873117695310048,0.6340393365865484,-0.13395714199259431
2.0,0.43057286283201385,0.8028379953290762,-1.1606284536640983,-0.9440724584077266,-0.7363772318815944
1.0,-0.03254010632052034,-0.5407675935815551,-1.28710781258213,-0.24125355974051887,0.8509890174822101
0.0,-2.196621710522055,-0.5311004629061534,0.6063420679211625,2.051230523249817,0.6352522495821615
1.0,0.01326371578956098,-1.5675678490781888,0.1315685459206964,1.05116523549157,0.9091959286483495
1.0,-0.6291659701980713,0.9367740342460938,-2.3682924892706048,0.7448214432695386,-0.4130985256070911
0.0,-2.6124855631654356,-1.720593150492989,1.0282372021783401,1.7933119202505197,0.12157174399046464
2.0,0.9949341437690339,-0.4145361527612722,-0.3901827648440267,-0.7551260932440821,-0.1074779505055686
0.0,0.4653993640092156,-0.20562148713952635,0.2165883104879211,1.060733726466064,0.8846163941850772
1.0,0.7632543453395735,0.8176228346444301,0.3399874860732595,-0.20560346519665912,-0.7194088016361893
2.0,-0.4750001362714401,1.6358644768036088,0.06992643404558173,-0.6562218344658104,1.6976334728388836
0.0,-0.3435085352123131,-0.19896815436754195,-0.6310939911431477,0.725605058468635,-0.7560995256735038
2.0,-1.9149368586634705,0.22530530417938632,-0.7413383241009966,1.193080625555502,-1.227912961139234
1.0,0.45275952023570243,0.8424464472006374,1.2155496993565627,0.8653645673594922,0.9059020893986639
2.0,0.8096730523893141,-0.3390472621731198,0.3543230715417295,0.4389963625666304,2.050815378272529
1.0,-0.9745802662067897,-1.2186584258066782,0.8793075548436364,-0.8481419009858706,-0.20003950588437364
1.0,0.7029278023122905,1.2398684076839899,-1.0844918823227614,0.7680637376473527,-1.1650035327863169
0.0,0.6398635144830387,-0.863397943747259,0.5218209524203605,-2.3431475234956602,0.4829535337354936
2.0,-0.03458424971729889,-1.8026346162955291,-0.6688488592653616,0.5332151381629822,-0.012080534904658404
0.0,0.7662459073605802,-1.6326659163769688,0.7709957461057695,-0.3596569045830931,0.34343702573557133
1.0,0.8924996919728382,0.520173341005283,-0.7020036391260273,-1.2663923472896512,-0.6375371238506334
1.0,0.21543102245085027,-0.4558307734654092,-0.9904357916113178,-1.0378828980852888,-0.4109611961412882
0.0,1.1511054256551563,0.3272939950293801,-0.4419398637545132,0.10343150866400473,0.1810541007451609
0.0,0.7009827505381632,0.8725228213662322,0.0323934527750677,0.051017129716797956,-1.6769030762744916
1.0,-0.11612590281511252,-0.38862438598923604,1.62278218518282,0.6192066328028671,-0.7427391336427333
1.0,-0.8026598594537854,-1.4793001697178192,1.0640025429671853,-0.5764161467516037,-0.2830820858211089
0.0,1.1764197631856694,-1.0488652497405073,-0.5782808275656292,-0.4784260486826431,0.6403301008130604
0.0,-0.1700563840907033,-0.4817880265660681,0.18787664076870536,-0.33823671015424245,0.05144132346628688
1.0,-0.8720545940350853,-0.9438241282932897,-1.2119667059430397,-1.0634371109562346,0.17428009789296908
2.0,-0.5101934854261504,-1.953695048487521,0.647443932288962,-2.167144250573452,0.5997102521226825
1.0,0.9142542277314526,0.5713938330483377,-0.16502827477974408,-0.20249670761257837,-0.5969309943413196
