2.0,-0.722780039340392,0.5423915121623262,-0.812821096851779,-0.5405270698216038,0.129992007032245
2.0,0.9278360761507406,-0.114772691770621,-0.10202417964488177,0.5044408688474007,0.8474218572234538
2.0,-0.2362020213958658,-0.07985571822312716,1.3152148621306365,0.2662886738319036,0.928934430383908
0.0,-1.3913151953460507,-1.0077168084530177,1.156421134422482,0.6564193538224871,0.05209293528537432
0.0,-0.48009304220928467,-0.32523131681478873,0.7278060119064884,-0.5822729473194254,-1.0250409980181427
1.0,-1.4673612479656257,-0.6997766568442468,0.7237365958795366,-0.45916606222509004,-0.17995630930599713
1.0,0.866952743133884,-1.0115922939103303,0.6945363190001671,-0.42059111188868264,-0.5184851862148511
1.0,-0.34052765418818814,-1.8355567481702122,-0.6855623898328362,-0.35875159576263804,-0.20613739144515958
2.0,-0.6329630633470867,1.4106549593988014,1.5394492892821088,0.06979032417996238,1.0551385642113629
0.0,0.9141230586102016,0.2957385021566309,-1.3763125856632665,-1.1473437894434708,-0.04558537716651171
1.0,0.8295035153526571,1.7337589674864406,-1.4368645918510266,0.4811691724528241,-0.49164030079771204
2.0,-0.0007171799134415519,-0.10102566829599981,0.824771695350349,-1.3326393204481968,-0.9416892683640299
0.0,-0.11089750993937576,-0.3745731473704725,0.09176311250934334,-0.3320620818698516,-0.7749890200944057
0.0,-0.48221672589743536,0.318035429695398,-1.300252954134391,-0.14555337896721524,-0.7008147131943914
1.0,0.2431345906292165,0.28849870585848464,0.32777999079189735,1.0178548524329765,-1.1885265755629535
2.0,-0.3073382958820765,0.17294425768010346,0.6264343307321263,-0.11645237847553909,-1.0194665047012375
2.0,-1.603244020180485,2.3139908457413365,-0.7290036317051891,-0.6354610262995515,3.7596844126954228
1.0,-0.8249707303068977,-0.34877664604063224,0.16754920011461794,1.293469421219062,0.5113735333601265
2.0,-0.04998369676794499,1.2688894927262568,-0.3960407304435786,0.7903939676151975,2.8861623677074384
0.0,-0.30403014881856893,-1.4521142212496327,-1.121084504339553,-0.474025171859442,0.3833922359279894
1.0,-0.17849457365598842,-0.395860304806907,-1.8654888614174128,-0.06588692351601373,0.2724584542011432
2.0,-0.13606810973984312,0.04663178765491306,0.042565582666913016,1.9712785909052155,0.12541375315721906
1.0,0.800665117983029,-0.2132739550837216,-1.5198777279120907,-0.15752553922357435,-0.7240063046065023
2.0,0.7103780507418512,0.975359647520309,-0.7033900629408143,0.3703976278933383,-0.2109062845171542
2.0,-0.10064608674588653,1.1012159949493203,-1.1960093404936718,-1.466526753975837,-1.2524027087243508
0.0,1.3095678948410865,0.5269385656054121,-1.448878744414309,1.7971433728886743,0.01354172730204293
1.0,-0.759288963373831,-0.6962978117510207,0.5757662603972316,2.309367502329238,1.244028599056475
2.0,-0.10570968594445196,-0.021564140179060557,0.6451477707804312,0.7117324320026515,-0.945982871206255
0.0,0.48093076974860455,-0.38949700808872806,-0.6644076106623634,-0.5321323946588785,0.32574625786473244
2.0,-0.3066547315758976,-1.1518194953206777,0.17149091416616197,-0.14824948413072878,-0.16621679758140587
0.0,-0.36182270461883126,0.33107766932793536,0.5620900956916424,2.551421666668743,-0.519954950134486
2.0,-0.8167062689011748,-0.08409963711193295,0.5316275428452885,-1.2347619841848516,1.0535705425937518
2.0,-1.2055691800558666,2.4559230245680803,1.2508066613202957,0.8309402698423621,1.0565369793545454
0.0,0.17761076781635943,0.7203096618376773,0.13696770167251857,1.3058877811967864,-0.8802023610700133
1.0,-1.01146359369948,0.8009781059904508,-0.11316300966838456,0.5115783190519589,0.6776116094992538
0.0,1.1294586199697474,0.29620528731294016,-0.03576458641877415,0.14563716700299986,0.39716509001845135
0.0,0.9240059970103981,0.40981728924573135,-0.7028757258325801,-0.6824662300263289,-0.6680602560675064
0.0,1.4840346715084909,1.6424617987409371,-0.6766321778928956,0.24038545812659842,0.2189120909140555
2.0,1.1569010953439631,0.7359354187970322,1.5358636903658855,0.9339544937971953,-1.0395258951499944
2.0,-0.2915202986544822,-0.23933636356944485,-0.760901966299777,0.459265876756034,-0.0338267038536884
0.0,-0.06412595891896222,2.017765283269196,-0.7376296215347017,1.6607772108067123,-0.1532611038772561
2.0,-0.9883315399739123,-0.46477746615595944,0.105766172789801,1.2321584787023963,0.8843994010324868
2.0,-0.3086349129623233,-0.27341740587135244,-0.7925361095022556,-0.1711606527787991,-0.5286729617344443
1.0,0.36828111002454916,-0.4600298577444232,0.2507245424302632,-0.18764632167571035,-1.0443296529492567
0.0,-1.2515323881919078,-0.5366495395239007,0.03907583853248693,-0.3503265112200449,0.5879765709530981
1.0,1.280125807851906,-0.4276724256398155,0.15070882576899264,-0.5740269920524608,-0.4406369608457831
1.0,0.9395370366881752,0.21877396555115688,-2.2863349413397493,-0.06651873161831136,-0.41554368618093224
0.0,0.3620419411977372,0.13628248727184114,1.5308157704634278,-0.2980135944141649,-0.44370504740552313
2.0,-0.6188356938570916,-0.9829871264418476,0.7748470875870336,0.0008657990167645378,0.4407723079999021
0.0,-0.9555110360425073,-0.2895567818959957,-1.0386072119595269,0.5748443292553246,0.14005921020196596
1.0,-0.706791060318704,0.7343771853317761,-1.4667434897964715,-0.5424696382864698,1.2966343649421848
1.0,0.37289014871328713,-0.7968705857336712,1.3099379333653105,-0.6335285277479143,0.4128014441389463
0.0,-2.2415916973547843,-0.22482755751506628,0.8691879460705669,-0.32153109881992176,0.4303819084349625
2.0,2.229826742018555,-1.1056828029051358,0.07469046724972987,-0.03372316510297369,1.1231481333520037
1.0,0.990481911708396,-0.45011110118901865,-0.8544625798956953,-0.4286101820606879,-0.5488977918223907
2.0,-1.0320646258641444,-0.7606737111113974,-0.08176346458460398,1.8300370728977093,0.6492373407980134
1.0,-0.7202611239945809,-0.560566944841426,0.8557427268158069,-0.8560312706327046,-0.19202208604456394
1.0,0.8484270497456319,-0.4731420294265412,-0.953538000076543,-0.866817864373186,-0.07592314302548574
1.0,0.4598565363695116,-0.23249401196493363,-0.6627202882707375,-1.9983509625014684,-0.06409960682778362
2.0,-1.350930091558214,-0.06938629633263643,0.4006526036620129,-0.14078652030370817,3.192874423474844
0.0,0.2901793592570433,-1.163958567320463,-1.7528126557846686,-0.7608275494680872,0.8738025055704054
1.0,-0.87170783851497,-1.3079913461273824,1.466831148678837,-0.834740293829313,-0.4435198302665638
1.0,0.10090420612532311,-0.2271691405978498,-1.0378680358187227,0.43212487434792585,-0.9641309281362446
1.0,-3.001780713562375,0.570077485857897,-0.889930828473256,-2.0441087875931334,-1.6795312711714538
0.0,-0.7726421092400955,-0.7352564407780827,-0.8817981224337291,-0.6249116934966051,-0.49304745779347725
0.0,0.6458187261065587,-0.4169127323311108,0.7510881560362925,0.9643722256373966,-0.9262509950378429
1.0,1.26352828358162,0.8626026042719148,1.1126700522578514,1.4229117107404958,-0.7717463172196198
0.0,1.9668185400213325,-0.7646682025782697,0.11208977447212352,0.17311689377662626,1.4455069919944203
0.0,1.857262157249963,-0.1342376032532255,0.6711104199861542,-0.498094597679295,-0.0037441278519476894
1.0,-0.8399277498894445,-1.6523497385829944,-1.1660683058535208,0.39124311277003415,0.47775900378257813
2.0,0.7008541138891946,-0.4071561062938861,-0.38227304075196633,-0.27329684932059184,-0.12177990438075856
