0.0,1.3595495853238828,-0.9373989195675271,-0.24084381458433893,-1.478657281539302,0.29609117317844214
1.0,-0.4451701091504156,0.08100719861696093,0.6220129586567188,-0.7691870097752951,-1.2465042859716795
2.0,-1.552910373254005,3.389959292379283,0.7678773926231096,0.08984950430961416,4.377960926095514
1.0,-0.6688495026156581,-0.9376456990971578,-1.707901947675357,0.20746310213984762,-0.4513943417297009
1.0,-1.076362416557655,0.08867810054081482,-0.3709441887988222,1.8897389917524434,-0.9172588712651756
2.0,-2.024222366503846,-0.4866672868982273,-0.6986399410363571,-0.3251045628550306,2.729123452956041
1.0,0.9002074412466057,-0.7440387418092566,-1.0228279465497656,-0.8565588544300408,0.19581280847449786
1.0,1.4875271923360902,1.4468919527623327,0.3977394668801801,-0.8123043264895855,0.5511133310225887
0.0,-0.40043444747815454,-0.48956296290286005,-0.4548698631847993,-0.8345649587072682,0.5106787752206258
1.0,-0.6551106762731798,-0.7277678468477852,-1.032455300501185,-2.412253039428722,4.080858902952211
1.0,-0.9674571562155594,-1.853928827135346,-0.17230719557616617,-1.260059836879234,-0.22661409565951482
2.0,-0.8704264622277822,-0.7558517207291526,-0.29931888553826713,-0.47881451970676353,0.2873290751441555
2.0,-2.1619717353392858,1.8616912855880394,0.8982819804297851,-0.40365113743738534,3.880643284792366
0.0,0.1458795137325357,-1.4032774074611336,-0.5932453185837381,-1.4633051920811853,-0.6379599691119723
0.0,-0.6749083730742373,-0.27097511696990884,2.614353536910641,0.5707227736155909,-0.35446542160780964
0.0,-0.06279060934771878,2.092296360532141,-1.6565164628131355,-1.3734698176780267,-0.6578402172166488
2.0,0.33236977181774996,0.7306217105138222,0.19134368640083693,-0.9474430047489838,0.34603567680354064
2.0,0.6027569412826718,-0.09432247111651476,-0.1867405118230727,0.5061204636934863,0.5820496496148527
1.0,-1.0568332650275913,1.5872903702755687,-0.5449516934597626,0.15791086727340653,1.4935508054060926
2.0,-0.23931761318550837,-1.0620864475129006,0.750812468451082,-0.7130434435429079,-0.430457067162177
1.0,0.20210841159592163,0.026895098320883812,-2.077531566768638,-0.19226772393906344,-0.4173211553877809
0.0,1.4973628607779579,-0.5090351961151025,-2.7330872350514,-0.20722844592164288,0.33792187294421977
2.0,-1.0353248352766604,0.13547325446621616,-0.4396024176056352,-0.9426706953016264,-1.2915329236894584
0.0,0.3145036705703929,-0.28355975968197294,0.9990063814798383,-0.9521020262008374,-0.10396741391897754
0.0,0.16743784952864485,-0.8547007322404946,-0.3533992397351074,0.9105686686436548,0.0874609463300368
0.0,-0.7927210869645256,0.07394932851137091,-0.13004844844091235,0.7606008655560029,0.03377947036682015
1.0,1.8524681369998424,0.2488892561828413,1.5767504828080072,-1.3156510028944046,0.37193532269753804
2.0,-1.7086152128495213,2.00910808279564,1.060580506768758,-0.44842673266760175,-2.505840099133234
0.0,1.0865479183836013,-1.5203738129204227,0.7759032467276271,-0.982524956945616,0.5451914436915473
2.0,1.391085444854019,0.9639977998850543,-0.2583773453023779,-0.6980023275212213,-0.4955985718620119
1.0,-0.5086891483959901,-1.7039824236381491,0.5521514377255862,-1.4056731248633356,0.7831605919306042
2.0,-1.450990584472739,1.2975266732996278,-0.6006659824791749,-1.005003856305484,-0.47439593380662926
0.0,0.3246623624947566,1.639551082696276,3.4850855206735583,-0.26234619971882656,-0.9082257666827449
2.0,1.4211700050476042,0.2982816030614477,-0.10716605301302715,0.0015070660559985953,-0.7295229186615706
0.0,-0.7138522531224576,-0.8024644105771099,-0.47254914261158193,0.40727608799495046,0.4141207626299938
0.0,0.8958120678266173,-0.675941474862459,-1.3349353063747675,-0.1591074609706063,0.06202396644179542
0.0,-1.7691377505421102,-0.24588103412773907,-0.5416515621249046,0.2232343575582302,-0.5612889555296477
1.0,0.9252570152862055,-0.23598354579314154,0.2791111632196943,1.4371324924868079,0.7555396264148747
0.0,1.2574019637726517,-0.4322497854747007,0.2094234713530215,0.6811109629826932,-0.31879712117015585
0.0,-1.7987831227061348,-2.345783895222936,0.42325019442222817,-0.193961424597387,0.682799010398159
2.0,-0.5723855821422392,-0.6203211663055757,0.21687653746648314,0.7894421640019792,0.6484389977767796
1.0,1.645082773119978,-2.4558186951475833,-0.21834102571602776,-0.8326738377883285,1.40480625972485
2.0,0.9864938183180767,1.5056655339141554,1.6609872153342926,-0.4693087310091211,2.146566944568058
0.0,-1.2289055488451417,0.471745710983573,0.026399562519214943,2.249493368736284,-2.0102799668233344
1.0,-0.6646157175556059,-1.4100672371162601,0.35512113837422316,-1.5142183921531547,0.08850592598679463
1.0,-1.071531722213557,0.2352795083259284,-1.38169471152156,-0.1287691501939763,-0.8475256256283691
2.0,-0.9329210004598456,-1.3756210317614987,0.5635696403261983,-1.1643334216903776,1.0926555821182793
2.0,-1.1375214281960928,0.31950339060243227,-0.99964083215017,0.22509506904730917,-0.6432138496409838
0.0,-0.9798289170064716,-0.06990609516609583,0.4009542715297333,-3.587158829729067,-0.5621781216554109
0.0,0.9992442492567273,0.4832252997751201,0.35010188783812085,1.526329265466444,-0.7620570402719393
2.0,0.7395136045450855,-0.8712394828038742,-0.07055622871687249,0.2600681799481163,0.812354196785414
0.0,-1.6318189352221104,-1.9329719810842265,0.960897818313802,-1.3332893938597703,0.0881708872362005
0.0,-0.005055044206702972,-1.3615146832524558,-0.2561146247391043,-0.29179718669339794,0.5264916234353757
1.0,-0.27878097787483375,-1.0660491095174842,0.15453991187993343,0.815410047947369,0.06622032013031898
1.0,0.3592246328560692,0.5939531353932445,-0.4434643822601707,-0.8358721933430681,1.3649031624934143
2.0,-0.8737479762741993,1.2667298541151568,-0.704588367248103,-0.6310145605573804,1.0208002920942887
0.0,0.31995039903452843,-1.3129162549454532,0.2574605761638674,0.1346338542669176,1.2800196815343905
2.0,0.06368649122382167,0.6645027653186395,-1.5063744576781997,1.4718708612473597,-0.5372892164250846
1.0,0.42787821943091964,0.6727713691620557,1.2520738922599766,0.6893532119057155,-0.5989049895177584
2.0,-0.06803877266388342,1.5105011301939049,-1.220715106946078,-0.39670322106756195,-0.03035140211854822
1.0,-0.7087367079943218,-0.8631825907258309,0.3442617991728846,0.07170443035023201,-0.1219366003438072
0.0,0.8092092012496037,0.718869395193883,0.054028512733713736,0.9735401251594789,0.8485044784097223
2.0,0.07260691433232869,-0.7012863541891025,-1.7460221779395992,-0.2584253039240744,0.3190474827094011
0.0,-0.2708723394626905,-1.8973713140860284,-1.9797167513706686,0.9851454156186387,0.30999151221631366
2.0,-0.2432258889769759,0.49445284583404797,0.13215742411457165,1.5230736793932196,-0.1036454252210869
2.0,-1.0845581068895715,1.6155800975614998,0.40637588868136376,-1.7369094030776957,4.2362192999247705
1.0,0.06137080963421282,-0.051051136349241424,-0.10351022919479634,-0.505230849717477,-0.563420059259404
1.0,-0.4715136683810323,-0.7192131477361943,0.29294955013667284,-0.842791995564289,0.12593599966215424
2.0,-0.8626890706591899,-0.31402207329566206,0.5104987048559801,3.0453904109258763,-1.2093935442216837
1.0,0.6038524780339081,-0.4070376368472666,-0.6011987472348319,-1.8327327765379855,0.7458673999041227
1.0,0.9050909588008921,-0.5364675061806444,-0.4360878691908619,-0.3750538454497092,0.373709024717619
