2.0,2.3662305735979228,1.0510796132321774,-0.10116946839833774,1.3873147052471286,0.6947705718559573
0.0,0.45312247917885234,0.6647235482670537,-1.201830437901081,0.4751084056021077,-0.23207465580527187
1.0,0.052205942944634424,0.7689069652958853,-0.38253943847111493,-0.8974762584567727,0.009105772851460383
2.0,-1.4776373439824155,0.8113620969700578,1.3278759017381516,-2.287156759789545,-1.1007653926557068
2.0,0.40975481266525776,-0.15009650827479776,-1.168860708399806,-0.2506533096586369,0.1542631710065865
2.0,-0.045395026782543084,-0.7116706690804339,-2.336018084012627,-1.4430091704056776,-0.06820564656424494
2.0,0.46998015421382533,-0.35407151641912027,1.4514281221749021,1.0835995507031966,-0.003734147292893459
1.0,-1.3162528560395708,-0.1388970291234572,-1.1978980048513947,-0.0029497093407582177,-0.9026934367695958
0.0,2.245643522669416,1.9154335666495408,-1.7714649096919484,0.39728779327883285,2.2093972642722206
0.0,0.7313921695853018,1.2316241062131088,-0.1592774459369521,-0.30964986071585376,-0.839878672973179
0.0,1.4171666506150677,0.183564674308709,-0.9069153566185683,-1.0020405744717593,0.4479427722191674
0.0,1.5675588035397185,-0.3100598177372374,0.889958735954836,-1.7941904523377608,0.15582385495072584
0.0,0.6374582319748469,-0.26090618695459705,-0.9480949735656267,-0.851747976839538,-0.8497491283870261
0.0,-0.05521362769350943,-0.5899054772415063,-0.2752775583469246,-1.4453613195509656,-0.39446611040878227
1.0,0.42075024823010676,0.277279662875167,0.9254310546122198,-0.9540030516549345,0.0514289564278858
2.0,-0.7978174347047461,1.7866192862816415,-0.09357316710297958,-0.32769947477740763,4.629652509924953
0.0,0.8526295279164083,0.5879991150226661,1.298273678634763,-1.8503838971182145,0.1471629866214351
2.0,0.571697169847329,-1.5397680451840858,0.1632347489105296,0.8965238109062261,0.3597376224823719
1.0,-1.5377224209010596,-1.2672768575708329,-2.3048637543516177,-0.6122196287067639,-0.4591253468354976
1.0,0.014451800490889639,1.3993381863308647,2.1006417307035847,-0.6726241732460139,-1.0388468682818313
2.0,-0.4847536567744336,2.1342588401624782,0.8832861825576686,3.005485242458978,-0.8519930166972162
0.0,0.8110852565819312,0.49506653221033126,0.04915114937597926,-0.8483320204987645,-0.450365081184644
1.0,0.09403813672164103,0.009533163873664856,-1.4960306632982867,-0.6806627659623475,0.2004942516985989
0.0,0.5409608343721408,0.5052107101059802,-0.6461768046549017,0.5516483197037046,-0.22121103846848167
1.0,0.44412483980720274,-0.35425492315251766,1.6170986133394962,0.9974186663217158,-0.9104168234088332
0.0,0.5561859809172905,-1.1197670041059813,1.2392012312944258,-0.5209813163761291,1.4392872303822595
0.0,1.7871122966802175,-0.18182978436155764,0.25747058071676887,0.44621603189725234,-0.11681911345290599
0.0,0.5766730540490528,-0.2536202157335148,0.7709468407831043,1.5639775833260534,-0.39446965560959557
1.0,1.0114789735166765,0.2102808068512553,-0.5358433423665254,0.9484059358371163,-0.2601438246907612
2.0,-0.5247011806410034,0.31996974580668214,-0.5964969493918998,1.0668131693487126,-0.012447630945578466
2.0,0.8614126489182087,1.5614303983005917,0.43729565907389395,0.44513171441139876,0.5454024818054242
2.0,0.5249936414524372,1.395182364874207,0.6377414879450498,1.8843978189170818,2.1289119806226635
1.0,-0.993222840130852,0.0817191273422512,-0.5976622820666779,0.5263168208599757,-0.920629765354232
1.0,-1.8291747912913103,-0.7725964097535999,-0.3755435706102177,0.6127025575926606,-0.8569056362360212
1.0,0.2568209449735381,0.005574340069297773,0.7863407014940463,0.46404517338920054,-0.4412522456442484
2.0,-0.44095874501732457,-0.5087931819336069,0.9852944854638642,-1.2844751317308858,1.2255312029220844
1.0,-3.219151499925052,-0.297496184037585,0.9335541801292871,-2.7685448162436885,-0.8688400773050069
0.0,0.7916157301547931,-0.08505939847614487,-0.961061158976179,-0.14752767737910638,-0.40158623415156136
2.0,-0.43374549609625596,1.6377244156880337,-0.5276405816630974,-0.9798982475031236,-0.7931204344516691
1.0,-0.6295051676861925,-0.0498963708662698,0.5079010900941845,0.7056882498309819,-1.7026726597572588
1.0,-0.3312582704990824,-1.3287632018735018,0.3517216072477692,-1.2094752778970708,-0.004187053480520808
2.0,0.35838718553925814,-0.773873845114337,0.8291284986342686,0.32438701495538164,-0.6263738648964371
1.0,0.28793450240574586,0.3508397027832304,1.8115878589247556,-1.0533326440535131,-0.1723406250926471
1.0,1.0315269389516766,1.4449416678343883,-0.10290775944642491,0.2885777830493373,1.4682675566278593
0.0,-1.6007949883958215,-0.3592429627918688,0.8553992406267119,-2.279223492110709,-0.005439219432414498
1.0,0.6996082311700867,0.6463449389791972,-1.3269409061713193,1.192114958588057,2.142483805855418
2.0,1.0860744987771869,0.5919640140040706,-0.16056635164260213,0.07456898673646378,-0.521631341345996
1.0,-0.26852640933471217,-0.5025566760215003,-1.0270229839536797,0.7415103001134435,-0.2656971594286406
2.0,-1.2374939899328266,2.4334993016858437,-0.13562954097783686,-0.48988633503690854,1.800856086346141
0.0,-0.6431969239107845,-1.1188177208371735,0.2986897017943715,-0.29141932328062414,-0.8840298052437674
2.0,-2.468357228042601,1.7610394283718755,1.9104034246530541,-0.14852102184345015,-0.7406652301485415
0.0,0.8766545923285683,-0.6126438084755832,-0.6935412412683658,-0.16051994382080417,0.6419384601398892
2.0,-1.5384182878119619,-0.5708836805633429,0.37308839875311733,1.8582669742893534,-0.10593718712371282
0.0,-1.1442573060797339,-1.0753668866577029,-1.3121260932997418,0.5422425547265238,-0.26203222102344775
1.0,-1.1201113055768575,-1.4872136155756608,-0.4392201839884073,-1.1147495361149509,-0.6827414896127839
0.0,1.0328854094178168,-1.5883867775941467,-1.2626755949826656,-0.3567903305868962,0.6904983202212892
2.0,0.9674608272381559,-0.03171576399362222,-0.10148509373983211,-0.6031328780729838,0.17897973416376683
1.0,-0.09329700510632066,-0.3004105121128116,-1.9021206320193669,0.48426995469954065,-0.3821482887851815
1.0,-1.1273623407653928,0.026481128964980685,-1.1800008663186348,1.2322625482003957,0.0841782373111367
2.0,0.0789486731294493,0.44305934028540045,1.095722929861354,1.3173848565875381,3.0609655743664237
2.0,0.4829612860803852,-0.8292725301686135,0.7145628169953413,0.20427712506798337,0.5035006383932769
2.0,-1.321647737002607,0.2219704291104288,-0.701986615188419,3.497692032175551,-0.8879591985982845
2.0,-0.6923530208682309,0.2825039873989954,1.4451262961783935,-0.07389077177715894,-0.8502575700927998
1.0,0.9402355604209547,-0.6620724177827169,0.11161726623696969,0.9504504728591722,0.16977348339700796
2.0,-1.0117572513948507,3.0702235360296934,0.8647125377631478,-0.3467882565015472,5.424797054079242
0.0,-0.4970821550707496,-0.894515816226469,0.4922201910132034,0.2802753604692152,-0.23911417419773423
0.0,0.3072083676899986,1.109332509788356,-1.6784411864887427,-1.4483096285462067,-0.20848107560644322
1.0,-0.27780330169648604,0.29433576562946634,1.3467052753440343,1.0149444043939986,0.053729248698799255
0.0,-0.4234151220220565,-0.9776832228976695,-0.26847663183559717,-0.3522924490947619,1.0918349986686076
1.0,0.0730325865510417,0.13403838505784765,-0.0996105216252638,-0.5864624498986896,0.2625153097750048
0.0,0.43578427162926175,0.818393533566387,-1.107107678446776,1.2405866103073997,1.040820799019674
0.0,0.4651147938617882,1.1999775107114155,-0.6389783741594202,-1.0340766847246727,0.06722655662865248
