2.0,-0.24605724264419343,-1.3149535609382725,1.305538982645653,0.7160652339926754,0.5787136427016052
0.0,0.7459004871496633,0.20275539762235215,-0.33602515255319854,0.26966311691548284,-0.24046577813472939
1.0,-0.35986700485722917,0.1744896385781988,-1.5144162270211574,1.069636752229443,-0.7628207113157843
2.0,0.07632080352456298,1.420321247298248,-1.952824350973076,0.5335609287021583,0.05837063922307565
1.0,0.5189110367345536,-0.42796758679710295,-0.7262208637427537,-1.1289339054255871,0.22598353974196705
0.0,0.5476485075006928,0.29622083595872434,-0.9505652465802906,-0.5446588205239544,0.5137882964010919
1.0,0.6647625089983538,-0.40015632898595765,0.008034461807304742,0.06052130629065892,0.11540035625154083
2.0,-1.2887392725945142,2.494398125650245,-0.7214954321082123,-0.3308405847727422,1.4160005107746054
2.0,0.2092671665028765,-0.7329543933518878,0.8628747578058583,1.291284800198065,0.15259779859795172
0.0,1.0585487344163713,0.3491374428419882,-1.5046619456241146,-0.7961878567849114,-0.7949774298828676
1.0,-0.47798514203917336,-0.24982943644573397,0.9212476683839965,0.1655964893311778,-0.036504269536976684
0.0,-0.01206759581576498,0.601779643156166,0.002637381753431944,-1.2229582034980053,-0.4838037590215611
2.0,-0.15883197064951673,1.4106907830474131,2.208297888216307,3.4716691778892397,-0.8113342480309694
1.0,-1.0389484880290047,2.605841445842599,0.3776296279895918,0.7835572059495144,2.526817060817853
1.0,1.2568296789904962,0.14319370476479779,0.7169707715386006,0.42738500509612687,-0.038798037037606564
2.0,-1.1564772172522626,1.8390538612885323,-1.7783497789067932,-0.43565785462826906,1.5666255106353157
0.0,0.6282274333149476,0.11040088750427382,1.0008538377351666,0.34797935633604266,-0.9058013917291742
2.0,0.48510057656889255,1.2297661423283563,-0.3394801391418982,0.9157968219453739,-1.0359999238095883
2.0,-1.1309016114710122,2.7581786401085875,-1.7264255497434056,-1.3878812791679582,-0.21956613063265196
2.0,0.21276506479944796,-0.3031227388673902,-0.05885411827907103,0.6321911341053493,0.44479248340262983
2.0,-1.2510883991038657,-0.27464256104130824,-0.10989569316277027,-0.8696567642297264,1.3102408318131584
2.0,-3.2995595637283532,0.8850119943929541,-0.33112283682639077,-0.73277657690765,0.19771885904193304
1.0,-0.40563900012631515,-1.8923128157043219,-0.8291207818375029,0.3246891546335676,0.7108400061659335
0.0,0.7075605277468348,0.281789342618954,1.6813106085947778,-0.49462504723154643,-0.6384327008937747
0.0,-1.2737286442122309,2.1315951204835812,-1.391436666518782,0.2839449246417315,0.5476027716074082
0.0,2.42965552043065,1.0210377236183632,0.7525412758185669,0.04852595389190208,0.13067660850634535
2.0,0.5310395975105618,0.253646616927598,-0.9016823305597452,-1.4532881326933973,-0.45471257284707683
2.0,-0.23574825108477906,-1.0829157589090734,-1.0131568429545206,-0.8736994912068291,-0.07252765857567488
2.0,-1.8478327060098634,0.014853747684038953,0.6478613966118222,-0.4842612980396553,0.16137537028041335
1.0,0.391684529571475,-0.683657479257611,-1.6638781459155407,0.01356989986362662,0.05407838965306318
1.0,-0.45459007003203095,-0.18692845168691308,0.6536086135751714,-1.219396826038031,-0.2569558033361075
0.0,0.8827223698971202,0.7488901280683621,0.3014446008805695,0.5416011138119565,1.9981415605179431
0.0,-0.33635818001384804,0.31031812494419686,-0.09747968994479994,-1.0827489996514967,1.7601357501705568
2.0,-0.4194057856915632,1.4829948912380417,1.6075694642964298,1.2748616534718031,0.3038462531345091
1.0,-0.22149254160184476,-0.6680036727684452,0.08427170851602765,0.7468355181244355,-0.22680134020043732
0.0,1.9702517853389596,0.10640311771568324,1.5142076332697503,1.2827114431377802,0.6794125326822683
0.0,-1.458311194844304,-0.8975893551258676,-3.3513253957377174,-0.43670746100976715,0.3873957179022782
1.0,0.1870674191521258,0.05380368869774249,-0.797556299408428,-0.6305665174684602,-0.08750414210813115
1.0,-0.3577337967594012,0.7828510205416597,-0.5378044979564324,0.6072241052576721,-0.11290448662626143
1.0,-0.21011063724773962,-0.17525087599040962,0.685900364761154,-1.8669536267444746,-1.087615178631003
2.0,0.1575872109683842,0.7978382168709256,-0.9697357634705531,-1.6013526907979698,-0.383313026510148
1.0,0.8990092832925358,0.6376429802586832,0.4396038363469173,-0.034938330822476306,-0.6046072256831252
2.0,-0.4789295637076419,-0.164120941162246,0.9539826404996111,0.41770870576548325,2.5405093898263438
1.0,1.188237297408242,0.4176237875476287,-0.43806893118615753,-0.38186472989615217,-0.8128987588906029
1.0,-0.5348138738728339,0.8092197102313943,1.8033904790430577,2.1735053002615103,-0.20756604636936046
1.0,-0.08200160228926415,-1.1543183379007287,0.109376109947542,-0.4067156978582422,0.16281610572049357
0.0,0.06990348111667555,0.010102342185832395,0.5841230800249178,-0.4777671498291543,-0.8157564178340294
1.0,0.05543751041245741,-0.2928764639978285,-0.44691781575528705,-1.3442664245550437,-0.21488443452429842
0.0,1.8761013721144577,-0.5486622232109487,0.6766522162590893,-0.9601540455496571,0.7332882841982178
2.0,-0.7566504313574094,0.9404267276454051,1.2121126881725421,0.40231721529408226,2.181756299153198
1.0,0.6096699604387766,-1.4843923144080609,1.8051353625251834,2.1331602377446557,0.41368900310428136
0.0,0.5691168141571071,0.6839596164024225,1.8437659920706195,-0.7913564881632607,-0.46823827345168456
0.0,-1.2119613240500842,-0.9007204576254934,-0.5373662354157951,-0.7773141692170773,-0.4248733164503504
0.0,-0.2841829046607253,-1.0802947496987116,-1.3042870717947335,0.9877793864455211,0.3301403121017316
2.0,0.8548215671282892,-0.24374066559285318,-0.5123567917575392,-0.8952572223382237,-0.2894619169387234
2.0,2.9688683076947386,0.480809099493897,0.12301194725310499,-0.2483270418196181,0.2857535582352555
0.0,0.9081700804048627,0.8059766186906734,0.3236629353830479,1.6168903134885457,1.46054005778287
0.0,-1.1071110092901537,-1.7832983556275077,-1.3639994526171542,0.13277794160170048,1.306041260955786
1.0,-0.052155913100541705,0.8759634041978086,-0.4601374937563941,0.5234859500873577,-0.4751705503804249
1.0,-0.6722056962394045,-0.5084070204759106,-1.6676426805819906,1.4004789650842768,-0.37152892987850766
2.0,-0.21014897125452997,0.12119348429269403,0.515460730749583,0.15886040399442233,3.412032421394077
1.0,-1.7672991985977815,-0.188045810828282,0.003905568906501334,-0.07621576156354448,-0.36149751502939836
1.0,1.2114299758618097,0.21442340090495343,-0.2978728456500104,-0.32772392363871594,-0.20310928714761303
2.0,0.834227014652276,-0.05978646044470216,0.029825351404798806,-0.8547096249681545,-0.8383595835414176
1.0,1.6524897876113733,0.22483476090042043,-0.47224224171663715,0.08035665406747398,-0.08531638733351642
0.0,0.06993667528835289,-0.10703658430543776,0.3769823473651252,-0.9403136841617374,-0.758635315467609
0.0,-0.994177134413085,0.1212652084526824,-1.5333203955053691,0.46483604737860845,-0.8610038157613956
0.0,0.5348361347411107,0.31115514764064206,-0.7383562212475852,0.6274671352042105,-0.30729011794203437
2.0,0.6093337370019986,0.37854307421216005,-0.540507749252273,0.8175425996200382,-0.17253647127062996
0.0,-0.6693997490515995,1.8097933167426012,-0.2724060244518617,-1.0326368418102185,0.20301554578348066
