0.0,1.7502049948833098,0.863263171014082,-1.7124526088075973,0.8267702910289488,-0.45162368994073054
2.0,0.30412420185044203,1.1611230421567351,-0.8821178433174282,-1.6557445179700643,0.5865647738444625
2.0,-1.188634650180233,-1.161396508417397,0.9207111934630117,-0.5547392040738511,-0.8088826178675602
2.0,0.023834563682044025,0.5810539919604762,-0.5418530399097486,-0.4880268814880989,-0.6648288134100948
1.0,0.7291654053172284,1.2482748779984956,0.0071852309291547045,0.24633900099105935,-0.7951320157152831
2.0,1.2345195449538093,0.03791490566435799,0.27409333798774393,1.898546684127718,0.3469628092719462
1.0,0.7605998184955731,0.9333481998683948,-0.9765136380790373,0.5388322391521949,-0.9559351961691813
0.0,0.5147079783419856,0.8552346573856118,-1.211539893525442,-0.07750649578872976,-0.6092380607574712
1.0,0.815142351457678,0.18740901681195826,1.0694043874613668,0.39065971428403234,-0.7098630427432773
0.0,-1.5437734999608255,-1.4745376062180546,0.4901557137479038,0.8562451840595222,-0.0013347933728125021
0.0,0.23705596941839654,0.01853138242948946,1.4327140306329578,-0.2828807383784643,-1.6339644834100973
1.0,3.1353104094897284,0.7194470688101656,1.764658724164716,3.199970645802028,0.4284409451511991
1.0,1.5680943149032271,0.18629541134924266,-0.06728352822099351,-0.47680319115854614,1.169297790833184
2.0,-0.8952936861403606,-0.4215529513499349,-0.52980425866561,-0.06853627431903657,-0.5232148493502906
1.0,-1.5521189709018164,-3.3332520549675126,0.10014871915166627,-1.442957274730614,1.4351606131493615
0.0,-0.1362514663565612,0.6522182919397598,-0.1994331142111009,0.25386992202330894,-0.8437384804697396
0.0,-0.703972239210582,1.4727597911447023,0.796680240081419,-0.2857649272545333,2.9568642489113026
1.0,-0.03942580988695007,-0.4004273734882734,-0.9901032939655432,1.867985871921329,0.41579905927111205
1.0,-0.6867061893133095,0.3394833878930313,0.9065575485623605,0.21495239765224533,-1.6115310622372891
1.0,-2.716288397550952,-0.6704370203149931,-0.40797240304688326,1.9560099521844563,1.2829826320903377
2.0,0.6999366841158187,-0.057040938043832895,-0.23874386108689516,0.9312015288507003,0.5142534486927911
2.0,1.2647822711478314,-0.8872299585724069,-0.055602219142013395,0.3393035511745775,-0.16933262254073828
0.0,-0.29705965640559173,-1.3457286130072599,1.5617697026360329,0.511208365754718,-0.14411090379449776
1.0,-0.5334323098121684,0.9579853537271106,0.7936649441385191,-0.18410966029174408,-1.821643905585715
2.0,-0.19217446117706038,-0.0009228033467427205,0.23145077986039403,-0.430862307084993,-1.0572960664289703
0.0,0.5597285932001496,0.7668762556961213,-1.018559409206044,1.4441332315268087,0.20744581695240322
0.0,0.7628648302709526,0.44844270637902117,-1.791193497796807,0.08593957868717723,-0.6978377352701053
0.0,0.4274500957656253,-1.0019757111304837,-0.04789424741061845,-0.23992793278330576,-0.38720405899173893
1.0,0.4692383726003458,-0.6435178087149657,0.8547714937059325,-0.20236028869266212,-0.13607254007621072
2.0,-0.2299622122269004,0.5937994816672401,-0.11332941226237421,-0.30418841261851326,0.5076851243778694
0.0,0.031229919448136308,-0.1795892934105604,0.7951219020898278,-0.04532295841565959,-0.4503419476480449
2.0,0.7884173182554778,0.8952706581461978,1.1657139810354864,0.9460654609770719,0.4865020870367897
1.0,1.7971979920300123,-1.3737858159700203,-0.5067372253579725,-1.393640469648646,0.7321202361989357
2.0,1.6743950204101212,0.5468170557297592,1.2078197771941748,1.3451686861592966,0.6891196854233438
0.0,2.343996532714782,-0.8403109908240319,-0.8045659881549101,-0.2839951987122058,1.9410669204855169
2.0,1.159960601932339,0.38140393906277603,0.8264331362348544,-0.15461133081029782,1.1152295206847909
0.0,1.122089566195602,1.5643220913556484,1.0598964746704809,-0.4685554693331511,2.720713627224146
0.0,0.559551485035165,-0.43116374764997933,-0.1752738545063127,0.21989822031502823,-1.0212574264337564
0.0,0.4757899062206552,-0.13405926940412483,0.05763075338071463,1.2601223398770744,0.37986970587833524
2.0,-0.4099065872826124,0.39662868051966205,1.1945697241609767,-1.0353823011118817,1.8919997346795479
0.0,1.1756511983029763,1.6815340648794357,0.2229941056223018,-1.0483312391659896,1.3243380100063842
0.0,-0.6305666336919818,-0.30951483111180766,1.6794927858572362,-1.9638875230355808,-0.7736656167869292
2.0,-0.43812302270532866,-0.36971290938952167,0.8824638576324357,2.293589496752944,-1.2591780539515751
1.0,-0.013791129959103787,-0.46750940665381835,0.04422924454630127,-0.5175042442063058,-0.3687094006587062
2.0,-1.3612053406731854,1.293112014562207,0.808636081020654,-0.3851188843384788,-1.1649791949261734
0.0,-0.4890052498534628,0.8829458873779406,1.8238951356560873,-2.9865615998760204,0.43835341773885605
1.0,-0.09316795661987226,-0.5115126397547166,0.12618341832465843,0.6407194484302421,-1.1461071446133382
1.0,-1.4914822910180974,-0.3266265022012419,0.24090428444724943,1.174104793469276,-1.8013639027650696
2.0,-0.7251555038826695,0.5224028750372088,-0.4376752321851712,-0.326991181885657,-1.1510217368809428
1.0,-0.27684259867588606,0.03748959818832188,-0.48637502085902007,-0.5752961653295521,-0.7447538509664997
0.0,-0.7791172537212692,0.11108597075904417,-1.303564397233371,-0.03411113616074396,-1.0177671442707785
0.0,-0.5944605780616952,-1.0807037878662489,-1.0781749674013956,-0.8281625192042893,-0.17326937448124383
2.0,1.368984868041968,-0.48001056062887726,-1.0329758283185884,1.0546792969706207,2.3823280836691723
0.0,-0.019059603042421477,-0.1210821068725563,-0.7287833660906917,1.0050912401704029,-0.7055055685431016
0.0,2.2134453716840325,-0.6986345324031182,0.6990830685168287,-0.29273629196660295,0.23360510558706832
1.0,-0.8417904211021539,-0.7405784817659913,0.3331536992302037,-0.575103540025662,-0.907360435719483
1.0,2.8244218609241765,1.799369665512037,0.8768913645044306,-1.8725187549435833,0.07660964879765923
2.0,0.6788179538853537,1.4424085853317845,0.2490423057281703,0.6996845430374576,0.29527918254166224
0.0,-0.8006538781573792,-1.7726276907454965,-0.06017253699100391,0.379016007741479,1.1264878792457784
2.0,-0.9485301040274169,1.2689551540982538,1.0463975425273986,-1.434838352033238,1.3253420050335722
1.0,-0.7158477005647799,0.6219375769956769,0.3777367170193824,0.3095398542112471,-1.1809074479876722
2.0,1.6956420101476,-0.35805416663881834,0.07965418744842562,0.17380339731681385,0.28614793627298585
1.0,-1.0318505765805572,-0.9612271948398228,-0.6323081719753673,-0.9767678891732667,0.7149062267763442
0.0,0.9015173989147707,0.9363221214715838,-0.2926547798697473,-0.29393766151654327,0.5473081211517123
2.0,0.4840076235730565,0.5321518635458888,0.3257917664337356,-1.09715774840607,1.7593785395118322
2.0,-0.0005405549771986288,-1.2824114581050405,1.1474347511825715,-0.4209493013936215,0.5336549880644564
2.0,-0.16292778113898831,-0.38335031661413693,0.5124028726947978,1.0339233354003923,1.8019424549004917
1.0,0.30192040634637973,0.8896652497192199,0.6089616189279582,0.3958544306540174,1.153788277816014
1.0,0.28369462145074614,0.6432713854163197,-1.1149397376822419,0.922761452127609,-0.9413323430694958
2.0,-1.5882462817725,0.0883160234757867,0.3061076251382838,0.24471166553138432,-0.34296848803253555
1.0,0.17974657869702096,0.4443467930218122,-0.8084593943100227,-0.20375941844312084,1.339917913334807
1.0,-1.1329347343544252,-0.7792843353380114,0.03991109953345546,-1.3727691643131021,-0.43107809799399904
