2.0,-0.14158645812860635,1.770392161205702,0.9995053251447124,1.1067624298997911,0.5141982292586093
1.0,-0.7009522098278469,0.22887919139815022,-0.2217065780010712,-0.6969572169750866,-0.40849696095601595
0.0,1.3147729863787936,-1.0480122271961998,0.47346760807953486,0.13194324269781113,-0.33544306191755685
1.0,1.6300476723805148,-0.03842777871482305,0.7400721182400138,-1.0159938888549194,-0.3911596030189392
0.0,0.4055643325910611,0.060819775625552686,-0.44166212101251184,-0.1730259052916858,-0.7248585381156003
0.0,0.9323702214176233,-0.6598390970878214,-0.5151270104665523,0.5147469834878957,0.33386741801226516
1.0,1.6472770481410308,-0.48662336226181024,0.8553667480334584,0.06714360287606037,0.03541845136615087
2.0,0.2571992407831938,2.896826990067713,-1.5543329717721297,1.4693792360541575,0.5452997305650742
0.0,-0.4075686372509463,-0.05939296681097204,2.118845524025697,-2.182727362483187,-0.7002719297580088
1.0,2.4748267502643566,0.583003737927652,0.7707857038548084,1.8190631854153478,0.3279006087830241
0.0,-0.14450987332769044,-0.10996931746956203,1.5879391089363655,-0.4687543445247918,0.35431884264658503
0.0,-1.0335351194835696,-0.9791050922174933,0.535100934605372,-0.28278112824479656,-0.879107439986863
1.0,0.9535549479400902,0.7526579467104832,1.1562114498724214,-1.2756049052545875,-0.14016554347527185
0.0,2.3574513718439896,-1.4196272335363935,-0.6931470563715342,-2.1230798614724824,2.435658387837083
2.0,-0.5413895954071061,-1.5336603423121253,0.0677906808400615,1.419607940154321,0.218375540858774
2.0,-1.798279661213209,-0.05318519030408128,-0.32842416221925286,-1.0132524208599805,3.6597393068772752
2.0,0.8697233091992507,0.2618597481205545,0.5604624659913537,0.8049257516794716,2.3280392560174685
1.0,-0.7231899965265538,0.20405283971725788,-0.11799136598957828,-0.7802821759585482,-1.1303662706865516
2.0,-2.263036522844267,-0.19839564098423673,-1.0990461480464075,-0.10029500802492718,3.8779554030758754
2.0,-1.1437508784084585,-1.0162742249948122,2.250208976585746,0.60586586356156,-0.595743018917608
0.0,-0.5532536085539641,0.23352363628194636,-0.8731457851877665,0.09934555014763538,-0.22527802923325005
2.0,-1.7299959814460724,0.9664116611377794,2.5428608016824477,0.7765206029258982,-0.8386522957332542
1.0,0.29216135854017383,-1.0035471190233836,1.0648613424797555,-1.2919539432036153,-0.40146828232942294
2.0,-3.1757425226508857,-3.4229866400717404,-1.3723777206706798,-0.03664883109121202,1.856067266556584
1.0,-1.6144545211436936,-2.908559787750467,-0.77655225873784,-2.997131006598404,1.79174938673079
2.0,0.13665347451234622,0.42691525481062215,1.7998586554196319,-0.44831706912689895,1.2751501882475027
1.0,0.49568666607122813,-0.38880537137006316,-1.7060111231012762,0.2399304959291433,-0.03469719140322035
1.0,0.7696669618204519,-1.27407156317265,0.7187392618938598,-0.04006022868345248,0.17597925054198837
0.0,-1.2649821508063326,-1.1721057356196878,1.1117109437017352,4.160322885317627,-0.3882582126623781
2.0,-1.0489095127884116,-2.59902255940217,-1.2673600359620834,-0.46655100640939795,0.8784763060783276
1.0,0.30537911342197904,-0.9086600602974566,-0.7645905089501513,-0.06664678200254265,-0.22391047768933817
2.0,0.682148774850195,-1.4847399639429348,-0.07697629237472856,1.250918466839564,0.5891331619455582
0.0,0.6909713800973686,-0.6690760665848038,-0.592540756497184,0.19543336815893045,0.2807857297303673
2.0,-0.8241544010529509,0.2929009604459514,1.56454148445753,-0.46969972857189934,-1.247600332046191
1.0,-0.217452034891085,0.06276727032173483,-0.35844383318763234,0.6458724862689489,-0.42357853004877777
0.0,-0.5639868898846968,-0.5761608303863304,0.37062745027371935,-0.9937721463192112,0.1419819058752768
0.0,-0.05286520303817938,-0.8425277404131183,0.39446354385606697,-1.1337876226029473,-0.14619134953457
1.0,1.2805035150278878,-1.0321499242106387,0.5024968227679634,1.1558810042758447,0.46018939061137365
2.0,-0.8418270752808781,0.2852205362634535,1.0142431675244798,-1.0806122088988714,3.9879903023007817
1.0,-1.3607277565157394,0.0809293582818789,0.6629945441619638,1.278056435763832,-1.285661657784562
2.0,-1.9602486898910607,-0.31428382838002417,0.13106152384897393,0.32338551736852716,-0.46506921792041306
0.0,0.43100752116618174,-0.7728115073776192,-1.0080596016333654,-0.3235415941165081,-0.2549375976527123
0.0,0.6918387889623432,-0.0024894905871995247,0.16554792843686789,-0.2102382748014076,-0.14972154752194997
2.0,0.9132147113719591,0.8296107401535255,-0.5370193700928438,-0.7356492215838936,0.06544432097127365
1.0,0.28120182521843,1.0181121627156018,-0.5993298953401961,-2.3336614739590718,-0.5494834898064116
2.0,-1.3934251758920715,-1.2751459359431625,0.758506839804138,-0.2874480443714343,-0.3143701783529223
0.0,-1.2797307463673966,0.4578248103925068,0.642198471336603,-0.8337079925421117,-2.2258555526953887
0.0,-2.372301523917941,0.8921695851005987,0.31033004782642454,0.9681335572369947,0.15932275930640305
2.0,0.1755688651954733,-0.1366904070761822,1.9514713100277095,-0.7440690167716133,-0.6711928567240162
2.0,-0.4009105449816152,-1.584695996189539,-0.1304090779263328,-0.9111296050709596,-0.2988701178893127
0.0,0.001475140405658287,0.7527597519552413,1.5144786871019282,0.2523008973899295,-1.163804162466627
1.0,1.094064778123172,0.7786992115780466,0.8368885303578854,-1.4352278326934096,0.5485714406155219
1.0,-0.3150400663577223,1.0763057897382824,1.223058194299488,-1.2493116478816388,0.3406239685106362
1.0,0.5483371380869755,-0.1359064531601353,0.47457375861131895,-0.21599037756585512,-0.2673729076911055
2.0,0.08747952844645326,1.7687756435512927,-1.40808253112169,0.11957503242848198,-0.007769451356753075
1.0,0.5530889786441193,-0.43123640676205366,1.4414766862860282,0.7041343492928368,1.6236087103951367
2.0,-1.4611749408227646,0.6949079830747388,-0.16825010563477424,-0.5933617702776107,-1.3685354791263271
1.0,-1.1506532059395986,0.4826634459936868,-1.6595780676673055,1.6127880206220837,-0.9753779586906797
2.0,-0.09437885150558244,-0.625242378457511,0.2947735964903042,0.9503548713967012,-0.45411006328957826
2.0,-1.0546840036613934,2.4790605578579137,1.9392322995553488,0.981368458906039,0.901754301268901
1.0,-0.7300434836281436,-0.8155855504324896,-0.6150679544327139,0.24830765361251578,1.277565093855491
0.0,-0.38724806995498884,0.6808673261737238,-1.3784891025957706,1.87321161433862,-0.0637718380997158
0.0,0.46983234483377534,0.11375008342903219,0.1641712107773004,0.2769848500680756,-0.584543127640924
0.0,-0.5916712440176928,0.04984226930765295,-0.8876360770303646,0.382509709965092,-1.0578387214135654
0.0,1.5564437022981141,-0.16406119190976418,-0.6903925599248777,-0.9053660933091694,-0.5202766476310386
1.0,1.1709168595481312,-0.7993975307943979,-0.9877158778274572,0.9853166284126504,0.15474576671688248
1.0,-1.639948043200099,-0.9751626533753017,-0.4455390597844337,-0.09358791846481124,1.474166363472092
0.0,0.20469807791580713,0.31210392030422823,-1.0690583241111058,0.5531612825637041,-0.693818761958856
1.0,0.7958514994932145,-1.5376505459556846,-0.055092942566085004,-0.18675255894498557,0.22524041274975037
0.0,0.598507081964476,-0.5767463447028383,1.2150085244942648,0.05429133787940843,-0.5361430770886719
0.0,0.8092823428266114,0.24024210940465368,0.8550401601051403,0.02006784409750109,-0.8846375771182449
