2.0,0.44868070772835816,0.6793965485091796,-0.16161513046273152,-2.347081558556072,0.4977208456369362
0.0,-2.2541969837485873,-2.3628795144308454,-0.036982173981189685,-0.41346130402919606,0.36938815321461393
1.0,1.1781547360115747,-0.7891948260545552,-0.057154542784876965,0.8049616282165881,0.6582771292894201
2.0,2.0197174242972182,0.13072949258974909,0.47109853983113836,0.6494365286171632,-0.20234594459731334
2.0,-0.7924856896938001,-0.6842352812050577,1.803656127563397,-0.3784164431142535,0.20557991529202305
0.0,0.23625707871850074,-0.3156533565495683,-0.20559145609011314,-0.6719658227870137,-0.5116204969001755
1.0,-0.9444832230225589,0.057936325998218824,-0.2930876257273272,0.5282639878826518,-1.3447533362159907
2.0,-1.2488983135375387,0.87623636680557,0.84328686911555,-0.02003994209065303,0.792201274853654
2.0,-0.27270796763810706,0.3666505740639087,1.2297929888026533,-0.9194903056426004,-0.6588744301187439
0.0,1.6421524923941722,0.6497831076228076,0.5103713421840901,1.2059668761786586,-0.45970524956223363
1.0,-0.88589182047435,0.6356152439269492,-1.3306194061556111,1.711135961184302,0.48826183971480863
0.0,0.70865525499198,-0.5500600416760519,1.0879732890390632,0.7907130206788795,0.013194981617217607
2.0,-1.6557569040563633,0.6891660847382671,1.3072419984866264,3.8352382585832347,0.8951724384747148
1.0,0.005657625285995607,1.8640108877177515,1.0526647638061086,1.0159872171832212,0.1734554856460114
1.0,-0.6773641298113412,-0.17452671889604562,-1.0243036715597509,-1.3244208441634246,0.08804097736198496
2.0,1.1426047475364942,0.24381045340818266,-1.4284908649689965,-0.03829982560833236,0.11042428363657936
1.0,-0.27908597170360794,0.5133189973013231,-0.6029058254760304,1.7336143945653848,-1.2698995659419892
2.0,0.8639807091505468,0.6999419890742127,-2.087802895194777,1.6534730944692053,0.38346552423545677
1.0,-0.9265433226631917,-0.06255109687673396,0.1805339885027657,-0.4103559710984708,-0.7450295706459806
2.0,-1.2019768125168695,-0.3122466753035319,-0.25796644369695915,3.2545815160632334,-0.8229540171929898
2.0,0.04457155514737631,0.8030456064019738,-0.812347340500484,0.02039491220725638,-1.0198701657543265
2.0,-1.229781352710601,-0.7560078816572926,-0.7867476158364671,0.9586977036179796,1.5876198426936434
1.0,-0.5379875781740939,-0.34909687516448934,-0.05076032409426913,-0.20583863687579396,-0.95101702273988
0.0,0.3720181130406832,-0.79836704863436,0.36564158591010815,-0.6989539976142733,-0.03957722275067779
0.0,0.10195479332076698,0.22753356340210654,-0.2849441019547638,-1.1504061617030452,-0.9065661146279884
0.0,-0.9493316844678513,-0.2778354331885371,1.140053724839569,-1.2437423649262414,-0.84161397953081
2.0,-0.3082108322851588,0.6620767522128891,2.158298438496603,0.5709234076507755,-0.5213061139366105
2.0,-2.7903807885842897,1.4904741839811206,0.4854024299519294,-1.7820551247928207,-1.1932430032482315
1.0,-0.09142149649424762,-1.3132881285683646,0.6745665861019969,-0.03402123351087363,0.0159745915701311
1.0,0.9911235492360924,-0.17870226904662995,-0.5390200526892963,-0.29884571844997626,-0.4701740233228842
1.0,0.2990749999617698,1.3170906767281925,-0.8635878548060848,-0.8264165658765487,-0.843308333186213
0.0,0.6765485216552575,-0.3692862029974782,-0.46813507730968035,0.18592671159995874,-0.019151585146060145
0.0,-0.1906856572500131,-0.8344263649506153,0.26859179190730437,0.43906051294565385,-0.1113413523931291
2.0,-0.9563594318085881,0.8920850512054131,1.7187965501045965,0.3888071091851932,0.9447426152004845
2.0,-1.483801175660256,0.07153859557796288,-0.4180612098183274,1.010888015411253,-1.160815512030126
2.0,2.0019930528403913,-0.00034555962968026854,-0.6507253323997229,-0.5986965045807601,0.7220649526830926
0.0,0.9667009998767342,-0.042810128003196384,2.3517659084190496,-0.7078616069223053,0.4458973438216655
0.0,-0.05941173453581405,-0.8406846260442884,1.227274740083603,0.5653908999059599,-0.34448099472027754
1.0,0.7044939394541956,0.9781897853010729,0.5218927728992591,0.023177026328717064,-0.9384921938052578
1.0,-0.24654904759890256,0.7828567490776819,0.9001987576237808,1.448784183606398,-0.33109768281281854
1.0,1.9197529670907962,-0.8114273474918199,-0.16114235918927006,1.0922325669437616,0.8096223646787822
2.0,0.5661706012406237,-2.2872070312514294,-0.24144356207477405,0.7625931951203357,1.9611584525490848
1.0,-0.6359805759279157,0.5285956389300843,0.8794156560129561,-0.29993881692412183,-0.6638723951368878
1.0,0.447378743679893,-0.12234376452264646,0.11190542880166103,0.44848160384635716,-0.881790718418928
2.0,-1.0656632400078894,1.6175916924161884,-0.4994325559315587,-0.19898311261370252,1.6761365536114847
1.0,1.9348446099698575,-0.050183040758044715,-0.9370487724534997,-0.06774770171820019,0.1025981179845154
1.0,-0.43345367107082416,-1.7406027839036742,0.6926949951001001,-0.7132238342705048,1.216118504551106
0.0,-0.9648457317426922,1.3697865114443957,0.613094277618748,-0.41187496912761706,-2.392645762492243
0.0,0.17648545853656028,-0.4592496504150517,0.8019772573395108,-0.910225405375252,0.4622424554359811
1.0,2.2942153432882506,0.27040332567208414,-0.3038885445222795,-0.4460121161539988,-0.28412462453297993
0.0,-0.8888766833843977,0.2225823971793779,0.8831602399119312,0.44713583063245604,-2.079221371398902
2.0,-1.0546806540844313,0.11819488775323714,0.7208346969201601,-0.6161252442980124,-0.8256586293467043
1.0,0.250804217635235,-0.3641234598502951,0.6481749869947327,-0.4184807909483968,-0.18310584885949258
0.0,-0.3883285882804042,1.168991302307937,1.9198775458668313,0.8018873775971387,-0.3433563940963187
0.0,0.7003685841497603,-1.281081226144545,0.13907694065530718,1.7624813476608046,0.13711088054112433
0.0,0.8623640975743809,-1.9910902206940995,0.7482959023802102,-0.0379199236808172,0.2703981406626176
2.0,-1.0218402919492058,0.1718639905281199,-0.3156918745348649,-0.7468228312015326,-1.168947795193649
2.0,-1.240257625464386,0.5030647798025429,0.8641351674679387,-0.18369637487810006,0.869166725129245
0.0,0.6142346256975959,-0.43411243180058773,-0.7342228838226674,-0.5302220879979954,-0.21037438589090454
0.0,0.7848138160057495,-1.3545313997988297,1.7720809394363366,1.6446405045835164,-0.11739816192836956
1.0,0.03990371891110646,-0.725049342310362,0.6333227898625408,1.306959310157092,-0.6438360966552787
2.0,-1.327258047831388,-3.68462326171382,-0.5817952694587927,-1.9700452327340083,1.512419826051792
2.0,-2.0215249271210505,0.8762509274089938,1.3996809357375763,-0.018155512397821563,-0.0565476046350723
1.0,0.4771090356565105,0.1446385901091354,0.26406084941121394,0.5889503968322726,-1.404832496037013
1.0,0.46819543186542745,-0.992212494637448,-0.03467697560889919,-0.4086988550295906,0.3415666658175238
1.0,1.0023919645501982,-1.8720783554880691,0.7108172647669357,0.22455934682244313,0.3102421656798398
0.0,1.086807020441435,-0.43318662297739824,0.9316741913012533,-0.4936538857363581,0.034580548593583685
0.0,0.25388383060802566,1.1272718723121418,-0.16609047189460727,2.4298437393909875,-1.3423263554385942
0.0,0.8607033175866639,0.9842671578986188,-0.13676644208909164,-0.16879984892434555,-0.575558727187441
2.0,0.7553713644811628,0.6636598906496162,-0.7497905324012633,0.30515588538045274,-0.007127260679725837
0.0,1.192628568912148,1.0466858793300726,0.03097620826162689,-0.7114681022163406,-0.5895474053822827
