2.0,-0.6749935918319947,2.0651343466407965,-1.542955566086094,1.3441588164533742,-0.07369243394372169
1.0,-1.2897563298178323,-0.8403912551010793,0.8266586988099625,0.5808020850936105,-1.0150290153586081
2.0,-1.0211386049680053,0.07337522330034278,0.5338477071925105,1.2878652925077474,-1.12811633246
0.0,-0.5292420932639481,-0.6389116268435812,0.4551783404183111,1.0229945985288433,-0.5506055207492783
1.0,-1.0105720968514027,-0.3581440847819226,-0.18762964257433523,0.021386515637827345,-0.8199851836744675
2.0,-0.7831294051663832,-0.34366439541234295,1.2826967622684124,0.5678642466763807,0.781065931939676
2.0,-2.231419583642932,2.2801958669208884,-0.3380010437362805,-0.4561166766746097,7.006756944602787
1.0,0.9363122325720403,0.6153948245516832,-0.7887579769682165,-0.22026906065383375,0.0858015197877187
1.0,-0.6021841347318323,0.8352795700214134,-0.9257064479886796,-0.032941187058476866,0.6694355730664512
0.0,-2.013458551658984,0.5723127781113971,0.47436904965431026,0.2577565581507379,5.649711982497082
1.0,1.0167249092039534,0.3654622165126993,-1.421780182078778,3.0085171227923575,-0.8374401451167063
0.0,0.3377120064282852,-0.10230435549062818,1.2886931435850981,-2.314333680354984,-0.29996934548918364
2.0,-2.2306650048803505,-0.18198063079820412,1.4534841954303641,-0.7455812981712953,0.6276693300573448
2.0,1.2678477428900015,1.4352987993652193,0.6120152479226292,0.7525319639892477,-0.17357849210247459
0.0,-1.459861732753025,-1.3858312475984493,-2.313925717841938,0.8561206111494906,0.009905277060552971
2.0,1.449226208988239,-1.4776983202569878,0.685948878907642,0.3759720785592988,0.6749859385370143
0.0,-1.086384975888759,-0.6394187677503448,-0.4886064824237294,-0.5889963205504564,0.5910264438285433
2.0,-0.456887520222655,0.5831981709421239,2.346061019244101,-0.8467087678657286,1.350153992443248
2.0,-1.2771796997705476,2.0088244937487656,3.317980859072514,-1.2574608822990425,0.8217239199351302
1.0,0.40828165614766637,-1.8780391631521847,0.6060149079037077,1.346194742756391,0.24927664985125572
2.0,1.615059033250441,-0.6112914743216897,0.5863574937474788,-0.5969988754983987,-0.1693618052284859
1.0,1.1767303112154164,-0.29777028182954723,0.030295538841526158,0.4708453509733879,0.4202508420778228
0.0,2.496677688198401,-0.41382816474581396,0.667799948522458,-0.6460523220963901,0.06769240815158334
2.0,-2.198695263540624,1.9216604071788466,3.3005129679773844,-0.5710165528129568,2.185446285901003
1.0,0.004064244169863243,-0.9421967599067382,-1.0185444639873058,-0.21264947871725773,-0.42174088071289845
1.0,1.4433254453370514,-0.3981050477541076,-1.06867881666157,0.4263233476924802,-0.10475800027510604
1.0,0.1495671868274518,-0.21982417383276184,-0.23282426771767956,0.7591563009743567,-0.31182684168509145
2.0,0.5917172114235661,-1.7473670524004226,0.3935145928720588,1.4236107776666678,0.2952697531572913
2.0,-1.289572002649134,2.773873048123769,3.5942932569503627,-0.19259324142094705,1.37193385181709
1.0,0.7224952941688201,-1.036234004840968,0.5457792119581816,-1.0572976834516539,0.2693518962791619
2.0,-0.14323793900469278,-0.2141610605788888,0.4576233504570158,-0.42440901238847273,0.18571847301786495
0.0,0.5621013951000595,-0.2488406616134373,0.6132538040208249,0.23184526191793536,-0.5821023442800318
0.0,-0.5350893880519678,1.1916421874518885,-0.5433292809493249,1.3360824466036079,1.261219137381135
2.0,-0.22571481956377384,0.42446058973312834,1.0669448821387169,-0.166903415577715,-1.0741782552915033
1.0,-0.6308487867177212,-1.0163195716683087,-1.5986768208206004,1.1884999916286525,0.29221032947001446
0.0,-1.273161384395575,-1.4498074830923944,-0.7967394122215089,1.3004167954611878,-0.03584899601452563
0.0,-0.9010654921046867,0.21349224087672994,-0.0591593540815586,-1.2664873407196293,-0.7270417322236078
2.0,0.4747115807312898,-0.5945638169199038,1.0150627583550889,-1.727712613909901,0.7785867353172343
0.0,1.1668813830055598,0.5470618781521515,-0.33487244198014,0.9418744846560535,-0.8997155852085341
1.0,0.9290076359813783,-0.4941879238762264,0.2874296122691145,-0.22965137131002422,-0.33184859290683494
0.0,-0.037993625564983334,-0.14369948742181007,1.617422711329637,-1.0860712982725513,-0.48325861159844885
0.0,0.4758474750184837,0.7088027397481353,-1.6621903545721612,-0.7220826595437865,0.2697332161899141
1.0,-0.35879532380973905,0.1248869531866913,-0.2703857627021773,1.6297276717231566,-0.7807190382578205
1.0,0.37451757653094286,-0.6368064911519927,0.8418495689676946,1.012777345144897,-0.6437241339179456
0.0,1.4615170136092446,-0.2018363389383212,0.9098206481282982,1.7335479459069378,0.714309218255058
2.0,0.13500534035449138,-0.29821964301618437,-0.14564389710952533,0.07915374521573623,-0.6569917736213713
1.0,0.46041558305924035,0.39372713761961714,-1.1321967838877953,0.7357804776462367,2.232655278066588
2.0,-0.8308064275236253,0.18289335083575448,-0.1700304268239882,1.2959994225229186,1.684726349451963
1.0,-0.3110071740188803,-1.0464686535024827,-1.0514746056341522,0.1690980822758162,-0.12106331920670899
1.0,-1.4527763088745689,-0.09419635635701976,-0.23937122467795025,-0.5004593816259076,-1.4378613469555603
1.0,-2.22707390363648,0.5097183759313759,1.4002683629667347,1.5308451752585386,0.490405578900183
0.0,-0.6468441816633728,-1.2028919363479909,-1.2698077391464695,-0.1023266107216452,-0.6375950179482336
1.0,1.733820058595914,0.12940067405701644,-0.8489838860841321,0.7452772354266595,0.07135235125442889
0.0,1.0206111419746795,-0.33095520145170854,0.2985736637238262,-0.5252037681106709,-0.372105668980191
1.0,0.9382175764443669,-0.6426702155301298,-1.6403371637405373,-0.06607730972002887,0.8003766242284075
0.0,1.0093628516258082,-0.01640279733187987,0.22082363767220448,-0.9249137654411974,1.0125998137678438
2.0,0.16886792304067624,0.32922787983743707,-0.17908055794644748,-0.40626847070088673,-0.24161116265341645
0.0,0.9662767344272768,-0.9204472868740669,0.49272441151639673,-0.6366898452006662,0.12249702804699349
2.0,0.5904446765997526,1.3166613227119814,-1.117706626565493,-0.5100105316825386,-0.10680816307389178
0.0,-1.0733759684733224,-0.1574022590092513,0.43345050106082267,-1.3982125397927638,-0.6003217456089711
1.0,-0.23324660823404206,-1.3503405601881517,0.1272474338988842,0.10181510421615193,0.05388456767631745
2.0,1.8907720757508335,0.9276934373220707,0.46819837718632634,-0.7099075816931925,-0.4862617673422174
1.0,-0.4692758491501144,0.5309186376333642,-1.1875809306557223,1.2529013108915483,-0.9533010911062052
0.0,-0.7602538719342524,-0.8313500837741588,0.1029305882551864,0.4582792162800243,-0.0020963809416256426
0.0,1.0239936463628707,-0.9428470855689753,0.42961779871767525,-0.21097333169454602,0.5978661320592015
0.0,0.24717666446455308,-1.4119763166041996,0.9708486214806032,0.6598799651950008,1.0309082358215629
2.0,-0.40874955481300246,-0.5526715215781739,-0.36210270982138126,0.5884969312741111,-0.9202310728624905
2.0,-0.49081234648092936,-0.6426134910626354,-0.705397176406544,-0.7291614475041184,-0.7473723041762296
0.0,0.054198540446494685,-1.516111226429468,-0.8800161053155772,-0.7442500891033411,-0.16169820511887786
2.0,-0.32319622865876974,-0.15543283291394547,1.0821045581524844,1.6569080777960583,-0.18714454821555218
0.0,-0.5686555086089747,-1.0820381166388922,0.06679580199063423,1.5810505631822187,-0.161297433339129
1.0,0.8262552038575129,1.457058084967478,-0.5268806944479503,-1.4158012803923636,0.06834817400465958
