2.0,-0.2976241096581201,-0.6675854569670635,0.17554594662808035,-0.45572825287904917,-0.5949993994760554
2.0,-0.07958255117771106,1.0231883619533666,-2.6181890123571954,-0.5648719924160684,-1.2060663644803136
2.0,0.35757123874104385,-0.36339219504954323,-0.2124324491192704,1.8591124327756479,-0.4651384059471954
0.0,0.1991594600992213,0.7881408840574978,-2.401504636865738,0.19692842390799356,1.2244618108939818
0.0,1.2611635467621234,1.1586173051860915,-0.14084947615708,1.0124797506001684,-0.518752325158579
1.0,-0.010093478506120784,-0.36998717185365837,-0.2433578365878159,1.187006431240469,-0.8046781152226449
1.0,-0.6277182769636207,-1.1125723501272535,-0.28780356610533964,0.5521231664667425,-0.10083110152976607
0.0,0.43106921238781454,-0.2550583072372501,0.2301493114243766,0.19260573962398095,-0.7070548946536059
2.0,-0.6503357566868354,-0.4660013014350571,-0.6162721734146457,1.1079371411196177,0.4573337078111454
0.0,-0.8699010398224207,-0.023349209629771564,0.3650076226747242,-0.642116468333303,-0.7823782150484788
1.0,0.7357272034841038,0.9623790433473958,0.4872763946422029,1.3462247486555796,-1.4531067179715067
2.0,0.7367826370241862,0.4244716594417296,0.9330740352031353,-1.0758167620778964,1.1435786574739775
0.0,-1.246077747932302,-1.7870574101037802,-0.6682027605500734,0.8993312331097736,0.14544704098274056
0.0,-2.1313353220299684,1.496644301023726,1.4757085208278908,-0.26356481825024075,4.864858406487201
2.0,0.479527715245599,1.1563068069275275,-0.06266846103577889,-1.9696341388268834,0.682769274743402
2.0,-1.9201235574281583,-0.1053668373054031,1.7544395358103986,1.6746363578352017,-0.28067252110760355
2.0,0.9288559773151038,1.1026211946802893,0.370720927640857,0.9536636190901435,-1.1255438207249264
1.0,0.6913909277627381,-1.8162983265376458,-0.19188133960749146,0.17487801362008049,0.44921138908311287
2.0,-0.9542578453374955,2.0711801224309867,0.5633915750315631,-0.2509442189680812,-0.8871284937310844
1.0,0.27134982362055304,-0.6631340262671097,0.5828669014402745,-0.0006330853941687752,-0.6212929188755079
1.0,0.26288331112877156,0.1323231150391321,-0.9106752012952412,-0.09383337323532413,0.34659759832729625
2.0,-0.6414865801652111,-0.400538878712779,1.5737691631168116,-2.7549659163678535,1.6049148402486535
1.0,0.16437705870325517,-0.6420314902174372,0.8994880337443163,0.2871003050015901,-0.09760651966068126
2.0,-0.34016980054934876,0.8344571389186076,0.975654584932742,-0.4212755899912931,0.4015880554724459
2.0,0.6476603496206992,-0.2601320345217298,0.276201377305062,1.1053745047254129,0.9175212343213259
0.0,-1.9825830547221581,-2.0498851373488045,0.47829198654698607,-1.4239105884251027,-0.25799799041178567
1.0,-0.9790002343586588,1.2462458447648688,-0.8819499830171194,-0.6183828061700224,-1.3615283153899735
2.0,-1.0258880885570998,0.2015578073839271,0.577128931529533,-1.1861696722388602,0.23115475757733192
0.0,0.20001799294664913,-0.4295761006211168,-1.1175496944437637,-0.6551076700894011,-0.8554199809517283
2.0,1.0208824166865271,-0.35459772368118786,-1.529773035008954,-0.6270628237283129,0.5229415619787597
0.0,-0.05564372757957271,-1.353078953238831,1.3603630334577086,0.8413214382676011,-0.21208642295768415
1.0,0.1802818433226866,-0.3806260348520094,-1.3677085297296698,2.028494806069684,-0.16776817604547267
1.0,-0.7486238068370155,0.8261565932307824,-0.7785164722941836,-1.7547710244652044,0.38972131951985495
0.0,0.6990689168120584,-1.2879909157499028,-0.7037200004641542,-1.2894680560478042,0.3042421286912615
1.0,0.868871275303971,-0.22552610640311224,1.5636835395657143,0.15697629591399384,0.024882588249110004
1.0,-1.3311915718820089,-0.8698428876022039,0.02379379938233307,0.34766788569654633,0.4507078014173121
0.0,-0.7083730690561241,-0.09318037072061645,1.3320687262962423,0.13900771011538532,1.2778267220164132
0.0,0.6801211299071666,-0.17284590455535553,1.0111173591046736,-1.3701588838125438,-0.25459399481663425
2.0,-1.9836489152961483,1.8882440597055052,-0.053102515786361895,1.1585411624403077,5.3343980121157095
2.0,0.9920517644094621,-0.09649762682548252,0.17482460208073325,0.9063017479804762,0.32682997266179975
0.0,1.450113497917145,-0.17014721688894757,-1.4276275982429432,-1.016969874713418,-0.0885803751230431
1.0,0.27116090716425256,-0.777130364954605,-0.4295051557079288,0.7053222580758991,0.09196136484412887
2.0,-0.5463682462136217,0.2821474224461431,-0.15864444145799164,-1.4120112608935014,-0.4101462250178462
2.0,1.3294985600118152,0.9408144583000052,0.019218764954205502,0.1313561503136241,-0.440177383602969
0.0,0.4411508411299009,-0.03822149213742099,0.4279538321433565,-0.7633134158822169,-0.18598161364482232
0.0,0.5913222385500817,-0.6861605864007484,0.8734710719695645,-0.22458119073372268,-0.3339830419541779
0.0,-0.7558582783149124,0.36798165233142033,-0.9638750156326684,1.1084460836197236,-1.1174333304746633
0.0,1.40660905331783,0.518865602747102,1.4520776892114455,0.08653888511063024,0.4260656168525315
2.0,-0.6192754832794685,-0.39422074354854353,-1.282313067326761,-0.9209012699806179,1.1363762500765633
0.0,0.009541721867616352,0.27990720314527084,-0.3713945762514503,0.878905990846736,-0.7428004635559363
1.0,1.2711293797538379,0.1607364622931958,1.1008970454004154,1.7614169644157875,1.2039852961453903
1.0,-0.6305151108170935,0.34454083618132125,0.05420174508900878,1.149523941884617,0.12581541538733482
0.0,-2.188095449421031,-0.864918871149397,1.9105213667281244,-1.2687585355581785,-0.9157456226624326
2.0,0.9098768061065406,-0.08040742563017146,1.5241716595162094,1.892879389357429,-0.45528367443846796
1.0,-0.316058771747663,-2.218631305557826,0.49629684915391087,-1.4414036306110436,0.5543461155794316
2.0,-1.3337991516355596,1.123542718479424,1.2689067783781611,-0.43017882963030823,-0.5952286811350174
1.0,-3.130876156579618,-1.411486012207548,-0.6847962104968908,0.14290608318967268,0.5871246561458963
1.0,-1.2658621686516922,-1.2960273364625179,0.41369373769045886,-0.7654196150592032,-0.622856414178203
1.0,-0.08444534904394226,0.6299513857283149,-0.37849182917752544,-0.4552201129258192,-1.0396301980053058
2.0,-1.8858350297067412,1.523142899810479,-0.19933134224498572,-0.3225628217491446,0.5685420012761051
0.0,-0.6687003838278966,-1.138677304676332,1.5043390098313114,0.036633926151218736,-0.25366765876656744
1.0,0.9627939778046304,-0.18816611131830877,0.12262486690452835,-0.6899176317625318,-0.08630140939813015
1.0,-1.0687352108078747,-0.8345797362982399,0.9111268218455295,2.3650171782090292,-0.180334265595615
1.0,-1.9495277762615526,-1.1925162977980663,0.1874489744531151,2.1201961816899315,-0.6014712668279015
0.0,1.7873198123129466,1.328703845399997,-0.09533386548279492,-0.4900579683035557,1.953142406444239
0.0,0.23029070958207062,-1.2840157086475457,0.318267446562113,-0.23616109879470587,0.043160621954548735
1.0,0.47678067290681675,-2.0978398952945954,-0.5523196530336137,-0.20397319810400877,0.8203520632562342
2.0,-0.6706947785132468,-1.5895659230655281,-0.07014801402307412,1.4295057002931582,0.01072861584041071
0.0,-1.390872935498815,-1.3802409504873907,-0.7861182214406534,0.7338844293618317,-0.05057691726782817
0.0,-0.392222182509802,0.20011702523862537,-0.7759346530060187,1.2905107098910877,0.5952064528546452
1.0,-1.932592019879135,-1.460885239249399,1.6341603446899085,0.22637258709004324,0.24115235713125366
2.0,-0.4334563295082334,1.4159659288788815,-0.04345532360949478,-1.1648906951946456,-1.5025184545993273
