2.0,-1.1343907603095003,0.17191440173764938,0.7087461266681363,0.5350487848591824,0.20284570139191338
0.0,-0.38620138821456074,-1.7051175734922028,-0.12415930731031731,0.23348475565566046,-0.01352432036533742
1.0,0.6061128153438758,-0.025701891304543485,-0.8679282568287554,0.16387433095528375,0.9925676786119854
2.0,-1.0478995062618277,0.41243890474392164,-0.9945802805127605,-1.9465712155790342,-0.7508021153677836
1.0,-0.02926291762977049,-0.848433739536068,1.5112832681739365,-1.7447014128053742,-0.9014889479673827
1.0,-1.1890026434229677,1.160124446427247,0.4098425672412743,-0.6043988139402827,-1.4495500116802635
0.0,0.2898974606519067,-0.8833780902028329,1.5970838919989885,-2.302548015852376,0.41196319939751397
1.0,0.8210376603837594,-1.1195983804105958,-0.3864955901111563,-1.1512783800646391,0.40493642929536866
2.0,0.04719387995329055,0.5835371522284699,-0.050803669510975355,1.1231627337835564,2.2144903910618345
0.0,0.39994640775411733,-1.4591315274216061,-0.29326146167003403,0.9021573246390274,0.7225634017410517
0.0,0.13184929552350344,1.6947237636028962,1.6260635674923039,-0.9561199918815481,0.8606129150455489
2.0,-1.9002638728840295,1.2877502764774658,-2.2382520928264706,0.5745943463474169,1.9477388318232252
2.0,0.7401200444887076,1.0567185310749054,-1.4238104778020413,-1.064870615663716,-1.2756132680190813
2.0,-0.795671380446308,0.8231687624700769,-2.05958160957951,-1.3391425917207556,-0.0454917991502948
2.0,0.019189860364887235,0.3071709803648902,-0.09698785648232214,-0.05646514247568387,1.1537950756657023
1.0,0.2831647108251826,0.31056354081362336,0.5765796726382645,0.9022609863963672,-1.304771732537195
0.0,1.640372171159022,0.26906853325488256,1.8584217150525524,-1.1303858676334135,0.08599833159782666
2.0,-0.9468755194520073,-0.8810664924742081,2.001313339700985,1.5404377432535432,-0.3853482776013616
1.0,-0.7300479825555506,-0.5057618791847188,1.5645089168502344,1.857457545730473,0.18414284880403345
1.0,-1.10138181590892,2.286545695941345,-0.5087352478850218,-0.34015878853560083,-0.00455346367022987
1.0,-0.06747354009880069,0.2129999582469995,-0.6305094983519269,0.6006072529120914,-0.5621105010251828
0.0,0.5485461877842553,2.2300975552555506,0.24899828769908905,-0.462367134347969,-1.3083746965050247
1.0,-1.5384885123227887,-0.22460398367277498,0.29702871284071614,-1.909773646094366,-0.7787263716730892
1.0,-0.8084081902713174,0.0038285825006544026,0.6273432952845813,0.41626389148751963,-0.6686860387494705
2.0,-0.4399128009966465,-2.270234629278771,0.07450109237325858,0.5787800163539907,1.1630657307005516
0.0,1.4659326403314643,-0.4332806159743443,0.9437834820608328,-0.8225853549496489,-0.7779691209470484
2.0,0.0846424207842125,0.37894873423761877,0.5557654996028849,-0.7888375920482446,-0.9763216952965008
1.0,-0.05829062197179741,-0.6431024813713064,1.3326469253158826,-1.3231817539673585,0.08231285833948512
0.0,1.353713274290452,1.2042213558017583,0.656644495423136,0.8173603798085757,-1.1046657273024232
0.0,-0.7611724073058753,0.42880146528875124,-0.37139408459421624,-0.8810594061870078,-1.2297437904992004
2.0,-1.342880555797175,1.9439065303395555,1.7354787461521388,-1.239015220397714,0.7140189434048977
1.0,0.8418851844336019,-0.9015638921505561,-0.016804824435315266,-0.2573171131349773,-0.3214473705191763
1.0,0.496708999207831,0.418530866441727,-0.45873038081941947,-0.3117975488220312,-0.58071518522223
0.0,-0.6292650319991737,1.1541535665023783,0.37531585231576914,-0.6288404991242802,3.875870176913731
1.0,-2.476233568251564,-2.6664920056283035,-1.3180245400373878,-0.09949260287755188,0.8674308680010263
0.0,0.1364886191334469,0.20940356933326343,-0.46072801209548814,0.9004249423243493,-0.8294784753320961
1.0,-1.1847899708875673,-0.3007046070864434,-0.17203974566725014,0.6712513800540123,-0.1181930444933553
0.0,1.5037866541954727,0.547812503824917,-0.6481074442239045,1.0242320416357944,0.06533464525892367
2.0,1.1219154790015753,-0.4251060542156271,0.4946251809526195,-0.13560117378445233,0.17902795423653906
0.0,0.28902827480998505,-0.6296035011900547,-0.7467926384919749,0.7434220577499194,0.47804344473340876
1.0,-0.22607319075945587,0.11903345051926674,-0.4145049525275713,-1.0735258465724136,0.6419612707245742
0.0,0.695206427022,-0.37134016248360263,0.5765805774042685,-0.6026874852824174,-0.7974088811682304
0.0,1.1932102435127432,-0.8979913297955316,1.4776730801774878,0.6264951686787377,0.7971955100959714
2.0,0.8469169983127527,1.7306318114256265,0.03915271127738787,0.27718275571823603,-1.418014250317554
0.0,1.3167036143447644,0.5883299237730911,-0.43828127686907703,1.0783373781807937,-0.5352174112482209
1.0,-0.3185132347949077,-0.17632314325961765,0.5533080539218003,1.382052212139928,-0.8461799602929665
0.0,0.8912872592677432,-0.568349226958013,-0.33161374156924506,0.6321351522474338,0.18592357215598043
1.0,-0.8915525686152506,-0.13633607956750596,1.9013491322689247,-1.3325023075160531,0.6024617594486326
0.0,2.46905421481539,1.8201339610410645,0.49472232607504246,0.24676723110552012,-0.42720791507937605
2.0,0.9661958455674122,0.5563109912866521,-1.5456624982446896,0.1253212715656541,-0.042277917773281
0.0,-0.13188712677461098,0.4834669601875535,1.9765332832261708,-1.904757803860672,1.1447632056536625
2.0,0.5589277677235082,-1.3511994868863304,-0.13014781672489842,0.7728919027830949,0.8476442017571713
1.0,-1.0819298725510405,-0.029781535282805135,-0.19856382177080628,-0.8575376045016027,-1.2866467823478953
0.0,-0.5488362949418988,-0.09336475929519167,0.5067706868421661,1.5338857934823407,-1.4502785933812614
0.0,1.2655939916168222,0.8006107529939686,-0.10745702246191628,1.519994088781579,-1.1342075343888451
1.0,1.713633384303185,-1.1454395788996095,-0.45135932569468445,-1.8714899602604447,0.5390666495073864
2.0,-0.02143135749306525,-0.8182815256320565,-0.07042615580362867,-1.5799141834103896,-0.08318332001067105
1.0,-0.34032640486576327,1.2443798399426336,0.9094224640616033,1.0395019014070777,0.35964285827907533
0.0,1.9381806701936621,-0.2576821142834721,0.18903293892217857,-0.2448039303107674,-0.23906709980989196
2.0,-0.6739781858018633,-1.6618240992871154,-0.6816885615154701,0.18994951425652185,0.7005691921045091
1.0,-0.5655036544588133,1.2064429465413904,0.1984549955476712,-0.0023895660680081877,0.047598244511816885
2.0,1.8759013951248646,0.8987106662309637,0.09308302303321228,-0.1244026220254152,-0.2323266232942178
2.0,-0.7771290699704241,-1.107888680576796,-0.29670866481929664,0.5887274052327895,-0.40607663903257957
2.0,0.9581259808869612,0.04156275369338848,-0.2213095670830805,-0.23760019206822666,0.3017654157950432
1.0,0.9054504524937748,0.548009732631782,1.2355473589382908,-1.7820694236000472,-0.6737384746754703
0.0,-0.20243506973896852,0.4488257620398829,0.9939112905988561,0.8118063326619623,-1.1588131118002702
0.0,-0.0031095915160099263,-0.3681315029650391,1.129710974968255,0.1210047490357525,-1.0886408300304873
1.0,1.1516376210579315,1.0808343059347902,0.46583476449725164,0.07545260410224423,-0.9211493277209895
2.0,-2.853701132207536,0.024848038414792547,0.9309649525035447,0.5246417183544811,-1.1376344148149016
2.0,-0.6181100665004797,0.11000897045505807,-1.1957305493036114,1.0523956566331294,-1.5634984603570834
2.0,-0.9441271600667127,0.031630642519621575,1.3821084418910994,2.1105627064669585,1.4536600373064763
2.0,0.3007809975464188,-0.06268754675348341,0.48348540369965093,0.7354000702214873,-0.3033482929217878
