1.0,0.092386505706613,-1.0845870218069198,-0.2975077721313963,0.4136137312971546,-0.07602000049488782
1.0,-1.8512627001674107,0.5688084556565103,0.9180470396356452,-1.2651302490950984,0.038972411011698065
0.0,-0.9466104642005174,0.058135788557432504,-0.6121000503885122,-0.5611271127741927,-1.4841892714500402
2.0,0.5841112007921831,-1.1747397230935746,0.4155653895701949,-1.2515760413178942,-0.33365933523875924
1.0,-0.6400542573591463,0.12516492077382174,-1.4021764327348576,-0.06744504501336361,-0.753425734558219
1.0,0.998231411296936,-0.17422002358282884,-0.0926250787201279,-0.8434782581008431,-0.008449971685440979
1.0,1.0026277996533308,0.45518510363241316,-0.04820745221958849,-0.40516065836102916,-0.7773256457218553
1.0,-1.2533834464915132,0.18062402909034606,-0.8014535174090496,-1.0961340775692023,-1.023176586983258
1.0,-0.5722277751758096,-1.3494655049259747,-0.2560327348822782,0.706733510467803,0.3546984658044853
0.0,0.4675867180495927,0.8860631696127403,1.0364643667099174,-1.5394797227249137,2.101476685922041
0.0,0.9227337533459781,0.9695643431176423,0.4743492756397657,0.5122968316995793,-0.2809965889386575
1.0,-0.47393765072955385,-1.9615570054941165,-0.012077175638980525,-0.30476331394555606,0.8504649730935143
0.0,0.7196142955122669,-0.07153087956173877,-0.9062039212579328,0.49891961152807224,0.029130456433646205
2.0,-0.28830947522680545,-0.4840231700283543,-2.5743686532590613,0.06824829541037349,0.45601095950068077
1.0,0.6118835246720751,-0.923605859777124,0.7696433677895382,0.15528045898371529,-0.33613758533636456
0.0,1.9519927007259483,0.10591896493775506,1.107894597421985,0.20215932410978346,0.7626473621964333
1.0,0.09118470367464794,0.018388845182866532,-0.06144410700294474,0.3023305211445342,-0.33369485525438514
2.0,-1.7614670215000687,-0.45848883651109473,-0.6429410464757186,0.6419251541201038,1.8717396042672825
1.0,1.6587956188299076,0.7808698819931462,-0.610491236751266,-1.1820301612235742,-0.4195233631552575
2.0,-1.3022913983638704,-0.007625479619726076,-0.7143753662018487,-0.17827574272685456,-0.4149908046250806
0.0,0.5616662634843725,1.5315527950210222,-0.20090583223531225,2.237712592011585,-0.5457361991385897
0.0,0.7658339375437163,0.6590148041140775,-0.6740786856890472,-0.8154907777954551,-0.36888249271467144
0.0,2.7150408594356485,-0.30718554505684753,-0.2502389405761132,-0.7097890288706515,0.5927088056225693
2.0,-0.6891844657647185,0.5947550759051128,1.9498643487319525,-1.747998916780498,-0.7971576229496269
2.0,0.35628131862027085,0.26793224540722554,-1.2484007425262857,-0.13602828186394503,-0.4491645894126678
0.0,0.5176090426267334,-0.8635910922878178,-0.547275584158872,-0.18532816292273788,0.44361430440699623
2.0,-1.1130165772128624,0.44932168240991494,0.046582991189676494,1.1258335590696336,0.3253496239291384
0.0,-0.5088362758193921,-1.9511370217200759,-0.8025629162966283,0.8104624535476573,-0.1356247658508458
2.0,0.04696266989861261,-0.6922530649583113,-0.6894070993021393,-0.3324538599518165,-0.4601773858720159
1.0,1.298414680800469,-0.07965446475986859,-0.0829957480296665,0.0010332488758236953,-0.9480431805494031
2.0,-1.145673533917781,-2.1647679706994287,0.5651249696050645,-0.9944843764059861,0.2701177332755797
0.0,-0.09568803152871264,0.43420090930993566,-0.5405583452109829,0.0216268997574917,1.452160558465656
0.0,0.8806862240658284,-0.7250838420993367,2.0605942387569858,-1.0820879615946508,0.27023400811306036
0.0,1.1741438284099595,-0.14156920154360805,0.9978272259028381,-0.23110840498186352,-0.34060367276917436
2.0,-0.40962528923746366,0.4568232904944304,-0.6673420454220252,-0.330853157816701,-1.1874124674332893
1.0,0.3300404739230468,0.1621269165561688,-0.12464205799754577,2.2886168232797366,-0.7959801325345894
2.0,-0.040298447397806116,-0.9962791609848004,-1.1643987771654045,0.5051901365580803,-0.26260579735164186
0.0,-0.36336686021648157,1.6914325258736604,-1.5413571205206236,-1.2246355505448745,-0.4167145191660798
2.0,-1.5271243141534703,-0.9255389459605579,0.611602409465263,0.35755225572029226,0.42397251646110595
0.0,0.543559249094795,1.0164736351968815,-0.015675360316291343,-0.2980289069965205,0.642309184836195
0.0,-1.2779043220278046,-0.7270023903232196,-1.870740544023871,-0.3832736034192772,-0.24669181146472025
2.0,-0.1625755915623673,0.2826003277236209,2.0282073580910467,1.6750701765830562,-0.7648455664605643
1.0,0.574587741339625,-0.3286998719386788,-0.1437074778108612,1.7328252220896787,0.6079369294924801
0.0,-0.4951041984308933,-0.3877573351540992,-2.462190552568287,0.14313149909681777,0.33534172905234727
1.0,1.4516752045421364,0.8577815976873696,-1.1833124231568992,-1.1677425519128104,0.28772135857324316
1.0,-0.6225250474417521,1.1147009723712213,0.7959800042210429,-1.9415108212307968,0.18982334380511845
2.0,0.19969884681150724,-2.62434053842693,-0.35923105976198993,-0.2693766180676961,0.9762753199611126
2.0,-2.5504382294521926,-1.7844126591058118,0.5250848950262115,-0.9725938954170381,-0.013051335479846621
0.0,-0.02353476545822459,0.3705000342320169,0.10391857773030622,-0.345296906683433,-1.1841081637201165
0.0,1.0595444017211029,0.8152105144495498,1.5766302952893798,0.11899277819480043,0.03855777426455841
0.0,1.218952381676352,-1.1227813686138663,1.4840319187537456,-0.2927493467067374,-0.2745348228614543
2.0,-0.9241986221533209,0.24457877482590684,-0.5133623979669881,1.2094168399120961,-0.7454796676370062
2.0,-0.6960483165490235,0.5235051087438924,1.5847771455103798,-0.3769776365938011,-0.6250327185338909
1.0,0.7572995855508141,0.704487256224714,-1.5638280986046358,-0.31832318769492884,-0.6635282333626599
2.0,0.2647041246585994,0.6591318092868019,-0.8880670540619291,1.0168981844086231,-1.0437416254393086
2.0,2.2299487981851835,-0.1349710840253402,1.1411708952059483,0.4469382862654852,0.4635393492201496
2.0,-3.32062219154652,-0.09807112795512009,-1.0800695711973891,-0.39067154314657254,5.01249702842761
0.0,-0.44831291782387805,0.6990871043751976,1.8054745202520692,-1.4166042368838292,-0.2751159172939885
1.0,1.2196462018249363,-0.605126221476676,1.0738269635423818,0.3086561417576394,-0.26648249814713615
2.0,0.42381711228077634,1.3887475823042248,-0.9308907589278569,-0.019126021041705826,-0.44125203694776094
0.0,1.1389126063508273,0.23285170803136662,0.41901107523988396,-0.8062612188029764,-0.45805386091121303
1.0,-0.7729159992604647,0.3669534884028828,0.8333472196017657,-0.8135864689692544,-0.8879377814714215
1.0,0.6454987590420179,0.5097966783158606,-1.2106297087397524,-0.0059625362022571425,-1.1319828375946457
0.0,-0.25744665160065566,0.6691415985915614,-0.4262861232998237,0.27442443546594314,-1.5709945890561594
0.0,-0.44407404965364666,2.120097417378724,1.8387252258632576,-1.217382793823416,3.040621919108264
2.0,-2.2215153033415054,2.938344962465928,-0.22672449530495625,-0.7399317879072638,7.0553734732372515
1.0,-1.0851551890483382,-0.6303636539343882,-0.24698659852655902,0.10063752533783989,1.4160098818352
1.0,0.45595772261465617,-2.2248428552797583,-0.4971441445284369,0.29841358146649266,1.192561505285045
2.0,0.24623742102939478,0.35396469312409073,-1.01964972390459,0.6150813536123708,-0.017653779004027287
1.0,0.29107710612694954,-0.13900719109664625,0.7676955007883262,0.502552587693525,-0.7461573107301533
2.0,-0.32615307360876317,-0.9270711937019258,-0.6483539697889675,-0.4042304782540309,1.9508562626513273
1.0,-0.6345738518289201,-0.31524376231119083,1.6264190995070213,-0.2473544702215895,-0.3891468850427327
