0.0,0.06610720572526999,-0.8263263488742831,0.534163963425403,-1.019936609981727,-0.7057371418847407
1.0,0.6212858580729956,-1.394850528772306,0.2248784957837399,-0.39492221445568454,0.6814398941459403
0.0,1.7257219894882898,-0.5814611364183497,0.7561271655855302,-0.5563520346451208,0.08550328827038378
2.0,-1.7989920508194732,0.22374021513551814,2.4592873462541,-0.17967087404199794,-0.608047675397397
2.0,0.2624176889213453,-0.4457626168553645,-0.5549300232305561,0.8037815976211664,-0.9950793819214797
0.0,0.233798883128371,-0.6476409057320032,0.013403012214939867,0.9538396040273428,-0.23476423154250958
2.0,0.06267005071204709,1.9956642877912334,0.17235664048263902,0.604113759471157,2.7876435791864242
0.0,0.7810446520693668,-0.6503663758436204,0.8458834448097203,-1.486761009694296,-0.2749921833014536
2.0,0.373085170080828,1.1163506874399256,-0.9862130612250256,-1.1616997339231772,-0.3131551395272056
2.0,-0.5454326311707011,-0.28917583308948874,0.7691875972635034,0.8057205460701776,-1.0137825012620882
1.0,1.1463976053977096,-0.31209897961921695,-0.700327016422876,0.11457898647392603,0.3367420813312087
0.0,-2.0176151364464463,-0.45205211174983906,-0.906012544770517,-0.4479428992056543,-1.4168389249500015
2.0,-0.6185446970535974,-0.020918570159778136,-0.08973407750179287,0.1781076753056306,-1.282714365794874
1.0,-0.49491151954711,0.3541938874173391,-0.36998294164784107,-0.7402497123559368,-0.79157846718111
1.0,1.577935169499238,0.184727803485878,-1.1709477089995943,0.1383154952634332,-0.49450528512007497
1.0,-0.9428653316745729,1.580263876088816,-2.4367244850462835,-0.4628535935486746,-0.7496287299276326
1.0,0.8561915305371974,1.0005971735482964,-0.8533440250207123,1.3286823204476845,-0.25684380013485325
1.0,-0.3003898026742897,0.3989962731691942,-0.5247603994266224,-0.07304226327726385,0.04429481689218382
0.0,-0.042047568446429394,-0.9044679744174907,-0.19269506865623645,-1.6229655445393183,0.6644524044219642
1.0,1.7205290283104813,-0.030870648047452705,0.6173196396564004,2.160933232013962,-0.007476479887430966
1.0,0.13238070378477912,0.07015317304531749,0.41543336870866665,-0.4785110906166634,-1.1208036331445461
2.0,-1.289637836170983,2.448373609484639,-0.8875170593351971,-0.12246581284855206,-1.8289919801674845
1.0,-0.8233320019074912,-0.7174054946659815,0.2931071620006551,-1.2133591004065727,-0.4821481405015091
2.0,-0.28430299718044927,-0.6097523605801466,-0.4996787968785851,0.05833295098537903,0.004171747327423652
0.0,-1.894874837699542,-0.24199420002133468,1.9991284980560573,-0.9196981495437092,-0.5009452991135916
0.0,1.0110575621959266,0.8494682879905578,-0.7870236337243371,-1.5545406459728528,-0.42675476345477714
1.0,-0.6596074753565759,-0.18268247757304665,-0.7164458466490322,0.11204195647617826,-0.34938272981846547
2.0,0.6535708847126777,-0.2119081731869156,-1.2128837191366533,-0.07880880421398838,-0.001013553430066288
0.0,1.0553169366679993,0.1718483557819831,-1.2442505111652762,0.06860578759675603,-1.1798230964249494
0.0,-0.13184250499401573,-0.8967035695140768,0.723808440321777,-1.2685074277333614,-0.9331739609253097
2.0,0.710491237985523,0.6645654281915802,-0.6402217329412853,-1.435985445943559,-0.036927924462889616
1.0,0.2956461065824082,1.5908904496438887,0.18908659878171746,-0.18157848297412052,0.8641686944550866
1.0,1.3926581984384996,-0.30067980977820413,-0.792348553839468,-0.0815734445678862,2.4197238797447445
0.0,0.7140112590171066,-0.42498311743960066,0.3506484950015769,-0.8620588737987533,-0.7353348856312194
1.0,-0.5408734758312758,-0.3617351811351958,0.5552327295351016,0.4078337399197701,-0.45865938806855744
0.0,1.1043795605063107,-0.4947435277241244,-0.16193756506952545,0.18934088196286047,0.5061942627183079
2.0,-0.5451534232992206,2.493316389154038,1.3879345950418545,1.9212285843213441,2.126582537397324
0.0,-0.8868352547276475,0.029222584081157212,-2.2960085765620537,-1.0079486939728313,-0.8491095201514244
1.0,0.22111299641676577,-0.2820786107996319,-0.023875677375698363,0.050416412369258645,0.0532304195526224
0.0,0.45547631693778623,-0.1315021852080452,-0.38415782826370676,0.7804663141636367,1.4699412517786439
0.0,0.7016173922514397,0.2238398996332311,-0.46093151310430547,1.0548396994897273,-1.3823509121680366
1.0,-0.32458585124643086,-1.5379365397331024,-0.5150001285347757,-0.7579419813120614,1.0920197295269949
0.0,2.026310173587117,0.6750264706885135,-0.7437096513639574,-0.5664863338130509,-0.4042300120268689
1.0,1.3820794504410592,-0.48548328103529026,-0.7324277381500696,-0.2677379401604525,-0.20304436941302587
0.0,-1.3554482538243338,-0.09621391547751702,1.1160319881819623,-0.22970075154850345,-0.9053516823926039
2.0,-0.47299232382418843,-0.20443500887468039,-0.8056666777969208,0.13331639707843354,-0.11624711074538012
0.0,0.15441290472043345,0.6254551050261408,1.3214927839411303,1.6538970155237644,-1.142546553817224
1.0,-0.7388272179295319,1.1526839299026144,-1.1526075889177578,-0.19990980190220572,-1.3039064761902992
0.0,-0.03055735270105069,0.34230995949248744,0.062102076813243465,-1.528878032706343,-0.3086300372174009
2.0,-0.9839090834843165,-0.43298981920736057,0.44295899970291697,0.5885523964060406,-0.8507525476006061
1.0,1.1851229198834534,0.07821304477940738,1.5035786221324272,-0.4800523181604854,-0.670745383105394
0.0,-0.24727996164309785,-0.6487000320731772,-0.2334575318462582,0.08259683358564666,-0.1803209643991958
0.0,1.730435170133965,0.962540885893336,-0.37407787557052136,-1.1395121880768293,-0.23916472328908395
1.0,2.6695535539802213,-0.5289468440397782,-0.19439962640290562,0.29238615388335043,0.3190441344409105
2.0,1.4198039072172741,-0.41333879648957417,1.4523377530137453,-1.581618473912356,0.15390716479556307
1.0,-0.07942139883020986,-0.2151187630883542,-0.19864779202402472,0.4893283757560521,-1.0934602875146784
0.0,1.768897069804238,-0.829749130641494,0.4381765937259106,-0.6092763187589296,0.1454007283722947
2.0,-1.0505330532006885,0.4626034799219564,0.19057866505756937,-0.4688519186864999,-0.9658132988645229
1.0,1.8119167580912887,-0.3670536230130299,-0.24607412222213162,-1.7230387208130669,1.5880488625275773
2.0,0.8737628496874507,0.6744549953683945,2.0487721846560176,0.3190170373099455,-1.1822460760609352
2.0,-0.9006821802534979,1.7763057782767582,-0.2087554807737996,-1.2947573400605625,-1.6011540207408443
2.0,-0.041671402718464284,0.7497030205735654,-2.2205043278611436,-1.2772651734973421,-0.8038335424651705
2.0,0.22374385853419942,1.480848584562938,0.22512089927227788,0.2517880102791865,-0.6194406164614268
0.0,-0.2135988463593377,-0.017766812340115547,0.7210675731124455,-0.3864302758113306,-0.24273284810432522
0.0,0.29750911349528714,-0.7079944075844118,0.49119611432730814,0.6482763468689707,-0.33937528894536273
1.0,1.0072121740261546,-0.9623379530830001,-0.3747954776758771,0.9144014461935068,-0.27531365817735864
2.0,0.31282288121709295,1.4638551976520209,-2.347100257160265,-0.893649768134635,-0.5605784752278384
2.0,0.9143972904147178,-0.1823787042770762,-0.4480501839259644,-0.7406858131834514,0.34607410474955547
2.0,1.8757839952347926,0.8178286250545193,-0.8425079586165222,-1.3949101356039781,3.5911139645829637
2.0,-0.6757911349740858,1.325755296122321,0.6265801748552242,0.6110294146156477,-0.9981995388369236
