1.0,-0.0668264032259612,-1.2145883878250197,0.38313470134581207,0.12612395706469598,0.4336522821360964
0.0,0.866790608220097,-1.321291426678003,-1.247994464245951,-0.5588957756658309,2.049848285176743
0.0,-0.7740385867894458,2.0828758055972405,0.5818563420007229,-2.0725941363631883,-1.7977361259140299
1.0,0.3084466779924767,-0.30003773862958955,0.4724222575054033,-1.8297590513678252,-0.3898276601632825
2.0,0.754673758908955,-0.5425639965867551,-0.519931593225737,1.5997571769250647,1.0807830528820475
2.0,-1.0500754668883203,0.5238541197658152,-1.4182411319945103,0.8683961384444765,-0.22845835974246
2.0,0.4259021425759219,-0.3474462428356409,0.2733921969171768,-0.03353323867490435,-0.4240299592306512
1.0,2.0793334027220265,0.633168463381634,0.22427258590166343,-0.5326183597617211,-0.00909441235971579
0.0,-0.0361359545180491,-1.6868041494014554,0.1645512208189398,-0.7201629102174676,-0.000422775789333265
0.0,0.2055739683704838,0.9355694297487664,1.5033600835092176,0.1847943499931441,-0.4465779826700153
0.0,0.18450083194244973,-1.623265314315811,-1.1592601289019624,0.7300045174694417,0.1990078774507376
0.0,-0.3384519952138776,0.5851707855115981,0.9639274926028544,0.1131347197657885,-1.2201097172117912
0.0,0.25437160184713437,0.8409988681366903,-1.237319004821843,-1.3836439630403206,-0.8506332659878089
0.0,0.31986667976778316,-0.9109419292240506,0.584926333935068,0.7895657047782827,-0.2655768976651709
2.0,-1.969671502283162,-0.5374746186362377,1.4768963901055292,1.9453044222117672,-0.2589297662300976
2.0,-0.9951493408000209,-0.8207044485094657,0.32408309557301074,-0.8753517345999697,0.15022603522920058
1.0,-0.9331696742175476,1.3527384126101032,0.39652391105624063,0.05831813877911923,-1.4008163188611293
2.0,0.0827614887800586,-0.5574763849815059,1.3156643476455223,2.1810665056334297,0.3884097652485758
1.0,-0.38091010887603327,-0.37664404868392604,0.41837934633379503,-0.6292399458881532,-0.8972411533313845
1.0,0.20206882146295305,-1.0968599264204069,-0.21818610723090662,-0.2786756566950542,0.8661233243768028
2.0,-1.6975263223567605,-1.3132040557212004,0.9406824629348385,1.1729751524451448,0.7265910386309267
0.0,0.1333559079356487,-0.3968810912082054,0.6336439767057372,-0.09187555282248794,-0.8685127598043465
1.0,-0.18659641390236814,-0.6533055738625998,-0.844383783008945,-0.9179559347650652,-0.3019104157424479
0.0,0.2109130655837174,-0.022073830620333534,0.2860801083621679,0.17264824723913189,-1.0076671677707854
1.0,1.4714262861856715,0.47168101300702864,0.6109305368513839,-0.38043825388300984,1.860418854933104
0.0,0.46536246524362185,0.12846350312399787,-0.23753762895160124,-0.23275708654189084,-0.8663365021503955
0.0,0.45545969788734864,0.9685362685651229,0.1518589740951091,-0.4810389481033037,-0.4560932856734091
0.0,-0.8179747127063149,1.4613667627461655,-1.9997130909620597,-0.6418858133648017,-1.1117373123356615
1.0,-1.3336948331345155,-0.0349784310617185,0.29927996891457576,-0.4053108946868379,-1.0891207753434238
2.0,0.2259487143117672,-0.09733302049996943,-0.7970783886524351,0.37569689888391106,-0.7188585997569991
2.0,-1.4991606676611622,0.576567766054137,1.0584560839921828,-1.575697516224171,1.570132827094333
1.0,-0.2848084344917761,-1.738466064133908,-0.0773616854445432,-0.5099462524455369,-0.6236942246224308
1.0,1.012849116711482,0.040868010025089545,0.48541412776264453,1.2891190476496663,-1.7962650866765562
0.0,0.21569142658434523,-1.3321725913372926,-0.7105552250521903,-0.12824429884566,0.2942849566037369
1.0,0.62009842435473,-0.1770458117883861,0.11675623540160056,-1.1295483702135103,-0.3341210111646808
2.0,0.09165355309187607,-1.082560555161985,0.6466393834753197,-0.2537193616885707,0.08338306022461854
1.0,0.33545107680168884,0.7182360318799264,1.6066058730174402,-0.22273849762191983,-1.3957237583343403
0.0,0.5102884746599214,-1.8041146712340228,-0.7472638200544865,1.885133392762197,0.40297329381829716
2.0,-1.247859667362144,0.06471152475155417,0.8382475830335991,-1.1689090572192737,-0.5390436458471696
1.0,2.582495415055633,-0.8911802010575759,0.734803877789692,0.9494568952708801,-0.14453414034320733
1.0,-0.9677119819371273,-1.748725867597762,0.5233841869395558,-0.3048713484162126,0.17798199268612816
2.0,0.9666946323752629,1.8815835641919807,0.9248627457251468,-0.21795131826931877,1.6464137505665353
2.0,0.9080160867153083,0.04005291046124561,1.864832117229264,-1.233760895353114,-0.24683901251349394
1.0,2.2850985163070634,-0.45593109621729566,0.38571434567441704,-1.0688353623726585,0.9790871493928188
0.0,-0.12225734095274875,-0.7711029449221112,0.462587103952969,-0.07011540518847884,-0.14061652530593835
1.0,-1.1627075759438223,-0.03836789051069569,-1.213975164074093,1.0914949372163876,-1.1680573390382085
2.0,-1.4428087182132934,0.42962785550794963,0.6118625227063286,-0.05129945727880859,-1.169010028906661
1.0,-0.1495394538378646,-0.13877832371792984,-0.16566072885540423,-1.5258842997789286,-0.7051422682090946
2.0,-0.5199799744941827,0.45691899529237784,-0.21803510596691297,-1.060279664336689,0.5064653580136972
0.0,-0.20773969931333844,-0.5225638734423211,0.7695625990478078,0.8681400486336439,1.708377875222114
2.0,0.9144893655155155,2.7688747072238056,-0.6189636725589523,-1.2210788700754043,-0.7628045164359823
0.0,-0.7533306315072114,0.251678879814239,-3.023035563913523,1.41190050306966,0.013895276432220815
2.0,0.80668674379783,0.8458819639958163,-0.7741436729704517,0.41087170442553633,-0.4825780031061982
0.0,-1.3116197059523997,-0.48601950962353874,0.14760917771728851,-1.733567482322507,-0.5490323575495537
1.0,0.4621351099035384,-0.624921257692217,0.14897108247193297,1.2378418502054611,-0.24581475353498566
0.0,0.05242058381545286,2.0831169145016233,1.7652889126290459,0.7659642584951961,-1.3296030852608636
2.0,-0.7264714940707686,-0.5103328031125808,0.4651704612243065,-1.0291158733289154,-1.1169047016043252
1.0,-0.3886862355098152,-0.26336387221416163,-1.1736272304519229,0.8591986802788583,-0.733385610423975
2.0,-2.2870931599486597,3.047247797970028,1.2588886254500056,0.957092318112581,-2.13513613423465
2.0,-2.2865683839488664,2.3835588677012924,1.6209247486097724,-0.8274516171134034,1.9054972011112863
2.0,-2.1743843587891383,1.7176978836400516,-0.23717962305080156,-1.4970039534919084,-0.7843776652509964
2.0,-1.5046557616326939,-0.7550029132696136,0.8042248449009611,0.7122820765455381,-0.8413919284352325
2.0,-0.6396607587814277,-1.3656445535721768,1.5035629349766264,0.7041813963256487,-0.3315981476724453
1.0,-0.36188511951143504,-0.5186436217329249,0.3298430740521684,0.9374100356369404,1.0108310828074685
2.0,-0.812653660137605,-0.36119531464073557,0.21795931571746946,-0.5736633297188063,-0.02021015728037407
0.0,1.896615582529127,0.08117474569400043,0.5128929473246847,0.9977298272726091,1.0513384594527972
1.0,-0.17859815343003665,0.6570055190653611,1.5094532250980757,-1.4311293212118898,-0.8329637470341116
1.0,-2.4033202331756853,1.0757633580256625,0.03256429811228767,-0.4194929642623611,-0.7484783256968472
0.0,1.1959682138094465,0.06893780669319703,-0.3146360976931056,-1.2124635965021684,0.445654486095936
1.0,-1.6534161457767451,-0.16188354657784731,-0.6825830068862133,-0.27139648688501333,0.8021498359885858
0.0,-0.030532726656253385,-0.3367233683146662,-1.8867377029092576,-0.9391944700835904,0.10032043476211391
0.0,-1.0398032536713775,-0.4431096499380984,-2.0457673368016422,-0.9490475863997511,0.4515210484233803
