1.0,-0.009172326487971049,-0.9978773644522946,-0.7732984582428951,0.759287934463414,-0.20825794304512985
1.0,-0.8424292310204082,-1.2146645142909536,-0.20113654625344357,1.0044544374637323,-0.48266844951074145
0.0,-1.5976230292927571,-1.187735227494031,0.8288885410298192,-2.689666909273378,-0.6166285877871923
2.0,-0.5443876603189418,-0.03582662354259477,0.21540588184244122,-0.33902597064806134,-0.9742589795109875
0.0,0.48766483734269517,-0.21163635123519084,-1.1224413230153691,-0.34657887857689695,0.862919888798885
1.0,0.30635484141099667,-0.6974490354120328,-0.17734186622338083,-0.49688389755837054,-0.08107654194216711
2.0,-1.6660835502853764,-0.24634917595579883,0.40497456588669367,-0.10881727803911931,1.1959019887722089
1.0,0.28257578114424714,0.7763019465231948,-1.0787228264937387,2.1424248744075998,-0.6409826121810485
1.0,0.7270739321673102,0.016624973211986683,-0.6482792828068634,-0.8049740816198899,-0.5977685437862719
0.0,1.126998153838813,-0.02973416888930788,-0.7244851151716143,-0.0059175857139479515,0.03628715789458265
0.0,2.09035970761525,0.8064427452488367,1.2403191300001128,-1.5625636116949853,0.27521225851957465
1.0,-0.8404812191443821,1.330238682047395,-0.9026787507948909,0.21931393972240415,-0.47363162059089736
0.0,-0.10229907116491928,1.5141639794396597,-2.041441771314756,-0.22602063705925954,-0.5931259173020209
2.0,-0.08912332300512409,-2.254120721074382,-0.49441500839347524,0.17703587420499317,0.25387982426508005
2.0,1.9477397812176307,0.8239437746688804,-0.1183566154000324,0.7708620770136845,0.9002212550067304
0.0,-0.7696671220578836,1.577270278070137,-0.19647918191068212,1.0270733655818085,-1.0807575804257747
1.0,0.17753853572158038,-1.1957435005095656,0.9864709407831537,-0.17883447238744696,0.014893705651633901
1.0,-1.2662615857155761,0.32118799410087856,0.9170299395894425,-0.3190186300678826,-0.4749301568669924
2.0,-1.693386222944373,-0.46799257052767856,-1.634241312563054,-1.2810682851287742,0.04879160792979504
2.0,-0.11087691481104527,0.6658830410648413,1.900184770981394,-0.6332692157310847,-0.5834373968912114
0.0,1.2029222947311686,0.13097570448537832,-0.5053292062283568,0.05228065128052734,-0.762995793619166
0.0,0.1251288403227313,0.37197502501153207,0.44182215276618236,-0.5987738614995698,-0.7154067077943177
0.0,-0.045110292230476544,-0.07297402652333966,-2.254604651020757,0.18453781185089072,-0.7111285551424948
2.0,-1.0508649032870438,-0.027023266407814668,-1.1782220892953623,-1.0946580028001756,0.1102876640204492
2.0,0.7677859033713961,0.3468949475337472,-0.8937048377851272,-0.4269938184694006,-0.8566797598622998
0.0,0.02638273812568644,-0.8704633283759958,1.6062244923738336,-0.08496351857661152,-0.14834707051998683
2.0,-3.266018155383104,-0.3250788281574891,0.11429906541106007,0.40539981195633157,4.280957633121143
0.0,0.1592680281561111,0.49261903599388607,1.00411142884337,1.599152444670231,0.21543958600200946
2.0,0.26004993043174957,-1.6071184797892057,0.18398894570895943,2.3546357306444374,1.6283675171978076
2.0,0.0810757252661652,0.8939705381056714,-0.9087424578783201,0.3290415938810323,-0.14003431829021304
1.0,-0.21816904544237084,-1.2574561948688228,1.0561892388776608,0.0019462199539439073,0.0840478977207703
0.0,-1.762761315762648,1.2651000174187008,0.10717949241783807,0.5846835897803759,3.2484526664409037
0.0,0.6534441167328658,-0.8463117316738932,-0.4460028536068999,-0.22985649641578743,0.23119705196813473
1.0,-0.7339608237894313,-1.6380782430747425,0.14901004949234223,0.9404906517929268,0.017167994216267954
1.0,-1.252674018051568,2.0048121788336366,-1.599823906967897,1.4228162243182323,-0.8026774703158859
1.0,2.442053367774916,-0.8115795880102935,-0.009150620236380483,-0.6850014339758924,-0.09453840119679845
1.0,1.029477033862195,0.4247524489794863,-0.08281203807613137,-0.3640637823577486,0.05179197205438387
0.0,-0.4317751850663377,-0.09284064591498843,-0.576186895843176,-0.3243106406833208,-1.2044437233649479
0.0,-0.47582218957493555,1.3141407214319967,-0.9901840886424929,-0.09433596519275016,-0.5429965700747215
2.0,-0.7172227300373594,-0.5661554802001285,-0.6399484870200152,-0.8702916899639331,-0.3122005862767
0.0,-0.2834758444296852,-2.409848254971583,-1.3927104008028346,0.9891008393805802,1.082572487922242
2.0,-0.32191442384021446,-0.38529615903919556,-1.1196521100216155,1.64673968542829,-0.0361262076552981
1.0,-0.4066248782172171,-1.1852813515375609,-0.047674608604388186,0.06456851666407448,-0.17286013976320644
2.0,1.139272682193541,-0.5229921214151747,-0.4668587117528693,-1.3503808856837565,1.8128525849314885
2.0,0.6907418710191362,0.1795634456917268,2.0538121641126823,-0.5558699838072716,2.207064395844607
1.0,0.3569966235062914,0.024186384696877932,0.3263562998391312,2.3237366986358214,-0.32233929041445153
0.0,1.278159346830552,-0.11042350562502981,0.6080962410300573,0.7896438607350411,1.6691523076605295
1.0,0.6953428114402712,-0.7391622193540847,-0.3192120655169904,-0.837402500864383,-0.2665318875904469
2.0,-1.2270903078506132,-1.3953679351433599,0.5052435879480415,-1.1872662533263805,-0.5013007619806897
1.0,0.14502528640383194,-0.8254122633822313,0.0074754547639504605,1.7555961478237894,-0.45822339964796754
2.0,0.9035173409371811,-1.0160369070183255,0.020537943829565777,0.8956762153960369,0.02086357120516172
2.0,-0.22898843442426298,0.24143791662615016,3.51038603802441,-2.2416395236498223,-0.5613965181950192
2.0,0.029188894416358902,-0.5559434001585009,-0.8550976844100966,-0.9209746865857762,1.993687172946411
0.0,0.5723924508681149,0.3206664010670507,0.7788864182234769,-0.3712294763120222,-0.5185543284142278
2.0,-0.658576555162332,1.611436186559852,0.24791848428452393,0.2603958043471041,3.251712390798913
2.0,0.4541450540589603,-0.6267264121232408,-0.544067449109088,-0.5113502866965706,-0.5810004937511682
0.0,0.7901449464685214,0.3724152801139396,-1.077493516999475,0.3148235818369668,0.021398420393690637
1.0,-0.3122689222136495,-0.17954631661818699,0.3431904384573471,2.7801697454733314,-0.26835129934549107
0.0,0.7793485829583773,0.14111130637942412,-0.48689125461707106,-0.9017354552364202,-0.44029426514500125
0.0,-0.46823584951635605,0.4188258216708452,0.5117297181695171,-0.26195118321687155,-1.3454590338189147
0.0,-1.4157533325869605,-1.6420743780086335,-0.48849680012935903,0.8585601734881982,0.7283928608628193
1.0,-0.11295409297869462,0.15526228051835844,-0.5510024486477259,0.9683113966110521,-0.01536112342175369
0.0,1.0841711710985467,0.4383867689480326,-0.5589678023685929,0.25209991476122195,-0.028793320308417955
1.0,1.1504012654200173,1.793855670758155,0.8673193944954556,-0.4238679537827237,-0.1828816634126287
2.0,-0.26465908853585246,-0.33109341997835473,0.25219691678422584,0.15002020652871023,-0.7097850482012052
1.0,-0.004751496269753973,-1.2696962615361331,0.3472442056581144,-0.30834633199253175,0.564235262552265
1.0,0.22507774735136893,0.23767453101472072,0.9788762224494224,0.4392023815368036,-0.7273962135937242
2.0,-0.20488241541140242,0.9537345630951619,-0.11147315234620148,0.39881255663442255,-0.8022430984450298
1.0,0.610835713947734,0.3233147526613992,-1.79684515616051,-0.6605603849140383,-0.1517489413342557
2.0,-0.970553308498555,0.3912475353062221,1.2166282586063795,0.6718154853252153,0.7710362949059921
1.0,-1.0347053611348285,-1.1666710012419501,-0.11121828125462532,-1.2454941199130483,-1.0288559309479857
