2.0,1.5693435526206658,0.8620531777225148,-1.6759579566622211,0.6163801896081651,0.6012674974062675
1.0,0.20951843936519102,1.2196058792066844,-2.0296320849481955,-0.17622112394205092,-0.6044892564724447
1.0,-0.7303307320716348,-0.2691638677031086,0.5472786241158165,1.6003568817008742,0.04310425617124139
1.0,-0.19612864113227613,-0.2944404858178001,1.1415188403528649,2.2619099081119796,-1.2252890982433844
0.0,0.15455319848337035,-0.8041270150192427,0.42464150191107747,-1.121534477853358,-0.27940398758016805
0.0,1.361065838183018,0.0002813243802024658,0.23878118343861185,1.1078416255084036,-0.3121571812604085
2.0,0.9308129145961478,0.19974824210187145,-0.00880701915127123,-0.4911773862840827,-0.02858302609194127
1.0,-1.1110456001273932,-1.3677791779298876,0.4840095781181528,-0.3413370587005464,0.011596822213963479
1.0,-1.2405261085763255,-0.5726897708182921,0.05399763039580057,1.747708958100928,0.5438583986394191
0.0,-0.29297728788688054,-0.36519834918951183,-0.46189940059320245,2.26766349100432,0.43480167858085383
1.0,0.08041615961379164,0.7157003646972389,-0.32674420939406906,-0.06420241713024044,0.07589980881978672
0.0,-0.24290360329481528,-0.036451069918126106,-0.8921924838213694,-0.33218535515023595,0.4883010169229968
1.0,-2.2908580939601273,0.5521824967193916,-2.5943098347606512,-0.26520756143992236,-1.1369517435152416
0.0,2.049259916677856,1.160449683715918,0.6742992259335472,1.6763348516962593,-0.6422133604854521
2.0,0.0741742634084358,1.4207803190700612,-0.6294718514090962,-0.9770391388755978,-1.194862922022063
2.0,-0.7628113371695927,0.3041813448612539,1.2287534000064475,0.7241450500385002,-1.5202175229280557
1.0,0.2534580365560084,-0.1304731232699392,0.8223736863429898,1.1872658576237747,-0.40266330867559924
2.0,-0.19151188656506274,0.16015944931636902,-0.8483571793091113,0.4100078858369989,0.2599963735723148
0.0,0.4323491747104226,-1.0495333599451802,0.8191222916807077,-0.29541253172206633,-0.29103138072627177
2.0,0.2495901293678883,-0.9873011310670998,-0.20211891401636792,0.9203301063179802,0.45533864308870037
2.0,0.0654975002071037,1.036878096351269,0.6917617458835367,1.9979815716915397,0.3796058875276901
1.0,-0.31517729495838476,1.0222895726672039,0.40626255242388026,-2.090157556138795,-1.571684001309867
1.0,0.8086254029657175,-1.6579054835957545,0.2209789953244282,-0.9900214761255228,0.366334036581829
0.0,-0.0036750180908757916,0.6143841703807611,0.3044906897666885,0.7802475020954548,-0.7827717672508545
2.0,1.2500712270842194,0.5114655185844741,-0.23868958062973822,-0.9127820815067299,0.18058278098608135
1.0,1.2225876221435967,0.2995275708299792,-1.2865247723543867,-0.41986473541481106,-0.5741059016065329
1.0,-0.8462117871291398,-1.368910367558656,-1.1992908273912788,-0.48458017760623595,0.6478119723015577
0.0,0.5594221840974386,-0.3460822800335188,1.123050572951086,0.18836162207239646,-0.6697350182186312
1.0,-0.30507982077187956,-1.7859263256159863,0.5193540582375188,0.43399127948827965,1.0869839716337129
2.0,-0.37044705124561084,0.08018360509639862,0.11512297082217432,-0.095396889791789,0.3220399997150969
0.0,0.324054980072643,0.021077432496375705,0.7027151252575303,-0.3733166715526034,-0.5221977303932849
1.0,-0.23996601848530807,-2.58910291358959,-0.31167113305576627,0.10426068846118211,0.5058444658399668
2.0,-0.2843728705215093,0.30089609375365683,-0.03438972663469149,0.6380602758220328,-0.8543961048013213
2.0,0.1616552333920853,-0.1256234144730003,1.1178191422328878,-2.080337682395432,-1.0557029820283395
2.0,0.7725144010505618,0.35927219196635474,-0.3484352500969158,0.8451660011703277,-1.2645015831663464
2.0,-0.6963233107090937,-0.9482357311050974,-0.09865566023762266,0.3279377097777132,-0.9866608210675412
0.0,0.024954654136606615,0.8325061495794769,1.6201404165835958,0.7080677282978795,-1.7510354085170352
0.0,-0.718235366426841,-1.015819188094523,1.8386423122163678,-0.3133991057243836,-0.6509848453264762
2.0,-1.1874349070783614,1.3050744805862937,1.8384037922714516,0.746897941837615,-1.4968840698224792
2.0,-1.1622900351026328,1.0673167944484663,-0.5267190760082937,0.713497928766322,0.1289811270864831
2.0,-0.3653455117826472,0.7598784814270839,-1.425925229368065,-0.4407831289974908,-0.7493347642108771
0.0,-0.43458122135768495,-2.4922220139447706,-0.4991416106985066,2.861497387108524,0.07877951477626885
1.0,1.0178401935289156,-1.6386446805888806,-0.27824041389316234,-1.4280510312084453,-0.0007276260560466297
2.0,-2.23284696063864,1.5593206531351316,-0.49707208434147815,0.6019256160262159,1.6084705045764847
1.0,1.2567079205593181,0.3797387163017527,-1.6959962059034173,-0.015678968979060296,0.15790408189647634
0.0,0.08709454203007944,0.6080575477745993,-0.5431948313185001,0.6956585459428676,-0.5482285980569869
0.0,-3.0495217706091067,-0.468299602996295,-1.1425482769461115,0.6148508708161959,0.6213072460587441
1.0,0.42559803257451106,-0.6343417975592649,-0.39502412207754617,-0.8272414407800558,-0.5917083118776127
0.0,0.9555385638892602,1.0451435958902435,-1.6628406764807295,-1.1829143539602052,-0.44557032230873894
1.0,-0.7076071324644025,-0.7405198848606499,-1.7531607430143075,-1.7309328332174219,0.011119723044211566
0.0,-0.16350667667663674,1.71202885414425,-0.6400671880311295,0.5726111970169743,1.1397486574842368
0.0,1.4256652882452208,-0.03504457563721612,-0.6632835766062228,-0.9501691764172767,-0.19983208744156902
1.0,0.6809982259875552,0.26427708547963835,-0.6864984164360769,-0.6296403704301231,-0.2569137188779323
1.0,0.6369637120073239,0.7817164002112826,-1.1791039572638196,-1.0229739984604063,-0.5334646817691205
2.0,-0.8163962498078952,0.0837565639054015,0.0816043251329167,-0.10207295843272131,-1.5473538019277395
0.0,0.8849707893217885,0.23414362240638753,0.7017896106704651,-2.147000578197455,0.5146923579664092
2.0,0.6098249075098511,-0.27931541076538297,0.31236322462618765,1.0368249872234598,-0.2670031803348316
0.0,0.12145701028735001,0.3233609996769416,0.6425729382920837,-1.3313005274320997,-1.5416444809495913
0.0,-1.1440743044585011,-0.2079393112982849,1.1236088029574718,-1.0437750971795052,-0.9031313097452709
2.0,0.09993466000764528,-0.8152234217286972,0.6892685180261618,0.6653270778921541,1.108796041023974
2.0,-0.9955238493483336,-0.29501886730628574,1.0812451374207006,0.27618267159427423,-0.4042640392875924
1.0,-0.5927703195620778,0.3752188642582094,0.541498602434523,1.907072221644553,-0.2075412834877971
0.0,-1.0219671446037086,0.26067262367886695,-0.07619857955408012,-0.09602425695507602,0.4837822530247834
2.0,0.5038692552170432,1.382472921044387,-1.4092525431799738,-0.5066700716626826,0.07795886114195451
2.0,0.04874814678248039,0.633461350936039,1.5577871040877795,-0.6592928928570437,-0.5900537517343443
0.0,0.17491612435395285,0.857224414699029,-1.6115632428451876,-0.011071586037673225,-0.5699624053663472
1.0,1.0872299439432458,0.8275877236191816,-1.260062424534516,0.10340938288346671,0.02593929634080417
0.0,-0.4315887918023122,-1.1547533150512341,0.618808538843697,-0.4979304496093175,0.4029090717739087
1.0,1.2612078094273629,-0.24429493114712098,-1.1662572766207877,-0.146624903032261,-0.23162612647992453
0.0,0.8584093233465515,1.2843735797250364,-1.1726518711316576,0.6364421268936892,-1.185955513070918
1.0,1.177022992081374,-1.234724969977886,0.2839476821992149,0.9281649136186012,1.0681776287392915
