2.0,0.19510936269986248,1.606233733205501,-1.294211723265741,2.001847220259674,-0.593935890039861
0.0,1.0094799141661057,1.669022695092544,1.650920786633569,0.8153373864217016,-0.9175988811425403
1.0,-1.2358747144044713,-1.5921502286710367,1.6045525306147095,-0.6375445269649832,-0.5234220045602199
2.0,1.6716703731428284,-0.9987748665227109,-0.0962142795628787,0.6707625226320945,0.47887941638583026
1.0,0.19160343867475677,-1.0004445622816058,0.838869542231374,-0.11524074675145367,0.7237017791847583
0.0,-1.0157341725316698,-0.08672931100307546,1.2439389837755936,-0.6627279122035931,0.0633320422378237
0.0,-1.4682523469348692,1.4836500700821706,0.9231956813937615,0.33047669612734704,-1.476913218710957
2.0,0.03734592112291946,0.7651219138871612,0.2590612896061232,-1.561714925292957,1.5044781958796467
2.0,0.29811423698829853,0.3321348181496272,-2.0192510595972726,1.0475832227284314,0.2263135717874607
0.0,2.144334852296936,-0.6894863596182895,0.7175444521632887,1.2852131772312372,0.9739201994418243
1.0,1.6314601098821326,-1.133025259988104,0.6203536890101099,0.29861711893058895,0.6646464981822595
0.0,0.34050604943716367,-1.0594036644163891,-0.06741081077148209,1.8270663539379504,0.11728221170742689
1.0,-0.017989677579134333,-0.00010694367762637566,-0.772842111286683,0.4861551511951249,-1.190239085212498
1.0,-1.699583608908834,-2.402057498893497,-1.3087779054426236,0.910890281365477,0.361670982410463
1.0,0.17846471522003526,0.3114185069871709,-1.0573233825600132,-0.08889617720973433,-0.5107332274351282
2.0,-0.47610509204459495,-1.4813601623243102,-0.5680739256431212,0.9548195339994797,0.0723965067704137
1.0,0.6152327066893806,-0.14215556774090618,-0.5635070365503221,0.7040422138699766,-0.9007156087789784
1.0,-0.8703078540292387,-0.27457320680777814,0.2657467498055213,0.530571419441081,-0.6022480427695966
2.0,0.06921650437399303,-0.02877804532844979,0.5784187705716588,0.160196272064092,1.0816423606943277
2.0,1.1316685300064648,-0.8831749256261454,1.2028445662127767,0.032258429249993226,-0.16781632636199223
2.0,-2.2858796348352945,2.4077811260678463,0.1532731616745974,2.213214457829321,2.595117472584682
2.0,0.5016254097472086,0.4929767169564357,0.6274607573395711,1.1473149803257006,-0.2525132131870576
2.0,0.334138961685577,0.3966073254088574,1.1444209810362052,0.5171797274883987,0.11969780506985245
0.0,-0.14882283008751496,-0.8954514391016978,-0.42765335501471735,-1.236467071327629,0.06559241143555912
0.0,0.3785511871907226,0.5220836374494633,-0.8030763057541265,0.6189121899916079,-0.7640250922703598
0.0,1.034635450985229,-0.23235927832211212,-0.65555614679459,0.3288034311129859,1.2570638841342188
2.0,-0.08993327381651615,2.1817233847814763,0.5941152000388183,-1.787749021654948,2.7692567652768942
2.0,-0.20012622801961621,0.32599095646386334,0.6831761598125169,-0.9914188614676255,-0.4823524389947101
2.0,-2.3294323635831646,0.3198932397750452,2.3076479847343285,-0.9950612338643134,2.519781900669511
1.0,-1.5867039061133708,0.4922952946495895,-0.17933302928158398,-0.9736282853283103,-1.9631707975187545
1.0,-0.8021755899243385,1.1485309570963143,-1.1055113448400151,1.7908529949856826,0.711366706567491
0.0,-0.8465373782060859,0.10509034617976934,1.5785031220896735,0.3359328312647913,-0.34108350848773955
0.0,0.347391595500296,-0.300809675810389,-0.19062662449235684,0.025075944005576348,-1.0688932092288599
2.0,0.9786381024755638,-0.5731732029469261,-0.1176880784553459,0.00436298858044344,0.9425095590256938
1.0,2.04489118175236,-0.9451493839799384,0.15461747640788015,-0.43304046668853596,0.6654278752512104
0.0,0.29288505989206753,-0.30866045671412023,0.0017125423086865558,-0.04541168906555609,-0.19004788563182798
0.0,1.0367034731766944,-0.08807736657273935,0.5670126261377154,0.07153834743426345,-0.35105600710507817
1.0,-1.2750724090730536,0.23854915301438404,-0.8629996576159004,-0.2887830542572552,0.04410214827809952
1.0,0.16541468199231457,0.8436528532700157,-0.04364690888091,2.268735630322772,0.7489349765932062
2.0,0.17296854761553215,0.8529096288803842,-0.16746835757253334,-0.6294662451269772,0.20453693193367875
2.0,-2.492148175692288,1.7019940437594892,1.7781227983239334,1.4890816912767209,2.2918772462128003
1.0,-0.6168689479606173,-0.7918965765841134,-0.026317686981500464,1.127522979056686,0.4755208144152913
2.0,0.6123319466653475,0.7845976340317365,0.393082051446624,-0.922872032335109,-0.06059826803649498
1.0,0.0949244459854832,0.21748299434240947,-2.3350384791144982,-1.029550154060452,0.6132627190174288
1.0,-0.04430109928495456,0.6000503214728068,-0.2382394772089723,-1.762691661169976,0.1420012339618135
0.0,-0.2232736598058043,0.1332664714668761,0.19936877639710887,-0.892666279358449,0.6956552164826417
0.0,-0.5337374847240615,-0.37573266352341594,-0.4045798717678436,-0.36252330083682105,-0.3370669979858665
1.0,1.326778733003136,-0.31741646644116756,1.096201930479846,-1.3999575331908924,-0.05643235495058189
0.0,-1.5573263802502917,0.032362959706187654,0.43549497829449746,-0.9648815381654982,-1.098740220679221
2.0,-0.5198614439473285,-0.7708276611871546,-1.072333271814539,0.7544489055081416,1.7235428880398764
1.0,0.3442456113798378,-0.3685755747722426,-0.6441402702489936,0.29639599831071856,0.10948058985320318
0.0,1.544706662146347,0.8383798231640737,-0.31116893168281073,0.8863695293452578,1.0649048208273746
0.0,0.4192503819220937,-1.2523985395187658,-0.47727010978581763,-0.34260854163814947,-0.22023056210381206
0.0,-0.47168355001711343,0.26718772520023537,-1.5424521761448602,0.7147835013518544,0.03463872538427793
2.0,-0.3756359982215182,-0.9746820540566558,-0.8188178634219033,-0.17009389805949168,0.08489441578604277
2.0,-0.508710109373264,3.153703527347352,-0.6547898899935817,0.8070812196593763,5.489675820257797
0.0,0.7536518476035362,0.20996811180846126,-0.1379213238345099,-1.3783335665446215,-0.43309475043023
0.0,1.2012820190072453,-1.9047895580858343,0.3632162243635455,0.3913458951391833,0.18090462724875211
1.0,-0.6244731086427993,0.5156188355972307,-0.8347468917096027,-0.15954372466570685,-1.3889215084842428
1.0,0.4225473859277316,0.9457431468174677,1.451893161343875,-0.522463575042229,-0.48493348113724
2.0,-0.9735517143848248,0.12892158750517296,0.7385316991091092,-0.23946819026406074,-0.867014346843485
1.0,0.5224946764803741,0.7777301137811736,-0.9363989809587194,0.7654716269870193,-0.9889823680544536
1.0,-0.7956988255483868,-1.139370510115278,-0.618852894578376,0.14801492288263776,0.508482217933867
2.0,-1.1336211001935803,-0.7680010302287038,0.12130151179452792,-0.6022273612985448,1.9870230986971205
1.0,-2.4266989340355636,0.45300909538261275,2.4639282693212037,-1.2766702721771106,-1.603626352711681
0.0,-1.1624480015744745,0.8919595186987719,0.8076516159848449,-1.4493468919798085,-0.521243699227371
1.0,1.0726807650098495,-0.3041920106623559,0.7958632458189998,0.10789173717369757,-0.06557191859906233
0.0,0.8786770868954135,0.055914596456802315,-0.7213481735299588,-0.3466361564192209,0.021151611785007254
2.0,-0.020024565876975712,0.5274317703530674,0.5289225030211179,0.2990568301012003,-0.49384492085393716
0.0,1.666949470891255,0.9374544576036252,-0.8326101776196516,0.6774617342571546,-0.7386806484295559
