0.0,1.4785060586996157,0.29382147540189674,0.9647781148372299,0.9971159294036241,-1.1350732020787229
2.0,0.0707773219279649,0.3381392298573443,0.1350867252038138,0.4547482890655833,0.8405329201228018
2.0,-0.691479879970268,-0.14858209299143424,0.6227274721545497,0.15524636749111476,0.9515512165912378
1.0,-0.500275104198141,-1.0778064359571984,0.32999738427718306,0.21274810425451818,-0.04844198319506162
1.0,-0.6393462139038165,0.24046871958383478,0.40371154934523307,1.7463862273908513,-0.057363048820500584
2.0,-2.5458567804560794,0.9052508351150675,1.267756110872681,1.0645344224061353,2.3945489656455416
1.0,-0.5602623347243171,0.20770601236172476,-1.6469748878292894,0.4025008630050834,-0.49020350598173895
0.0,0.40310810251763024,-2.1713816035906435,-0.0017172308027649894,1.3546410558178748,1.5763341681915692
1.0,-0.2874567243415045,0.824910803390689,-1.1793937213467727,1.6952554104764375,-0.06785447269326798
0.0,0.1517056507976143,-0.5060693182490218,-0.5482548198288879,-0.31107665779722854,0.22435709757735545
1.0,0.2434401078915444,0.3521694222628701,-0.9184412102708241,0.09015321830774613,-0.806515079016864
2.0,-0.2870407986818065,0.3194319112560501,-1.360966766904642,-0.2955139743709984,0.0055191459386824595
1.0,-0.589966216125797,-0.04330016871486833,-1.6853395116700438,0.9731253035471401,-0.6600903968206664
2.0,0.39875370418780914,-0.17425561487981403,-1.278593543349259,-2.121729917448535,0.011874495239239915
1.0,1.2272784154751373,-0.005105217135319826,0.47517137686574695,0.3474409724209065,-0.10712571487897812
0.0,1.3601958418124582,-0.5217607496373445,0.26778249345243454,-1.9705646510131083,-0.356861369274912
0.0,1.0191211241631553,0.33794229599014836,1.5700276853168833,-3.2179418455418154,0.39108447860416823
2.0,1.1291997495281751,-0.024066649078959293,0.9644568544157373,-0.359104785911401,-0.34718257462776914
1.0,-1.3471614577885425,-0.6794707742228667,0.030302883410462046,-0.2107455293444434,-1.0460768981860493
1.0,-0.5007555043711218,0.6674410949228676,-1.3406570535619935,0.21500673081947713,-0.8230730850625873
2.0,-0.3874446603595804,-0.3339885247286715,1.577448855752183,-2.136178366088106,1.8869984234498847
2.0,-0.287355031547294,-0.8263435801758774,-0.7882266091605853,0.06578786884544144,2.605298568828049
0.0,-1.649315922091679,0.7230593130414215,-0.3484958662973279,0.28968578192750455,1.5456602882737223
0.0,0.3054817279514303,-1.2805664861899755,-0.008562796292718156,-0.4522051526234549,-0.396863270232198
1.0,-0.4267861361801941,0.9979693554791795,-0.6457343521463083,-0.5199424601714164,-0.9506736648255424
0.0,-0.5853669145560388,-0.2637107110807094,-0.4582858931351719,-1.2062637282192687,0.9763901295204914
0.0,0.9842239846084694,0.3577107686326974,-0.8535233785515096,-1.9990582318196248,0.2554029425270327
0.0,1.161919699727619,-0.6435385622483886,0.5410101627175404,0.4133642743573985,-0.2916747348916157
1.0,0.6748766448747213,0.44717936054769736,0.1080815803937192,-0.756911388695525,-1.1221303882298486
2.0,0.3484543535716958,2.3496501987170486,0.005995650854061524,0.5098648952343029,0.18277891805491595
0.0,1.7311600815573325,0.8518698601340902,0.6533970746188598,1.8915157438616865,-0.4797640013018922
2.0,0.9490284304147804,2.210940642069339,1.1715674556064568,-0.9974683202787455,1.7941906999988162
1.0,-0.7260784027618962,0.04487098652082968,0.4538761165074106,0.13008264001890088,-0.10528956037934298
2.0,-0.09468278337743262,-1.303628027449276,-2.234180998752313,-0.2932900171570224,-0.12893349983327124
0.0,-0.1770709255629881,-0.4301983362122939,0.8331033071026749,-1.1799509965828998,-0.29873907562212754
2.0,1.3051445503339008,-0.27694737947148457,1.2174323318415787,0.04252785427810431,0.19090237593417334
0.0,0.8071541969410745,-1.1363187971496307,0.887725493109683,-0.7595339961367846,-0.2417847785235861
0.0,-0.49656361282123046,-1.0412576051231301,-0.48452179174783766,0.8463398083826518,-0.16981864259991578
0.0,3.0470397412343067,-0.4849488076234623,0.9325006417207568,-1.1561761596071762,0.5245249045985679
2.0,-0.6398490773789309,0.44991655155269616,-2.431404091652489,-0.4148016520188045,-0.9902251987256434
0.0,1.1467454783329147,-1.079933709262209,0.5883198265282709,0.31422092689540765,-0.00870224506289794
0.0,0.5428711192552154,-0.6363732189003344,1.630093493957601,-0.8462720269342219,-0.7990213045274009
2.0,1.0721655322575572,-1.1221743369821156,0.4460514513573771,1.5422311453355224,-0.1576711690027429
1.0,0.1980475482813596,-0.23259630852539095,-2.28532257871902,-0.7427374187675418,-0.4817436351427908
2.0,-0.7748046492060471,1.6047166259582823,2.535218776353363,-2.8340524931876767,0.43466401768910307
0.0,0.002019759662902324,0.12051247337867975,-0.36724494529729207,-0.5518664789377242,1.2470167960208347
1.0,0.5204823580154178,-1.456131222966198,0.34178052227281186,-0.536785041557657,0.2931958368488463
1.0,-1.2256209098790107,-0.6518876776059801,-0.032237578838617394,2.9965599307992954,0.3772551783835931
2.0,-0.38807484662397135,0.8401714634006903,-0.009748585983155436,-0.8663153073582992,-1.45735330418101
1.0,0.43361909926153674,-1.266528609668247,0.20049826487028985,-0.05479285912538623,0.5338948934424742
1.0,-0.3202431696314913,0.27738683440070944,-1.3292494004520194,0.9371378094746609,-0.6279376680556482
0.0,-0.3264210621552613,-0.44707590836459815,0.40969692675479963,-1.1379815152929649,-0.07840098971944216
2.0,0.7774669718240288,1.1351082897874643,2.9019158985622537,0.06984578839644631,-1.23515894424946
0.0,0.4525032359863355,-1.6848123964726518,-1.7968595821748201,0.2400606802757106,0.09676402281820583
0.0,0.1988326246755885,-0.5079631974116225,0.4195672371964735,2.3869512934204353,-0.8783322377467764
1.0,0.4936634543116628,-1.9173150069636231,0.30028761044396135,0.4025114262823631,0.4692412987920055
0.0,-1.550552132971569,-1.249559372869777,-0.36064946789154473,1.1848909825649814,-0.5905866220303018
2.0,-1.6375405024425962,-0.3735445971532456,0.7137660808466342,1.108291433604589,-0.019768451449698528
0.0,0.33747548464355803,0.29200318161522126,-0.26893249055175594,0.5810221596736014,-0.9745197815808105
2.0,-3.1879024437071557,0.4269156968626805,1.1452056187537691,0.16385273969473843,3.602288745981959
1.0,-1.0330168865974003,0.19062043007704854,-0.12615197651789928,-0.934325953094058,-1.2441043799170386
2.0,-0.5919921374670576,-0.7247597570902272,1.6336771341536047,0.8908208243423865,-0.49023825729398524
1.0,0.33849025293204016,1.7914620678879016,-0.41829550868200327,-1.0009096596796436,-1.0365278065344605
0.0,-0.5596570356144193,-0.7753644185435731,1.2320520641362591,0.2474517801133447,0.13093508049885047
2.0,-0.10834962496851218,0.07728814462009005,0.23958976811194546,-0.3034907330389151,0.32561035399970134
2.0,0.7045577840678088,-0.6762661577784067,0.554148691723462,-0.3312807685292713,-0.8996584121426113
2.0,0.17408179975933247,1.1308123753072894,1.4558694595053716,-0.0801003362592727,0.728948119158472
1.0,0.849886868354298,0.1327900785806185,1.4505971067428767,-0.08028160287700321,0.024421307783369355
1.0,0.751468660422247,0.28621210756727483,-0.9191260808925761,1.120819299837974,-0.5529622248259894
2.0,-0.31632734097818,-1.202369789067946,0.6526772975871757,1.1978528900861798,-0.46320695090907776
1.0,-0.6498101729585668,-1.2550649536954597,-0.9669066011894614,-1.0964797996700202,0.5945776856032865
1.0,1.4997749010425283,0.6993299907386074,2.1689020611093364,-0.4240411196244796,-0.6386213338699126
