2.0,0.7752720386892767,2.0137886762935175,-0.6468022129675514,-0.5283866082641308,2.5849574230261636
0.0,-0.15214524450853256,2.147183195264094,-2.3858906992847886,1.8951583957310365,0.31496534750296123
1.0,-1.4279639522163075,-0.30786579195447833,-0.92785105784204,-0.27610680641722035,-0.569825573125599
2.0,-1.4147311821326303,0.07135410742236697,1.0935833741536898,1.0872762909694154,0.17638568045143752
1.0,1.5016672893252994,-0.6876414131714519,0.6755883661372276,0.4541481255138351,0.8346182634566938
0.0,1.4274145165232002,1.0429435918521524,1.1506002106519566,-0.6521292144860107,-0.005730942497760355
0.0,-1.8019593984383642,-0.33648492201351177,0.612332439137092,-1.7559202386767123,-0.7834244463391027
2.0,0.8688969544410552,-1.1234515080609235,-0.7675989114080699,-0.7506198089555752,1.1911884649839204
2.0,2.05878391319596,-0.12387424977796897,0.3818390056772324,-1.1386084865037038,1.8548754107747873
0.0,1.335818634839072,-0.05070903531818841,0.3735087253334186,-0.7905770810514006,-0.2971142843297835
1.0,-0.29827818626252744,1.2598603158134098,0.18614663685046196,0.5325728965594879,-1.0552833845398586
0.0,-0.8442485933828957,0.438273708707103,0.6076372151324336,-0.12300612288648033,0.22519509922210595
1.0,-1.7160193340894976,-0.1422084847428815,0.9469362041897091,-0.49254137834458994,-0.4754928663748045
2.0,0.8849175176891357,1.3773835842620392,-1.0646392985426814,0.39690430532880444,-0.8169066488244704
1.0,-0.7064602251167528,-0.7515263845426499,-0.012593501701356272,0.40708657988340224,-0.08174475048689886
2.0,-0.6149150254549315,-0.3936639570197816,0.129008237411066,-0.685109003638859,-0.5486426149896938
0.0,0.7338680466626951,0.5069034787755542,0.14207289937405382,-1.097165098043443,-0.16982175333821473
2.0,-0.0720683339948801,0.6623310196365393,1.63269926997311,-0.6935460769441126,-0.989887111941314
2.0,-1.2115514606682989,-1.8772532103491504,-0.8609639511040754,-1.8228949665235605,1.779383970038078
2.0,-1.3311999380934068,-0.1640153034578978,1.7707790079491716,0.029693289137597764,-1.911244520520364
2.0,1.4892377130173933,-0.6228563678860348,0.2540488308262656,0.34272102548804745,-0.48546920991090176
2.0,-0.1818303616615341,1.690973293721664,1.0698604643034073,2.5835639174165377,-0.021012162221302602
1.0,0.5596757565660353,0.7112955687589299,0.5530765591916131,-1.5969441675085334,-0.0005363618563372305
0.0,-1.2600003021111592,1.5862527909936723,-0.4563366868183514,-0.0771437345653985,1.5080310466898281
0.0,-1.0279791656783457,0.2210983393085232,0.8750629669572616,-0.4997451063564342,-1.0291176641386592
0.0,-0.16813112517281315,-0.3964756768205257,-0.1938083506164086,1.2566788352663447,-0.2472176572567674
2.0,1.0946935482211693,0.9320040132887902,-0.33256392698616327,-1.0298460394282236,-0.428782906922097
2.0,-0.11856495784045888,2.656525628090228,0.5328581362080329,-0.6267202860790131,-0.3128468333579862
2.0,-0.3042705471696841,-0.8185814978576249,-0.2308848021717341,-0.44199897753396994,-0.06834904467287882
1.0,2.119180593875469,0.06509466531380331,1.4771782092799215,-0.17427484519428582,0.31191062292848654
1.0,-0.964034775984364,-2.3162956744902004,-0.41130563169680906,-0.13951614332606402,0.005468714998537195
0.0,-1.463266963981539,-1.676446901576428,-0.058156206211903295,-1.570594965096548,0.8147556485281323
0.0,0.06179555098375577,0.828150509114646,-1.041025817033585,0.06497215921379847,-1.138528368039287
2.0,-0.21492391063383326,-0.5157478766973926,0.8138057747727935,0.9686479446310731,-0.6890447278240563
2.0,0.9317980879388873,0.5857308062861867,1.406132470107854,0.947937490078826,0.24826166890194096
0.0,0.7306162301362343,-0.4354401993330583,-0.3071217320994589,0.1996100809503171,-0.9420200863054329
0.0,-0.2236266783690281,0.1116827238974239,2.2144847483791423,0.9457208930281101,-0.9110966490041922
1.0,1.3365545665027032,0.031080107538790834,-0.6284867565134226,0.21575084642506395,0.9117014554776949
1.0,0.5735697053198463,-0.5323221668523521,-0.5548566651646093,-0.6815183504411623,0.03738267589539014
1.0,1.1826297319121586,-0.6842620874046038,-1.3162927612406865,1.332830640399243,1.300743700251969
2.0,-2.00279157488803,1.0363675145247015,2.188772199631282,-1.2625383924564524,0.509304179059937
1.0,0.7189491616189962,-0.5820982688519474,-0.6014954221384823,0.06931965483973615,0.39409938943224193
2.0,0.33771301315280045,0.12510160459343092,-1.1802816902823616,0.2965816644852204,-0.2078034359908203
0.0,1.2792718741070965,-0.28468353049847084,0.7641295280979422,-0.048337753921005325,0.38796547699292877
1.0,0.6675837032812841,0.18562093298511703,-2.9622273212517976,0.2905423681613581,0.042708425267015654
1.0,0.9064415399969427,1.0513710027258198,2.187054549268103,-0.4303808837698596,-1.0914965870269338
0.0,0.040262776327507944,-1.7088292032697634,-0.6457432835823852,0.8139355883369506,0.46149082264013735
1.0,0.4630355113347276,-0.2986180144913839,0.31113927244387535,-1.4216715496754364,0.0809936037159939
0.0,-0.543686198887661,0.15481334979044337,0.3805218485429489,-0.3680464529241675,-0.6701768807552749
2.0,-1.705150239654569,1.1959778812245403,-0.5703983231391455,1.297511737245404,0.6310316093560421
1.0,-1.7312064599885166,0.6666659477097095,-0.5650008241152292,0.5785926836537469,-0.5142110093623419
0.0,0.6576118193869461,0.3902861698911095,1.2228998180843913,1.186308635252242,-0.1609475715455545
0.0,-1.4583228827961001,-1.5132350422846301,0.9019237109690312,1.0105943504840724,-0.04092253204289626
0.0,-0.6335011748001974,-1.4791529318613528,0.9531097330536206,-0.04091545939163609,-0.02794255684439184
2.0,0.7386745304285497,-0.07969975066018554,1.014077353338179,-0.5002302220406277,-0.4680771049140373
2.0,1.7082387679542848,0.09517099484382491,0.7212471362730427,0.5034254881001659,-0.0014774359369970557
0.0,1.258710099214421,-1.42524183932123,-0.8264378122137565,1.1035728940990872,1.0143856783582088
0.0,1.653876561156792,0.2909834430743598,-1.9573126776216319,-0.9567108211342467,2.156958715918774
1.0,0.8311902477574147,-0.8032265216373434,0.8947798317170463,-0.9893912912396103,0.685687168505553
1.0,-0.31159960701732486,0.2434386509443014,1.1637012344392919,0.08266448542334849,-0.6064154652585629
2.0,0.6482235270669927,1.1450396740742326,0.06402641478625172,-0.48374916948965285,-1.021458096883041
1.0,-0.09906373214671882,-0.9619892800088331,-0.5807483315253338,-0.9988592617971219,0.06962750376929676
1.0,-0.59866633295974,1.0195540515571822,-0.3006402118064736,1.1349328776573682,0.041469282426556904
2.0,0.021372361100648225,0.8369754431518505,0.4120052770616774,0.41789352409369496,0.599506362234867
1.0,0.7267520925460969,0.18548134839776212,-2.1241285064513336,-0.43770338174276413,-0.8873778983583089
0.0,-0.929752060733102,0.5426393148551317,1.4152236560257363,-0.452519473191093,-1.8615426507169273
1.0,-0.05390659805253185,-0.1816295227950236,-1.540745273933367,-0.2401124288499683,-0.39954603353012424
1.0,1.0562054425777327,-0.04955444958191385,-0.1452109467064135,-0.6251454744279826,-0.846512655240143
2.0,0.6796321281403139,-0.5566078591061704,-1.679608167221624,0.48320696086309434,0.31490456472460204
0.0,-1.2679826253598285,-0.5867371816845047,1.643873365778391,-1.4149074866080267,-0.09899310141525013
