2.0,-1.6727700449829999,0.1801571610822467,1.0140782623385478,2.791480628011203,-0.5204121792649773
1.0,0.9478625725367957,-1.3612717854931573,-0.9925901762367,0.6348630765253968,0.578238353467525
1.0,0.9430989901923534,0.6726239249123338,0.09547700929671984,-0.7311347449484034,-0.43099026909663873
1.0,-0.04897689971088996,2.336093175601078,-1.5088493413885915,-1.2090004039255478,-0.46154985283412564
0.0,1.4413197406621348,0.02063300216350671,0.5795265603644257,0.27616422775707167,-0.591988125755253
0.0,0.10643911785093982,-0.8071290593056885,-0.1405993615611229,-0.8690426352012294,-0.6633469068437848
2.0,-0.43563832227797644,-0.673238844432346,1.141754252482399,0.3175825283995832,-0.31363152281669454
1.0,0.6473697604301916,-0.22890149589554654,-0.3163045238066734,2.0215952557867225,0.9236992463610193
2.0,0.16829226334367273,-1.4314557723053494,-0.9959022798624868,-0.2932361840221279,-0.30507713812833265
0.0,0.30399218997572414,0.9813101139445991,1.1469971632114304,0.5261163978617986,-1.3956771812317725
1.0,-1.2303220546704214,1.4572748830082016,-1.0839088125283773,-0.9695596115260884,-0.979360234422739
0.0,0.2127556141176179,0.09742850453779614,2.748879969716663,-0.08864962264941696,-1.2033497514608984
1.0,0.9934776659259708,0.24563167015616558,0.3883871583394834,-0.8323411919661943,0.8170703628821092
0.0,0.35037957729873737,-0.2545283403410555,0.2307177273681358,0.0316015107404453,-1.108507738155571
1.0,-0.24735975833595034,0.2557536810337657,0.9755104674863115,0.4862298078339653,-0.9699802837885229
1.0,-0.42678213872967935,-0.307870328057015,-1.3684280204589747,0.5500081605789068,-0.31344118969272966
0.0,-1.9119812522327018,-0.41121307290611264,-1.7222208740223952,2.278954702988184,0.7943531703270145
2.0,-0.45730685908615537,-1.6117576282598705,-1.3632068422334729,0.047065505832415276,0.5939424423505401
0.0,0.03394525554239878,1.0387357708826959,0.10184284237836833,-0.7751747990224941,-1.187884030921767
2.0,-0.8203759677736243,-0.5128498678342829,-0.44678018788261953,-1.197471307406423,-0.7097784436388954
2.0,-0.9097920292943208,0.27228726441125223,-0.1634131065278118,0.0743554605673398,1.088476151346762
1.0,-0.7849416182009641,0.06319931640144949,-1.6459875054142907,-0.19593638764611354,-0.6247086002275677
2.0,-0.7870406651570457,3.609245128080657,-1.1788866513761305,-1.597244396910695,0.7786471842620378
0.0,1.1788132201397516,-0.49121849330323614,-1.3871041316202886,-0.11199578692331978,-0.45769470439118404
1.0,-0.367128446176565,0.44652615417183866,1.2022917817748944,-1.4485583172642207,-0.30220906521519625
1.0,0.1968400521699129,0.34996601095593505,-1.707851549076613,-0.3984783639834327,-0.6442950310223269
1.0,1.8991620099014925,-1.5839173677827563,0.3139944123021601,-1.3394264932759146,0.8212810722305742
0.0,0.3015741866099734,0.12332919168181457,-0.029589667751477255,1.9787351115485043,1.3942206381084328
1.0,1.5407973384345275,-0.5715969902386185,-0.6726786680235899,1.570060843457756,0.5145918143534091
2.0,0.9785439430905203,-0.805920791588944,0.5548900467220176,-0.28582286728687034,0.2876492455209219
0.0,-0.8469588513412672,0.6145721111850236,0.48175895699038157,0.6112935448978477,-1.0575333490043086
1.0,0.8774959352592541,0.6333134438386693,0.0072262515848572125,-0.6926640227868727,-0.10215337650377225
2.0,0.5596810456555444,1.9558482545341247,1.0592727843262026,0.3943820125831594,-1.0940685354636857
2.0,1.365348945801813,-0.5646589531450975,-0.1505729993719623,0.36476373413014623,-0.9275539406817924
2.0,0.46840626939688623,0.9339205665645226,-0.5800218893460097,-0.5569350134750011,0.36427309134908353
2.0,-1.8179850489531657,-0.046407715116769034,0.5444174173271535,-1.4607321152291584,0.3775293184827541
0.0,-1.207811056037337,-2.04040717950963,-0.1770712326010438,-0.682900891742405,-0.11786256513325066
0.0,-0.036194379433101644,-1.7579479399082738,-0.4619471409815223,0.5047504513194707,-0.35028194521132056
2.0,-0.980366754439242,-1.7586753610465726,0.6054133886658509,-0.864114518575326,0.2832083085818693
2.0,0.29429324414945307,0.6815502004816627,1.3213398764263113,-0.1757025623366089,-1.4070220240176419
2.0,0.7867816720464489,1.5347495747465494,-0.14481311936208816,0.4532379108915766,-0.18114768776293425
0.0,-0.4452616789941124,0.38698166250139693,-0.47524895281062784,0.37390556139172826,1.2321035770476305
0.0,-0.9590989908210512,0.15537638382754024,0.17077146768754542,-0.796078478998485,-1.3350803508800602
2.0,-1.8852087835111346,-1.059289616607463,0.46359178014836594,0.09931684443923691,0.8554591530408511
1.0,0.4068985062799186,-0.5364060955986286,-0.9275967348171533,-1.039940163210604,-0.4032008058123788
0.0,0.5282078882029227,2.0058312513937975,-1.8962028796331911,-0.15102296205622126,-0.20396340839475383
0.0,2.70316032967507,0.346605056173807,-0.376695048867956,-0.5623223788024984,-0.16744609535573737
1.0,0.6173529427795373,-1.2642631679397123,0.11525362413277523,-1.102733343154158,1.5145944131728102
0.0,0.308503971637848,0.4197604843713675,0.013015200529777818,-0.9118247609464474,-1.620014807817478
2.0,-1.743797845512782,-0.3457007962824856,-1.8279554005806131,0.9894661128533683,0.19055447867409123
1.0,-0.2679267770719248,2.130928229820628,-2.3451194059817126,-1.3422460490682495,-0.5606391226964439
0.0,-0.07691594228624499,-1.3950863817378905,-0.09301614362822451,-0.4186319001459955,-0.2445823298840403
1.0,0.27879959866532267,0.8775321472180364,-1.0118596356896123,-0.8453036619449528,-0.6441447608171609
1.0,0.029416654980284087,1.9241939924236406,-1.1973072030980234,0.37008865581652267,0.8079691361115501
2.0,-2.9010449280587784,1.3407002541488449,1.3597313330888399,0.1191455051964192,-1.382239525238219
0.0,0.8165231776759267,-1.207814232693653,1.2168156340203453,1.3481492579751153,0.9201648163136714
2.0,-1.779332171722555,-0.015055734875530762,1.3039118899914504,-0.9115842970746268,0.09819323696415148
0.0,0.5584551370508796,-0.7531444821557135,0.731889591875161,0.6962185835722773,-0.2730251259533623
0.0,-0.1170480898035835,-0.7901000837577139,0.6492320458555682,-1.3569765581597748,-0.5032144307551851
2.0,-0.7942141773481743,-0.11353866855347121,-1.6014355137934049,0.1743180659149387,-0.2233795765442653
2.0,-1.1903934664787765,0.33189343803238586,1.1731445892662433,1.8255735557455368,-1.3798295163076584
1.0,1.2769805974044368,-0.5836423205462935,-0.07908130837724482,-0.04220654020922221,-0.7359465969824066
0.0,-0.61809188550619,-2.03691056194014,-1.901852788023556,-0.44695593338794976,0.9807138037087958
2.0,-0.41003062036232124,-0.9595470497181781,-1.2836887938766564,-0.07917852302936608,0.44333542355041156
2.0,-0.5230551305967892,-0.33143132528268054,0.1192667446111494,-1.3858779392144314,0.576888510455194
0.0,0.1114520538493559,-0.0004558258674033792,0.0680528447398258,1.0303181235585952,-0.5840306181243381
1.0,1.5159793272409783,0.5594142442050729,0.4926770842258507,-1.019779206557887,-0.2667825259900315
0.0,-2.7456710484631763,0.31224412008729363,0.6691706033682858,2.0396377634004312,-0.8083318182303451
1.0,-0.016828666719389963,-0.6932001774385795,-0.8128000845425819,-0.5021407998458035,-0.2849506013920739
1.0,-0.9111630313430895,-1.0441686113957547,-1.4373253507187644,0.14298754436759709,0.6646706830268322
1.0,1.3531807908806197,-0.5837245769419895,0.18238787693209702,1.0718595711492969,-0.025017781716991337
