0.0,0.32444239856478085,-1.4985788830868554,-0.3440169769618893,0.06510741393482208,1.0570285221442834
1.0,0.2246152131871305,0.24425210842305342,-0.4579972138461326,0.8969307742439638,-0.3387229255482742
0.0,-0.9459692262903583,0.6930843161122019,0.5107071939257436,-0.6485259871254655,-1.668905396953932
2.0,0.8674646146438453,-0.018258189734385796,0.2184815293730447,-1.343798120938731,0.29351330830026606
1.0,0.549717074328986,2.056109576526773,1.0238039490109327,-1.1004917807754666,-1.4117247689298524
0.0,-0.8156071014619815,0.9140695379021918,-0.3756789000339331,0.8891081787106134,-1.2087103348564425
2.0,0.4208897066025241,1.303537632386681,0.11316150838831178,-0.2211456591554484,-0.38335886180489803
0.0,0.0998506653193051,-1.7353195098088365,0.1830017287991935,-1.0433214100244068,1.9348866665859403
2.0,-0.36710426208045044,1.499229330475111,-1.3427498689051678,0.3840223884077415,-0.6448025207195878
2.0,-1.3719357407803376,-0.30715891321536837,-0.7617991823898703,-1.2127194990999375,-0.6228791360098476
2.0,-0.9983023379615287,1.5889557908774639,0.20290110881125212,3.959641915342784,-0.2484626372216581
0.0,-1.7966752960541106,-0.18148024026752926,-1.0107286592461036,-0.928917256713549,-1.0379786126104549
2.0,1.1879696209046018,-0.582739378254766,-0.6984576613332291,-1.0577733611156577,1.2445449135798874
1.0,-0.3614190770850294,0.679889134801446,1.8367521335827157,-0.3981761388879949,-1.6101910877439598
1.0,0.41672354155816854,0.11824984354592458,2.088751713409537,-1.2395662265697143,-0.8255398560200549
0.0,1.1739460083932731,-0.49034846013707534,-0.3178428605797878,-0.5919694706002939,-0.3134321638582952
1.0,-0.47864325284793535,0.800120591119803,-1.4722597747866188,0.11415485199139508,-1.127375498074111
1.0,0.41664722303874474,-0.37302216881254047,-0.17120913098759558,-0.29729791782999565,-0.5447559558303634
0.0,0.05113618543424483,-1.1461248705455014,-1.3681786475955102,0.2719577461428624,0.3412952464127259
1.0,0.9523987859259876,-0.3517312313378533,0.13069679917359556,-2.546248390948551,-0.06395498330196585
1.0,0.5971392619583349,0.9209429495835697,-1.9453889256575128,0.5151480829260374,-0.8923323047792725
1.0,-0.2266290103856583,-1.5669211329540251,0.9940740508854885,-0.3580039414189499,0.14521175540700038
1.0,-1.2626288820038223,0.8554781512444564,-1.3083631033191583,0.9392420455398895,-0.08096535237919368
2.0,1.090275523707687,-0.24079532248191246,-0.7835587254475372,-2.1516920266668293,0.5975678984331837
0.0,0.4875898169214668,1.4394420240619017,-1.5086250171784468,-0.4078248642462159,-0.6030643174090916
1.0,0.5826236659029206,0.5584205994995148,-2.469693892549728,0.8225497043791625,-0.1516997784812717
1.0,-0.8459901538039658,-1.6790431765098663,0.9032434461235225,-1.1021706319888716,-0.4322590052217054
2.0,-0.2696303693878122,-0.553723447240905,-1.5346184784164643,0.272204326102513,-0.04649435937700907
0.0,-0.9001230157806382,1.6153241078637404,-2.176938056836911,-0.4757523034902383,-0.96288883637908
0.0,0.5942475576939991,-2.3151174222097715,-0.691912123731387,-0.42848326996790226,0.5754690787789059
2.0,0.7570115414190253,0.2921207912182885,0.09816857943732767,-0.07692690964722844,-1.1720634065739899
1.0,0.8582820536792015,0.5660386299566743,1.7197817866957714,-0.07153527078747941,-0.6661141305768764
1.0,1.9849405723985094,-0.011793134693084911,-0.7153808813224038,-0.5591434626073326,0.12070238087465497
0.0,0.07011630397636684,-0.8029502648380046,-0.01277663174320788,-0.2191000941183309,-0.42989171224935424
1.0,-0.3929241810019799,0.4281436644955914,-1.5077846006064208,-0.8050880857824502,-0.3942421282453864
0.0,0.19575585300259973,0.22385816716825876,0.19436197086510568,0.4991539757798723,-0.4203929585267287
2.0,-0.17536479942589236,-0.9349267136194452,-0.6385998035391905,-0.6623020817011993,1.4302172837522382
0.0,-0.4453920531203563,-0.8364574967947139,0.36737657713381633,-2.0636811970327327,0.7737672887461886
1.0,-1.2491836179026556,-0.3476158093777622,0.6886667861782442,1.156827345771607,0.7383038401909754
0.0,-0.431380150632832,-0.15459884574634383,1.2639039048935459,0.18386005633500094,0.11468193230947175
0.0,-0.24822315311710078,-0.46454249691549293,-0.6948163492576449,-0.43196225409096234,-0.9116658467680951
2.0,-1.27351662980127,-0.7591602205483002,-3.5151700162113704,-0.4041781338558946,0.24720259122441565
0.0,-0.10873180786294377,0.48343667136910484,-0.33716634447980137,-1.6483516259026214,-1.3215340244242337
1.0,0.9220005732128465,-0.031001504296820866,-0.6313673581330113,-0.6640443308561661,-0.07808863155469765
0.0,-0.44578205457016445,0.020942082921709026,0.36641662083304344,-0.3403684867479507,-0.12393719222658223
2.0,-1.5412051211554154,0.48525312662655445,0.33235179350805627,1.2932351866023608,1.5216887257380516
0.0,0.914725751261458,1.1732036248451945,-1.5507869046144707,-0.21550914360962267,-0.18544822983781123
2.0,-1.3278882753000463,0.3662811850958267,-0.3725406338948356,-0.34611632861775715,-0.014223764827071304
0.0,1.0647061730262135,0.6511370435630338,0.7813412768151854,-1.3802194022804062,0.708613680782113
2.0,-0.7680750289955989,-1.1010193342918657,-0.21551464304098406,0.8070916784532606,-0.544707922404419
1.0,0.2938254882534923,-0.10492084188358394,-0.3724212662816059,-0.2618875622692309,-0.19166952041909194
1.0,0.16343929358853018,-2.2906814971021507,0.06949265550083077,-0.4748055333441277,0.4122477021973357
0.0,0.19231386851454854,-0.30512274644232135,1.6331657369300716,-1.4280966758559515,0.7471703230143049
1.0,-0.317634803287133,-0.8794272702361796,1.1877669744323944,-1.3230284889148436,-0.5984924252547451
0.0,-0.379565842268486,-0.01884273225355802,0.22560989873906315,-0.34508588847834093,-0.818536045062387
0.0,0.3795387147446631,1.4294741846236698,1.3710260177933873,-0.3607709993783234,-0.284282383510276
2.0,0.815177596108659,-0.21729875607088545,-1.86751532154684,-0.42270231391178453,1.0443841484481313
1.0,-0.03144932663873974,-1.0020433368353172,-2.0784714170737772,0.317762954509253,0.4680386515001884
2.0,0.2569141196835385,0.984164540568526,0.39576221516819504,-0.6630942673023685,-1.1464728596075824
2.0,-0.7920767408095997,-0.26281510857437906,1.214242151085409,-0.11918676105623621,-0.26925703779114646
2.0,-0.06435070955108274,0.6635008530959654,1.3465859420457402,0.28869443409860623,-0.12620763712603233
1.0,0.3914122038371871,-0.7139176663452967,-0.7127868059242635,-0.45513520173679073,0.479365254539732
1.0,0.9335090237353362,-0.29281376860753333,0.85968278465449,-0.5908841563636169,0.5815649307572851
0.0,-0.6001893976864381,-2.4668958440298745,0.372630853421941,-1.8905893854191336,0.468164849199118
0.0,-0.4618955620848027,-0.5979712752980677,0.9466641005431026,-0.2733523012466557,-1.0268170044249771
2.0,1.4466308655695364,1.8916677341146668,-0.15348792861160374,1.6118127620855398,-0.7732869081292794
2.0,-0.54327003049169,-0.45975009393153404,-0.5042760248721838,0.14414475598051274,-0.8824035816478911
2.0,-0.7357465651586438,0.4528209174934434,0.044885331987786506,-0.19306100618593838,-0.9255404207424974
2.0,0.140875430583356,1.6517924239900597,-0.3689372057967766,1.2116277267208524,0.013608379711786614
1.0,-0.5724754302955811,0.8991767973004019,-1.0645816493713909,1.3054869616667937,0.901736000997504
2.0,-0.8254608068984612,-0.4769382825150187,-1.0300654268579794,-0.5136255854111484,0.19220440208241507
