0.0,0.6486901700085188,-0.4082974019477064,-0.2575866376558045,-0.40407968611384437,-0.7142194142208443
0.0,1.3685739866613231,0.13693574104194284,-0.4852649313286381,0.3939835534253137,-0.42702747185414225
0.0,-0.7724665603974296,-0.35870231476338243,-0.2860369601776882,-1.7603423047430804,-0.3442885206721902
2.0,1.1799840192498647,0.17397800287901405,1.065550126599395,0.6880144902424139,0.904729180916482
1.0,1.63071567526055,-0.07782478849226784,1.5193607113274759,-1.95702065702108,1.0417633293118918
1.0,-0.7945290122683654,-1.5617150168414187,1.142055553669011,0.7429424629634099,-0.18678668546029953
1.0,-1.220301520780057,-1.159019114644896,0.4092407405787631,1.4304178805916072,0.28034327171655976
1.0,2.28910982431945,0.7503377645889205,0.6529339893847328,0.6684384586671458,0.8566824426345124
2.0,-0.10617748573538634,-0.024994601616957022,0.22887615291086855,0.07723192133745653,-1.080484349487127
0.0,0.07209420991521168,-0.34081108621539435,0.5408933876780825,-0.2510078896256539,-0.3293285908956493
0.0,-0.7035165293514508,-0.4600488474798368,0.5742385820303638,-0.32759075828458306,-0.5326317683099021
2.0,-0.46429206175791343,-0.8663814567813961,1.0416785255090515,0.26949809153105764,0.41837944860904774
0.0,1.1738808689317455,1.0629898869335221,-0.4487546972844652,0.5569120106356127,-0.7663596977359719
1.0,-0.22199639614453257,-0.20370126400898453,-0.33828749690759097,1.1532699516746692,-0.8313669612422805
2.0,-0.12223574681345861,0.7037449208640881,-1.6438545098785877,-0.9093154351986071,1.4787952497056756
2.0,-0.7220719503841548,-1.228707863170529,0.1498620576521563,0.4008994604744396,0.47299123007871624
1.0,0.6331487526892177,-0.15659771391372582,-0.8732886853567488,-0.07117823687189193,-0.661900146791056
1.0,0.8518892016632201,-0.5098504238174741,-0.16267052708747526,-0.1690385071014649,0.2626942964181709
0.0,-1.3376273483237946,-0.3153958181215059,-0.021389560735122493,0.7544385789108049,-0.8451170257217488
0.0,-0.6727038499764617,-0.05599039168534449,0.23565714228700926,-0.5852112485069624,-1.001283865733784
2.0,-0.2872301557984117,2.4406594408581124,0.8786397922414028,2.09226120561968,1.2026601959725403
1.0,-0.039093201718119745,-0.6085256441473696,-0.2658507371909251,-0.5621731850818885,-0.443989685808994
0.0,0.5185292812136808,1.4560438785730052,-0.7841497067987941,-0.516438106389662,-0.3772741949988565
2.0,0.08524642569937319,-1.803122072616107,0.2387065173894484,-0.21831219485620681,3.0329868669380615
1.0,-0.5162741821619754,-0.6859695499218343,0.9849762784370256,-0.429814366751261,-1.683310325459157
2.0,0.4961110505220665,1.6982793230999846,0.15230323424032843,0.04134131420980994,2.0781277825924462
1.0,0.21204136397267942,-0.5847165467034723,1.444671414072692,-0.38817216225536666,-0.7488216798362739
0.0,-0.6209276489290783,0.6790681335716665,-0.03152025894789879,-0.09202159349828529,-0.8594782127599072
2.0,0.07314750149182328,-1.0328258965445367,-1.4768597598275481,-0.31010420610379197,0.15523724874644476
1.0,1.2115008585674616,-1.4410516503588862,1.0808377388772834,1.181792842494356,0.026009896445790995
2.0,0.827158706960997,1.2431233042697871,0.07356495562020499,0.5254916718012242,0.6731586292984642
0.0,0.5472494507754745,0.4596754976833278,1.5398275094350553,-0.6552180075901101,1.2923632857768503
1.0,-2.3882078569278065,-1.8006746423238322,-0.7889462723707412,-1.5389675092347104,-0.03012824652195113
1.0,0.8660544494478428,1.5725087783304055,-0.715880152753817,0.07823516491641631,-0.4961474791949678
0.0,-0.6388946261483647,0.6294527138274564,0.0631203729782984,-0.6401631097161075,-0.62554206933783
0.0,-0.21399120160204213,-0.9883671859290107,0.9900452100826285,1.4169822976230768,0.03436777906565698
2.0,0.260901787138451,0.24319192931544864,1.1202538950507048,0.030124456374136164,-0.26230363645954285
2.0,0.11661013084556762,1.7122652253663322,-1.1796007969993096,1.2125060603800095,-0.20372965757949152
2.0,-1.5899500615164426,0.35391161407922106,-0.058330699064372285,-0.33907775343675106,4.78112608955783
2.0,-0.5902369915041479,0.018195501458961316,-0.22557738427396348,-0.3016455477606414,0.3492052118792938
0.0,2.832770495057195,-0.5169627853306756,0.9738134728663855,1.4965177178423616,0.30393406314388666
0.0,-0.16114457039325084,-0.8876125755944303,0.5405191104972764,-1.6745855523572115,0.09372878641241353
2.0,0.2994519318257044,1.2973266349270767,1.7399143644303645,2.0809382415879707,0.37529963958400503
1.0,-0.09263920757246476,0.019419467699486253,-1.0218341406229141,0.9545083458023563,1.5029585543991717
1.0,-0.11911882064706168,-1.1560952980376833,-0.24680939414518482,-1.0983914460201711,1.4907142392905275
0.0,-1.0741285247072248,0.43136470387364373,1.3855657266840313,0.7833682740072307,2.573015927398328
1.0,0.9051473079374264,-0.380226193543678,1.2290296107796437,0.21984945804042028,-0.11483978709136869
2.0,-0.2649495407889583,0.8231034290179707,0.6791849268499129,0.8431650265051678,-0.006898703625536185
2.0,0.2892908990562295,0.03232444372607664,1.8755394242211259,-0.5685671908986952,0.823739726654644
0.0,0.5675864806415946,-1.5817040999265162,-0.21486895315067972,0.05861346014621094,1.2019827421968838
1.0,1.5433623356390673,0.49259286112157213,1.4012333579563145,-0.20110531927775863,-0.7127614787013372
1.0,-0.045565758777381324,0.847116964259355,-0.834828158137313,-0.07060826574305094,-1.2833391171546964
1.0,-0.564088231458701,-1.4267947283235736,-0.16360800800770234,-0.915659455936114,0.60328874884463
2.0,-1.310241247409827,0.5391980520430667,0.09210893796883322,0.20149914804883073,1.072628279737489
2.0,0.873513858351046,-0.5344003666714293,0.4176141531048926,0.9190792704296369,-0.2517929226677235
2.0,0.4308975275645877,-1.2310095586338963,-0.05223119429050699,-1.065489524970381,-0.0921673202741177
1.0,0.037934911874618324,-0.7465923612760541,-2.5740089465187084,-0.48984281737377733,-0.11688750028583761
2.0,-0.45412860026513374,-0.5942815940120394,0.029905030060337952,0.1744496995752145,0.5395995897004262
2.0,-1.7527733252851245,1.9949138017311112,1.1224331056483807,-1.0772803899334766,1.6797249167337782
1.0,1.9932455377997593,-0.5136906018430787,0.6924143884914271,-0.03871961476471921,1.0613624360811638
0.0,-0.10229230378666387,-1.383835691949149,-0.21104662089416634,-0.5075689701572379,-0.22647650776892414
0.0,-1.3281833971804462,-1.0962772033511505,0.3596083322202589,1.0698090207592523,-0.6953758161445326
0.0,1.6579989061910125,1.8642458134845483,-0.8070327057676384,1.050549478956325,-1.0858771302664545
0.0,0.7997228463964343,0.3150405618753788,1.0153638502126054,1.3731778414673639,-0.6967664169369087
2.0,0.973825768192625,-0.16770157472475922,-0.3241836257402185,-0.5010016550607493,-0.7769458868705899
0.0,0.0763180822827706,-1.4424770600796246,1.0256091122426214,-0.723748632896896,0.4880039373213503
0.0,1.882987677096817,0.7689623280329312,-1.0345280475564633,-0.462641045331765,-0.20382490647561727
1.0,0.9550744218708458,-1.068232094889252,-0.3931890689609244,0.5171154588472917,0.5214014597321891
1.0,0.06850465228966332,-0.0239887058614038,0.15276503134976635,-0.5591561140883887,0.3696374579571157
0.0,-0.8783915613382914,-0.3040807732805093,-1.0976819941099947,-0.11658904401493826,-0.33425770574329267
2.0,-0.09591755242415208,-0.19338619412755764,1.4901355169786392,0.22466724467927957,-1.1167192502614505
