1.0,-0.5047370969222945,0.6184187649582609,0.40186728052360304,-0.5991087764491713,0.2754689213820706
2.0,-0.14553433998721318,0.2704604351247929,1.7736977437218908,0.31189879549583027,0.4859334127651486
1.0,-0.32430997821073215,-0.839944180566135,-1.060089869562591,0.19906886715477184,-0.6527701802121028
1.0,-0.8133518997820937,0.7476727637383797,-0.3984723451456409,-0.5089198495075211,-0.17543293521084177
0.0,0.14259391165407515,-0.4517656322329506,0.7791503191423679,1.2031532319741831,-0.3366637778194391
1.0,-2.1409293733813937,-0.630889459775265,-0.25405178940114714,-0.07302401061215533,0.8372321183184738
2.0,-1.687218608010654,0.8056944337795768,-0.3942638756967639,-0.6886791757656451,-0.05990818951315349
2.0,-0.23704736512718316,0.6011630146009905,-1.0923133700925314,0.8644933292076769,1.5900791510148662
0.0,-0.6351076685344165,-0.2773363358651208,2.553165573570671,0.9336986392662099,-0.289470173506298
0.0,1.32573588633056,1.5080844280749404,-0.31785772434056014,0.05714417754624055,-1.6435103115064287
1.0,-1.4359917246446094,-1.947002120601647,-0.8899353713975292,-1.2548034332683151,-0.2411532211991819
0.0,-1.4468425662417503,-0.31811434129330907,-0.38356732316890124,0.6490984156348771,-0.7315837331520804
2.0,1.3466217327987613,1.0295563009750972,-1.576872908164975,-0.8719422612033161,-0.35169781709066167
2.0,0.5503370036826611,0.7142328746933727,1.4918868401898622,-0.4644114525901896,0.5252419941353555
0.0,-0.9555610216437574,-0.4465848315760848,1.3337154986290363,0.44045389826274856,-0.16430112958067453
1.0,-0.45226109307099427,-1.7809445803949708,0.8244502362813961,-0.9275327514673634,0.18969041858265545
1.0,-1.09539681139413,-1.4325954099184832,0.2450125405674159,-0.3687291404699587,-0.6845105071841919
0.0,1.035159991740594,-0.02279325442765662,-0.14186120102547511,-0.09788354917805722,-0.33513681351625524
2.0,-1.5721449862750647,0.6419978948897651,-2.1302144290129124,-0.846848889464923,0.12378778051721855
0.0,0.881130590707061,0.3748747825389228,1.3072100815209449,-2.4360554638666185,0.3260397891561975
0.0,-1.2391364902143793,1.002940004396152,0.20624296970209974,1.109109367654385,-0.9532326452742904
1.0,-0.24414068776290804,-0.9008065272682361,0.30342301719547515,1.3220742949906554,0.32155633941487144
1.0,-0.9299855696797185,-0.7269753810525331,-0.3868199060110447,0.4369443785528834,-0.5975851113887789
1.0,0.10868382942427184,-1.1590801661511756,0.8466972992648113,-0.4322899615060255,-0.35195144050876837
2.0,-0.37269029891419747,2.1851837014243736,-1.857836772035047,-1.2458035033621155,1.4275513440083367
1.0,0.029050151806439193,1.2278484467936652,-0.3389135909706014,1.7490904257793414,-0.226005058684471
2.0,0.9690977490221064,0.34109533567505756,1.2481756975285927,1.174825603415756,-0.6754268861237106
0.0,-0.4824522882109179,-0.6930277638779369,-1.6545534866197136,0.06160306937428717,0.05933445296972081
0.0,0.15220339432711166,1.2312389384787528,-1.375692970829509,0.2179190360172008,-0.7333193267740832
1.0,0.8706836779433452,0.4914465711548631,-0.15425958152474403,1.1932187098241982,-0.7058634574639915
2.0,-0.3940895928895272,-1.1757438736169885,-0.5384113247700301,0.9181242435573049,0.4614458071091867
1.0,0.17308643973557886,-1.3287930510802775,1.5573031290838308,-1.3984340946915865,0.2367836977969156
0.0,-1.1340181988265885,-0.15078257626819405,0.32178867997517424,-1.882472619335972,1.1752465689015272
2.0,-0.728476501308571,0.47012147785147806,0.8329039404894506,0.3646101581402764,2.081619255792306
2.0,0.20944012843562518,-0.9122050926407986,-0.8558704732106182,1.1403562864746297,0.18445020031403278
0.0,0.16958776607130524,-0.6151061390402456,1.4696689620446117,-0.14509452106539458,-0.6416670115067055
0.0,-1.5662732153129104,1.4858632853100886,-1.3601002346953859,-2.2170386459579494,-1.6103715790066913
2.0,0.6840713216958156,-0.20213503827933613,0.7066269309118798,0.22181185331772746,-0.4889845749947946
0.0,-0.03713508129775805,0.15545624644202968,-1.5026762123958837,0.10874465486294214,-1.057662663804959
1.0,-0.11500508652853333,1.8025364513358804,0.7262936298009894,0.5931903136399609,-0.957608747549764
2.0,-0.19852137241817083,0.9367250877521736,0.7285521927454163,0.14249523230287436,2.8277908568378276
0.0,0.9569407627949492,0.4345185845473887,0.30909639993224824,0.8789804830651666,2.980358201090828
0.0,0.938216626125258,0.5762746451252317,-0.048418698667558685,2.934047679296855,0.5843983605645903
2.0,-1.7950565702795096,-1.4505883054586337,-1.189758618465713,-0.523953125326712,0.3449181116888605
1.0,1.1917083848055277,-0.6511338057570174,-0.5368849451248412,-0.48272218506321757,1.0346050254764734
1.0,0.5568218587287057,-0.06054451346067626,-1.3411466389451727,0.7462440007237131,-0.3540723063947199
1.0,0.31115234966798283,-0.6677087225090871,0.22484642680891265,-0.3566772249699041,-0.22636353131610445
0.0,0.8451298717532686,1.1548322251546315,-1.948814812232623,0.21774013632677475,0.6217631287567817
2.0,-0.2080235699287357,-0.2543000233546565,-0.2828423623668854,0.4190427991147125,-0.3769384251499734
1.0,1.39433993441713,0.5337254455092287,-0.20429279395347152,0.763000761395029,-0.17201331127348443
0.0,-0.05768025921391076,1.1096597841607552,0.16588853270403395,-0.6622792948585303,3.1110300037249683
2.0,-1.2898678465991233,1.3665831783601656,-0.3140677331745377,-0.9108252838108436,0.17525931356823682
0.0,-0.094621448585981,-0.2264994065697047,1.9509948464093967,1.6161942930881064,-0.34819063227445485
0.0,-1.0843016466617208,0.12352464156742278,-0.023769532319257044,0.26416267636126617,-0.8761502671525148
0.0,0.8773603903938532,0.631378348910291,0.663789402400462,0.33458570075475197,1.355132228766459
0.0,-0.8901465003818368,0.5994397982424757,0.015734940685982482,0.9228568697764717,-0.4205273829802642
2.0,-1.1044638293936029,-0.8182752676928686,1.4243457869604603,0.21467998694056692,0.07244512198222325
1.0,0.8348053161046239,-0.19021381203923518,-0.04437851058281563,0.8804138113017368,-0.6055254146323586
1.0,-0.632778099366435,-2.018699862115457,-0.009030991998856997,0.5905104257294065,0.3015603618480849
1.0,-0.610965419178978,-1.247562867265306,-0.15028674290700925,-0.6190067605270536,1.5888406421962216
2.0,-0.3358840425805106,1.124410395109804,-1.0350966955752283,-0.2952658307270769,-0.5903624603961162
2.0,-1.846400376875728,-0.7136101543776213,0.44141619640187524,0.13890114002895929,-0.047584790498384814
2.0,-1.0509488652541639,0.49524726096783384,-0.19549189007147758,2.8952354692111033,-1.038700904506111
2.0,-0.34874731765399525,0.02819628392558734,0.16872339490957936,1.1541515221556717,0.06088563478195851
1.0,0.878057256644126,0.8323695941080158,-0.8867482907767333,-1.1976331739854638,-1.0721271824456928
1.0,0.03737885169457231,-0.45324178475920374,1.6438794302025854,0.4430754659209729,0.30522691181752276
2.0,0.8386130692230563,-0.5892360109195833,1.261243933993011,-0.6264242910919057,0.30301516754526725
2.0,0.4180045395472248,-0.4448753007252123,0.29921029731071835,-0.8474987819259203,1.2227915259556743
2.0,0.9926381381449527,1.7561525832400513,-1.614551799111887,0.002013066740203913,0.09275985145104566
1.0,0.21422465685652528,-0.3624593621371324,-0.5271109282889566,1.3684156556444123,0.017996962735733493
0.0,0.9308139185765067,-0.7715255185384582,-0.9737530441103153,0.7794828024113334,0.6409250780526171
0.0,-0.006683829547789464,-1.1663952289292638,-0.9355711280202649,1.9345600092334256,-0.5100876838209036
