2.0,0.05166704901608736,0.09769817911896994,0.20653035328222502,-0.21481190955585527,-0.9313281562924187
1.0,-0.019658180011962737,0.06460858390804687,1.5750490701361282,-0.6430664068074038,-0.7543197939508979
0.0,0.6909166982128446,0.21126558232857914,0.6400608817889112,0.837280734050167,-0.9053605336230465
1.0,0.4143862913472428,-0.39560606715983543,-1.1299085817111716,-1.4130801635081522,-0.5161521479146872
1.0,1.0856023591936996,0.0032628497911108677,-0.9836420363532294,2.1403771423424236,-0.16477295456826435
0.0,-0.6018416870930539,-0.0937058887809314,0.19501432468607038,-0.19362035825313215,-0.5685782892785521
2.0,-0.4551984142661055,-1.6036738618151716,-0.15408769589813662,-0.45202801899776407,-0.08325671399888201
2.0,-1.3379158448178203,-0.06572771090776533,0.4283892623155402,-1.1117106715513858,1.1924319977085995
1.0,-0.9144311401134119,0.24379368670743398,1.504298292960147,-2.1495584806630865,-0.7643852953436547
0.0,-0.21527710617030435,-0.4213083591674233,-0.3176764796345457,0.1273952679128369,-0.03577281439780291
0.0,-0.24250092374672536,0.32252200118332286,1.6096206124738388,0.07207684474128075,1.2653227554618136
0.0,1.0550603987229086,0.551940536839016,0.591358700767082,0.06982296959734467,0.2706519066625334
1.0,-0.3608618107533316,-0.03298815330083204,-0.08947335748746489,0.2980939100291848,-0.20426814938137122
0.0,-0.9678139049949468,-1.765873803930811,-0.334102202208592,0.17404044134056956,-0.0011568217519341405
2.0,-0.4511078593527126,0.6838439233571867,-0.9508664858291339,-0.30343139279893755,-1.1730602775481662
2.0,-0.21515011386497068,1.4141456801290937,-0.8713728977850618,-1.0747787205681958,-0.6489486786005048
2.0,-0.8652965985861986,1.8400167721504468,1.4134537812401224,-0.7017096877906636,-1.1309468703186785
0.0,-0.22064304567255044,-0.692486372240884,-1.0950845605684192,1.487337952816413,-0.5090957996315874
2.0,-0.18758186581562009,1.3039897072267352,0.8853487276670596,-1.0753073526252899,0.25223343104099594
2.0,-1.0515616885627375,2.0680671767116556,-1.0220906822768865,0.0006119255470618789,-1.1528263262283422
0.0,-1.6372284826565597,-2.1863743800568143,-2.00735316978818,1.538678071208216,0.4076205888495778
2.0,1.1222408706417923,0.19954015040988674,-0.9475215886953453,0.24740652479293543,-0.47903460585869906
1.0,-0.5019241967798823,-0.6544656090591553,-1.1249296231563959,1.5118303104954707,3.4431514708762467
2.0,-1.2201640151079083,0.5172473534026656,0.5101791036510166,0.6675182604900479,-0.01802837302852657
2.0,-1.643111905019471,0.8632340081592221,-0.017221628872487463,1.4932533137669304,-0.45010745785057393
1.0,0.5101712951899344,-0.4524952196524426,1.0434182554102278,2.016187206649823,-0.604398598540615
1.0,-0.2626492709159626,-1.037210419774125,-0.007417529310709992,2.417344560301692,-0.17749355951503562
1.0,0.44955556401693064,0.15578200736287875,1.167858078030096,0.437909237878435,0.17205131612733865
0.0,1.6492148792791264,0.9248054625551864,-0.015689375063569943,0.7921936095306857,-0.21970027431224587
2.0,0.5052041297499177,0.29186218499613403,-0.4177247285389835,1.092456958100128,-0.05162838643413358
1.0,-1.3380512886869222,1.0495454809898084,2.2685601806700824,-0.18649662224395397,-1.1563959635792784
2.0,-0.444042287615352,0.32138298846118113,-1.1416889045155418,-1.8158764605523066,-0.2821455031704752
0.0,-1.4404183191643185,-2.599723034037692,1.0362794343598645,1.5865780718601499,0.542444287890766
1.0,-0.0024922272862090396,0.06548229904942607,-1.8817342051381074,0.9184854047068679,-0.12403800800514954
1.0,-0.10345553759462654,0.342245796625961,-1.4350511232122474,-0.14061938441421595,0.05648439658467111
0.0,-1.7339183460693963,-0.8764894411562001,-2.173226092814171,0.29999128076245263,-0.12333192438884778
0.0,0.22974138461288335,1.2820727771155223,-1.3355592799698113,-0.7902368468089115,-1.2465763914179113
1.0,-0.12901521125539603,0.6100190117527609,-1.313934991702133,-0.4148332150277151,0.04323084797350359
2.0,-1.822431034086051,2.533106551646642,-1.8707127838306659,-0.8759887852288258,-1.7160323992760416
1.0,0.5205477056322116,0.16958357785753603,-0.16809186253025835,1.2993144744982936,-0.33833741418314606
2.0,-1.687962450205248,-0.5724016389928753,0.4513565985060023,0.5337390813079474,3.134267303053005
0.0,-0.8271856990590013,1.1724133151148257,0.25361584011187716,-0.4442790972579973,-1.2446098465101876
0.0,-0.34932323458887776,-0.9688028408577962,0.1849290796759782,-0.9300682210970918,-0.3044038805038299
2.0,-0.3305977239014146,1.082550800314318,-0.7241618168998806,0.3011507667300713,1.7223405144574384
1.0,0.31262202109856624,-0.23585430188465734,1.3340739370588668,-1.236621362895881,-0.6552883166041633
2.0,0.3467732596304986,0.42654628344585754,-1.0262703463156049,-0.14827633585645827,0.5428172672072611
0.0,0.23607429128933666,0.7088713266259206,0.08871251417213424,-0.236903405665421,-0.32806063416469644
1.0,0.30844991477837613,0.4763587561532212,0.35929579396530553,0.9484352058607691,-1.4053171878342996
2.0,-2.054332884053667,0.536628840993326,1.4155395510872564,1.091950228798751,0.920587773171264
2.0,0.48456088362581573,0.5562669532163701,2.209391743077564,0.7812273607698785,2.1661927914881582
0.0,-1.544551588637501,-0.06793344447357891,-0.01095460645332988,1.3613050221495047,0.8926149666430705
1.0,-0.47563433117442144,-1.2558086206565164,-0.021888575155064625,0.37602709804772966,-0.5853267755622039
2.0,0.5347199241848201,-1.2517533414769617,-0.12868786324902434,0.34209547712600114,-0.16133582960334952
1.0,0.08633734958515124,0.46738535068635145,-0.17657715716183214,-0.13981779943800993,-0.9712377440255638
2.0,1.6775871903459876,0.011297600900152261,-0.3301232454717397,-0.5200272932606405,0.939516811285924
1.0,-0.7951541284324141,-1.1906722050744873,-0.953126762993295,0.29673656108304974,0.628054679630342
2.0,-0.17223701902788693,1.128269835819893,0.8153800651744818,-1.0004487369103525,-1.0274267892764026
1.0,2.050078424852226,-0.07306193225787921,0.8118486984940866,-0.8334946922132079,-0.3568975571772469
2.0,1.1716320691541209,-0.5179241762413195,0.8577874531038738,-0.28673306878178123,-0.4652393318171272
2.0,-0.8823132295239052,-0.6848301146303755,0.2562229574139349,-0.30234610160778924,1.0570541879715267
1.0,0.459880940722652,-0.4840958836111591,1.36133350079381,-0.33654214287905915,-0.9431480797195424
0.0,1.2190201011108814,0.30038669190060324,1.5681358421251657,-3.125453758584632,0.9215624421603071
0.0,1.1415991926957525,0.507599697462367,0.9795868719051507,-0.21376485236803586,-0.48228706998904725
0.0,1.9334698792940537,0.09656569148490973,0.670784855552515,0.7327759773454599,-0.6236441091947076
0.0,-0.6900875011166631,-0.3495509896660254,-1.5393412850967436,1.1796733113770743,0.16951782122845768
1.0,-1.094839015855241,1.041710511081789,-2.9797263283557256,-0.13635971978843306,-1.0883766124433816
1.0,0.07599716978931367,1.2866726893955824,0.7793421292347995,-0.9710023104347884,-0.7075636900672143
0.0,1.5843811693043737,0.26428422979557176,-1.3024267353581167,-0.01149494653951399,-0.09320193507487463
1.0,1.9930982148956664,-0.4516024201423675,-1.046075282920648,0.11364787854366049,0.46257368067044025
0.0,-0.08620160087547979,-1.0442597307437709,-1.8744305696150205,-0.11647929672558491,-0.2644582271008624
0.0,1.7093881395846602,-0.8610621274321287,-0.18713125335526712,0.18617532722076355,3.0290387458314023
