2.0,0.7014801838748451,1.2024396363409215,0.8909952925359477,0.5691608034589926,-0.5599308488852053
2.0,0.10669611732673046,-0.553594234329943,-0.012650302539327172,0.762098079754358,-0.174028242061998
2.0,0.605630932809633,-0.29005063348825455,-0.3822398017501547,-0.003048471432849949,-0.2618382057396505
0.0,-2.005755188246239,-0.644329208534807,2.4886865706095516,0.4467468832995932,-1.031740402819249
0.0,-1.2899965542167637,-1.1753155262394435,-0.2497661205783341,-0.06036419553509363,-0.34718914233622344
1.0,0.9734554368468444,-0.25159523058470473,0.8724696537772263,-0.01707963757454929,0.015994903323261263
1.0,-0.041416935389615266,-0.024561976174150152,0.38055868453554026,0.18605889511911577,-0.6757262874298647
1.0,0.38884654473515334,-0.27393805849567354,1.487622420442173,0.7735819076819108,0.012397122753498857
2.0,-2.256185803294006,0.4485717811581495,-1.6993265715665555,-0.6744145954242657,0.9957835116155592
0.0,-0.31646242068785696,-0.15537610012936034,0.7251322965142066,1.7238610832700547,-0.3361803056229052
1.0,1.6522685835106357,-0.5641833153801953,0.7080649148855017,-1.9014585657567966,1.2452588015517352
2.0,-0.607530865452713,0.8344448360942888,-0.9320923925887645,0.6421081145557372,-0.2761954922249728
0.0,1.215351071149151,0.33047469635659016,0.7211382051585641,0.3702575348220315,-0.22340049556803823
0.0,0.63621629630975,0.8772234940921146,-1.3241701834655735,0.3878889639094143,-0.3806342775419029
1.0,-0.5387291860171378,0.285017927818062,0.13879681444655617,-1.8515751758488126,-1.3073679434002652
2.0,-0.44739025819421135,1.47194984409358,-1.07010429997319,0.09547348986267781,-1.2392505865205203
2.0,1.1986635417175018,0.3941385292796712,0.2236523548727423,1.4458411701919867,0.33913424004430365
1.0,0.8689041414755828,0.5599377997686402,-1.7787770361580728,-1.2757735296769872,0.9351772974131938
2.0,0.01937480376226581,0.5859509090902122,-1.0654357248112,0.23487140704251258,-1.0995554315316112
1.0,-0.05895830917688774,0.07114359598355614,-0.38521169419076884,-1.5339118677208299,-1.1896686304141222
1.0,0.3214636759437979,0.03901742772254469,0.014286507964227835,-0.13621975199369055,-0.3862146305012968
2.0,0.8701377969747601,1.0502720145053324,1.142504173284381,1.6152497944510218,-1.085337317482595
1.0,1.2736389321248747,0.030575307808300443,0.08308785719945198,1.5279670989245078,-0.11486105793207357
2.0,0.04602910016790896,1.0691621932097284,-0.06140569310978775,-0.15905912156583396,0.03339929683823961
2.0,-0.9499830509382964,-1.4984015010223501,0.2651498797706462,0.24188901138264846,-0.152184127795875
0.0,-0.8231981811346483,-1.6227370093446616,-0.689640964083109,0.6248830641040949,-0.5471689184955713
1.0,0.26735310325484096,-0.3776171990727313,-0.5733935759089389,-0.10098707907284349,-0.42075081085375676
2.0,-0.7983253265714966,-0.5378654447286993,-0.4038896368226506,1.1339596722975716,0.3079642760656668
0.0,-0.369095760628982,1.4055547356396987,-0.15668320518931053,-0.5247202725530211,4.18873236793199
2.0,0.502147413230785,0.5367858720694094,-0.6171039237697176,-0.2849479642765239,-0.32014982566946654
0.0,-0.19508960624227759,0.8083632476268628,-3.4750116035668954,-0.8212285518085884,-0.9827273771346412
1.0,-0.07457002578689642,1.2746417070209888,0.8356923368139362,-0.815018545642759,-1.0422377051079539
1.0,0.15496038794475567,0.17430044992410598,-0.6728302682994022,-0.41512323440148824,-1.2066179965260153
0.0,0.01763755398706657,0.2111347261812237,1.1909756248755174,-1.738533833885444,0.06339892550493623
1.0,-0.2427300873981329,-0.7916873699504005,-1.7989203284747046,-0.3125319089254182,0.05602952412074412
1.0,0.2795124497269564,1.181647129073061,-0.05362342909994677,-0.7422501064449978,-0.9194750494811555
0.0,0.19315591406096416,-0.11931913969875348,0.7206401479509527,0.23603266254536706,-0.1135466119573774
0.0,-0.868656482052581,-1.7728229723866271,0.9650826694723653,0.3524535032609577,-0.0018371894103194513
2.0,-1.7513017274294993,-0.041919481739956736,1.359781165034762,0.5364730262390552,-1.516354016976277
2.0,-1.6547422862402998,0.8860780757847236,-0.3384339666355308,1.6776924167537164,6.148490544132308
0.0,-0.7473076015110929,-2.43934000578859,-0.2728688637379422,0.6461848067091885,0.7644374611707797
1.0,-0.197892312364473,-1.2769935897092695,-1.3461248453285746,0.24252949967339787,-0.11973477610088197
2.0,1.2330661497060216,0.5107871160954032,0.28554617586014763,-1.418828809091789,0.8455481417234256
2.0,-1.1835617121695754,1.8337765692832655,1.136714164452896,-3.0513682580127264,1.8235118712117948
0.0,0.16944746092777843,-0.8550075184569492,0.8853561539357063,1.1110964525787066,-0.7341633209131224
0.0,0.36506492253218076,0.37331998932138305,-0.7648505044903703,-1.4218029284794216,-0.9930694314620317
1.0,-0.9160000377289162,-0.7211659421436516,-1.440434858948407,-0.403536412368828,-0.3338383574716477
0.0,-0.13983269323298542,-0.24792482658850956,-2.099941247038921,-0.6015262341419936,-0.9209430233115626
2.0,-1.2629942616574603,0.614622474333942,1.6597428073392273,-0.8718804856739953,-0.9802655023499159
0.0,-1.091767758500978,0.08081108482333477,0.3735858106685067,-0.2775045563811407,-1.1102872964796762
1.0,1.4692674025486923,-0.12898877348650917,-1.8114861187774924,-0.001969179840694498,-0.6197274572016244
1.0,0.30572791925766823,0.635674521545911,0.10946282965613705,0.18150814810529958,-1.1473510609955777
0.0,-0.6812226799330884,0.166474933904114,-0.4351052569499322,0.04660957107336077,-0.3179537211077284
2.0,0.20853460545635774,-2.5012705526224654,-1.6253805710340197,0.4675071336995627,1.9293195932210523
1.0,-0.2660085626033957,-1.464200595668886,-1.9460673828910582,1.5510718719680279,0.9351799323106812
2.0,-1.0777829782259345,-0.2584623528832277,1.1628923897876722,-1.4473249366472605,-0.7993721484729799
1.0,1.879248683776459,-0.5490983693355795,-0.38727317235600345,0.9822622896615252,0.24877609977120227
1.0,0.6595114888499554,0.09475876504167868,0.6881094233302678,1.4877884897985767,0.8020077431043392
0.0,-0.1653001895179291,-0.9461970500278104,-2.029117600817078,-0.28635438216463127,0.4343875808652332
2.0,0.7104291839612884,-0.5924885118203919,1.7298003388662093,-2.5930603586463814,0.42517301608388364
0.0,-0.9317752306292221,-0.22605271383078085,-1.2948848040819019,-0.1416661798808964,-1.188507546409559
0.0,0.5198724953272877,0.8838437372669228,-2.0182481723259573,-0.4488918427514134,0.20961277712655224
1.0,0.0014865954093854713,0.022061805130333886,0.5591297639493438,-0.025353235496081143,-0.6852605326178008
0.0,0.4498175067585622,0.09573622957899436,-1.1016160226561293,0.7542681311039512,0.04039830921082284
0.0,1.4947566908189343,-0.45220189925399545,-0.9246186972218631,1.8521692518227744,0.10252084283177698
1.0,0.9431447983984917,0.1733707050896463,-0.1897515797902326,1.0422658364345991,-0.2956896290815481
1.0,0.4077583430359063,0.26182183455108476,0.5183904428476456,-0.8243242633680274,-1.042253224603192
0.0,1.071283345215087,-0.7180972523292425,0.7925802821123111,-0.1411699951787469,-0.10653404058527383
0.0,0.39580133742506757,-0.42181173897762814,-0.15071541838544117,0.4923492197436014,-0.4313486098132376
2.0,-0.9291781443495198,0.5085421980846946,-2.4999818293084295,-0.6921659373154243,-0.6462131320555556
2.0,1.7719844727615766,-1.172803747747399,0.37851539637516024,0.05090069527486381,0.589684144871824
